[1;32m2019-03-19 09:08:04.701[0;39m [34mINFO [0;39m [36mcom.finanstar.MarketApplication    [0;39m - Starting MarketApplication on danielpine with PID 8620 (G:\XHYT\ms\deri-market\target\classes started by danieline in G:\XHYT\ms\deri-market) 
[1;32m2019-03-19 09:08:04.709[0;39m [34mINFO [0;39m [36mcom.finanstar.MarketApplication    [0;39m - The following profiles are active: pro 
[1;32m2019-03-19 09:08:04.760[0;39m [34mINFO [0;39m [36mo.s.b.c.e.AnnotationConfigEmbeddedWebApplicationContext[0;39m - Refreshing org.springframework.boot.context.embedded.AnnotationConfigEmbeddedWebApplicationContext@55740540: startup date [Tue Mar 19 09:08:04 CST 2019]; root of context hierarchy 
[1;32m2019-03-19 09:08:06.042[0;39m [34mINFO [0;39m [36mo.s.d.r.c.RepositoryConfigurationDelegate[0;39m - Multiple Spring Data modules found, entering strict repository configuration mode! 
[1;32m2019-03-19 09:08:06.252[0;39m [34mINFO [0;39m [36mo.s.d.r.c.RepositoryConfigurationDelegate[0;39m - Multiple Spring Data modules found, entering strict repository configuration mode! 
[1;32m2019-03-19 09:08:06.387[0;39m [34mINFO [0;39m [36mo.s.d.r.c.RepositoryConfigurationExtensionSupport[0;39m - Spring Data Redis - Could not safely identify store assignment for repository candidate interface com.finanstar.repository.MarketRepository. 
[1;32m2019-03-19 09:08:06.390[0;39m [34mINFO [0;39m [36mo.s.d.r.c.RepositoryConfigurationExtensionSupport[0;39m - Spring Data Redis - Could not safely identify store assignment for repository candidate interface com.finanstar.repository.InstrRepository. 
[1;32m2019-03-19 09:08:07.038[0;39m [34mINFO [0;39m [36mo.s.c.s.PostProcessorRegistrationDelegate$BeanPostProcessorChecker[0;39m - Bean 'org.springframework.transaction.annotation.ProxyTransactionManagementConfiguration' of type [org.springframework.transaction.annotation.ProxyTransactionManagementConfiguration$$EnhancerBySpringCGLIB$$19da1be9] is not eligible for getting processed by all BeanPostProcessors (for example: not eligible for auto-proxying) 
[1;32m2019-03-19 09:08:07.070[0;39m [34mINFO [0;39m [36mo.s.c.s.PostProcessorRegistrationDelegate$BeanPostProcessorChecker[0;39m - Bean 'org.springframework.cache.annotation.ProxyCachingConfiguration' of type [org.springframework.cache.annotation.ProxyCachingConfiguration$$EnhancerBySpringCGLIB$$62ec5207] is not eligible for getting processed by all BeanPostProcessors (for example: not eligible for auto-proxying) 
[1;32m2019-03-19 09:08:07.084[0;39m [34mINFO [0;39m [36mo.s.c.s.PostProcessorRegistrationDelegate$BeanPostProcessorChecker[0;39m - Bean 'org.springframework.boot.autoconfigure.cache.CacheAutoConfiguration' of type [org.springframework.boot.autoconfigure.cache.CacheAutoConfiguration$$EnhancerBySpringCGLIB$$576016ab] is not eligible for getting processed by all BeanPostProcessors (for example: not eligible for auto-proxying) 
[1;32m2019-03-19 09:08:07.105[0;39m [34mINFO [0;39m [36mo.s.c.s.PostProcessorRegistrationDelegate$BeanPostProcessorChecker[0;39m - Bean 'spring.cache-org.springframework.boot.autoconfigure.cache.CacheProperties' of type [org.springframework.boot.autoconfigure.cache.CacheProperties] is not eligible for getting processed by all BeanPostProcessors (for example: not eligible for auto-proxying) 
[1;32m2019-03-19 09:08:07.115[0;39m [34mINFO [0;39m [36mo.s.c.s.PostProcessorRegistrationDelegate$BeanPostProcessorChecker[0;39m - Bean 'cacheManagerCustomizers' of type [org.springframework.boot.autoconfigure.cache.CacheManagerCustomizers] is not eligible for getting processed by all BeanPostProcessors (for example: not eligible for auto-proxying) 
[1;32m2019-03-19 09:08:07.120[0;39m [34mINFO [0;39m [36mo.s.c.s.PostProcessorRegistrationDelegate$BeanPostProcessorChecker[0;39m - Bean 'org.springframework.boot.autoconfigure.cache.RedisCacheConfiguration' of type [org.springframework.boot.autoconfigure.cache.RedisCacheConfiguration$$EnhancerBySpringCGLIB$$7f1b305] is not eligible for getting processed by all BeanPostProcessors (for example: not eligible for auto-proxying) 
[1;32m2019-03-19 09:08:07.124[0;39m [34mINFO [0;39m [36mo.s.c.s.PostProcessorRegistrationDelegate$BeanPostProcessorChecker[0;39m - Bean 'redisConfig' of type [com.finanstar.conf.RedisConfig$$EnhancerBySpringCGLIB$$2df136b2] is not eligible for getting processed by all BeanPostProcessors (for example: not eligible for auto-proxying) 
[1;32m2019-03-19 09:08:07.134[0;39m [34mINFO [0;39m [36mo.s.c.s.PostProcessorRegistrationDelegate$BeanPostProcessorChecker[0;39m - Bean 'spring.redis-org.springframework.boot.autoconfigure.data.redis.RedisProperties' of type [org.springframework.boot.autoconfigure.data.redis.RedisProperties] is not eligible for getting processed by all BeanPostProcessors (for example: not eligible for auto-proxying) 
[1;32m2019-03-19 09:08:07.141[0;39m [34mINFO [0;39m [36mo.s.c.s.PostProcessorRegistrationDelegate$BeanPostProcessorChecker[0;39m - Bean 'org.springframework.boot.autoconfigure.data.redis.RedisAutoConfiguration$RedisConnectionConfiguration' of type [org.springframework.boot.autoconfigure.data.redis.RedisAutoConfiguration$RedisConnectionConfiguration$$EnhancerBySpringCGLIB$$add442f8] is not eligible for getting processed by all BeanPostProcessors (for example: not eligible for auto-proxying) 
[1;32m2019-03-19 09:08:07.171[0;39m [34mINFO [0;39m [36mo.s.c.s.PostProcessorRegistrationDelegate$BeanPostProcessorChecker[0;39m - Bean 'redisConnectionFactory' of type [org.springframework.data.redis.connection.jedis.JedisConnectionFactory] is not eligible for getting processed by all BeanPostProcessors (for example: not eligible for auto-proxying) 
[1;32m2019-03-19 09:08:07.193[0;39m [34mINFO [0;39m [36mo.s.c.s.PostProcessorRegistrationDelegate$BeanPostProcessorChecker[0;39m - Bean 'redisTemplate' of type [org.springframework.data.redis.core.RedisTemplate] is not eligible for getting processed by all BeanPostProcessors (for example: not eligible for auto-proxying) 
[1;32m2019-03-19 09:08:07.204[0;39m [34mINFO [0;39m [36mo.s.c.s.PostProcessorRegistrationDelegate$BeanPostProcessorChecker[0;39m - Bean 'cacheManager' of type [org.springframework.data.redis.cache.RedisCacheManager] is not eligible for getting processed by all BeanPostProcessors (for example: not eligible for auto-proxying) 
[1;32m2019-03-19 09:08:07.205[0;39m [34mINFO [0;39m [36mo.s.c.s.PostProcessorRegistrationDelegate$BeanPostProcessorChecker[0;39m - Bean 'cacheAutoConfigurationValidator' of type [org.springframework.boot.autoconfigure.cache.CacheAutoConfiguration$CacheManagerValidator] is not eligible for getting processed by all BeanPostProcessors (for example: not eligible for auto-proxying) 
[1;32m2019-03-19 09:08:07.407[0;39m [34mINFO [0;39m [36mo.s.b.c.e.t.TomcatEmbeddedServletContainer[0;39m - Tomcat initialized with port(s): 8082 (http) 
[1;32m2019-03-19 09:08:07.422[0;39m [34mINFO [0;39m [36mo.a.catalina.core.StandardService  [0;39m - Starting service Tomcat 
[1;32m2019-03-19 09:08:07.423[0;39m [34mINFO [0;39m [36mo.a.catalina.core.StandardEngine   [0;39m - Starting Servlet Engine: Apache Tomcat/8.5.11 
[1;32m2019-03-19 09:08:07.533[0;39m [34mINFO [0;39m [36mo.a.c.c.C.[Tomcat].[localhost].[/] [0;39m - Initializing Spring embedded WebApplicationContext 
[1;32m2019-03-19 09:08:08.086[0;39m [34mINFO [0;39m [36mo.s.b.w.s.FilterRegistrationBean   [0;39m - Mapping filter: 'characterEncodingFilter' to: [/*] 
[1;32m2019-03-19 09:08:08.087[0;39m [34mINFO [0;39m [36mo.s.b.w.s.FilterRegistrationBean   [0;39m - Mapping filter: 'hiddenHttpMethodFilter' to: [/*] 
[1;32m2019-03-19 09:08:08.088[0;39m [34mINFO [0;39m [36mo.s.b.w.s.FilterRegistrationBean   [0;39m - Mapping filter: 'httpPutFormContentFilter' to: [/*] 
[1;32m2019-03-19 09:08:08.088[0;39m [34mINFO [0;39m [36mo.s.b.w.s.FilterRegistrationBean   [0;39m - Mapping filter: 'requestContextFilter' to: [/*] 
[1;32m2019-03-19 09:08:08.089[0;39m [34mINFO [0;39m [36mo.s.b.w.s.FilterRegistrationBean   [0;39m - Mapping filter: 'xssFilter' to urls: [/*] 
[1;32m2019-03-19 09:08:08.089[0;39m [34mINFO [0;39m [36mo.s.b.w.s.FilterRegistrationBean   [0;39m - Mapping filter: 'webStatFilter' to urls: [/*] 
[1;32m2019-03-19 09:08:08.090[0;39m [34mINFO [0;39m [36mo.s.b.w.s.FilterRegistrationBean   [0;39m - Mapping filter: 'topPermissionFilter' to urls: [/*] 
[1;32m2019-03-19 09:08:08.090[0;39m [34mINFO [0;39m [36mo.s.b.w.s.ServletRegistrationBean  [0;39m - Mapping servlet: 'dispatcherServlet' to [/] 
[1;32m2019-03-19 09:08:08.092[0;39m [34mINFO [0;39m [36mo.s.b.w.s.ServletRegistrationBean  [0;39m - Mapping servlet: 'statViewServlet' to [/druid/*] 
[1;32m2019-03-19 09:08:08.211[0;39m [34mINFO [0;39m [36mc.a.d.s.b.a.DruidDataSourceAutoConfigure[0;39m - Init DruidDataSource 
[1;32m2019-03-19 09:08:08.987[0;39m [34mINFO [0;39m [36mc.a.druid.pool.DruidDataSource     [0;39m - {dataSource-1} inited 
[1;32m2019-03-19 09:08:09.500[0;39m [34mINFO [0;39m [36mo.s.o.j.LocalContainerEntityManagerFactoryBean[0;39m - Building JPA container EntityManagerFactory for persistence unit 'default' 
[1;32m2019-03-19 09:08:09.520[0;39m [34mINFO [0;39m [36mo.h.jpa.internal.util.LogHelper    [0;39m - HHH000204: Processing PersistenceUnitInfo [
	name: default
	...] 
[1;32m2019-03-19 09:08:09.589[0;39m [34mINFO [0;39m [36morg.hibernate.Version              [0;39m - HHH000412: Hibernate Core {5.0.12.Final} 
[1;32m2019-03-19 09:08:09.591[0;39m [34mINFO [0;39m [36morg.hibernate.cfg.Environment      [0;39m - HHH000206: hibernate.properties not found 
[1;32m2019-03-19 09:08:09.593[0;39m [34mINFO [0;39m [36morg.hibernate.cfg.Environment      [0;39m - HHH000021: Bytecode provider name : javassist 
[1;32m2019-03-19 09:08:09.813[0;39m [34mINFO [0;39m [36mo.h.annotations.common.Version     [0;39m - HCANN000001: Hibernate Commons Annotations {5.0.1.Final} 
[1;32m2019-03-19 09:08:09.961[0;39m [34mINFO [0;39m [36morg.hibernate.dialect.Dialect      [0;39m - HHH000400: Using dialect: org.hibernate.dialect.MySQL5Dialect 
[1;32m2019-03-19 09:08:10.284[0;39m [31mWARN [0;39m [36morg.hibernate.id.UUIDHexGenerator  [0;39m - HHH000409: Using org.hibernate.id.UUIDHexGenerator which does not generate IETF RFC 4122 compliant UUID values; consider using org.hibernate.id.UUIDGenerator instead 
[1;32m2019-03-19 09:08:10.986[0;39m [34mINFO [0;39m [36mo.s.o.j.LocalContainerEntityManagerFactoryBean[0;39m - Initialized JPA EntityManagerFactory for persistence unit 'default' 
[1;32m2019-03-19 09:08:11.500[0;39m [34mINFO [0;39m [36mo.h.h.i.QueryTranslatorFactoryInitiator[0;39m - HHH000397: Using ASTQueryTranslatorFactory 
[1;32m2019-03-19 09:08:13.950[0;39m [34mINFO [0;39m [36mo.s.j.e.a.AnnotationMBeanExporter  [0;39m - Registering beans for JMX exposure on startup 
[1;32m2019-03-19 09:08:13.953[0;39m [34mINFO [0;39m [36mo.s.j.e.a.AnnotationMBeanExporter  [0;39m - Bean with name 'statFilter' has been autodetected for JMX exposure 
[1;32m2019-03-19 09:08:13.953[0;39m [34mINFO [0;39m [36mo.s.j.e.a.AnnotationMBeanExporter  [0;39m - Bean with name 'dataSource' has been autodetected for JMX exposure 
[1;32m2019-03-19 09:08:13.958[0;39m [34mINFO [0;39m [36mo.s.j.e.a.AnnotationMBeanExporter  [0;39m - Located MBean 'dataSource': registering with JMX server as MBean [com.alibaba.druid.spring.boot.autoconfigure:name=dataSource,type=DruidDataSourceWrapper] 
[1;32m2019-03-19 09:08:13.959[0;39m [34mINFO [0;39m [36mo.s.j.e.a.AnnotationMBeanExporter  [0;39m - Located MBean 'statFilter': registering with JMX server as MBean [com.alibaba.druid.filter.stat:name=statFilter,type=StatFilter] 
[1;32m2019-03-19 09:08:13.990[0;39m [34mINFO [0;39m [36mo.s.b.c.e.t.TomcatEmbeddedServletContainer[0;39m - Tomcat started on port(s): 8082 (http) 
[1;32m2019-03-19 09:08:13.994[0;39m [34mINFO [0;39m [36mcom.finanstar.MarketApplication    [0;39m - Started MarketApplication in 9.713 seconds (JVM running for 12.107) 
[1;32m2019-03-19 09:28:39.658[0;39m [34mINFO [0;39m [36mo.a.c.c.C.[Tomcat].[localhost].[/] [0;39m - Initializing Spring FrameworkServlet 'dispatcherServlet' 
[1;32m2019-03-19 09:28:40.502[0;39m [34mINFO [0;39m [36mc.f.m.s.impl.PriceDataServiceImpl  [0;39m - find SHFECU at:20190318 
[1;32m2019-03-19 09:28:40.642[0;39m [34mINFO [0;39m [36mc.f.m.s.impl.PriceDataServiceImpl  [0;39m - find vol at:20190312 
[1;32m2019-03-19 09:41:41.290[0;39m [34mINFO [0;39m [36mc.f.m.s.impl.PriceDataServiceImpl  [0;39m - find SHFEAU at:20190318 
[1;32m2019-03-19 09:41:41.431[0;39m [34mINFO [0;39m [36mc.f.m.s.impl.PriceDataServiceImpl  [0;39m - find vol at:20190312 
[1;32m2019-03-19 09:41:41.468[0;39m [34mINFO [0;39m [36mc.f.m.s.impl.PriceDataServiceImpl  [0;39m - find SHFEAG at:20190318 
[1;32m2019-03-19 09:41:41.617[0;39m [34mINFO [0;39m [36mc.f.m.s.impl.PriceDataServiceImpl  [0;39m - find vol at:20190312 
[1;32m2019-03-19 09:41:41.651[0;39m [34mINFO [0;39m [36mc.f.m.s.impl.PriceDataServiceImpl  [0;39m - find SHFECU at:20190318 
[1;32m2019-03-19 09:41:41.831[0;39m [34mINFO [0;39m [36mc.f.m.s.impl.PriceDataServiceImpl  [0;39m - find vol at:20190312 
[1;32m2019-03-19 10:01:55.892[0;39m [34mINFO [0;39m [36mo.s.b.a.SpringApplicationAdminMXBeanRegistrar$SpringApplicationAdmin[0;39m - Application shutdown requested. 
[1;32m2019-03-19 10:01:55.893[0;39m [34mINFO [0;39m [36mo.s.b.c.e.AnnotationConfigEmbeddedWebApplicationContext[0;39m - Closing org.springframework.boot.context.embedded.AnnotationConfigEmbeddedWebApplicationContext@55740540: startup date [Tue Mar 19 09:08:04 CST 2019]; root of context hierarchy 
[1;32m2019-03-19 10:01:55.900[0;39m [34mINFO [0;39m [36mo.s.j.e.a.AnnotationMBeanExporter  [0;39m - Unregistering JMX-exposed beans on shutdown 
[1;32m2019-03-19 10:01:55.901[0;39m [34mINFO [0;39m [36mo.s.j.e.a.AnnotationMBeanExporter  [0;39m - Unregistering JMX-exposed beans 
[1;32m2019-03-19 10:01:55.904[0;39m [34mINFO [0;39m [36mo.s.o.j.LocalContainerEntityManagerFactoryBean[0;39m - Closing JPA EntityManagerFactory for persistence unit 'default' 
[1;32m2019-03-19 10:01:55.912[0;39m [34mINFO [0;39m [36mc.a.druid.pool.DruidDataSource     [0;39m - {dataSource-1} closed 
[1;32m2019-03-19 10:02:09.312[0;39m [34mINFO [0;39m [36mcom.finanstar.MarketApplication    [0;39m - Starting MarketApplication on danielpine with PID 10064 (G:\XHYT\ms\deri-market\target\classes started by danieline in G:\XHYT\ms\deri-market) 
[1;32m2019-03-19 10:02:09.314[0;39m [34mINFO [0;39m [36mcom.finanstar.MarketApplication    [0;39m - The following profiles are active: pro 
[1;32m2019-03-19 10:02:09.352[0;39m [34mINFO [0;39m [36mo.s.b.c.e.AnnotationConfigEmbeddedWebApplicationContext[0;39m - Refreshing org.springframework.boot.context.embedded.AnnotationConfigEmbeddedWebApplicationContext@55740540: startup date [Tue Mar 19 10:02:09 CST 2019]; root of context hierarchy 
[1;32m2019-03-19 10:02:10.100[0;39m [34mINFO [0;39m [36mo.s.d.r.c.RepositoryConfigurationDelegate[0;39m - Multiple Spring Data modules found, entering strict repository configuration mode! 
[1;32m2019-03-19 10:02:10.234[0;39m [34mINFO [0;39m [36mo.s.d.r.c.RepositoryConfigurationDelegate[0;39m - Multiple Spring Data modules found, entering strict repository configuration mode! 
[1;32m2019-03-19 10:02:10.309[0;39m [34mINFO [0;39m [36mo.s.d.r.c.RepositoryConfigurationExtensionSupport[0;39m - Spring Data Redis - Could not safely identify store assignment for repository candidate interface com.finanstar.repository.MarketRepository. 
[1;32m2019-03-19 10:02:10.311[0;39m [34mINFO [0;39m [36mo.s.d.r.c.RepositoryConfigurationExtensionSupport[0;39m - Spring Data Redis - Could not safely identify store assignment for repository candidate interface com.finanstar.repository.InstrRepository. 
[1;32m2019-03-19 10:02:10.720[0;39m [34mINFO [0;39m [36mo.s.c.s.PostProcessorRegistrationDelegate$BeanPostProcessorChecker[0;39m - Bean 'org.springframework.transaction.annotation.ProxyTransactionManagementConfiguration' of type [org.springframework.transaction.annotation.ProxyTransactionManagementConfiguration$$EnhancerBySpringCGLIB$$63ea6b0d] is not eligible for getting processed by all BeanPostProcessors (for example: not eligible for auto-proxying) 
[1;32m2019-03-19 10:02:10.751[0;39m [34mINFO [0;39m [36mo.s.c.s.PostProcessorRegistrationDelegate$BeanPostProcessorChecker[0;39m - Bean 'org.springframework.cache.annotation.ProxyCachingConfiguration' of type [org.springframework.cache.annotation.ProxyCachingConfiguration$$EnhancerBySpringCGLIB$$acfca12b] is not eligible for getting processed by all BeanPostProcessors (for example: not eligible for auto-proxying) 
[1;32m2019-03-19 10:02:10.764[0;39m [34mINFO [0;39m [36mo.s.c.s.PostProcessorRegistrationDelegate$BeanPostProcessorChecker[0;39m - Bean 'org.springframework.boot.autoconfigure.cache.CacheAutoConfiguration' of type [org.springframework.boot.autoconfigure.cache.CacheAutoConfiguration$$EnhancerBySpringCGLIB$$a17065cf] is not eligible for getting processed by all BeanPostProcessors (for example: not eligible for auto-proxying) 
[1;32m2019-03-19 10:02:10.782[0;39m [34mINFO [0;39m [36mo.s.c.s.PostProcessorRegistrationDelegate$BeanPostProcessorChecker[0;39m - Bean 'spring.cache-org.springframework.boot.autoconfigure.cache.CacheProperties' of type [org.springframework.boot.autoconfigure.cache.CacheProperties] is not eligible for getting processed by all BeanPostProcessors (for example: not eligible for auto-proxying) 
[1;32m2019-03-19 10:02:10.791[0;39m [34mINFO [0;39m [36mo.s.c.s.PostProcessorRegistrationDelegate$BeanPostProcessorChecker[0;39m - Bean 'cacheManagerCustomizers' of type [org.springframework.boot.autoconfigure.cache.CacheManagerCustomizers] is not eligible for getting processed by all BeanPostProcessors (for example: not eligible for auto-proxying) 
[1;32m2019-03-19 10:02:10.795[0;39m [34mINFO [0;39m [36mo.s.c.s.PostProcessorRegistrationDelegate$BeanPostProcessorChecker[0;39m - Bean 'org.springframework.boot.autoconfigure.cache.RedisCacheConfiguration' of type [org.springframework.boot.autoconfigure.cache.RedisCacheConfiguration$$EnhancerBySpringCGLIB$$52020229] is not eligible for getting processed by all BeanPostProcessors (for example: not eligible for auto-proxying) 
[1;32m2019-03-19 10:02:10.802[0;39m [34mINFO [0;39m [36mo.s.c.s.PostProcessorRegistrationDelegate$BeanPostProcessorChecker[0;39m - Bean 'redisConfig' of type [com.finanstar.conf.RedisConfig$$EnhancerBySpringCGLIB$$780185d6] is not eligible for getting processed by all BeanPostProcessors (for example: not eligible for auto-proxying) 
[1;32m2019-03-19 10:02:10.813[0;39m [34mINFO [0;39m [36mo.s.c.s.PostProcessorRegistrationDelegate$BeanPostProcessorChecker[0;39m - Bean 'spring.redis-org.springframework.boot.autoconfigure.data.redis.RedisProperties' of type [org.springframework.boot.autoconfigure.data.redis.RedisProperties] is not eligible for getting processed by all BeanPostProcessors (for example: not eligible for auto-proxying) 
[1;32m2019-03-19 10:02:10.820[0;39m [34mINFO [0;39m [36mo.s.c.s.PostProcessorRegistrationDelegate$BeanPostProcessorChecker[0;39m - Bean 'org.springframework.boot.autoconfigure.data.redis.RedisAutoConfiguration$RedisConnectionConfiguration' of type [org.springframework.boot.autoconfigure.data.redis.RedisAutoConfiguration$RedisConnectionConfiguration$$EnhancerBySpringCGLIB$$f7e4921c] is not eligible for getting processed by all BeanPostProcessors (for example: not eligible for auto-proxying) 
[1;32m2019-03-19 10:02:10.847[0;39m [34mINFO [0;39m [36mo.s.c.s.PostProcessorRegistrationDelegate$BeanPostProcessorChecker[0;39m - Bean 'redisConnectionFactory' of type [org.springframework.data.redis.connection.jedis.JedisConnectionFactory] is not eligible for getting processed by all BeanPostProcessors (for example: not eligible for auto-proxying) 
[1;32m2019-03-19 10:02:10.870[0;39m [34mINFO [0;39m [36mo.s.c.s.PostProcessorRegistrationDelegate$BeanPostProcessorChecker[0;39m - Bean 'redisTemplate' of type [org.springframework.data.redis.core.RedisTemplate] is not eligible for getting processed by all BeanPostProcessors (for example: not eligible for auto-proxying) 
[1;32m2019-03-19 10:02:10.878[0;39m [34mINFO [0;39m [36mo.s.c.s.PostProcessorRegistrationDelegate$BeanPostProcessorChecker[0;39m - Bean 'cacheManager' of type [org.springframework.data.redis.cache.RedisCacheManager] is not eligible for getting processed by all BeanPostProcessors (for example: not eligible for auto-proxying) 
[1;32m2019-03-19 10:02:10.880[0;39m [34mINFO [0;39m [36mo.s.c.s.PostProcessorRegistrationDelegate$BeanPostProcessorChecker[0;39m - Bean 'cacheAutoConfigurationValidator' of type [org.springframework.boot.autoconfigure.cache.CacheAutoConfiguration$CacheManagerValidator] is not eligible for getting processed by all BeanPostProcessors (for example: not eligible for auto-proxying) 
[1;32m2019-03-19 10:02:11.095[0;39m [34mINFO [0;39m [36mo.s.b.c.e.t.TomcatEmbeddedServletContainer[0;39m - Tomcat initialized with port(s): 8082 (http) 
[1;32m2019-03-19 10:02:11.114[0;39m [34mINFO [0;39m [36mo.a.catalina.core.StandardService  [0;39m - Starting service Tomcat 
[1;32m2019-03-19 10:02:11.115[0;39m [34mINFO [0;39m [36mo.a.catalina.core.StandardEngine   [0;39m - Starting Servlet Engine: Apache Tomcat/8.5.11 
[1;32m2019-03-19 10:02:11.209[0;39m [34mINFO [0;39m [36mo.a.c.c.C.[Tomcat].[localhost].[/] [0;39m - Initializing Spring embedded WebApplicationContext 
[1;32m2019-03-19 10:02:11.550[0;39m [34mINFO [0;39m [36mo.s.b.w.s.FilterRegistrationBean   [0;39m - Mapping filter: 'characterEncodingFilter' to: [/*] 
[1;32m2019-03-19 10:02:11.551[0;39m [34mINFO [0;39m [36mo.s.b.w.s.FilterRegistrationBean   [0;39m - Mapping filter: 'hiddenHttpMethodFilter' to: [/*] 
[1;32m2019-03-19 10:02:11.551[0;39m [34mINFO [0;39m [36mo.s.b.w.s.FilterRegistrationBean   [0;39m - Mapping filter: 'httpPutFormContentFilter' to: [/*] 
[1;32m2019-03-19 10:02:11.551[0;39m [34mINFO [0;39m [36mo.s.b.w.s.FilterRegistrationBean   [0;39m - Mapping filter: 'requestContextFilter' to: [/*] 
[1;32m2019-03-19 10:02:11.552[0;39m [34mINFO [0;39m [36mo.s.b.w.s.FilterRegistrationBean   [0;39m - Mapping filter: 'xssFilter' to urls: [/*] 
[1;32m2019-03-19 10:02:11.552[0;39m [34mINFO [0;39m [36mo.s.b.w.s.FilterRegistrationBean   [0;39m - Mapping filter: 'webStatFilter' to urls: [/*] 
[1;32m2019-03-19 10:02:11.552[0;39m [34mINFO [0;39m [36mo.s.b.w.s.FilterRegistrationBean   [0;39m - Mapping filter: 'topPermissionFilter' to urls: [/*] 
[1;32m2019-03-19 10:02:11.552[0;39m [34mINFO [0;39m [36mo.s.b.w.s.ServletRegistrationBean  [0;39m - Mapping servlet: 'dispatcherServlet' to [/] 
[1;32m2019-03-19 10:02:11.554[0;39m [34mINFO [0;39m [36mo.s.b.w.s.ServletRegistrationBean  [0;39m - Mapping servlet: 'statViewServlet' to [/druid/*] 
[1;32m2019-03-19 10:02:11.591[0;39m [34mINFO [0;39m [36mc.a.d.s.b.a.DruidDataSourceAutoConfigure[0;39m - Init DruidDataSource 
[1;32m2019-03-19 10:02:12.052[0;39m [34mINFO [0;39m [36mc.a.druid.pool.DruidDataSource     [0;39m - {dataSource-1} inited 
[1;32m2019-03-19 10:02:12.415[0;39m [34mINFO [0;39m [36mo.s.o.j.LocalContainerEntityManagerFactoryBean[0;39m - Building JPA container EntityManagerFactory for persistence unit 'default' 
[1;32m2019-03-19 10:02:12.432[0;39m [34mINFO [0;39m [36mo.h.jpa.internal.util.LogHelper    [0;39m - HHH000204: Processing PersistenceUnitInfo [
	name: default
	...] 
[1;32m2019-03-19 10:02:12.688[0;39m [34mINFO [0;39m [36morg.hibernate.Version              [0;39m - HHH000412: Hibernate Core {5.0.12.Final} 
[1;32m2019-03-19 10:02:12.690[0;39m [34mINFO [0;39m [36morg.hibernate.cfg.Environment      [0;39m - HHH000206: hibernate.properties not found 
[1;32m2019-03-19 10:02:12.691[0;39m [34mINFO [0;39m [36morg.hibernate.cfg.Environment      [0;39m - HHH000021: Bytecode provider name : javassist 
[1;32m2019-03-19 10:02:12.742[0;39m [34mINFO [0;39m [36mo.h.annotations.common.Version     [0;39m - HCANN000001: Hibernate Commons Annotations {5.0.1.Final} 
[1;32m2019-03-19 10:02:12.909[0;39m [34mINFO [0;39m [36morg.hibernate.dialect.Dialect      [0;39m - HHH000400: Using dialect: org.hibernate.dialect.MySQL5Dialect 
[1;32m2019-03-19 10:02:13.138[0;39m [31mWARN [0;39m [36morg.hibernate.id.UUIDHexGenerator  [0;39m - HHH000409: Using org.hibernate.id.UUIDHexGenerator which does not generate IETF RFC 4122 compliant UUID values; consider using org.hibernate.id.UUIDGenerator instead 
[1;32m2019-03-19 10:02:13.705[0;39m [34mINFO [0;39m [36mo.s.o.j.LocalContainerEntityManagerFactoryBean[0;39m - Initialized JPA EntityManagerFactory for persistence unit 'default' 
[1;32m2019-03-19 10:02:14.022[0;39m [34mINFO [0;39m [36mo.h.h.i.QueryTranslatorFactoryInitiator[0;39m - HHH000397: Using ASTQueryTranslatorFactory 
[1;32m2019-03-19 10:02:15.732[0;39m [34mINFO [0;39m [36mo.s.j.e.a.AnnotationMBeanExporter  [0;39m - Registering beans for JMX exposure on startup 
[1;32m2019-03-19 10:02:15.735[0;39m [34mINFO [0;39m [36mo.s.j.e.a.AnnotationMBeanExporter  [0;39m - Bean with name 'statFilter' has been autodetected for JMX exposure 
[1;32m2019-03-19 10:02:15.735[0;39m [34mINFO [0;39m [36mo.s.j.e.a.AnnotationMBeanExporter  [0;39m - Bean with name 'dataSource' has been autodetected for JMX exposure 
[1;32m2019-03-19 10:02:15.742[0;39m [34mINFO [0;39m [36mo.s.j.e.a.AnnotationMBeanExporter  [0;39m - Located MBean 'dataSource': registering with JMX server as MBean [com.alibaba.druid.spring.boot.autoconfigure:name=dataSource,type=DruidDataSourceWrapper] 
[1;32m2019-03-19 10:02:15.742[0;39m [34mINFO [0;39m [36mo.s.j.e.a.AnnotationMBeanExporter  [0;39m - Located MBean 'statFilter': registering with JMX server as MBean [com.alibaba.druid.filter.stat:name=statFilter,type=StatFilter] 
[1;32m2019-03-19 10:02:15.770[0;39m [34mINFO [0;39m [36mo.s.b.c.e.t.TomcatEmbeddedServletContainer[0;39m - Tomcat started on port(s): 8082 (http) 
[1;32m2019-03-19 10:02:15.772[0;39m [34mINFO [0;39m [36mcom.finanstar.MarketApplication    [0;39m - Started MarketApplication in 6.734 seconds (JVM running for 8.149) 
