[1;32m2019-03-18 13:24:00.683[0;39m [34mINFO [0;39m [36mo.s.b.a.SpringApplicationAdminMXBeanRegistrar$SpringApplicationAdmin[0;39m - Application shutdown requested. 
[1;32m2019-03-18 13:24:00.692[0;39m [34mINFO [0;39m [36mo.s.b.c.e.AnnotationConfigEmbeddedWebApplicationContext[0;39m - Closing org.springframework.boot.context.embedded.AnnotationConfigEmbeddedWebApplicationContext@740773a3: startup date [Tue Mar 05 18:53:37 CST 2019]; root of context hierarchy 
[1;32m2019-03-18 13:24:00.725[0;39m [34mINFO [0;39m [36mo.s.j.e.a.AnnotationMBeanExporter  [0;39m - Unregistering JMX-exposed beans on shutdown 
[1;32m2019-03-18 13:24:00.726[0;39m [34mINFO [0;39m [36mo.s.j.e.a.AnnotationMBeanExporter  [0;39m - Unregistering JMX-exposed beans 
[1;32m2019-03-18 13:24:00.730[0;39m [34mINFO [0;39m [36mo.s.o.j.LocalContainerEntityManagerFactoryBean[0;39m - Closing JPA EntityManagerFactory for persistence unit 'default' 
[1;32m2019-03-18 13:24:00.744[0;39m [34mINFO [0;39m [36mc.a.druid.pool.DruidDataSource     [0;39m - {dataSource-1} closed 
[1;32m2019-03-18 13:24:08.436[0;39m [34mINFO [0;39m [36mcom.finanstar.MarketApplication    [0;39m - Starting MarketApplication on danielpine with PID 38804 (G:\XHYT\ms\deri-market\target\classes started by danieline in G:\XHYT\ms\deri-market) 
[1;32m2019-03-18 13:24:08.446[0;39m [34mINFO [0;39m [36mcom.finanstar.MarketApplication    [0;39m - The following profiles are active: pro 
[1;32m2019-03-18 13:24:08.460[0;39m [34mINFO [0;39m [36mcom.finanstar.MarketApplication    [0;39m - Starting MarketApplication on danielpine with PID 46864 (G:\XHYT\ms\deri-market\target\classes started by danieline in G:\XHYT\ms\deri-market) 
[1;32m2019-03-18 13:24:08.476[0;39m [34mINFO [0;39m [36mcom.finanstar.MarketApplication    [0;39m - The following profiles are active: pro 
[1;32m2019-03-18 13:24:08.509[0;39m [34mINFO [0;39m [36mo.s.b.c.e.AnnotationConfigEmbeddedWebApplicationContext[0;39m - Refreshing org.springframework.boot.context.embedded.AnnotationConfigEmbeddedWebApplicationContext@55740540: startup date [Mon Mar 18 13:24:08 CST 2019]; root of context hierarchy 
[1;32m2019-03-18 13:24:08.521[0;39m [34mINFO [0;39m [36mo.s.b.c.e.AnnotationConfigEmbeddedWebApplicationContext[0;39m - Refreshing org.springframework.boot.context.embedded.AnnotationConfigEmbeddedWebApplicationContext@55740540: startup date [Mon Mar 18 13:24:08 CST 2019]; root of context hierarchy 
[1;32m2019-03-18 13:24:09.373[0;39m [34mINFO [0;39m [36mo.s.d.r.c.RepositoryConfigurationDelegate[0;39m - Multiple Spring Data modules found, entering strict repository configuration mode! 
[1;32m2019-03-18 13:24:09.426[0;39m [34mINFO [0;39m [36mo.s.d.r.c.RepositoryConfigurationDelegate[0;39m - Multiple Spring Data modules found, entering strict repository configuration mode! 
[1;32m2019-03-18 13:24:09.519[0;39m [34mINFO [0;39m [36mo.s.d.r.c.RepositoryConfigurationDelegate[0;39m - Multiple Spring Data modules found, entering strict repository configuration mode! 
[1;32m2019-03-18 13:24:09.565[0;39m [34mINFO [0;39m [36mo.s.d.r.c.RepositoryConfigurationDelegate[0;39m - Multiple Spring Data modules found, entering strict repository configuration mode! 
[1;32m2019-03-18 13:24:09.596[0;39m [34mINFO [0;39m [36mo.s.d.r.c.RepositoryConfigurationExtensionSupport[0;39m - Spring Data Redis - Could not safely identify store assignment for repository candidate interface com.finanstar.repository.MarketRepository. 
[1;32m2019-03-18 13:24:09.598[0;39m [34mINFO [0;39m [36mo.s.d.r.c.RepositoryConfigurationExtensionSupport[0;39m - Spring Data Redis - Could not safely identify store assignment for repository candidate interface com.finanstar.repository.InstrRepository. 
[1;32m2019-03-18 13:24:09.647[0;39m [34mINFO [0;39m [36mo.s.d.r.c.RepositoryConfigurationExtensionSupport[0;39m - Spring Data Redis - Could not safely identify store assignment for repository candidate interface com.finanstar.repository.MarketRepository. 
[1;32m2019-03-18 13:24:09.649[0;39m [34mINFO [0;39m [36mo.s.d.r.c.RepositoryConfigurationExtensionSupport[0;39m - Spring Data Redis - Could not safely identify store assignment for repository candidate interface com.finanstar.repository.InstrRepository. 
[1;32m2019-03-18 13:24:10.029[0;39m [34mINFO [0;39m [36mo.s.c.s.PostProcessorRegistrationDelegate$BeanPostProcessorChecker[0;39m - Bean 'org.springframework.transaction.annotation.ProxyTransactionManagementConfiguration' of type [org.springframework.transaction.annotation.ProxyTransactionManagementConfiguration$$EnhancerBySpringCGLIB$$63ea6b0d] is not eligible for getting processed by all BeanPostProcessors (for example: not eligible for auto-proxying) 
[1;32m2019-03-18 13:24:10.058[0;39m [34mINFO [0;39m [36mo.s.c.s.PostProcessorRegistrationDelegate$BeanPostProcessorChecker[0;39m - Bean 'org.springframework.cache.annotation.ProxyCachingConfiguration' of type [org.springframework.cache.annotation.ProxyCachingConfiguration$$EnhancerBySpringCGLIB$$acfca12b] is not eligible for getting processed by all BeanPostProcessors (for example: not eligible for auto-proxying) 
[1;32m2019-03-18 13:24:10.072[0;39m [34mINFO [0;39m [36mo.s.c.s.PostProcessorRegistrationDelegate$BeanPostProcessorChecker[0;39m - Bean 'org.springframework.boot.autoconfigure.cache.CacheAutoConfiguration' of type [org.springframework.boot.autoconfigure.cache.CacheAutoConfiguration$$EnhancerBySpringCGLIB$$a17065cf] is not eligible for getting processed by all BeanPostProcessors (for example: not eligible for auto-proxying) 
[1;32m2019-03-18 13:24:10.088[0;39m [34mINFO [0;39m [36mo.s.c.s.PostProcessorRegistrationDelegate$BeanPostProcessorChecker[0;39m - Bean 'spring.cache-org.springframework.boot.autoconfigure.cache.CacheProperties' of type [org.springframework.boot.autoconfigure.cache.CacheProperties] is not eligible for getting processed by all BeanPostProcessors (for example: not eligible for auto-proxying) 
[1;32m2019-03-18 13:24:10.092[0;39m [34mINFO [0;39m [36mo.s.c.s.PostProcessorRegistrationDelegate$BeanPostProcessorChecker[0;39m - Bean 'org.springframework.transaction.annotation.ProxyTransactionManagementConfiguration' of type [org.springframework.transaction.annotation.ProxyTransactionManagementConfiguration$$EnhancerBySpringCGLIB$$53076ad] is not eligible for getting processed by all BeanPostProcessors (for example: not eligible for auto-proxying) 
[1;32m2019-03-18 13:24:10.096[0;39m [34mINFO [0;39m [36mo.s.c.s.PostProcessorRegistrationDelegate$BeanPostProcessorChecker[0;39m - Bean 'cacheManagerCustomizers' of type [org.springframework.boot.autoconfigure.cache.CacheManagerCustomizers] is not eligible for getting processed by all BeanPostProcessors (for example: not eligible for auto-proxying) 
[1;32m2019-03-18 13:24:10.100[0;39m [34mINFO [0;39m [36mo.s.c.s.PostProcessorRegistrationDelegate$BeanPostProcessorChecker[0;39m - Bean 'org.springframework.boot.autoconfigure.cache.RedisCacheConfiguration' of type [org.springframework.boot.autoconfigure.cache.RedisCacheConfiguration$$EnhancerBySpringCGLIB$$52020229] is not eligible for getting processed by all BeanPostProcessors (for example: not eligible for auto-proxying) 
[1;32m2019-03-18 13:24:10.105[0;39m [34mINFO [0;39m [36mo.s.c.s.PostProcessorRegistrationDelegate$BeanPostProcessorChecker[0;39m - Bean 'redisConfig' of type [com.finanstar.conf.RedisConfig$$EnhancerBySpringCGLIB$$780185d6] is not eligible for getting processed by all BeanPostProcessors (for example: not eligible for auto-proxying) 
[1;32m2019-03-18 13:24:10.115[0;39m [34mINFO [0;39m [36mo.s.c.s.PostProcessorRegistrationDelegate$BeanPostProcessorChecker[0;39m - Bean 'spring.redis-org.springframework.boot.autoconfigure.data.redis.RedisProperties' of type [org.springframework.boot.autoconfigure.data.redis.RedisProperties] is not eligible for getting processed by all BeanPostProcessors (for example: not eligible for auto-proxying) 
[1;32m2019-03-18 13:24:10.120[0;39m [34mINFO [0;39m [36mo.s.c.s.PostProcessorRegistrationDelegate$BeanPostProcessorChecker[0;39m - Bean 'org.springframework.boot.autoconfigure.data.redis.RedisAutoConfiguration$RedisConnectionConfiguration' of type [org.springframework.boot.autoconfigure.data.redis.RedisAutoConfiguration$RedisConnectionConfiguration$$EnhancerBySpringCGLIB$$f7e4921c] is not eligible for getting processed by all BeanPostProcessors (for example: not eligible for auto-proxying) 
[1;32m2019-03-18 13:24:10.125[0;39m [34mINFO [0;39m [36mo.s.c.s.PostProcessorRegistrationDelegate$BeanPostProcessorChecker[0;39m - Bean 'org.springframework.cache.annotation.ProxyCachingConfiguration' of type [org.springframework.cache.annotation.ProxyCachingConfiguration$$EnhancerBySpringCGLIB$$4e42accb] is not eligible for getting processed by all BeanPostProcessors (for example: not eligible for auto-proxying) 
[1;32m2019-03-18 13:24:10.141[0;39m [34mINFO [0;39m [36mo.s.c.s.PostProcessorRegistrationDelegate$BeanPostProcessorChecker[0;39m - Bean 'org.springframework.boot.autoconfigure.cache.CacheAutoConfiguration' of type [org.springframework.boot.autoconfigure.cache.CacheAutoConfiguration$$EnhancerBySpringCGLIB$$42b6716f] is not eligible for getting processed by all BeanPostProcessors (for example: not eligible for auto-proxying) 
[1;32m2019-03-18 13:24:10.155[0;39m [34mINFO [0;39m [36mo.s.c.s.PostProcessorRegistrationDelegate$BeanPostProcessorChecker[0;39m - Bean 'redisConnectionFactory' of type [org.springframework.data.redis.connection.jedis.JedisConnectionFactory] is not eligible for getting processed by all BeanPostProcessors (for example: not eligible for auto-proxying) 
[1;32m2019-03-18 13:24:10.160[0;39m [34mINFO [0;39m [36mo.s.c.s.PostProcessorRegistrationDelegate$BeanPostProcessorChecker[0;39m - Bean 'spring.cache-org.springframework.boot.autoconfigure.cache.CacheProperties' of type [org.springframework.boot.autoconfigure.cache.CacheProperties] is not eligible for getting processed by all BeanPostProcessors (for example: not eligible for auto-proxying) 
[1;32m2019-03-18 13:24:10.168[0;39m [34mINFO [0;39m [36mo.s.c.s.PostProcessorRegistrationDelegate$BeanPostProcessorChecker[0;39m - Bean 'cacheManagerCustomizers' of type [org.springframework.boot.autoconfigure.cache.CacheManagerCustomizers] is not eligible for getting processed by all BeanPostProcessors (for example: not eligible for auto-proxying) 
[1;32m2019-03-18 13:24:10.173[0;39m [34mINFO [0;39m [36mo.s.c.s.PostProcessorRegistrationDelegate$BeanPostProcessorChecker[0;39m - Bean 'org.springframework.boot.autoconfigure.cache.RedisCacheConfiguration' of type [org.springframework.boot.autoconfigure.cache.RedisCacheConfiguration$$EnhancerBySpringCGLIB$$f3480dc9] is not eligible for getting processed by all BeanPostProcessors (for example: not eligible for auto-proxying) 
[1;32m2019-03-18 13:24:10.177[0;39m [34mINFO [0;39m [36mo.s.c.s.PostProcessorRegistrationDelegate$BeanPostProcessorChecker[0;39m - Bean 'redisTemplate' of type [org.springframework.data.redis.core.RedisTemplate] is not eligible for getting processed by all BeanPostProcessors (for example: not eligible for auto-proxying) 
[1;32m2019-03-18 13:24:10.179[0;39m [34mINFO [0;39m [36mo.s.c.s.PostProcessorRegistrationDelegate$BeanPostProcessorChecker[0;39m - Bean 'redisConfig' of type [com.finanstar.conf.RedisConfig$$EnhancerBySpringCGLIB$$19479176] is not eligible for getting processed by all BeanPostProcessors (for example: not eligible for auto-proxying) 
[1;32m2019-03-18 13:24:10.187[0;39m [34mINFO [0;39m [36mo.s.c.s.PostProcessorRegistrationDelegate$BeanPostProcessorChecker[0;39m - Bean 'cacheManager' of type [org.springframework.data.redis.cache.RedisCacheManager] is not eligible for getting processed by all BeanPostProcessors (for example: not eligible for auto-proxying) 
[1;32m2019-03-18 13:24:10.188[0;39m [34mINFO [0;39m [36mo.s.c.s.PostProcessorRegistrationDelegate$BeanPostProcessorChecker[0;39m - Bean 'cacheAutoConfigurationValidator' of type [org.springframework.boot.autoconfigure.cache.CacheAutoConfiguration$CacheManagerValidator] is not eligible for getting processed by all BeanPostProcessors (for example: not eligible for auto-proxying) 
[1;32m2019-03-18 13:24:10.190[0;39m [34mINFO [0;39m [36mo.s.c.s.PostProcessorRegistrationDelegate$BeanPostProcessorChecker[0;39m - Bean 'spring.redis-org.springframework.boot.autoconfigure.data.redis.RedisProperties' of type [org.springframework.boot.autoconfigure.data.redis.RedisProperties] is not eligible for getting processed by all BeanPostProcessors (for example: not eligible for auto-proxying) 
[1;32m2019-03-18 13:24:10.196[0;39m [34mINFO [0;39m [36mo.s.c.s.PostProcessorRegistrationDelegate$BeanPostProcessorChecker[0;39m - Bean 'org.springframework.boot.autoconfigure.data.redis.RedisAutoConfiguration$RedisConnectionConfiguration' of type [org.springframework.boot.autoconfigure.data.redis.RedisAutoConfiguration$RedisConnectionConfiguration$$EnhancerBySpringCGLIB$$992a9dbc] is not eligible for getting processed by all BeanPostProcessors (for example: not eligible for auto-proxying) 
[1;32m2019-03-18 13:24:10.230[0;39m [34mINFO [0;39m [36mo.s.c.s.PostProcessorRegistrationDelegate$BeanPostProcessorChecker[0;39m - Bean 'redisConnectionFactory' of type [org.springframework.data.redis.connection.jedis.JedisConnectionFactory] is not eligible for getting processed by all BeanPostProcessors (for example: not eligible for auto-proxying) 
[1;32m2019-03-18 13:24:10.257[0;39m [34mINFO [0;39m [36mo.s.c.s.PostProcessorRegistrationDelegate$BeanPostProcessorChecker[0;39m - Bean 'redisTemplate' of type [org.springframework.data.redis.core.RedisTemplate] is not eligible for getting processed by all BeanPostProcessors (for example: not eligible for auto-proxying) 
[1;32m2019-03-18 13:24:10.267[0;39m [34mINFO [0;39m [36mo.s.c.s.PostProcessorRegistrationDelegate$BeanPostProcessorChecker[0;39m - Bean 'cacheManager' of type [org.springframework.data.redis.cache.RedisCacheManager] is not eligible for getting processed by all BeanPostProcessors (for example: not eligible for auto-proxying) 
[1;32m2019-03-18 13:24:10.267[0;39m [34mINFO [0;39m [36mo.s.c.s.PostProcessorRegistrationDelegate$BeanPostProcessorChecker[0;39m - Bean 'cacheAutoConfigurationValidator' of type [org.springframework.boot.autoconfigure.cache.CacheAutoConfiguration$CacheManagerValidator] is not eligible for getting processed by all BeanPostProcessors (for example: not eligible for auto-proxying) 
[1;32m2019-03-18 13:24:10.425[0;39m [34mINFO [0;39m [36mo.s.b.c.e.t.TomcatEmbeddedServletContainer[0;39m - Tomcat initialized with port(s): 8082 (http) 
[1;32m2019-03-18 13:24:10.437[0;39m [34mINFO [0;39m [36mo.a.catalina.core.StandardService  [0;39m - Starting service Tomcat 
[1;32m2019-03-18 13:24:10.438[0;39m [34mINFO [0;39m [36mo.a.catalina.core.StandardEngine   [0;39m - Starting Servlet Engine: Apache Tomcat/8.5.11 
[1;32m2019-03-18 13:24:10.510[0;39m [34mINFO [0;39m [36mo.s.b.c.e.t.TomcatEmbeddedServletContainer[0;39m - Tomcat initialized with port(s): 8082 (http) 
[1;32m2019-03-18 13:24:10.523[0;39m [34mINFO [0;39m [36mo.a.catalina.core.StandardService  [0;39m - Starting service Tomcat 
[1;32m2019-03-18 13:24:10.524[0;39m [34mINFO [0;39m [36mo.a.catalina.core.StandardEngine   [0;39m - Starting Servlet Engine: Apache Tomcat/8.5.11 
[1;32m2019-03-18 13:24:10.547[0;39m [34mINFO [0;39m [36mo.a.c.c.C.[Tomcat].[localhost].[/] [0;39m - Initializing Spring embedded WebApplicationContext 
[1;32m2019-03-18 13:24:10.632[0;39m [34mINFO [0;39m [36mo.a.c.c.C.[Tomcat].[localhost].[/] [0;39m - Initializing Spring embedded WebApplicationContext 
[1;32m2019-03-18 13:24:10.867[0;39m [34mINFO [0;39m [36mo.s.b.w.s.FilterRegistrationBean   [0;39m - Mapping filter: 'characterEncodingFilter' to: [/*] 
[1;32m2019-03-18 13:24:10.867[0;39m [34mINFO [0;39m [36mo.s.b.w.s.FilterRegistrationBean   [0;39m - Mapping filter: 'hiddenHttpMethodFilter' to: [/*] 
[1;32m2019-03-18 13:24:10.867[0;39m [34mINFO [0;39m [36mo.s.b.w.s.FilterRegistrationBean   [0;39m - Mapping filter: 'httpPutFormContentFilter' to: [/*] 
[1;32m2019-03-18 13:24:10.867[0;39m [34mINFO [0;39m [36mo.s.b.w.s.FilterRegistrationBean   [0;39m - Mapping filter: 'requestContextFilter' to: [/*] 
[1;32m2019-03-18 13:24:10.868[0;39m [34mINFO [0;39m [36mo.s.b.w.s.FilterRegistrationBean   [0;39m - Mapping filter: 'xssFilter' to urls: [/*] 
[1;32m2019-03-18 13:24:10.868[0;39m [34mINFO [0;39m [36mo.s.b.w.s.FilterRegistrationBean   [0;39m - Mapping filter: 'webStatFilter' to urls: [/*] 
[1;32m2019-03-18 13:24:10.868[0;39m [34mINFO [0;39m [36mo.s.b.w.s.FilterRegistrationBean   [0;39m - Mapping filter: 'topPermissionFilter' to urls: [/*] 
[1;32m2019-03-18 13:24:10.868[0;39m [34mINFO [0;39m [36mo.s.b.w.s.ServletRegistrationBean  [0;39m - Mapping servlet: 'dispatcherServlet' to [/] 
[1;32m2019-03-18 13:24:10.869[0;39m [34mINFO [0;39m [36mo.s.b.w.s.ServletRegistrationBean  [0;39m - Mapping servlet: 'statViewServlet' to [/druid/*] 
[1;32m2019-03-18 13:24:10.901[0;39m [34mINFO [0;39m [36mc.a.d.s.b.a.DruidDataSourceAutoConfigure[0;39m - Init DruidDataSource 
[1;32m2019-03-18 13:24:10.959[0;39m [34mINFO [0;39m [36mo.s.b.w.s.FilterRegistrationBean   [0;39m - Mapping filter: 'characterEncodingFilter' to: [/*] 
[1;32m2019-03-18 13:24:10.960[0;39m [34mINFO [0;39m [36mo.s.b.w.s.FilterRegistrationBean   [0;39m - Mapping filter: 'hiddenHttpMethodFilter' to: [/*] 
[1;32m2019-03-18 13:24:10.960[0;39m [34mINFO [0;39m [36mo.s.b.w.s.FilterRegistrationBean   [0;39m - Mapping filter: 'httpPutFormContentFilter' to: [/*] 
[1;32m2019-03-18 13:24:10.960[0;39m [34mINFO [0;39m [36mo.s.b.w.s.FilterRegistrationBean   [0;39m - Mapping filter: 'requestContextFilter' to: [/*] 
[1;32m2019-03-18 13:24:10.961[0;39m [34mINFO [0;39m [36mo.s.b.w.s.FilterRegistrationBean   [0;39m - Mapping filter: 'xssFilter' to urls: [/*] 
[1;32m2019-03-18 13:24:10.961[0;39m [34mINFO [0;39m [36mo.s.b.w.s.FilterRegistrationBean   [0;39m - Mapping filter: 'webStatFilter' to urls: [/*] 
[1;32m2019-03-18 13:24:10.962[0;39m [34mINFO [0;39m [36mo.s.b.w.s.FilterRegistrationBean   [0;39m - Mapping filter: 'topPermissionFilter' to urls: [/*] 
[1;32m2019-03-18 13:24:10.962[0;39m [34mINFO [0;39m [36mo.s.b.w.s.ServletRegistrationBean  [0;39m - Mapping servlet: 'dispatcherServlet' to [/] 
[1;32m2019-03-18 13:24:10.963[0;39m [34mINFO [0;39m [36mo.s.b.w.s.ServletRegistrationBean  [0;39m - Mapping servlet: 'statViewServlet' to [/druid/*] 
[1;32m2019-03-18 13:24:11.001[0;39m [34mINFO [0;39m [36mc.a.d.s.b.a.DruidDataSourceAutoConfigure[0;39m - Init DruidDataSource 
[1;32m2019-03-18 13:24:11.390[0;39m [34mINFO [0;39m [36mc.a.druid.pool.DruidDataSource     [0;39m - {dataSource-1} inited 
[1;32m2019-03-18 13:24:11.490[0;39m [34mINFO [0;39m [36mc.a.druid.pool.DruidDataSource     [0;39m - {dataSource-1} inited 
[1;32m2019-03-18 13:24:11.854[0;39m [34mINFO [0;39m [36mo.s.o.j.LocalContainerEntityManagerFactoryBean[0;39m - Building JPA container EntityManagerFactory for persistence unit 'default' 
[1;32m2019-03-18 13:24:11.868[0;39m [34mINFO [0;39m [36mo.h.jpa.internal.util.LogHelper    [0;39m - HHH000204: Processing PersistenceUnitInfo [
	name: default
	...] 
[1;32m2019-03-18 13:24:11.891[0;39m [34mINFO [0;39m [36mo.s.o.j.LocalContainerEntityManagerFactoryBean[0;39m - Building JPA container EntityManagerFactory for persistence unit 'default' 
[1;32m2019-03-18 13:24:11.904[0;39m [34mINFO [0;39m [36mo.h.jpa.internal.util.LogHelper    [0;39m - HHH000204: Processing PersistenceUnitInfo [
	name: default
	...] 
[1;32m2019-03-18 13:24:11.974[0;39m [34mINFO [0;39m [36morg.hibernate.Version              [0;39m - HHH000412: Hibernate Core {5.0.12.Final} 
[1;32m2019-03-18 13:24:11.976[0;39m [34mINFO [0;39m [36morg.hibernate.cfg.Environment      [0;39m - HHH000206: hibernate.properties not found 
[1;32m2019-03-18 13:24:11.978[0;39m [34mINFO [0;39m [36morg.hibernate.cfg.Environment      [0;39m - HHH000021: Bytecode provider name : javassist 
[1;32m2019-03-18 13:24:12.135[0;39m [34mINFO [0;39m [36morg.hibernate.Version              [0;39m - HHH000412: Hibernate Core {5.0.12.Final} 
[1;32m2019-03-18 13:24:12.136[0;39m [34mINFO [0;39m [36morg.hibernate.cfg.Environment      [0;39m - HHH000206: hibernate.properties not found 
[1;32m2019-03-18 13:24:12.137[0;39m [34mINFO [0;39m [36morg.hibernate.cfg.Environment      [0;39m - HHH000021: Bytecode provider name : javassist 
[1;32m2019-03-18 13:24:12.179[0;39m [34mINFO [0;39m [36mo.h.annotations.common.Version     [0;39m - HCANN000001: Hibernate Commons Annotations {5.0.1.Final} 
[1;32m2019-03-18 13:24:12.213[0;39m [34mINFO [0;39m [36mo.h.annotations.common.Version     [0;39m - HCANN000001: Hibernate Commons Annotations {5.0.1.Final} 
[1;32m2019-03-18 13:24:12.295[0;39m [34mINFO [0;39m [36morg.hibernate.dialect.Dialect      [0;39m - HHH000400: Using dialect: org.hibernate.dialect.MySQL5Dialect 
[1;32m2019-03-18 13:24:12.330[0;39m [34mINFO [0;39m [36morg.hibernate.dialect.Dialect      [0;39m - HHH000400: Using dialect: org.hibernate.dialect.MySQL5Dialect 
[1;32m2019-03-18 13:24:12.524[0;39m [31mWARN [0;39m [36morg.hibernate.id.UUIDHexGenerator  [0;39m - HHH000409: Using org.hibernate.id.UUIDHexGenerator which does not generate IETF RFC 4122 compliant UUID values; consider using org.hibernate.id.UUIDGenerator instead 
[1;32m2019-03-18 13:24:12.563[0;39m [31mWARN [0;39m [36morg.hibernate.id.UUIDHexGenerator  [0;39m - HHH000409: Using org.hibernate.id.UUIDHexGenerator which does not generate IETF RFC 4122 compliant UUID values; consider using org.hibernate.id.UUIDGenerator instead 
[1;32m2019-03-18 13:24:13.004[0;39m [34mINFO [0;39m [36mo.s.o.j.LocalContainerEntityManagerFactoryBean[0;39m - Initialized JPA EntityManagerFactory for persistence unit 'default' 
[1;32m2019-03-18 13:24:13.052[0;39m [34mINFO [0;39m [36mo.s.o.j.LocalContainerEntityManagerFactoryBean[0;39m - Initialized JPA EntityManagerFactory for persistence unit 'default' 
[1;32m2019-03-18 13:24:13.375[0;39m [34mINFO [0;39m [36mo.h.h.i.QueryTranslatorFactoryInitiator[0;39m - HHH000397: Using ASTQueryTranslatorFactory 
[1;32m2019-03-18 13:24:13.416[0;39m [34mINFO [0;39m [36mo.h.h.i.QueryTranslatorFactoryInitiator[0;39m - HHH000397: Using ASTQueryTranslatorFactory 
[1;32m2019-03-18 13:24:15.573[0;39m [34mINFO [0;39m [36mo.s.j.e.a.AnnotationMBeanExporter  [0;39m - Registering beans for JMX exposure on startup 
[1;32m2019-03-18 13:24:15.574[0;39m [34mINFO [0;39m [36mo.s.j.e.a.AnnotationMBeanExporter  [0;39m - Bean with name 'statFilter' has been autodetected for JMX exposure 
[1;32m2019-03-18 13:24:15.575[0;39m [34mINFO [0;39m [36mo.s.j.e.a.AnnotationMBeanExporter  [0;39m - Bean with name 'dataSource' has been autodetected for JMX exposure 
[1;32m2019-03-18 13:24:15.579[0;39m [34mINFO [0;39m [36mo.s.j.e.a.AnnotationMBeanExporter  [0;39m - Located MBean 'dataSource': registering with JMX server as MBean [com.alibaba.druid.spring.boot.autoconfigure:name=dataSource,type=DruidDataSourceWrapper] 
[1;32m2019-03-18 13:24:15.580[0;39m [34mINFO [0;39m [36mo.s.j.e.a.AnnotationMBeanExporter  [0;39m - Located MBean 'statFilter': registering with JMX server as MBean [com.alibaba.druid.filter.stat:name=statFilter,type=StatFilter] 
[1;32m2019-03-18 13:24:15.606[0;39m [34mINFO [0;39m [36mo.s.b.c.e.t.TomcatEmbeddedServletContainer[0;39m - Tomcat started on port(s): 8082 (http) 
[1;32m2019-03-18 13:24:15.610[0;39m [34mINFO [0;39m [36mcom.finanstar.MarketApplication    [0;39m - Started MarketApplication in 7.487 seconds (JVM running for 9.27) 
[1;32m2019-03-18 13:24:15.620[0;39m [34mINFO [0;39m [36mo.s.j.e.a.AnnotationMBeanExporter  [0;39m - Registering beans for JMX exposure on startup 
[1;32m2019-03-18 13:24:15.622[0;39m [34mINFO [0;39m [36mo.s.j.e.a.AnnotationMBeanExporter  [0;39m - Bean with name 'statFilter' has been autodetected for JMX exposure 
[1;32m2019-03-18 13:24:15.622[0;39m [34mINFO [0;39m [36mo.s.j.e.a.AnnotationMBeanExporter  [0;39m - Bean with name 'dataSource' has been autodetected for JMX exposure 
[1;32m2019-03-18 13:24:15.627[0;39m [34mINFO [0;39m [36mo.s.j.e.a.AnnotationMBeanExporter  [0;39m - Located MBean 'dataSource': registering with JMX server as MBean [com.alibaba.druid.spring.boot.autoconfigure:name=dataSource,type=DruidDataSourceWrapper] 
[1;32m2019-03-18 13:24:15.628[0;39m [34mINFO [0;39m [36mo.s.j.e.a.AnnotationMBeanExporter  [0;39m - Located MBean 'statFilter': registering with JMX server as MBean [com.alibaba.druid.filter.stat:name=statFilter,type=StatFilter] 
[1;32m2019-03-18 13:24:15.644[0;39m [1;31mERROR[0;39m [36mo.a.coyote.http11.Http11NioProtocol[0;39m - Failed to start end point associated with ProtocolHandler [http-nio-8082] 
java.net.BindException: Address already in use: bind
	at sun.nio.ch.Net.bind0(Native Method)
	at sun.nio.ch.Net.bind(Net.java:433)
	at sun.nio.ch.Net.bind(Net.java:425)
	at sun.nio.ch.ServerSocketChannelImpl.bind(ServerSocketChannelImpl.java:223)
	at sun.nio.ch.ServerSocketAdaptor.bind(ServerSocketAdaptor.java:74)
	at org.apache.tomcat.util.net.NioEndpoint.bind(NioEndpoint.java:210)
	at org.apache.tomcat.util.net.AbstractEndpoint.start(AbstractEndpoint.java:980)
	at org.apache.coyote.AbstractProtocol.start(AbstractProtocol.java:573)
	at org.apache.catalina.connector.Connector.startInternal(Connector.java:993)
	at org.apache.catalina.util.LifecycleBase.start(LifecycleBase.java:150)
	at org.apache.catalina.core.StandardService.addConnector(StandardService.java:225)
	at org.springframework.boot.context.embedded.tomcat.TomcatEmbeddedServletContainer.addPreviouslyRemovedConnectors(TomcatEmbeddedServletContainer.java:247)
	at org.springframework.boot.context.embedded.tomcat.TomcatEmbeddedServletContainer.start(TomcatEmbeddedServletContainer.java:190)
	at org.springframework.boot.context.embedded.EmbeddedWebApplicationContext.startEmbeddedServletContainer(EmbeddedWebApplicationContext.java:297)
	at org.springframework.boot.context.embedded.EmbeddedWebApplicationContext.finishRefresh(EmbeddedWebApplicationContext.java:145)
	at org.springframework.context.support.AbstractApplicationContext.refresh(AbstractApplicationContext.java:545)
	at org.springframework.boot.context.embedded.EmbeddedWebApplicationContext.refresh(EmbeddedWebApplicationContext.java:122)
	at org.springframework.boot.SpringApplication.refresh(SpringApplication.java:737)
	at org.springframework.boot.SpringApplication.refreshContext(SpringApplication.java:370)
	at org.springframework.boot.SpringApplication.run(SpringApplication.java:314)
	at org.springframework.boot.SpringApplication.run(SpringApplication.java:1162)
	at org.springframework.boot.SpringApplication.run(SpringApplication.java:1151)
	at com.finanstar.MarketApplication.main(MarketApplication.java:26)
[1;32m2019-03-18 13:24:15.645[0;39m [1;31mERROR[0;39m [36mo.a.catalina.core.StandardService  [0;39m - Failed to start connector [Connector[HTTP/1.1-8082]] 
org.apache.catalina.LifecycleException: Failed to start component [Connector[HTTP/1.1-8082]]
	at org.apache.catalina.util.LifecycleBase.start(LifecycleBase.java:167)
	at org.apache.catalina.core.StandardService.addConnector(StandardService.java:225)
	at org.springframework.boot.context.embedded.tomcat.TomcatEmbeddedServletContainer.addPreviouslyRemovedConnectors(TomcatEmbeddedServletContainer.java:247)
	at org.springframework.boot.context.embedded.tomcat.TomcatEmbeddedServletContainer.start(TomcatEmbeddedServletContainer.java:190)
	at org.springframework.boot.context.embedded.EmbeddedWebApplicationContext.startEmbeddedServletContainer(EmbeddedWebApplicationContext.java:297)
	at org.springframework.boot.context.embedded.EmbeddedWebApplicationContext.finishRefresh(EmbeddedWebApplicationContext.java:145)
	at org.springframework.context.support.AbstractApplicationContext.refresh(AbstractApplicationContext.java:545)
	at org.springframework.boot.context.embedded.EmbeddedWebApplicationContext.refresh(EmbeddedWebApplicationContext.java:122)
	at org.springframework.boot.SpringApplication.refresh(SpringApplication.java:737)
	at org.springframework.boot.SpringApplication.refreshContext(SpringApplication.java:370)
	at org.springframework.boot.SpringApplication.run(SpringApplication.java:314)
	at org.springframework.boot.SpringApplication.run(SpringApplication.java:1162)
	at org.springframework.boot.SpringApplication.run(SpringApplication.java:1151)
	at com.finanstar.MarketApplication.main(MarketApplication.java:26)
Caused by: org.apache.catalina.LifecycleException: service.getName(): "Tomcat";  Protocol handler start failed
	at org.apache.catalina.connector.Connector.startInternal(Connector.java:1000)
	at org.apache.catalina.util.LifecycleBase.start(LifecycleBase.java:150)
	... 13 common frames omitted
Caused by: java.net.BindException: Address already in use: bind
	at sun.nio.ch.Net.bind0(Native Method)
	at sun.nio.ch.Net.bind(Net.java:433)
	at sun.nio.ch.Net.bind(Net.java:425)
	at sun.nio.ch.ServerSocketChannelImpl.bind(ServerSocketChannelImpl.java:223)
	at sun.nio.ch.ServerSocketAdaptor.bind(ServerSocketAdaptor.java:74)
	at org.apache.tomcat.util.net.NioEndpoint.bind(NioEndpoint.java:210)
	at org.apache.tomcat.util.net.AbstractEndpoint.start(AbstractEndpoint.java:980)
	at org.apache.coyote.AbstractProtocol.start(AbstractProtocol.java:573)
	at org.apache.catalina.connector.Connector.startInternal(Connector.java:993)
	... 14 common frames omitted
[1;32m2019-03-18 13:24:15.650[0;39m [34mINFO [0;39m [36mo.a.catalina.core.StandardService  [0;39m - Stopping service Tomcat 
[1;32m2019-03-18 13:24:15.657[0;39m [34mINFO [0;39m [36mo.s.b.a.l.AutoConfigurationReportLoggingInitializer[0;39m - 

Error starting ApplicationContext. To display the auto-configuration report re-run your application with 'debug' enabled. 
[1;32m2019-03-18 13:24:15.664[0;39m [1;31mERROR[0;39m [36mo.s.b.d.LoggingFailureAnalysisReporter[0;39m - 

***************************
APPLICATION FAILED TO START
***************************

Description:

The Tomcat connector configured to listen on port 8082 failed to start. The port may already be in use or the connector may be misconfigured.

Action:

Verify the connector's configuration, identify and stop any process that's listening on port 8082, or configure this application to listen on another port.
 
[1;32m2019-03-18 13:24:15.669[0;39m [34mINFO [0;39m [36mo.s.b.c.e.AnnotationConfigEmbeddedWebApplicationContext[0;39m - Closing org.springframework.boot.context.embedded.AnnotationConfigEmbeddedWebApplicationContext@55740540: startup date [Mon Mar 18 13:24:08 CST 2019]; root of context hierarchy 
[1;32m2019-03-18 13:24:15.671[0;39m [34mINFO [0;39m [36mo.s.j.e.a.AnnotationMBeanExporter  [0;39m - Unregistering JMX-exposed beans on shutdown 
[1;32m2019-03-18 13:24:15.671[0;39m [34mINFO [0;39m [36mo.s.j.e.a.AnnotationMBeanExporter  [0;39m - Unregistering JMX-exposed beans 
[1;32m2019-03-18 13:24:15.672[0;39m [34mINFO [0;39m [36mo.s.o.j.LocalContainerEntityManagerFactoryBean[0;39m - Closing JPA EntityManagerFactory for persistence unit 'default' 
[1;32m2019-03-18 13:24:15.675[0;39m [34mINFO [0;39m [36mc.a.druid.pool.DruidDataSource     [0;39m - {dataSource-1} closed 
[1;32m2019-03-18 14:20:59.544[0;39m [34mINFO [0;39m [36mo.s.b.a.SpringApplicationAdminMXBeanRegistrar$SpringApplicationAdmin[0;39m - Application shutdown requested. 
[1;32m2019-03-18 14:20:59.554[0;39m [34mINFO [0;39m [36mo.s.b.c.e.AnnotationConfigEmbeddedWebApplicationContext[0;39m - Closing org.springframework.boot.context.embedded.AnnotationConfigEmbeddedWebApplicationContext@55740540: startup date [Mon Mar 18 13:24:08 CST 2019]; root of context hierarchy 
[1;32m2019-03-18 14:20:59.584[0;39m [34mINFO [0;39m [36mo.s.j.e.a.AnnotationMBeanExporter  [0;39m - Unregistering JMX-exposed beans on shutdown 
[1;32m2019-03-18 14:20:59.585[0;39m [34mINFO [0;39m [36mo.s.j.e.a.AnnotationMBeanExporter  [0;39m - Unregistering JMX-exposed beans 
[1;32m2019-03-18 14:20:59.591[0;39m [34mINFO [0;39m [36mo.s.o.j.LocalContainerEntityManagerFactoryBean[0;39m - Closing JPA EntityManagerFactory for persistence unit 'default' 
[1;32m2019-03-18 14:20:59.603[0;39m [34mINFO [0;39m [36mc.a.druid.pool.DruidDataSource     [0;39m - {dataSource-1} closed 
[1;32m2019-03-18 16:31:30.120[0;39m [34mINFO [0;39m [36mcom.finanstar.MarketApplication    [0;39m - Starting MarketApplication on danielpine with PID 65928 (G:\XHYT\ms\deri-market\target\classes started by danieline in G:\XHYT\ms\deri-market) 
[1;32m2019-03-18 16:31:30.123[0;39m [34mINFO [0;39m [36mcom.finanstar.MarketApplication    [0;39m - The following profiles are active: pro 
[1;32m2019-03-18 16:31:30.176[0;39m [34mINFO [0;39m [36mo.s.b.c.e.AnnotationConfigEmbeddedWebApplicationContext[0;39m - Refreshing org.springframework.boot.context.embedded.AnnotationConfigEmbeddedWebApplicationContext@55740540: startup date [Mon Mar 18 16:31:30 CST 2019]; root of context hierarchy 
[1;32m2019-03-18 16:31:31.087[0;39m [34mINFO [0;39m [36mo.s.d.r.c.RepositoryConfigurationDelegate[0;39m - Multiple Spring Data modules found, entering strict repository configuration mode! 
[1;32m2019-03-18 16:31:31.264[0;39m [34mINFO [0;39m [36mo.s.d.r.c.RepositoryConfigurationDelegate[0;39m - Multiple Spring Data modules found, entering strict repository configuration mode! 
[1;32m2019-03-18 16:31:31.375[0;39m [34mINFO [0;39m [36mo.s.d.r.c.RepositoryConfigurationExtensionSupport[0;39m - Spring Data Redis - Could not safely identify store assignment for repository candidate interface com.finanstar.repository.MarketRepository. 
[1;32m2019-03-18 16:31:31.377[0;39m [34mINFO [0;39m [36mo.s.d.r.c.RepositoryConfigurationExtensionSupport[0;39m - Spring Data Redis - Could not safely identify store assignment for repository candidate interface com.finanstar.repository.InstrRepository. 
[1;32m2019-03-18 16:31:31.868[0;39m [34mINFO [0;39m [36mo.s.c.s.PostProcessorRegistrationDelegate$BeanPostProcessorChecker[0;39m - Bean 'org.springframework.transaction.annotation.ProxyTransactionManagementConfiguration' of type [org.springframework.transaction.annotation.ProxyTransactionManagementConfiguration$$EnhancerBySpringCGLIB$$63ea6b0d] is not eligible for getting processed by all BeanPostProcessors (for example: not eligible for auto-proxying) 
[1;32m2019-03-18 16:31:31.903[0;39m [34mINFO [0;39m [36mo.s.c.s.PostProcessorRegistrationDelegate$BeanPostProcessorChecker[0;39m - Bean 'org.springframework.cache.annotation.ProxyCachingConfiguration' of type [org.springframework.cache.annotation.ProxyCachingConfiguration$$EnhancerBySpringCGLIB$$acfca12b] is not eligible for getting processed by all BeanPostProcessors (for example: not eligible for auto-proxying) 
[1;32m2019-03-18 16:31:31.918[0;39m [34mINFO [0;39m [36mo.s.c.s.PostProcessorRegistrationDelegate$BeanPostProcessorChecker[0;39m - Bean 'org.springframework.boot.autoconfigure.cache.CacheAutoConfiguration' of type [org.springframework.boot.autoconfigure.cache.CacheAutoConfiguration$$EnhancerBySpringCGLIB$$a17065cf] is not eligible for getting processed by all BeanPostProcessors (for example: not eligible for auto-proxying) 
[1;32m2019-03-18 16:31:31.944[0;39m [34mINFO [0;39m [36mo.s.c.s.PostProcessorRegistrationDelegate$BeanPostProcessorChecker[0;39m - Bean 'spring.cache-org.springframework.boot.autoconfigure.cache.CacheProperties' of type [org.springframework.boot.autoconfigure.cache.CacheProperties] is not eligible for getting processed by all BeanPostProcessors (for example: not eligible for auto-proxying) 
[1;32m2019-03-18 16:31:31.957[0;39m [34mINFO [0;39m [36mo.s.c.s.PostProcessorRegistrationDelegate$BeanPostProcessorChecker[0;39m - Bean 'cacheManagerCustomizers' of type [org.springframework.boot.autoconfigure.cache.CacheManagerCustomizers] is not eligible for getting processed by all BeanPostProcessors (for example: not eligible for auto-proxying) 
[1;32m2019-03-18 16:31:31.961[0;39m [34mINFO [0;39m [36mo.s.c.s.PostProcessorRegistrationDelegate$BeanPostProcessorChecker[0;39m - Bean 'org.springframework.boot.autoconfigure.cache.RedisCacheConfiguration' of type [org.springframework.boot.autoconfigure.cache.RedisCacheConfiguration$$EnhancerBySpringCGLIB$$52020229] is not eligible for getting processed by all BeanPostProcessors (for example: not eligible for auto-proxying) 
[1;32m2019-03-18 16:31:31.968[0;39m [34mINFO [0;39m [36mo.s.c.s.PostProcessorRegistrationDelegate$BeanPostProcessorChecker[0;39m - Bean 'redisConfig' of type [com.finanstar.conf.RedisConfig$$EnhancerBySpringCGLIB$$780185d6] is not eligible for getting processed by all BeanPostProcessors (for example: not eligible for auto-proxying) 
[1;32m2019-03-18 16:31:31.984[0;39m [34mINFO [0;39m [36mo.s.c.s.PostProcessorRegistrationDelegate$BeanPostProcessorChecker[0;39m - Bean 'spring.redis-org.springframework.boot.autoconfigure.data.redis.RedisProperties' of type [org.springframework.boot.autoconfigure.data.redis.RedisProperties] is not eligible for getting processed by all BeanPostProcessors (for example: not eligible for auto-proxying) 
[1;32m2019-03-18 16:31:31.992[0;39m [34mINFO [0;39m [36mo.s.c.s.PostProcessorRegistrationDelegate$BeanPostProcessorChecker[0;39m - Bean 'org.springframework.boot.autoconfigure.data.redis.RedisAutoConfiguration$RedisConnectionConfiguration' of type [org.springframework.boot.autoconfigure.data.redis.RedisAutoConfiguration$RedisConnectionConfiguration$$EnhancerBySpringCGLIB$$f7e4921c] is not eligible for getting processed by all BeanPostProcessors (for example: not eligible for auto-proxying) 
[1;32m2019-03-18 16:31:32.029[0;39m [34mINFO [0;39m [36mo.s.c.s.PostProcessorRegistrationDelegate$BeanPostProcessorChecker[0;39m - Bean 'redisConnectionFactory' of type [org.springframework.data.redis.connection.jedis.JedisConnectionFactory] is not eligible for getting processed by all BeanPostProcessors (for example: not eligible for auto-proxying) 
[1;32m2019-03-18 16:31:32.051[0;39m [34mINFO [0;39m [36mo.s.c.s.PostProcessorRegistrationDelegate$BeanPostProcessorChecker[0;39m - Bean 'redisTemplate' of type [org.springframework.data.redis.core.RedisTemplate] is not eligible for getting processed by all BeanPostProcessors (for example: not eligible for auto-proxying) 
[1;32m2019-03-18 16:31:32.062[0;39m [34mINFO [0;39m [36mo.s.c.s.PostProcessorRegistrationDelegate$BeanPostProcessorChecker[0;39m - Bean 'cacheManager' of type [org.springframework.data.redis.cache.RedisCacheManager] is not eligible for getting processed by all BeanPostProcessors (for example: not eligible for auto-proxying) 
[1;32m2019-03-18 16:31:32.063[0;39m [34mINFO [0;39m [36mo.s.c.s.PostProcessorRegistrationDelegate$BeanPostProcessorChecker[0;39m - Bean 'cacheAutoConfigurationValidator' of type [org.springframework.boot.autoconfigure.cache.CacheAutoConfiguration$CacheManagerValidator] is not eligible for getting processed by all BeanPostProcessors (for example: not eligible for auto-proxying) 
[1;32m2019-03-18 16:31:32.373[0;39m [34mINFO [0;39m [36mo.s.b.c.e.t.TomcatEmbeddedServletContainer[0;39m - Tomcat initialized with port(s): 8082 (http) 
[1;32m2019-03-18 16:31:32.391[0;39m [34mINFO [0;39m [36mo.a.catalina.core.StandardService  [0;39m - Starting service Tomcat 
[1;32m2019-03-18 16:31:32.393[0;39m [34mINFO [0;39m [36mo.a.catalina.core.StandardEngine   [0;39m - Starting Servlet Engine: Apache Tomcat/8.5.11 
[1;32m2019-03-18 16:31:32.582[0;39m [34mINFO [0;39m [36mo.a.c.c.C.[Tomcat].[localhost].[/] [0;39m - Initializing Spring embedded WebApplicationContext 
[1;32m2019-03-18 16:31:33.090[0;39m [34mINFO [0;39m [36mo.s.b.w.s.FilterRegistrationBean   [0;39m - Mapping filter: 'characterEncodingFilter' to: [/*] 
[1;32m2019-03-18 16:31:33.090[0;39m [34mINFO [0;39m [36mo.s.b.w.s.FilterRegistrationBean   [0;39m - Mapping filter: 'hiddenHttpMethodFilter' to: [/*] 
[1;32m2019-03-18 16:31:33.090[0;39m [34mINFO [0;39m [36mo.s.b.w.s.FilterRegistrationBean   [0;39m - Mapping filter: 'httpPutFormContentFilter' to: [/*] 
[1;32m2019-03-18 16:31:33.092[0;39m [34mINFO [0;39m [36mo.s.b.w.s.FilterRegistrationBean   [0;39m - Mapping filter: 'requestContextFilter' to: [/*] 
[1;32m2019-03-18 16:31:33.092[0;39m [34mINFO [0;39m [36mo.s.b.w.s.FilterRegistrationBean   [0;39m - Mapping filter: 'xssFilter' to urls: [/*] 
[1;32m2019-03-18 16:31:33.092[0;39m [34mINFO [0;39m [36mo.s.b.w.s.FilterRegistrationBean   [0;39m - Mapping filter: 'webStatFilter' to urls: [/*] 
[1;32m2019-03-18 16:31:33.092[0;39m [34mINFO [0;39m [36mo.s.b.w.s.FilterRegistrationBean   [0;39m - Mapping filter: 'topPermissionFilter' to urls: [/*] 
[1;32m2019-03-18 16:31:33.094[0;39m [34mINFO [0;39m [36mo.s.b.w.s.ServletRegistrationBean  [0;39m - Mapping servlet: 'dispatcherServlet' to [/] 
[1;32m2019-03-18 16:31:33.094[0;39m [34mINFO [0;39m [36mo.s.b.w.s.ServletRegistrationBean  [0;39m - Mapping servlet: 'statViewServlet' to [/druid/*] 
[1;32m2019-03-18 16:31:33.148[0;39m [34mINFO [0;39m [36mc.a.d.s.b.a.DruidDataSourceAutoConfigure[0;39m - Init DruidDataSource 
[1;32m2019-03-18 16:31:34.007[0;39m [34mINFO [0;39m [36mc.a.druid.pool.DruidDataSource     [0;39m - {dataSource-1} inited 
[1;32m2019-03-18 16:31:34.567[0;39m [34mINFO [0;39m [36mo.s.o.j.LocalContainerEntityManagerFactoryBean[0;39m - Building JPA container EntityManagerFactory for persistence unit 'default' 
[1;32m2019-03-18 16:31:34.590[0;39m [34mINFO [0;39m [36mo.h.jpa.internal.util.LogHelper    [0;39m - HHH000204: Processing PersistenceUnitInfo [
	name: default
	...] 
[1;32m2019-03-18 16:31:34.964[0;39m [34mINFO [0;39m [36morg.hibernate.Version              [0;39m - HHH000412: Hibernate Core {5.0.12.Final} 
[1;32m2019-03-18 16:31:34.966[0;39m [34mINFO [0;39m [36morg.hibernate.cfg.Environment      [0;39m - HHH000206: hibernate.properties not found 
[1;32m2019-03-18 16:31:34.967[0;39m [34mINFO [0;39m [36morg.hibernate.cfg.Environment      [0;39m - HHH000021: Bytecode provider name : javassist 
[1;32m2019-03-18 16:31:35.046[0;39m [34mINFO [0;39m [36mo.h.annotations.common.Version     [0;39m - HCANN000001: Hibernate Commons Annotations {5.0.1.Final} 
[1;32m2019-03-18 16:31:35.255[0;39m [34mINFO [0;39m [36morg.hibernate.dialect.Dialect      [0;39m - HHH000400: Using dialect: org.hibernate.dialect.MySQL5Dialect 
[1;32m2019-03-18 16:31:35.641[0;39m [31mWARN [0;39m [36morg.hibernate.id.UUIDHexGenerator  [0;39m - HHH000409: Using org.hibernate.id.UUIDHexGenerator which does not generate IETF RFC 4122 compliant UUID values; consider using org.hibernate.id.UUIDGenerator instead 
[1;32m2019-03-18 16:31:36.355[0;39m [34mINFO [0;39m [36mo.s.o.j.LocalContainerEntityManagerFactoryBean[0;39m - Initialized JPA EntityManagerFactory for persistence unit 'default' 
[1;32m2019-03-18 16:31:36.955[0;39m [34mINFO [0;39m [36mo.h.h.i.QueryTranslatorFactoryInitiator[0;39m - HHH000397: Using ASTQueryTranslatorFactory 
[1;32m2019-03-18 16:31:39.560[0;39m [34mINFO [0;39m [36mo.s.j.e.a.AnnotationMBeanExporter  [0;39m - Registering beans for JMX exposure on startup 
[1;32m2019-03-18 16:31:39.563[0;39m [34mINFO [0;39m [36mo.s.j.e.a.AnnotationMBeanExporter  [0;39m - Bean with name 'statFilter' has been autodetected for JMX exposure 
[1;32m2019-03-18 16:31:39.564[0;39m [34mINFO [0;39m [36mo.s.j.e.a.AnnotationMBeanExporter  [0;39m - Bean with name 'dataSource' has been autodetected for JMX exposure 
[1;32m2019-03-18 16:31:39.572[0;39m [34mINFO [0;39m [36mo.s.j.e.a.AnnotationMBeanExporter  [0;39m - Located MBean 'dataSource': registering with JMX server as MBean [com.alibaba.druid.spring.boot.autoconfigure:name=dataSource,type=DruidDataSourceWrapper] 
[1;32m2019-03-18 16:31:39.573[0;39m [34mINFO [0;39m [36mo.s.j.e.a.AnnotationMBeanExporter  [0;39m - Located MBean 'statFilter': registering with JMX server as MBean [com.alibaba.druid.filter.stat:name=statFilter,type=StatFilter] 
[1;32m2019-03-18 16:31:39.607[0;39m [34mINFO [0;39m [36mo.s.b.c.e.t.TomcatEmbeddedServletContainer[0;39m - Tomcat started on port(s): 8082 (http) 
[1;32m2019-03-18 16:31:39.614[0;39m [34mINFO [0;39m [36mcom.finanstar.MarketApplication    [0;39m - Started MarketApplication in 9.799 seconds (JVM running for 11.633) 
[1;32m2019-03-18 16:32:38.333[0;39m [34mINFO [0;39m [36mo.a.c.c.C.[Tomcat].[localhost].[/] [0;39m - Initializing Spring FrameworkServlet 'dispatcherServlet' 
[1;32m2019-03-18 16:32:38.822[0;39m [34mINFO [0;39m [36mc.f.m.s.impl.PriceDataServiceImpl  [0;39m - find SHFEAU at:20190315 
[1;32m2019-03-18 16:32:39.161[0;39m [34mINFO [0;39m [36mc.f.m.s.impl.PriceDataServiceImpl  [0;39m - find vol at:20190312 
[1;32m2019-03-18 16:32:39.266[0;39m [34mINFO [0;39m [36mc.f.m.s.impl.PriceDataServiceImpl  [0;39m - find SHFEAG at:20190315 
[1;32m2019-03-18 16:32:39.405[0;39m [34mINFO [0;39m [36mc.f.m.s.impl.PriceDataServiceImpl  [0;39m - find vol at:20190312 
[1;32m2019-03-18 16:32:39.479[0;39m [34mINFO [0;39m [36mc.f.m.s.impl.PriceDataServiceImpl  [0;39m - find SHFECU at:20190315 
[1;32m2019-03-18 16:32:39.644[0;39m [34mINFO [0;39m [36mc.f.m.s.impl.PriceDataServiceImpl  [0;39m - find vol at:20190312 
[1;32m2019-03-18 17:11:57.582[0;39m [34mINFO [0;39m [36mc.f.m.s.impl.PriceDataServiceImpl  [0;39m - find vol at:20190312 
[1;32m2019-03-18 17:11:57.711[0;39m [34mINFO [0;39m [36mc.f.m.s.impl.PriceDataServiceImpl  [0;39m - find vol at:20190312 
[1;32m2019-03-18 17:11:57.840[0;39m [34mINFO [0;39m [36mc.f.m.s.impl.PriceDataServiceImpl  [0;39m - find vol at:20190312 
[1;32m2019-03-18 17:49:40.442[0;39m [34mINFO [0;39m [36mc.f.m.s.impl.PriceDataServiceImpl  [0;39m - find vol at:20190312 
[1;32m2019-03-18 17:49:40.549[0;39m [34mINFO [0;39m [36mc.f.m.s.impl.PriceDataServiceImpl  [0;39m - find vol at:20190312 
[1;32m2019-03-18 17:49:40.652[0;39m [34mINFO [0;39m [36mc.f.m.s.impl.PriceDataServiceImpl  [0;39m - find vol at:20190312 
[1;32m2019-03-18 17:58:39.356[0;39m [34mINFO [0;39m [36mc.f.m.s.impl.PriceDataServiceImpl  [0;39m - find vol at:20190312 
[1;32m2019-03-18 17:58:39.451[0;39m [34mINFO [0;39m [36mc.f.m.s.impl.PriceDataServiceImpl  [0;39m - find vol at:20190312 
[1;32m2019-03-18 17:58:39.556[0;39m [34mINFO [0;39m [36mc.f.m.s.impl.PriceDataServiceImpl  [0;39m - find vol at:20190312 
[1;32m2019-03-18 17:59:09.692[0;39m [34mINFO [0;39m [36mc.f.m.s.impl.PriceDataServiceImpl  [0;39m - find vol at:20190312 
[1;32m2019-03-18 17:59:09.795[0;39m [34mINFO [0;39m [36mc.f.m.s.impl.PriceDataServiceImpl  [0;39m - find vol at:20190312 
[1;32m2019-03-18 17:59:09.906[0;39m [34mINFO [0;39m [36mc.f.m.s.impl.PriceDataServiceImpl  [0;39m - find vol at:20190312 
[1;32m2019-03-18 17:59:36.454[0;39m [34mINFO [0;39m [36mc.f.m.s.impl.PriceDataServiceImpl  [0;39m - find vol at:20190312 
[1;32m2019-03-18 17:59:36.611[0;39m [34mINFO [0;39m [36mc.f.m.s.impl.PriceDataServiceImpl  [0;39m - find vol at:20190312 
[1;32m2019-03-18 17:59:36.731[0;39m [34mINFO [0;39m [36mc.f.m.s.impl.PriceDataServiceImpl  [0;39m - find vol at:20190312 
[1;32m2019-03-18 18:02:57.781[0;39m [34mINFO [0;39m [36mc.f.m.s.impl.PriceDataServiceImpl  [0;39m - find vol at:20190312 
[1;32m2019-03-18 18:02:57.901[0;39m [34mINFO [0;39m [36mc.f.m.s.impl.PriceDataServiceImpl  [0;39m - find vol at:20190312 
[1;32m2019-03-18 18:02:57.991[0;39m [34mINFO [0;39m [36mc.f.m.s.impl.PriceDataServiceImpl  [0;39m - find vol at:20190312 
[1;32m2019-03-18 18:03:29.676[0;39m [34mINFO [0;39m [36mc.f.m.s.impl.PriceDataServiceImpl  [0;39m - find vol at:20190312 
[1;32m2019-03-18 18:03:29.772[0;39m [34mINFO [0;39m [36mc.f.m.s.impl.PriceDataServiceImpl  [0;39m - find vol at:20190312 
[1;32m2019-03-18 18:03:29.881[0;39m [34mINFO [0;39m [36mc.f.m.s.impl.PriceDataServiceImpl  [0;39m - find vol at:20190312 
[1;32m2019-03-18 18:06:46.773[0;39m [34mINFO [0;39m [36mc.f.m.s.impl.PriceDataServiceImpl  [0;39m - find vol at:20190312 
[1;32m2019-03-18 18:06:46.869[0;39m [34mINFO [0;39m [36mc.f.m.s.impl.PriceDataServiceImpl  [0;39m - find vol at:20190312 
[1;32m2019-03-18 18:06:46.975[0;39m [34mINFO [0;39m [36mc.f.m.s.impl.PriceDataServiceImpl  [0;39m - find vol at:20190312 
[1;32m2019-03-18 18:07:40.078[0;39m [34mINFO [0;39m [36mc.f.m.s.impl.PriceDataServiceImpl  [0;39m - find vol at:20190312 
[1;32m2019-03-18 18:07:40.191[0;39m [34mINFO [0;39m [36mc.f.m.s.impl.PriceDataServiceImpl  [0;39m - find vol at:20190312 
[1;32m2019-03-18 18:07:40.387[0;39m [34mINFO [0;39m [36mc.f.m.s.impl.PriceDataServiceImpl  [0;39m - find vol at:20190312 
[1;32m2019-03-18 18:09:47.772[0;39m [34mINFO [0;39m [36mc.f.m.s.impl.PriceDataServiceImpl  [0;39m - find vol at:20190312 
[1;32m2019-03-18 18:09:47.883[0;39m [34mINFO [0;39m [36mc.f.m.s.impl.PriceDataServiceImpl  [0;39m - find vol at:20190312 
[1;32m2019-03-18 18:09:47.987[0;39m [34mINFO [0;39m [36mc.f.m.s.impl.PriceDataServiceImpl  [0;39m - find vol at:20190312 
