[1;32m2019-03-05 16:08:16.201[0;39m [34mINFO [0;39m [36mcom.finanstar.MarketApplication    [0;39m - Starting MarketApplication on danielpine with PID 11288 (G:\XHYT\ms\deri-market\target\classes started by danieline in G:\XHYT\ms\deri-market) 
[1;32m2019-03-05 16:08:16.208[0;39m [34mINFO [0;39m [36mcom.finanstar.MarketApplication    [0;39m - The following profiles are active: pro 
[1;32m2019-03-05 16:08:16.299[0;39m [34mINFO [0;39m [36mo.s.b.c.e.AnnotationConfigEmbeddedWebApplicationContext[0;39m - Refreshing org.springframework.boot.context.embedded.AnnotationConfigEmbeddedWebApplicationContext@740773a3: startup date [Tue Mar 05 16:08:16 CST 2019]; root of context hierarchy 
[1;32m2019-03-05 16:08:17.374[0;39m [34mINFO [0;39m [36mo.s.d.r.c.RepositoryConfigurationDelegate[0;39m - Multiple Spring Data modules found, entering strict repository configuration mode! 
[1;32m2019-03-05 16:08:17.554[0;39m [34mINFO [0;39m [36mo.s.d.r.c.RepositoryConfigurationDelegate[0;39m - Multiple Spring Data modules found, entering strict repository configuration mode! 
[1;32m2019-03-05 16:08:17.660[0;39m [34mINFO [0;39m [36mo.s.d.r.c.RepositoryConfigurationExtensionSupport[0;39m - Spring Data Redis - Could not safely identify store assignment for repository candidate interface com.finanstar.repository.MarketRepository. 
[1;32m2019-03-05 16:08:17.663[0;39m [34mINFO [0;39m [36mo.s.d.r.c.RepositoryConfigurationExtensionSupport[0;39m - Spring Data Redis - Could not safely identify store assignment for repository candidate interface com.finanstar.repository.InstrRepository. 
[1;32m2019-03-05 16:08:18.211[0;39m [34mINFO [0;39m [36mo.s.c.s.PostProcessorRegistrationDelegate$BeanPostProcessorChecker[0;39m - Bean 'org.springframework.transaction.annotation.ProxyTransactionManagementConfiguration' of type [org.springframework.transaction.annotation.ProxyTransactionManagementConfiguration$$EnhancerBySpringCGLIB$$9d31506] is not eligible for getting processed by all BeanPostProcessors (for example: not eligible for auto-proxying) 
[1;32m2019-03-05 16:08:18.251[0;39m [34mINFO [0;39m [36mo.s.c.s.PostProcessorRegistrationDelegate$BeanPostProcessorChecker[0;39m - Bean 'org.springframework.cache.annotation.ProxyCachingConfiguration' of type [org.springframework.cache.annotation.ProxyCachingConfiguration$$EnhancerBySpringCGLIB$$52e54b24] is not eligible for getting processed by all BeanPostProcessors (for example: not eligible for auto-proxying) 
[1;32m2019-03-05 16:08:18.267[0;39m [34mINFO [0;39m [36mo.s.c.s.PostProcessorRegistrationDelegate$BeanPostProcessorChecker[0;39m - Bean 'org.springframework.boot.autoconfigure.cache.CacheAutoConfiguration' of type [org.springframework.boot.autoconfigure.cache.CacheAutoConfiguration$$EnhancerBySpringCGLIB$$47590fc8] is not eligible for getting processed by all BeanPostProcessors (for example: not eligible for auto-proxying) 
[1;32m2019-03-05 16:08:18.292[0;39m [34mINFO [0;39m [36mo.s.c.s.PostProcessorRegistrationDelegate$BeanPostProcessorChecker[0;39m - Bean 'spring.cache-org.springframework.boot.autoconfigure.cache.CacheProperties' of type [org.springframework.boot.autoconfigure.cache.CacheProperties] is not eligible for getting processed by all BeanPostProcessors (for example: not eligible for auto-proxying) 
[1;32m2019-03-05 16:08:18.301[0;39m [34mINFO [0;39m [36mo.s.c.s.PostProcessorRegistrationDelegate$BeanPostProcessorChecker[0;39m - Bean 'cacheManagerCustomizers' of type [org.springframework.boot.autoconfigure.cache.CacheManagerCustomizers] is not eligible for getting processed by all BeanPostProcessors (for example: not eligible for auto-proxying) 
[1;32m2019-03-05 16:08:18.306[0;39m [34mINFO [0;39m [36mo.s.c.s.PostProcessorRegistrationDelegate$BeanPostProcessorChecker[0;39m - Bean 'org.springframework.boot.autoconfigure.cache.RedisCacheConfiguration' of type [org.springframework.boot.autoconfigure.cache.RedisCacheConfiguration$$EnhancerBySpringCGLIB$$f7eaac22] is not eligible for getting processed by all BeanPostProcessors (for example: not eligible for auto-proxying) 
[1;32m2019-03-05 16:08:18.313[0;39m [34mINFO [0;39m [36mo.s.c.s.PostProcessorRegistrationDelegate$BeanPostProcessorChecker[0;39m - Bean 'redisConfig' of type [com.finanstar.conf.RedisConfig$$EnhancerBySpringCGLIB$$1dea2fcf] is not eligible for getting processed by all BeanPostProcessors (for example: not eligible for auto-proxying) 
[1;32m2019-03-05 16:08:18.327[0;39m [34mINFO [0;39m [36mo.s.c.s.PostProcessorRegistrationDelegate$BeanPostProcessorChecker[0;39m - Bean 'spring.redis-org.springframework.boot.autoconfigure.data.redis.RedisProperties' of type [org.springframework.boot.autoconfigure.data.redis.RedisProperties] is not eligible for getting processed by all BeanPostProcessors (for example: not eligible for auto-proxying) 
[1;32m2019-03-05 16:08:18.335[0;39m [34mINFO [0;39m [36mo.s.c.s.PostProcessorRegistrationDelegate$BeanPostProcessorChecker[0;39m - Bean 'org.springframework.boot.autoconfigure.data.redis.RedisAutoConfiguration$RedisConnectionConfiguration' of type [org.springframework.boot.autoconfigure.data.redis.RedisAutoConfiguration$RedisConnectionConfiguration$$EnhancerBySpringCGLIB$$9dcd3c15] is not eligible for getting processed by all BeanPostProcessors (for example: not eligible for auto-proxying) 
[1;32m2019-03-05 16:08:18.374[0;39m [34mINFO [0;39m [36mo.s.c.s.PostProcessorRegistrationDelegate$BeanPostProcessorChecker[0;39m - Bean 'redisConnectionFactory' of type [org.springframework.data.redis.connection.jedis.JedisConnectionFactory] is not eligible for getting processed by all BeanPostProcessors (for example: not eligible for auto-proxying) 
[1;32m2019-03-05 16:08:18.406[0;39m [34mINFO [0;39m [36mo.s.c.s.PostProcessorRegistrationDelegate$BeanPostProcessorChecker[0;39m - Bean 'redisTemplate' of type [org.springframework.data.redis.core.RedisTemplate] is not eligible for getting processed by all BeanPostProcessors (for example: not eligible for auto-proxying) 
[1;32m2019-03-05 16:08:18.415[0;39m [34mINFO [0;39m [36mo.s.c.s.PostProcessorRegistrationDelegate$BeanPostProcessorChecker[0;39m - Bean 'cacheManager' of type [org.springframework.data.redis.cache.RedisCacheManager] is not eligible for getting processed by all BeanPostProcessors (for example: not eligible for auto-proxying) 
[1;32m2019-03-05 16:08:18.416[0;39m [34mINFO [0;39m [36mo.s.c.s.PostProcessorRegistrationDelegate$BeanPostProcessorChecker[0;39m - Bean 'cacheAutoConfigurationValidator' of type [org.springframework.boot.autoconfigure.cache.CacheAutoConfiguration$CacheManagerValidator] is not eligible for getting processed by all BeanPostProcessors (for example: not eligible for auto-proxying) 
[1;32m2019-03-05 16:08:18.690[0;39m [34mINFO [0;39m [36mo.s.b.c.e.t.TomcatEmbeddedServletContainer[0;39m - Tomcat initialized with port(s): 8082 (http) 
[1;32m2019-03-05 16:08:18.705[0;39m [34mINFO [0;39m [36mo.a.catalina.core.StandardService  [0;39m - Starting service Tomcat 
[1;32m2019-03-05 16:08:18.707[0;39m [34mINFO [0;39m [36mo.a.catalina.core.StandardEngine   [0;39m - Starting Servlet Engine: Apache Tomcat/8.5.11 
[1;32m2019-03-05 16:08:18.840[0;39m [34mINFO [0;39m [36mo.a.c.c.C.[Tomcat].[localhost].[/] [0;39m - Initializing Spring embedded WebApplicationContext 
[1;32m2019-03-05 16:08:19.275[0;39m [34mINFO [0;39m [36mo.s.b.w.s.FilterRegistrationBean   [0;39m - Mapping filter: 'characterEncodingFilter' to: [/*] 
[1;32m2019-03-05 16:08:19.276[0;39m [34mINFO [0;39m [36mo.s.b.w.s.FilterRegistrationBean   [0;39m - Mapping filter: 'hiddenHttpMethodFilter' to: [/*] 
[1;32m2019-03-05 16:08:19.277[0;39m [34mINFO [0;39m [36mo.s.b.w.s.FilterRegistrationBean   [0;39m - Mapping filter: 'httpPutFormContentFilter' to: [/*] 
[1;32m2019-03-05 16:08:19.277[0;39m [34mINFO [0;39m [36mo.s.b.w.s.FilterRegistrationBean   [0;39m - Mapping filter: 'requestContextFilter' to: [/*] 
[1;32m2019-03-05 16:08:19.278[0;39m [34mINFO [0;39m [36mo.s.b.w.s.FilterRegistrationBean   [0;39m - Mapping filter: 'xssFilter' to urls: [/*] 
[1;32m2019-03-05 16:08:19.279[0;39m [34mINFO [0;39m [36mo.s.b.w.s.FilterRegistrationBean   [0;39m - Mapping filter: 'webStatFilter' to urls: [/*] 
[1;32m2019-03-05 16:08:19.280[0;39m [34mINFO [0;39m [36mo.s.b.w.s.FilterRegistrationBean   [0;39m - Mapping filter: 'topPermissionFilter' to urls: [/*] 
[1;32m2019-03-05 16:08:19.280[0;39m [34mINFO [0;39m [36mo.s.b.w.s.ServletRegistrationBean  [0;39m - Mapping servlet: 'dispatcherServlet' to [/] 
[1;32m2019-03-05 16:08:19.282[0;39m [34mINFO [0;39m [36mo.s.b.w.s.ServletRegistrationBean  [0;39m - Mapping servlet: 'statViewServlet' to [/druid/*] 
[1;32m2019-03-05 16:08:19.326[0;39m [34mINFO [0;39m [36mc.a.d.s.b.a.DruidDataSourceAutoConfigure[0;39m - Init DruidDataSource 
[1;32m2019-03-05 16:08:19.904[0;39m [34mINFO [0;39m [36mc.a.druid.pool.DruidDataSource     [0;39m - {dataSource-1} inited 
[1;32m2019-03-05 16:08:20.367[0;39m [34mINFO [0;39m [36mo.s.o.j.LocalContainerEntityManagerFactoryBean[0;39m - Building JPA container EntityManagerFactory for persistence unit 'default' 
[1;32m2019-03-05 16:08:20.379[0;39m [34mINFO [0;39m [36mo.h.jpa.internal.util.LogHelper    [0;39m - HHH000204: Processing PersistenceUnitInfo [
	name: default
	...] 
[1;32m2019-03-05 16:08:20.454[0;39m [34mINFO [0;39m [36morg.hibernate.Version              [0;39m - HHH000412: Hibernate Core {5.0.12.Final} 
[1;32m2019-03-05 16:08:20.455[0;39m [34mINFO [0;39m [36morg.hibernate.cfg.Environment      [0;39m - HHH000206: hibernate.properties not found 
[1;32m2019-03-05 16:08:20.457[0;39m [34mINFO [0;39m [36morg.hibernate.cfg.Environment      [0;39m - HHH000021: Bytecode provider name : javassist 
[1;32m2019-03-05 16:08:20.715[0;39m [34mINFO [0;39m [36mo.h.annotations.common.Version     [0;39m - HCANN000001: Hibernate Commons Annotations {5.0.1.Final} 
[1;32m2019-03-05 16:08:20.858[0;39m [34mINFO [0;39m [36morg.hibernate.dialect.Dialect      [0;39m - HHH000400: Using dialect: org.hibernate.dialect.MySQL5Dialect 
[1;32m2019-03-05 16:08:21.104[0;39m [31mWARN [0;39m [36morg.hibernate.id.UUIDHexGenerator  [0;39m - HHH000409: Using org.hibernate.id.UUIDHexGenerator which does not generate IETF RFC 4122 compliant UUID values; consider using org.hibernate.id.UUIDGenerator instead 
[1;32m2019-03-05 16:08:21.815[0;39m [34mINFO [0;39m [36mo.s.o.j.LocalContainerEntityManagerFactoryBean[0;39m - Initialized JPA EntityManagerFactory for persistence unit 'default' 
[1;32m2019-03-05 16:08:22.328[0;39m [34mINFO [0;39m [36mo.h.h.i.QueryTranslatorFactoryInitiator[0;39m - HHH000397: Using ASTQueryTranslatorFactory 
[1;32m2019-03-05 16:08:24.827[0;39m [34mINFO [0;39m [36mo.s.j.e.a.AnnotationMBeanExporter  [0;39m - Registering beans for JMX exposure on startup 
[1;32m2019-03-05 16:08:24.829[0;39m [34mINFO [0;39m [36mo.s.j.e.a.AnnotationMBeanExporter  [0;39m - Bean with name 'statFilter' has been autodetected for JMX exposure 
[1;32m2019-03-05 16:08:24.829[0;39m [34mINFO [0;39m [36mo.s.j.e.a.AnnotationMBeanExporter  [0;39m - Bean with name 'dataSource' has been autodetected for JMX exposure 
[1;32m2019-03-05 16:08:24.834[0;39m [34mINFO [0;39m [36mo.s.j.e.a.AnnotationMBeanExporter  [0;39m - Located MBean 'dataSource': registering with JMX server as MBean [com.alibaba.druid.spring.boot.autoconfigure:name=dataSource,type=DruidDataSourceWrapper] 
[1;32m2019-03-05 16:08:24.835[0;39m [34mINFO [0;39m [36mo.s.j.e.a.AnnotationMBeanExporter  [0;39m - Located MBean 'statFilter': registering with JMX server as MBean [com.alibaba.druid.filter.stat:name=statFilter,type=StatFilter] 
[1;32m2019-03-05 16:08:24.877[0;39m [34mINFO [0;39m [36mo.s.b.c.e.t.TomcatEmbeddedServletContainer[0;39m - Tomcat started on port(s): 8082 (http) 
[1;32m2019-03-05 16:08:24.882[0;39m [34mINFO [0;39m [36mcom.finanstar.MarketApplication    [0;39m - Started MarketApplication in 9.277 seconds (JVM running for 11.516) 
[1;32m2019-03-05 16:08:32.885[0;39m [34mINFO [0;39m [36mcom.finanstar.MarketApplication    [0;39m - Starting MarketApplication on danielpine with PID 16484 (G:\XHYT\ms\deri-market\target\classes started by danieline in G:\XHYT\ms\deri-market) 
[1;32m2019-03-05 16:08:32.888[0;39m [34mINFO [0;39m [36mcom.finanstar.MarketApplication    [0;39m - The following profiles are active: pro 
[1;32m2019-03-05 16:08:32.929[0;39m [34mINFO [0;39m [36mo.s.b.c.e.AnnotationConfigEmbeddedWebApplicationContext[0;39m - Refreshing org.springframework.boot.context.embedded.AnnotationConfigEmbeddedWebApplicationContext@740773a3: startup date [Tue Mar 05 16:08:32 CST 2019]; root of context hierarchy 
[1;32m2019-03-05 16:08:33.709[0;39m [34mINFO [0;39m [36mo.s.d.r.c.RepositoryConfigurationDelegate[0;39m - Multiple Spring Data modules found, entering strict repository configuration mode! 
[1;32m2019-03-05 16:08:33.882[0;39m [34mINFO [0;39m [36mo.s.d.r.c.RepositoryConfigurationDelegate[0;39m - Multiple Spring Data modules found, entering strict repository configuration mode! 
[1;32m2019-03-05 16:08:33.971[0;39m [34mINFO [0;39m [36mo.s.d.r.c.RepositoryConfigurationExtensionSupport[0;39m - Spring Data Redis - Could not safely identify store assignment for repository candidate interface com.finanstar.repository.MarketRepository. 
[1;32m2019-03-05 16:08:33.972[0;39m [34mINFO [0;39m [36mo.s.d.r.c.RepositoryConfigurationExtensionSupport[0;39m - Spring Data Redis - Could not safely identify store assignment for repository candidate interface com.finanstar.repository.InstrRepository. 
[1;32m2019-03-05 16:08:34.543[0;39m [34mINFO [0;39m [36mo.s.c.s.PostProcessorRegistrationDelegate$BeanPostProcessorChecker[0;39m - Bean 'org.springframework.transaction.annotation.ProxyTransactionManagementConfiguration' of type [org.springframework.transaction.annotation.ProxyTransactionManagementConfiguration$$EnhancerBySpringCGLIB$$4f987014] is not eligible for getting processed by all BeanPostProcessors (for example: not eligible for auto-proxying) 
[1;32m2019-03-05 16:08:34.589[0;39m [34mINFO [0;39m [36mo.s.c.s.PostProcessorRegistrationDelegate$BeanPostProcessorChecker[0;39m - Bean 'org.springframework.cache.annotation.ProxyCachingConfiguration' of type [org.springframework.cache.annotation.ProxyCachingConfiguration$$EnhancerBySpringCGLIB$$98aaa632] is not eligible for getting processed by all BeanPostProcessors (for example: not eligible for auto-proxying) 
[1;32m2019-03-05 16:08:34.611[0;39m [34mINFO [0;39m [36mo.s.c.s.PostProcessorRegistrationDelegate$BeanPostProcessorChecker[0;39m - Bean 'org.springframework.boot.autoconfigure.cache.CacheAutoConfiguration' of type [org.springframework.boot.autoconfigure.cache.CacheAutoConfiguration$$EnhancerBySpringCGLIB$$8d1e6ad6] is not eligible for getting processed by all BeanPostProcessors (for example: not eligible for auto-proxying) 
[1;32m2019-03-05 16:08:34.641[0;39m [34mINFO [0;39m [36mo.s.c.s.PostProcessorRegistrationDelegate$BeanPostProcessorChecker[0;39m - Bean 'spring.cache-org.springframework.boot.autoconfigure.cache.CacheProperties' of type [org.springframework.boot.autoconfigure.cache.CacheProperties] is not eligible for getting processed by all BeanPostProcessors (for example: not eligible for auto-proxying) 
[1;32m2019-03-05 16:08:34.651[0;39m [34mINFO [0;39m [36mo.s.c.s.PostProcessorRegistrationDelegate$BeanPostProcessorChecker[0;39m - Bean 'cacheManagerCustomizers' of type [org.springframework.boot.autoconfigure.cache.CacheManagerCustomizers] is not eligible for getting processed by all BeanPostProcessors (for example: not eligible for auto-proxying) 
[1;32m2019-03-05 16:08:34.659[0;39m [34mINFO [0;39m [36mo.s.c.s.PostProcessorRegistrationDelegate$BeanPostProcessorChecker[0;39m - Bean 'org.springframework.boot.autoconfigure.cache.RedisCacheConfiguration' of type [org.springframework.boot.autoconfigure.cache.RedisCacheConfiguration$$EnhancerBySpringCGLIB$$3db00730] is not eligible for getting processed by all BeanPostProcessors (for example: not eligible for auto-proxying) 
[1;32m2019-03-05 16:08:34.671[0;39m [34mINFO [0;39m [36mo.s.c.s.PostProcessorRegistrationDelegate$BeanPostProcessorChecker[0;39m - Bean 'redisConfig' of type [com.finanstar.conf.RedisConfig$$EnhancerBySpringCGLIB$$63af8add] is not eligible for getting processed by all BeanPostProcessors (for example: not eligible for auto-proxying) 
[1;32m2019-03-05 16:08:34.688[0;39m [34mINFO [0;39m [36mo.s.c.s.PostProcessorRegistrationDelegate$BeanPostProcessorChecker[0;39m - Bean 'spring.redis-org.springframework.boot.autoconfigure.data.redis.RedisProperties' of type [org.springframework.boot.autoconfigure.data.redis.RedisProperties] is not eligible for getting processed by all BeanPostProcessors (for example: not eligible for auto-proxying) 
[1;32m2019-03-05 16:08:34.695[0;39m [34mINFO [0;39m [36mo.s.c.s.PostProcessorRegistrationDelegate$BeanPostProcessorChecker[0;39m - Bean 'org.springframework.boot.autoconfigure.data.redis.RedisAutoConfiguration$RedisConnectionConfiguration' of type [org.springframework.boot.autoconfigure.data.redis.RedisAutoConfiguration$RedisConnectionConfiguration$$EnhancerBySpringCGLIB$$e3929723] is not eligible for getting processed by all BeanPostProcessors (for example: not eligible for auto-proxying) 
[1;32m2019-03-05 16:08:34.736[0;39m [34mINFO [0;39m [36mo.s.c.s.PostProcessorRegistrationDelegate$BeanPostProcessorChecker[0;39m - Bean 'redisConnectionFactory' of type [org.springframework.data.redis.connection.jedis.JedisConnectionFactory] is not eligible for getting processed by all BeanPostProcessors (for example: not eligible for auto-proxying) 
[1;32m2019-03-05 16:08:34.766[0;39m [34mINFO [0;39m [36mo.s.c.s.PostProcessorRegistrationDelegate$BeanPostProcessorChecker[0;39m - Bean 'redisTemplate' of type [org.springframework.data.redis.core.RedisTemplate] is not eligible for getting processed by all BeanPostProcessors (for example: not eligible for auto-proxying) 
[1;32m2019-03-05 16:08:34.779[0;39m [34mINFO [0;39m [36mo.s.c.s.PostProcessorRegistrationDelegate$BeanPostProcessorChecker[0;39m - Bean 'cacheManager' of type [org.springframework.data.redis.cache.RedisCacheManager] is not eligible for getting processed by all BeanPostProcessors (for example: not eligible for auto-proxying) 
[1;32m2019-03-05 16:08:34.781[0;39m [34mINFO [0;39m [36mo.s.c.s.PostProcessorRegistrationDelegate$BeanPostProcessorChecker[0;39m - Bean 'cacheAutoConfigurationValidator' of type [org.springframework.boot.autoconfigure.cache.CacheAutoConfiguration$CacheManagerValidator] is not eligible for getting processed by all BeanPostProcessors (for example: not eligible for auto-proxying) 
[1;32m2019-03-05 16:08:35.050[0;39m [34mINFO [0;39m [36mo.s.b.c.e.t.TomcatEmbeddedServletContainer[0;39m - Tomcat initialized with port(s): 8082 (http) 
[1;32m2019-03-05 16:08:35.064[0;39m [34mINFO [0;39m [36mo.a.catalina.core.StandardService  [0;39m - Starting service Tomcat 
[1;32m2019-03-05 16:08:35.065[0;39m [34mINFO [0;39m [36mo.a.catalina.core.StandardEngine   [0;39m - Starting Servlet Engine: Apache Tomcat/8.5.11 
[1;32m2019-03-05 16:08:35.210[0;39m [34mINFO [0;39m [36mo.a.c.c.C.[Tomcat].[localhost].[/] [0;39m - Initializing Spring embedded WebApplicationContext 
[1;32m2019-03-05 16:08:35.622[0;39m [34mINFO [0;39m [36mo.s.b.w.s.FilterRegistrationBean   [0;39m - Mapping filter: 'characterEncodingFilter' to: [/*] 
[1;32m2019-03-05 16:08:35.622[0;39m [34mINFO [0;39m [36mo.s.b.w.s.FilterRegistrationBean   [0;39m - Mapping filter: 'hiddenHttpMethodFilter' to: [/*] 
[1;32m2019-03-05 16:08:35.623[0;39m [34mINFO [0;39m [36mo.s.b.w.s.FilterRegistrationBean   [0;39m - Mapping filter: 'httpPutFormContentFilter' to: [/*] 
[1;32m2019-03-05 16:08:35.623[0;39m [34mINFO [0;39m [36mo.s.b.w.s.FilterRegistrationBean   [0;39m - Mapping filter: 'requestContextFilter' to: [/*] 
[1;32m2019-03-05 16:08:35.623[0;39m [34mINFO [0;39m [36mo.s.b.w.s.FilterRegistrationBean   [0;39m - Mapping filter: 'xssFilter' to urls: [/*] 
[1;32m2019-03-05 16:08:35.624[0;39m [34mINFO [0;39m [36mo.s.b.w.s.FilterRegistrationBean   [0;39m - Mapping filter: 'webStatFilter' to urls: [/*] 
[1;32m2019-03-05 16:08:35.624[0;39m [34mINFO [0;39m [36mo.s.b.w.s.FilterRegistrationBean   [0;39m - Mapping filter: 'topPermissionFilter' to urls: [/*] 
[1;32m2019-03-05 16:08:35.624[0;39m [34mINFO [0;39m [36mo.s.b.w.s.ServletRegistrationBean  [0;39m - Mapping servlet: 'dispatcherServlet' to [/] 
[1;32m2019-03-05 16:08:35.626[0;39m [34mINFO [0;39m [36mo.s.b.w.s.ServletRegistrationBean  [0;39m - Mapping servlet: 'statViewServlet' to [/druid/*] 
[1;32m2019-03-05 16:08:35.677[0;39m [34mINFO [0;39m [36mc.a.d.s.b.a.DruidDataSourceAutoConfigure[0;39m - Init DruidDataSource 
[1;32m2019-03-05 16:08:36.297[0;39m [34mINFO [0;39m [36mc.a.druid.pool.DruidDataSource     [0;39m - {dataSource-1} inited 
[1;32m2019-03-05 16:08:38.714[0;39m [34mINFO [0;39m [36mo.s.o.j.LocalContainerEntityManagerFactoryBean[0;39m - Building JPA container EntityManagerFactory for persistence unit 'default' 
[1;32m2019-03-05 16:08:38.726[0;39m [34mINFO [0;39m [36mo.h.jpa.internal.util.LogHelper    [0;39m - HHH000204: Processing PersistenceUnitInfo [
	name: default
	...] 
[1;32m2019-03-05 16:08:38.946[0;39m [34mINFO [0;39m [36morg.hibernate.Version              [0;39m - HHH000412: Hibernate Core {5.0.12.Final} 
[1;32m2019-03-05 16:08:38.947[0;39m [34mINFO [0;39m [36morg.hibernate.cfg.Environment      [0;39m - HHH000206: hibernate.properties not found 
[1;32m2019-03-05 16:08:38.949[0;39m [34mINFO [0;39m [36morg.hibernate.cfg.Environment      [0;39m - HHH000021: Bytecode provider name : javassist 
[1;32m2019-03-05 16:08:38.980[0;39m [34mINFO [0;39m [36mo.h.annotations.common.Version     [0;39m - HCANN000001: Hibernate Commons Annotations {5.0.1.Final} 
[1;32m2019-03-05 16:08:39.101[0;39m [34mINFO [0;39m [36morg.hibernate.dialect.Dialect      [0;39m - HHH000400: Using dialect: org.hibernate.dialect.MySQL5Dialect 
[1;32m2019-03-05 16:08:39.302[0;39m [31mWARN [0;39m [36morg.hibernate.id.UUIDHexGenerator  [0;39m - HHH000409: Using org.hibernate.id.UUIDHexGenerator which does not generate IETF RFC 4122 compliant UUID values; consider using org.hibernate.id.UUIDGenerator instead 
[1;32m2019-03-05 16:08:39.798[0;39m [34mINFO [0;39m [36mo.s.o.j.LocalContainerEntityManagerFactoryBean[0;39m - Initialized JPA EntityManagerFactory for persistence unit 'default' 
[1;32m2019-03-05 16:08:40.129[0;39m [34mINFO [0;39m [36mo.h.h.i.QueryTranslatorFactoryInitiator[0;39m - HHH000397: Using ASTQueryTranslatorFactory 
[1;32m2019-03-05 16:08:41.966[0;39m [34mINFO [0;39m [36mo.s.j.e.a.AnnotationMBeanExporter  [0;39m - Registering beans for JMX exposure on startup 
[1;32m2019-03-05 16:08:41.968[0;39m [34mINFO [0;39m [36mo.s.j.e.a.AnnotationMBeanExporter  [0;39m - Bean with name 'statFilter' has been autodetected for JMX exposure 
[1;32m2019-03-05 16:08:41.968[0;39m [34mINFO [0;39m [36mo.s.j.e.a.AnnotationMBeanExporter  [0;39m - Bean with name 'dataSource' has been autodetected for JMX exposure 
[1;32m2019-03-05 16:08:41.974[0;39m [34mINFO [0;39m [36mo.s.j.e.a.AnnotationMBeanExporter  [0;39m - Located MBean 'dataSource': registering with JMX server as MBean [com.alibaba.druid.spring.boot.autoconfigure:name=dataSource,type=DruidDataSourceWrapper] 
[1;32m2019-03-05 16:08:41.975[0;39m [34mINFO [0;39m [36mo.s.j.e.a.AnnotationMBeanExporter  [0;39m - Located MBean 'statFilter': registering with JMX server as MBean [com.alibaba.druid.filter.stat:name=statFilter,type=StatFilter] 
[1;32m2019-03-05 16:08:41.995[0;39m [1;31mERROR[0;39m [36mo.a.coyote.http11.Http11NioProtocol[0;39m - Failed to start end point associated with ProtocolHandler [http-nio-8082] 
java.net.BindException: Address already in use: bind
	at sun.nio.ch.Net.bind0(Native Method)
	at sun.nio.ch.Net.bind(Net.java:433)
	at sun.nio.ch.Net.bind(Net.java:425)
	at sun.nio.ch.ServerSocketChannelImpl.bind(ServerSocketChannelImpl.java:223)
	at sun.nio.ch.ServerSocketAdaptor.bind(ServerSocketAdaptor.java:74)
	at org.apache.tomcat.util.net.NioEndpoint.bind(NioEndpoint.java:210)
	at org.apache.tomcat.util.net.AbstractEndpoint.start(AbstractEndpoint.java:980)
	at org.apache.coyote.AbstractProtocol.start(AbstractProtocol.java:573)
	at org.apache.catalina.connector.Connector.startInternal(Connector.java:993)
	at org.apache.catalina.util.LifecycleBase.start(LifecycleBase.java:150)
	at org.apache.catalina.core.StandardService.addConnector(StandardService.java:225)
	at org.springframework.boot.context.embedded.tomcat.TomcatEmbeddedServletContainer.addPreviouslyRemovedConnectors(TomcatEmbeddedServletContainer.java:247)
	at org.springframework.boot.context.embedded.tomcat.TomcatEmbeddedServletContainer.start(TomcatEmbeddedServletContainer.java:190)
	at org.springframework.boot.context.embedded.EmbeddedWebApplicationContext.startEmbeddedServletContainer(EmbeddedWebApplicationContext.java:297)
	at org.springframework.boot.context.embedded.EmbeddedWebApplicationContext.finishRefresh(EmbeddedWebApplicationContext.java:145)
	at org.springframework.context.support.AbstractApplicationContext.refresh(AbstractApplicationContext.java:545)
	at org.springframework.boot.context.embedded.EmbeddedWebApplicationContext.refresh(EmbeddedWebApplicationContext.java:122)
	at org.springframework.boot.SpringApplication.refresh(SpringApplication.java:737)
	at org.springframework.boot.SpringApplication.refreshContext(SpringApplication.java:370)
	at org.springframework.boot.SpringApplication.run(SpringApplication.java:314)
	at org.springframework.boot.SpringApplication.run(SpringApplication.java:1162)
	at org.springframework.boot.SpringApplication.run(SpringApplication.java:1151)
	at com.finanstar.MarketApplication.main(MarketApplication.java:26)
[1;32m2019-03-05 16:08:41.999[0;39m [1;31mERROR[0;39m [36mo.a.catalina.core.StandardService  [0;39m - Failed to start connector [Connector[HTTP/1.1-8082]] 
org.apache.catalina.LifecycleException: Failed to start component [Connector[HTTP/1.1-8082]]
	at org.apache.catalina.util.LifecycleBase.start(LifecycleBase.java:167)
	at org.apache.catalina.core.StandardService.addConnector(StandardService.java:225)
	at org.springframework.boot.context.embedded.tomcat.TomcatEmbeddedServletContainer.addPreviouslyRemovedConnectors(TomcatEmbeddedServletContainer.java:247)
	at org.springframework.boot.context.embedded.tomcat.TomcatEmbeddedServletContainer.start(TomcatEmbeddedServletContainer.java:190)
	at org.springframework.boot.context.embedded.EmbeddedWebApplicationContext.startEmbeddedServletContainer(EmbeddedWebApplicationContext.java:297)
	at org.springframework.boot.context.embedded.EmbeddedWebApplicationContext.finishRefresh(EmbeddedWebApplicationContext.java:145)
	at org.springframework.context.support.AbstractApplicationContext.refresh(AbstractApplicationContext.java:545)
	at org.springframework.boot.context.embedded.EmbeddedWebApplicationContext.refresh(EmbeddedWebApplicationContext.java:122)
	at org.springframework.boot.SpringApplication.refresh(SpringApplication.java:737)
	at org.springframework.boot.SpringApplication.refreshContext(SpringApplication.java:370)
	at org.springframework.boot.SpringApplication.run(SpringApplication.java:314)
	at org.springframework.boot.SpringApplication.run(SpringApplication.java:1162)
	at org.springframework.boot.SpringApplication.run(SpringApplication.java:1151)
	at com.finanstar.MarketApplication.main(MarketApplication.java:26)
Caused by: org.apache.catalina.LifecycleException: service.getName(): "Tomcat";  Protocol handler start failed
	at org.apache.catalina.connector.Connector.startInternal(Connector.java:1000)
	at org.apache.catalina.util.LifecycleBase.start(LifecycleBase.java:150)
	... 13 common frames omitted
Caused by: java.net.BindException: Address already in use: bind
	at sun.nio.ch.Net.bind0(Native Method)
	at sun.nio.ch.Net.bind(Net.java:433)
	at sun.nio.ch.Net.bind(Net.java:425)
	at sun.nio.ch.ServerSocketChannelImpl.bind(ServerSocketChannelImpl.java:223)
	at sun.nio.ch.ServerSocketAdaptor.bind(ServerSocketAdaptor.java:74)
	at org.apache.tomcat.util.net.NioEndpoint.bind(NioEndpoint.java:210)
	at org.apache.tomcat.util.net.AbstractEndpoint.start(AbstractEndpoint.java:980)
	at org.apache.coyote.AbstractProtocol.start(AbstractProtocol.java:573)
	at org.apache.catalina.connector.Connector.startInternal(Connector.java:993)
	... 14 common frames omitted
[1;32m2019-03-05 16:08:42.004[0;39m [34mINFO [0;39m [36mo.a.catalina.core.StandardService  [0;39m - Stopping service Tomcat 
[1;32m2019-03-05 16:08:42.011[0;39m [34mINFO [0;39m [36mo.s.b.a.l.AutoConfigurationReportLoggingInitializer[0;39m - 

Error starting ApplicationContext. To display the auto-configuration report re-run your application with 'debug' enabled. 
[1;32m2019-03-05 16:08:42.019[0;39m [1;31mERROR[0;39m [36mo.s.b.d.LoggingFailureAnalysisReporter[0;39m - 

***************************
APPLICATION FAILED TO START
***************************

Description:

The Tomcat connector configured to listen on port 8082 failed to start. The port may already be in use or the connector may be misconfigured.

Action:

Verify the connector's configuration, identify and stop any process that's listening on port 8082, or configure this application to listen on another port.
 
[1;32m2019-03-05 16:08:42.021[0;39m [34mINFO [0;39m [36mo.s.b.c.e.AnnotationConfigEmbeddedWebApplicationContext[0;39m - Closing org.springframework.boot.context.embedded.AnnotationConfigEmbeddedWebApplicationContext@740773a3: startup date [Tue Mar 05 16:08:32 CST 2019]; root of context hierarchy 
[1;32m2019-03-05 16:08:42.023[0;39m [34mINFO [0;39m [36mo.s.j.e.a.AnnotationMBeanExporter  [0;39m - Unregistering JMX-exposed beans on shutdown 
[1;32m2019-03-05 16:08:42.024[0;39m [34mINFO [0;39m [36mo.s.j.e.a.AnnotationMBeanExporter  [0;39m - Unregistering JMX-exposed beans 
[1;32m2019-03-05 16:08:42.025[0;39m [34mINFO [0;39m [36mo.s.o.j.LocalContainerEntityManagerFactoryBean[0;39m - Closing JPA EntityManagerFactory for persistence unit 'default' 
[1;32m2019-03-05 16:08:42.028[0;39m [34mINFO [0;39m [36mc.a.druid.pool.DruidDataSource     [0;39m - {dataSource-1} closed 
[1;32m2019-03-05 16:09:45.188[0;39m [34mINFO [0;39m [36mo.a.c.c.C.[Tomcat].[localhost].[/] [0;39m - Initializing Spring FrameworkServlet 'dispatcherServlet' 
[1;32m2019-03-05 16:10:08.285[0;39m [34mINFO [0;39m [36mc.f.m.s.impl.PriceDataServiceImpl  [0;39m - find SHFEAU at:20190304 
[1;32m2019-03-05 16:10:08.374[0;39m [34mINFO [0;39m [36mc.f.m.s.impl.PriceDataServiceImpl  [0;39m - find vol at:20190304 
[1;32m2019-03-05 16:10:08.417[0;39m [34mINFO [0;39m [36mc.f.m.s.impl.PriceDataServiceImpl  [0;39m - find SHFEAG at:20190304 
[1;32m2019-03-05 16:10:08.490[0;39m [34mINFO [0;39m [36mc.f.m.s.impl.PriceDataServiceImpl  [0;39m - find vol at:20190304 
[1;32m2019-03-05 16:10:08.521[0;39m [34mINFO [0;39m [36mc.f.m.s.impl.PriceDataServiceImpl  [0;39m - find SHFECU at:20190304 
[1;32m2019-03-05 16:10:08.591[0;39m [34mINFO [0;39m [36mc.f.m.s.impl.PriceDataServiceImpl  [0;39m - find vol at:20190304 
[1;32m2019-03-05 16:25:43.444[0;39m [34mINFO [0;39m [36mc.f.m.s.impl.PriceDataServiceImpl  [0;39m - find SHFEAU at:20190304 
[1;32m2019-03-05 16:25:43.531[0;39m [34mINFO [0;39m [36mc.f.m.s.impl.PriceDataServiceImpl  [0;39m - find vol at:20190304 
[1;32m2019-03-05 16:25:43.569[0;39m [34mINFO [0;39m [36mc.f.m.s.impl.PriceDataServiceImpl  [0;39m - find SHFEAG at:20190304 
[1;32m2019-03-05 16:25:43.644[0;39m [34mINFO [0;39m [36mc.f.m.s.impl.PriceDataServiceImpl  [0;39m - find vol at:20190304 
[1;32m2019-03-05 16:25:43.689[0;39m [34mINFO [0;39m [36mc.f.m.s.impl.PriceDataServiceImpl  [0;39m - find SHFECU at:20190304 
[1;32m2019-03-05 16:25:43.804[0;39m [34mINFO [0;39m [36mc.f.m.s.impl.PriceDataServiceImpl  [0;39m - find vol at:20190304 
[1;32m2019-03-05 18:32:35.710[0;39m [34mINFO [0;39m [36mc.f.m.d.c.MarketConvController     [0;39m - [{"indexTerm":"1Y","monthEnd":"NAFMII","thetaUnit":"1","curveFloater":"BOND","floatAccrfreq":"An","fixedPayfreq":"An","vegaBump":"0.0001","floatPayfreq":"An","quoscaleSpread":"10000","quoscaleRate":"100","scan":"None","description":"CNY_AAABOND_(S5Y/S10Y)_Interest_Rate_Swap","tradeCalendar":"BJ","accrualAdjust":"Yes","sysCompanyCode":"A04","thetaBump":"1","marketId":"CNYAAA","vegaUnit":"0.0001","effectiveLag":"1","curveInterp":"LINEAR_ZERO","resetAddon":"No","deltaBump":"0.001","marketCode":"AAA","id":"40289a8163490ee90163490eed7b02312","floatAccrcomp":"None","indexCalendat":"BJ","discountMarket":"CNYFR","paytBusday":"MFL","resetLag":"1","createDate":1525939105000,"quoscalePrice":"100","active":"Yes","marketCcy":"CNY","indexBusday":"FOL","resetCut":"0","fixedDaycount":"ACT/BND","resetIn":"Day","input":"None","resetDesimal":"5","createBy":"usual","quoscaleVol":"10000","resetMethod":"SimAvg","resetBusday":"FOL","curveMethod":"Bootstrap","deltaUnit":"0.0001","paytCalendar":"BJ","sysOrgCode":"A04","floatDaycount":"ACT/BND"},{"indexTerm":"1Y","monthEnd":"NAFMII","thetaUnit":"1","curveFloater":"BOND","floatAccrfreq":"An","fixedPayfreq":"An","vegaBump":"0.0001","floatPayfreq":"An","quoscaleSpread":"10000","quoscaleRate":"100","description":"CNY_CDBBOND_(S5Y/S10Y)_Interest_Rate_Swap","tradeCalendar":"BJ","accrualAdjust":"Yes","sysCompanyCode":"A04","thetaBump":"1","marketId":"CNYDB","vegaUnit":"0.0001","effectiveLag":"1","curveInterp":"LINEAR_ZERO","resetAddon":"No","deltaBump":"0.001","marketCode":"DB","id":"40289a8163490ee90163490eed7b0009","floatAccrcomp":"None","indexCalendat":"BJ","discountMarket":"CNYFR","paytBusday":"MFL","resetLag":"1","createDate":1525939105000,"quoscalePrice":"100","active":"Yes","marketCcy":"CNY","indexBusday":"FOL","resetCut":"0","fixedDaycount":"ACT/BND","resetIn":"Day","resetDesimal":"5","createBy":"usual","quoscaleVol":"10000","resetMethod":"SimAvg","resetBusday":"FOL","curveMethod":"Bootstrap","deltaUnit":"0.0001","paytCalendar":"BJ","sysOrgCode":"A04","floatDaycount":"ACT/BND"},{"indexTerm":"7D","monthEnd":"NAFMII","thetaUnit":"1","curveFloater":"BOND","floatAccrfreq":"Qtr","fixedPayfreq":"Qtr","vegaBump":"0.0001","floatPayfreq":"Qtr","quoscaleSpread":"10000","quoscaleRate":"100","description":"CNY_DR007_(Repo)_Interest_Rate_Swap ","tradeCalendar":"BJ","accrualAdjust":"Yes","sysCompanyCode":"A04","thetaBump":"1","marketId":"CNYDR","vegaUnit":"0.0001","effectiveLag":"1","curveInterp":"CONST_FWRD","resetAddon":"No","deltaBump":"0.001","marketCode":"DR","id":"40289a8163baa5d70163baa5d77c0000","floatAccrcomp":"None","indexCalendat":"BJ","discountMarket":"None","paytBusday":"MFL","resetLag":"1","createDate":1527844820000,"quoscalePrice":"100","active":"Yes","marketCcy":"CNY","indexBusday":"FOL","resetCut":"0","fixedDaycount":"ACT/365F","resetIn":"Week","resetDesimal":"5","createBy":"usual","quoscaleVol":"10000","resetMethod":"Comp","resetBusday":"UNADJ","curveMethod":"Bootstrap","deltaUnit":"0.0001","paytCalendar":"BJ","sysOrgCode":"A04","floatDaycount":"ACT/365F"},{"indexTerm":"7D","monthEnd":"NAFMII","thetaUnit":"1","curveFloater":"BOND","floatAccrfreq":"Qtr","fixedPayfreq":"Qtr","vegaBump":"0.0001","floatPayfreq":"Qtr","quoscaleSpread":"10000","quoscaleRate":"100","description":"CNY_FR007_(Repo)_Interest_Rate_Swap","tradeCalendar":"BJ","accrualAdjust":"Yes","sysCompanyCode":"A04","thetaBump":"1","marketId":"CNYFR","vegaUnit":"0.0001","effectiveLag":"1","curveInterp":"CONST_FWRD","resetAddon":"No","deltaBump":"0.001","marketCode":"FR","id":"40289a8163490ee90163490ee9860000","floatAccrcomp":"None","indexCalendat":"BJ","discountMarket":"None","paytBusday":"MFL","resetLag":"1","createDate":1525939104000,"quoscalePrice":"100","active":"Yes","marketCcy":"CNY","indexBusday":"FOL","resetCut":"0","fixedDaycount":"ACT/365F","resetIn":"Week","resetDesimal":"5","createBy":"usual","quoscaleVol":"10000","resetMethod":"Comp","resetBusday":"UNADJ","curveMethod":"Bootstrap","deltaUnit":"0.0001","paytCalendar":"BJ","sysOrgCode":"A04","floatDaycount":"ACT/365F"},{"indexTerm":"1Y","monthEnd":"NAFMII","thetaUnit":"1","curveFloater":"BOND","floatAccrfreq":"An","fixedPayfreq":"An","vegaBump":"0.0001","floatPayfreq":"An","quoscaleSpread":"10000","quoscaleRate":"100","description":"CNY_GOVBOND_(S5Y/S10Y)_Interest_Rate_Swap","tradeCalendar":"BJ","accrualAdjust":"Yes","sysCompanyCode":"A04","thetaBump":"1","marketId":"CNYGB","vegaUnit":"0.0001","effectiveLag":"1","curveInterp":"LINEAR_ZERO","resetAddon":"No","deltaBump":"0.001","marketCode":"GB","id":"40289a8163490ee90163490eed350008","floatAccrcomp":"None","indexCalendat":"BJ","discountMarket":"CNYFR","paytBusday":"MFL","resetLag":"1","createDate":1525939105000,"quoscalePrice":"100","active":"Yes","marketCcy":"CNY","indexBusday":"FOL","resetCut":"0","fixedDaycount":"ACT/BND","resetIn":"Day","resetDesimal":"5","createBy":"usual","quoscaleVol":"10000","resetMethod":"SimAvg","resetBusday":"FOL","curveMethod":"Bootstrap","deltaUnit":"0.0001","paytCalendar":"BJ","sysOrgCode":"A04","floatDaycount":"ACT/BND"},{"indexTerm":"1Y","monthEnd":"NAFMII","thetaUnit":"1","curveFloater":"BOND","floatAccrfreq":"An","fixedPayfreq":"An","vegaBump":"0.0001","floatPayfreq":"An","quoscaleSpread":"10000","quoscaleRate":"100","scan":"","description":"CNY_1-year_Loan_Prime_Rate_Swap","tradeCalendar":"BJ","accrualAdjust":"Yes","sysCompanyCode":"A04","thetaBump":"1","marketId":"CNYLP","vegaUnit":"0.0001","effectiveLag":"1","curveInterp":"CONST_FWRD","resetAddon":"No","deltaBump":"0.001","marketCode":"LP","id":"40289a8163490ee90163490eeb810003","floatAccrcomp":"None","indexCalendat":"BJ","discountMarket":"None","paytBusday":"MFL","resetLag":"1","createDate":1525939104000,"quoscalePrice":"100","active":"No","marketCcy":"CNY","indexBusday":"MFL","resetCut":"0","fixedDaycount":"ACT/365F","resetIn":"Adv","input":"","resetDesimal":"5","createBy":"usual","quoscaleVol":"10000","resetMethod":"OneRate","resetBusday":"UNADJ","curveMethod":"Bootstrap","deltaUnit":"0.0001","paytCalendar":"BJ","sysOrgCode":"A04","floatDaycount":"ACT/360"},{"indexTerm":"1D","monthEnd":"NAFMII","thetaUnit":"1","curveFloater":"BOND","floatAccrfreq":"An","fixedPayfreq":"An","vegaBump":"0.0001","floatPayfreq":"An","quoscaleSpread":"10000","quoscaleRate":"100","description":"CNY_Over-night SHIBOR_Interest_Rate_Swap","tradeCalendar":"BJ","accrualAdjust":"Yes","sysCompanyCode":"A04","thetaBump":"1","marketId":"CNYOS","vegaUnit":"0.0001","effectiveLag":"0","curveInterp":"CONST_FWRD","resetAddon":"No","deltaBump":"0.001","marketCode":"OS","id":"40289a8163490ee90163490eead80002","floatAccrcomp":"None","indexCalendat":"BJ","discountMarket":"None","paytBusday":"MFL","resetLag":"0","createDate":1525939104000,"quoscalePrice":"100","active":"Yes","marketCcy":"CNY","indexBusday":"FOL","resetCut":"0","fixedDaycount":"ACT/365F","resetIn":"Day","resetDesimal":"5","createBy":"usual","quoscaleVol":"10000","resetMethod":"Comp","resetBusday":"FOL","curveMethod":"Bootstrap","deltaUnit":"0.0001","paytCalendar":"BJ","sysOrgCode":"A04","floatDaycount":"ACT/360"},{"indexTerm":"3M","monthEnd":"NAFMII","thetaUnit":"1","curveFloater":"BOND","floatAccrfreq":"Qtr","fixedPayfreq":"Qtr","vegaBump":"0.0001","floatPayfreq":"Qtr","quoscaleSpread":"10000","quoscaleRate":"100","description":"CNY_3-month_SHIBOR_Interest_Rate_Swap","tradeCalendar":"BJ","accrualAdjust":"Yes","sysCompanyCode":"A04","thetaBump":"1","marketId":"CNYSH","vegaUnit":"0.0001","effectiveLag":"1","curveInterp":"CONST_FWRD","resetAddon":"No","deltaBump":"0.001","marketCode":"SH","id":"40289a8163490ee90163490eea600001","floatAccrcomp":"None","indexCalendat":"BJ","discountMarket":"None","paytBusday":"MFL","resetLag":"1","createDate":1525939104000,"quoscalePrice":"100.0","active":"Yes","marketCcy":"CNY","indexBusday":"MFL","resetCut":"0","fixedDaycount":"ACT/365F","resetIn":"Adv","resetDesimal":"5","createBy":"usual","quoscaleVol":"10000","resetMethod":"OneRate","resetBusday":"UNADJ","curveMethod":"Bootstrap","deltaUnit":"0.0001","paytCalendar":"BJ","sysOrgCode":"A04","floatDaycount":"ACT/360"},{"indexTerm":"6M","monthEnd":"ISDA","thetaUnit":"1","curveFloater":"BOND","floatAccrfreq":"Semi","fixedPayfreq":"An","vegaBump":"0.0001","floatPayfreq":"Semi","quoscaleSpread":"10000","quoscaleRate":"100","description":"EUR_Euribor-6M_Interest_Rate_Swap","tradeCalendar":"TAR","accrualAdjust":"Yes","sysCompanyCode":"A04","thetaBump":"1","marketId":"EURIB","vegaUnit":"0.0001","effectiveLag":"2","curveInterp":"CONST_FWRD","resetAddon":"No","deltaBump":"0.001","marketCode":"IB","id":"40289a8163490ee90163490eec950006","floatAccrcomp":"None","indexCalendat":"TAR","discountMarket":"None","paytBusday":"MFL","resetLag":"2","createDate":1525939104000,"quoscalePrice":"100","active":"Yes","marketCcy":"EUR","indexBusday":"MFL","resetCut":"0","fixedDaycount":"30E/360","resetIn":"Adv","resetDesimal":"5","createBy":"usual","quoscaleVol":"10000","resetMethod":"OneRate","resetBusday":"UNADJ","curveMethod":"Bootstrap","deltaUnit":"0.0001","paytCalendar":"TAR","sysOrgCode":"A04","floatDaycount":"ACT/360"},{"indexTerm":"1D","monthEnd":"ISDA","thetaUnit":"1","curveFloater":"BOND","floatAccrfreq":"An","fixedPayfreq":"An","vegaBump":"0.0001","floatPayfreq":"An","quoscaleSpread":"10000","quoscaleRate":"100","description":"EUR_Overnight_Index_Interest_Rate_Swap","tradeCalendar":"TAR","accrualAdjust":"Yes","sysCompanyCode":"A04","thetaBump":"1","marketId":"EUROS","vegaUnit":"0.0001","effectiveLag":"2","curveInterp":"CONST_FWRD","resetAddon":"No","deltaBump":"0.001","marketCode":"OS","id":"40289a8163490ee90163490eecdb0007","floatAccrcomp":"None","indexCalendat":"TAR","discountMarket":"None","paytBusday":"MFL","resetLag":"0","createDate":1525939104000,"quoscalePrice":"100","active":"No","marketCcy":"EUR","indexBusday":"FOL","resetCut":"0","fixedDaycount":"ACT/360","resetIn":"Day","resetDesimal":"5","createBy":"usual","quoscaleVol":"10000","resetMethod":"Comp","resetBusday":"FOL","curveMethod":"Bootstrap","deltaUnit":"0.0001","paytCalendar":"TAR","sysOrgCode":"A04","floatDaycount":"ACT/360"},{"indexTerm":"6M","monthEnd":"ISDA","thetaUnit":"1","curveFloater":"BOND","floatAccrfreq":"Semi","fixedPayfreq":"Semi","vegaBump":"0.0001","floatPayfreq":"Semi","quoscaleSpread":"10000","quoscaleRate":"100","scan":"","description":"GBP_LIBOR_6M_Interest_Rate_Swap","tradeCalendar":"LON","accrualAdjust":"Yes","sysCompanyCode":"A04","thetaBump":"1","marketId":"GBPLB","vegaUnit":"0.0001","effectiveLag":"0","curveInterp":"CONST_FWRD","resetAddon":"No","deltaBump":"0.001","marketCode":"LB","id":"40289a8163490ee90163490eedd5000a","floatAccrcomp":"None","indexCalendat":"LON","discountMarket":"None","paytBusday":"MFL","resetLag":"0","createDate":1525939105000,"quoscalePrice":"100","active":"No","marketCcy":"GBP","indexBusday":"MFL","resetCut":"0","fixedDaycount":"ACT/365F","resetIn":"Adv","input":"","resetDesimal":"5","createBy":"usual","quoscaleVol":"10000","resetMethod":"OneRate","resetBusday":"UNADJ","curveMethod":"Bootstrap","deltaUnit":"0.0001","paytCalendar":"LON","sysOrgCode":"A04","floatDaycount":"ACT/365F"},{"indexTerm":"6M","monthEnd":"ISDA","thetaUnit":"1","curveFloater":"BOND","floatAccrfreq":"Semi","fixedPayfreq":"Semi","vegaBump":"0.0001","floatPayfreq":"Semi","quoscaleSpread":"10000","quoscaleRate":"100","description":"JPY_LIBOR_6M_Interest Rate_Swap","tradeCalendar":"TOK","accrualAdjust":"Yes","sysCompanyCode":"A04","thetaBump":"1","marketId":"JPYLB","vegaUnit":"0.0001","effectiveLag":"2","curveInterp":"CONST_FWRD","resetAddon":"No","deltaBump":"0.001","marketCode":"LB","id":"40289a8163490ee90163490eee11000b","floatAccrcomp":"None","indexCalendat":"LON","discountMarket":"None","paytBusday":"MFL","resetLag":"2","createDate":1525939105000,"quoscalePrice":"100","active":"No","marketCcy":"JPY","indexBusday":"MFL","resetCut":"0","fixedDaycount":"ACT/365F","resetIn":"Adv","resetDesimal":"5","createBy":"usual","quoscaleVol":"10000","resetMethod":"OneRate","resetBusday":"UNADJ","curveMethod":"Bootstrap","deltaUnit":"0.0001","paytCalendar":"TOK,LON","sysOrgCode":"A04","floatDaycount":"ACT/360"},{"indexTerm":"3M","monthEnd":"ISDA","thetaUnit":"1","curveFloater":"BOND","floatAccrfreq":"Qtr","fixedPayfreq":"Semi","vegaBump":"0.0001","floatPayfreq":"Qtr","quoscaleSpread":"10000","quoscaleRate":"100","description":"USD_LIBOR-3M_Interest_Rate_Swap","tradeCalendar":"NYS","accrualAdjust":"Yes","sysCompanyCode":"A04","thetaBump":"1","marketId":"USDLB","vegaUnit":"0.0001","effectiveLag":"2","curveInterp":"CONST_FWRD","resetAddon":"No","deltaBump":"0.001","marketCode":"LB","id":"40289a8163490ee90163490eebeb0004","floatAccrcomp":"None","indexCalendat":"LON","discountMarket":"None","paytBusday":"MFL","resetLag":"2","createDate":1525939104000,"quoscalePrice":"100","active":"Yes","marketCcy":"USD","indexBusday":"MFL","resetCut":"0","fixedDaycount":"30/360","resetIn":"Adv","resetDesimal":"5","createBy":"usual","quoscaleVol":"10000","resetMethod":"OneRate","resetBusday":"UNADJ","curveMethod":"Bootstrap","deltaUnit":"0.0001","paytCalendar":"LON,NY","sysOrgCode":"A04","floatDaycount":"ACT/360"},{"indexTerm":"1D","monthEnd":"ISDA","thetaUnit":"1","curveFloater":"BOND","floatAccrfreq":"An","fixedPayfreq":"An","vegaBump":"0.0001","floatPayfreq":"An","quoscaleSpread":"10000","quoscaleRate":"100","description":"USD_Fed_Fund_Index_Interest_Rate_Swap","tradeCalendar":"NYS","accrualAdjust":"Yes","sysCompanyCode":"A04","thetaBump":"1","marketId":"USDOS","vegaUnit":"0.0001","effectiveLag":"2","curveInterp":"CONST_FWRD","resetAddon":"No","deltaBump":"0.001","marketCode":"OS","id":"40289a8163490ee90163490eec3b0005","floatAccrcomp":"None","indexCalendat":"NY","discountMarket":"None","paytBusday":"MFL","resetLag":"0","createDate":1525939104000,"quoscalePrice":"100","active":"No","marketCcy":"USD","indexBusday":"FOL","resetCut":"0","fixedDaycount":"ACT/360","resetIn":"Day","resetDesimal":"5","createBy":"usual","quoscaleVol":"10000","resetMethod":"Comp","resetBusday":"FOL","curveMethod":"Bootstrap","deltaUnit":"0.0001","paytCalendar":"NY","sysOrgCode":"A04","floatDaycount":"ACT/360"}] 
[1;32m2019-03-05 18:53:37.854[0;39m [34mINFO [0;39m [36mcom.finanstar.MarketApplication    [0;39m - Starting MarketApplication on danielpine with PID 32208 (G:\XHYT\ms\deri-market\target\classes started by danieline in G:\XHYT\ms\deri-market) 
[1;32m2019-03-05 18:53:37.860[0;39m [34mINFO [0;39m [36mcom.finanstar.MarketApplication    [0;39m - The following profiles are active: pro 
[1;32m2019-03-05 18:53:37.937[0;39m [34mINFO [0;39m [36mo.s.b.c.e.AnnotationConfigEmbeddedWebApplicationContext[0;39m - Refreshing org.springframework.boot.context.embedded.AnnotationConfigEmbeddedWebApplicationContext@740773a3: startup date [Tue Mar 05 18:53:37 CST 2019]; root of context hierarchy 
[1;32m2019-03-05 18:53:39.069[0;39m [34mINFO [0;39m [36mo.s.d.r.c.RepositoryConfigurationDelegate[0;39m - Multiple Spring Data modules found, entering strict repository configuration mode! 
[1;32m2019-03-05 18:53:39.258[0;39m [34mINFO [0;39m [36mo.s.d.r.c.RepositoryConfigurationDelegate[0;39m - Multiple Spring Data modules found, entering strict repository configuration mode! 
[1;32m2019-03-05 18:53:39.362[0;39m [34mINFO [0;39m [36mo.s.d.r.c.RepositoryConfigurationExtensionSupport[0;39m - Spring Data Redis - Could not safely identify store assignment for repository candidate interface com.finanstar.repository.MarketRepository. 
[1;32m2019-03-05 18:53:39.364[0;39m [34mINFO [0;39m [36mo.s.d.r.c.RepositoryConfigurationExtensionSupport[0;39m - Spring Data Redis - Could not safely identify store assignment for repository candidate interface com.finanstar.repository.InstrRepository. 
[1;32m2019-03-05 18:53:39.981[0;39m [34mINFO [0;39m [36mo.s.c.s.PostProcessorRegistrationDelegate$BeanPostProcessorChecker[0;39m - Bean 'org.springframework.transaction.annotation.ProxyTransactionManagementConfiguration' of type [org.springframework.transaction.annotation.ProxyTransactionManagementConfiguration$$EnhancerBySpringCGLIB$$4f987014] is not eligible for getting processed by all BeanPostProcessors (for example: not eligible for auto-proxying) 
[1;32m2019-03-05 18:53:40.017[0;39m [34mINFO [0;39m [36mo.s.c.s.PostProcessorRegistrationDelegate$BeanPostProcessorChecker[0;39m - Bean 'org.springframework.cache.annotation.ProxyCachingConfiguration' of type [org.springframework.cache.annotation.ProxyCachingConfiguration$$EnhancerBySpringCGLIB$$98aaa632] is not eligible for getting processed by all BeanPostProcessors (for example: not eligible for auto-proxying) 
[1;32m2019-03-05 18:53:40.033[0;39m [34mINFO [0;39m [36mo.s.c.s.PostProcessorRegistrationDelegate$BeanPostProcessorChecker[0;39m - Bean 'org.springframework.boot.autoconfigure.cache.CacheAutoConfiguration' of type [org.springframework.boot.autoconfigure.cache.CacheAutoConfiguration$$EnhancerBySpringCGLIB$$8d1e6ad6] is not eligible for getting processed by all BeanPostProcessors (for example: not eligible for auto-proxying) 
[1;32m2019-03-05 18:53:40.061[0;39m [34mINFO [0;39m [36mo.s.c.s.PostProcessorRegistrationDelegate$BeanPostProcessorChecker[0;39m - Bean 'spring.cache-org.springframework.boot.autoconfigure.cache.CacheProperties' of type [org.springframework.boot.autoconfigure.cache.CacheProperties] is not eligible for getting processed by all BeanPostProcessors (for example: not eligible for auto-proxying) 
[1;32m2019-03-05 18:53:40.073[0;39m [34mINFO [0;39m [36mo.s.c.s.PostProcessorRegistrationDelegate$BeanPostProcessorChecker[0;39m - Bean 'cacheManagerCustomizers' of type [org.springframework.boot.autoconfigure.cache.CacheManagerCustomizers] is not eligible for getting processed by all BeanPostProcessors (for example: not eligible for auto-proxying) 
[1;32m2019-03-05 18:53:40.078[0;39m [34mINFO [0;39m [36mo.s.c.s.PostProcessorRegistrationDelegate$BeanPostProcessorChecker[0;39m - Bean 'org.springframework.boot.autoconfigure.cache.RedisCacheConfiguration' of type [org.springframework.boot.autoconfigure.cache.RedisCacheConfiguration$$EnhancerBySpringCGLIB$$3db00730] is not eligible for getting processed by all BeanPostProcessors (for example: not eligible for auto-proxying) 
[1;32m2019-03-05 18:53:40.087[0;39m [34mINFO [0;39m [36mo.s.c.s.PostProcessorRegistrationDelegate$BeanPostProcessorChecker[0;39m - Bean 'redisConfig' of type [com.finanstar.conf.RedisConfig$$EnhancerBySpringCGLIB$$63af8add] is not eligible for getting processed by all BeanPostProcessors (for example: not eligible for auto-proxying) 
[1;32m2019-03-05 18:53:40.105[0;39m [34mINFO [0;39m [36mo.s.c.s.PostProcessorRegistrationDelegate$BeanPostProcessorChecker[0;39m - Bean 'spring.redis-org.springframework.boot.autoconfigure.data.redis.RedisProperties' of type [org.springframework.boot.autoconfigure.data.redis.RedisProperties] is not eligible for getting processed by all BeanPostProcessors (for example: not eligible for auto-proxying) 
[1;32m2019-03-05 18:53:40.113[0;39m [34mINFO [0;39m [36mo.s.c.s.PostProcessorRegistrationDelegate$BeanPostProcessorChecker[0;39m - Bean 'org.springframework.boot.autoconfigure.data.redis.RedisAutoConfiguration$RedisConnectionConfiguration' of type [org.springframework.boot.autoconfigure.data.redis.RedisAutoConfiguration$RedisConnectionConfiguration$$EnhancerBySpringCGLIB$$e3929723] is not eligible for getting processed by all BeanPostProcessors (for example: not eligible for auto-proxying) 
[1;32m2019-03-05 18:53:40.160[0;39m [34mINFO [0;39m [36mo.s.c.s.PostProcessorRegistrationDelegate$BeanPostProcessorChecker[0;39m - Bean 'redisConnectionFactory' of type [org.springframework.data.redis.connection.jedis.JedisConnectionFactory] is not eligible for getting processed by all BeanPostProcessors (for example: not eligible for auto-proxying) 
[1;32m2019-03-05 18:53:40.207[0;39m [34mINFO [0;39m [36mo.s.c.s.PostProcessorRegistrationDelegate$BeanPostProcessorChecker[0;39m - Bean 'redisTemplate' of type [org.springframework.data.redis.core.RedisTemplate] is not eligible for getting processed by all BeanPostProcessors (for example: not eligible for auto-proxying) 
[1;32m2019-03-05 18:53:40.218[0;39m [34mINFO [0;39m [36mo.s.c.s.PostProcessorRegistrationDelegate$BeanPostProcessorChecker[0;39m - Bean 'cacheManager' of type [org.springframework.data.redis.cache.RedisCacheManager] is not eligible for getting processed by all BeanPostProcessors (for example: not eligible for auto-proxying) 
[1;32m2019-03-05 18:53:40.219[0;39m [34mINFO [0;39m [36mo.s.c.s.PostProcessorRegistrationDelegate$BeanPostProcessorChecker[0;39m - Bean 'cacheAutoConfigurationValidator' of type [org.springframework.boot.autoconfigure.cache.CacheAutoConfiguration$CacheManagerValidator] is not eligible for getting processed by all BeanPostProcessors (for example: not eligible for auto-proxying) 
[1;32m2019-03-05 18:53:40.553[0;39m [34mINFO [0;39m [36mo.s.b.c.e.t.TomcatEmbeddedServletContainer[0;39m - Tomcat initialized with port(s): 8082 (http) 
[1;32m2019-03-05 18:53:40.566[0;39m [34mINFO [0;39m [36mo.a.catalina.core.StandardService  [0;39m - Starting service Tomcat 
[1;32m2019-03-05 18:53:40.567[0;39m [34mINFO [0;39m [36mo.a.catalina.core.StandardEngine   [0;39m - Starting Servlet Engine: Apache Tomcat/8.5.11 
[1;32m2019-03-05 18:53:40.746[0;39m [34mINFO [0;39m [36mo.a.c.c.C.[Tomcat].[localhost].[/] [0;39m - Initializing Spring embedded WebApplicationContext 
[1;32m2019-03-05 18:53:41.203[0;39m [34mINFO [0;39m [36mo.s.b.w.s.FilterRegistrationBean   [0;39m - Mapping filter: 'characterEncodingFilter' to: [/*] 
[1;32m2019-03-05 18:53:41.204[0;39m [34mINFO [0;39m [36mo.s.b.w.s.FilterRegistrationBean   [0;39m - Mapping filter: 'hiddenHttpMethodFilter' to: [/*] 
[1;32m2019-03-05 18:53:41.204[0;39m [34mINFO [0;39m [36mo.s.b.w.s.FilterRegistrationBean   [0;39m - Mapping filter: 'httpPutFormContentFilter' to: [/*] 
[1;32m2019-03-05 18:53:41.204[0;39m [34mINFO [0;39m [36mo.s.b.w.s.FilterRegistrationBean   [0;39m - Mapping filter: 'requestContextFilter' to: [/*] 
[1;32m2019-03-05 18:53:41.205[0;39m [34mINFO [0;39m [36mo.s.b.w.s.FilterRegistrationBean   [0;39m - Mapping filter: 'xssFilter' to urls: [/*] 
[1;32m2019-03-05 18:53:41.205[0;39m [34mINFO [0;39m [36mo.s.b.w.s.FilterRegistrationBean   [0;39m - Mapping filter: 'webStatFilter' to urls: [/*] 
[1;32m2019-03-05 18:53:41.206[0;39m [34mINFO [0;39m [36mo.s.b.w.s.FilterRegistrationBean   [0;39m - Mapping filter: 'topPermissionFilter' to urls: [/*] 
[1;32m2019-03-05 18:53:41.206[0;39m [34mINFO [0;39m [36mo.s.b.w.s.ServletRegistrationBean  [0;39m - Mapping servlet: 'dispatcherServlet' to [/] 
[1;32m2019-03-05 18:53:41.208[0;39m [34mINFO [0;39m [36mo.s.b.w.s.ServletRegistrationBean  [0;39m - Mapping servlet: 'statViewServlet' to [/druid/*] 
[1;32m2019-03-05 18:53:41.249[0;39m [34mINFO [0;39m [36mc.a.d.s.b.a.DruidDataSourceAutoConfigure[0;39m - Init DruidDataSource 
[1;32m2019-03-05 18:53:42.168[0;39m [34mINFO [0;39m [36mc.a.druid.pool.DruidDataSource     [0;39m - {dataSource-1} inited 
[1;32m2019-03-05 18:53:46.180[0;39m [34mINFO [0;39m [36mo.s.o.j.LocalContainerEntityManagerFactoryBean[0;39m - Building JPA container EntityManagerFactory for persistence unit 'default' 
[1;32m2019-03-05 18:53:46.222[0;39m [34mINFO [0;39m [36mo.h.jpa.internal.util.LogHelper    [0;39m - HHH000204: Processing PersistenceUnitInfo [
	name: default
	...] 
[1;32m2019-03-05 18:53:46.366[0;39m [34mINFO [0;39m [36morg.hibernate.Version              [0;39m - HHH000412: Hibernate Core {5.0.12.Final} 
[1;32m2019-03-05 18:53:46.375[0;39m [34mINFO [0;39m [36morg.hibernate.cfg.Environment      [0;39m - HHH000206: hibernate.properties not found 
[1;32m2019-03-05 18:53:46.772[0;39m [34mINFO [0;39m [36morg.hibernate.cfg.Environment      [0;39m - HHH000021: Bytecode provider name : javassist 
[1;32m2019-03-05 18:53:46.834[0;39m [34mINFO [0;39m [36mo.h.annotations.common.Version     [0;39m - HCANN000001: Hibernate Commons Annotations {5.0.1.Final} 
[1;32m2019-03-05 18:53:47.220[0;39m [34mINFO [0;39m [36morg.hibernate.dialect.Dialect      [0;39m - HHH000400: Using dialect: org.hibernate.dialect.MySQL5Dialect 
[1;32m2019-03-05 18:53:47.635[0;39m [31mWARN [0;39m [36morg.hibernate.id.UUIDHexGenerator  [0;39m - HHH000409: Using org.hibernate.id.UUIDHexGenerator which does not generate IETF RFC 4122 compliant UUID values; consider using org.hibernate.id.UUIDGenerator instead 
[1;32m2019-03-05 18:53:48.700[0;39m [34mINFO [0;39m [36mo.s.o.j.LocalContainerEntityManagerFactoryBean[0;39m - Initialized JPA EntityManagerFactory for persistence unit 'default' 
[1;32m2019-03-05 18:53:49.556[0;39m [34mINFO [0;39m [36mo.h.h.i.QueryTranslatorFactoryInitiator[0;39m - HHH000397: Using ASTQueryTranslatorFactory 
[1;32m2019-03-05 18:53:53.167[0;39m [34mINFO [0;39m [36mo.s.j.e.a.AnnotationMBeanExporter  [0;39m - Registering beans for JMX exposure on startup 
[1;32m2019-03-05 18:53:53.170[0;39m [34mINFO [0;39m [36mo.s.j.e.a.AnnotationMBeanExporter  [0;39m - Bean with name 'statFilter' has been autodetected for JMX exposure 
[1;32m2019-03-05 18:53:53.171[0;39m [34mINFO [0;39m [36mo.s.j.e.a.AnnotationMBeanExporter  [0;39m - Bean with name 'dataSource' has been autodetected for JMX exposure 
[1;32m2019-03-05 18:53:53.179[0;39m [34mINFO [0;39m [36mo.s.j.e.a.AnnotationMBeanExporter  [0;39m - Located MBean 'dataSource': registering with JMX server as MBean [com.alibaba.druid.spring.boot.autoconfigure:name=dataSource,type=DruidDataSourceWrapper] 
[1;32m2019-03-05 18:53:53.180[0;39m [34mINFO [0;39m [36mo.s.j.e.a.AnnotationMBeanExporter  [0;39m - Located MBean 'statFilter': registering with JMX server as MBean [com.alibaba.druid.filter.stat:name=statFilter,type=StatFilter] 
[1;32m2019-03-05 18:53:53.217[0;39m [34mINFO [0;39m [36mo.s.b.c.e.t.TomcatEmbeddedServletContainer[0;39m - Tomcat started on port(s): 8082 (http) 
[1;32m2019-03-05 18:53:53.222[0;39m [34mINFO [0;39m [36mcom.finanstar.MarketApplication    [0;39m - Started MarketApplication in 15.81 seconds (JVM running for 20.629) 
[1;32m2019-03-05 18:54:24.754[0;39m [34mINFO [0;39m [36mo.a.c.c.C.[Tomcat].[localhost].[/] [0;39m - Initializing Spring FrameworkServlet 'dispatcherServlet' 
