[1;32m2019-03-25 10:33:56.841[0;39m [34mINFO [0;39m [36mcom.finanstar.MarketApplication    [0;39m - Starting MarketApplication on danielpine with PID 23648 (G:\XHYT\ms\deri-market\target\classes started by danieline in G:\XHYT\ms\deri-market) 
[1;32m2019-03-25 10:33:56.855[0;39m [34mINFO [0;39m [36mcom.finanstar.MarketApplication    [0;39m - The following profiles are active: pro 
[1;32m2019-03-25 10:33:56.886[0;39m [34mINFO [0;39m [36mo.s.b.c.e.AnnotationConfigEmbeddedWebApplicationContext[0;39m - Refreshing org.springframework.boot.context.embedded.AnnotationConfigEmbeddedWebApplicationContext@55740540: startup date [Mon Mar 25 10:33:56 CST 2019]; root of context hierarchy 
[1;32m2019-03-25 10:33:57.588[0;39m [34mINFO [0;39m [36mo.s.d.r.c.RepositoryConfigurationDelegate[0;39m - Multiple Spring Data modules found, entering strict repository configuration mode! 
[1;32m2019-03-25 10:33:57.721[0;39m [34mINFO [0;39m [36mo.s.d.r.c.RepositoryConfigurationDelegate[0;39m - Multiple Spring Data modules found, entering strict repository configuration mode! 
[1;32m2019-03-25 10:33:57.792[0;39m [34mINFO [0;39m [36mo.s.d.r.c.RepositoryConfigurationExtensionSupport[0;39m - Spring Data Redis - Could not safely identify store assignment for repository candidate interface com.finanstar.repository.MarketRepository. 
[1;32m2019-03-25 10:33:57.794[0;39m [34mINFO [0;39m [36mo.s.d.r.c.RepositoryConfigurationExtensionSupport[0;39m - Spring Data Redis - Could not safely identify store assignment for repository candidate interface com.finanstar.repository.InstrRepository. 
[1;32m2019-03-25 10:33:58.161[0;39m [34mINFO [0;39m [36mo.s.c.s.PostProcessorRegistrationDelegate$BeanPostProcessorChecker[0;39m - Bean 'org.springframework.transaction.annotation.ProxyTransactionManagementConfiguration' of type [org.springframework.transaction.annotation.ProxyTransactionManagementConfiguration$$EnhancerBySpringCGLIB$$17bab5b6] is not eligible for getting processed by all BeanPostProcessors (for example: not eligible for auto-proxying) 
[1;32m2019-03-25 10:33:58.187[0;39m [34mINFO [0;39m [36mo.s.c.s.PostProcessorRegistrationDelegate$BeanPostProcessorChecker[0;39m - Bean 'org.springframework.cache.annotation.ProxyCachingConfiguration' of type [org.springframework.cache.annotation.ProxyCachingConfiguration$$EnhancerBySpringCGLIB$$60ccebd4] is not eligible for getting processed by all BeanPostProcessors (for example: not eligible for auto-proxying) 
[1;32m2019-03-25 10:33:58.198[0;39m [34mINFO [0;39m [36mo.s.c.s.PostProcessorRegistrationDelegate$BeanPostProcessorChecker[0;39m - Bean 'org.springframework.boot.autoconfigure.cache.CacheAutoConfiguration' of type [org.springframework.boot.autoconfigure.cache.CacheAutoConfiguration$$EnhancerBySpringCGLIB$$5540b078] is not eligible for getting processed by all BeanPostProcessors (for example: not eligible for auto-proxying) 
[1;32m2019-03-25 10:33:58.214[0;39m [34mINFO [0;39m [36mo.s.c.s.PostProcessorRegistrationDelegate$BeanPostProcessorChecker[0;39m - Bean 'spring.cache-org.springframework.boot.autoconfigure.cache.CacheProperties' of type [org.springframework.boot.autoconfigure.cache.CacheProperties] is not eligible for getting processed by all BeanPostProcessors (for example: not eligible for auto-proxying) 
[1;32m2019-03-25 10:33:58.222[0;39m [34mINFO [0;39m [36mo.s.c.s.PostProcessorRegistrationDelegate$BeanPostProcessorChecker[0;39m - Bean 'cacheManagerCustomizers' of type [org.springframework.boot.autoconfigure.cache.CacheManagerCustomizers] is not eligible for getting processed by all BeanPostProcessors (for example: not eligible for auto-proxying) 
[1;32m2019-03-25 10:33:58.225[0;39m [34mINFO [0;39m [36mo.s.c.s.PostProcessorRegistrationDelegate$BeanPostProcessorChecker[0;39m - Bean 'org.springframework.boot.autoconfigure.cache.RedisCacheConfiguration' of type [org.springframework.boot.autoconfigure.cache.RedisCacheConfiguration$$EnhancerBySpringCGLIB$$5d24cd2] is not eligible for getting processed by all BeanPostProcessors (for example: not eligible for auto-proxying) 
[1;32m2019-03-25 10:33:58.230[0;39m [34mINFO [0;39m [36mo.s.c.s.PostProcessorRegistrationDelegate$BeanPostProcessorChecker[0;39m - Bean 'redisConfig' of type [com.finanstar.conf.RedisConfig$$EnhancerBySpringCGLIB$$2bd1d07f] is not eligible for getting processed by all BeanPostProcessors (for example: not eligible for auto-proxying) 
[1;32m2019-03-25 10:33:58.241[0;39m [34mINFO [0;39m [36mo.s.c.s.PostProcessorRegistrationDelegate$BeanPostProcessorChecker[0;39m - Bean 'spring.redis-org.springframework.boot.autoconfigure.data.redis.RedisProperties' of type [org.springframework.boot.autoconfigure.data.redis.RedisProperties] is not eligible for getting processed by all BeanPostProcessors (for example: not eligible for auto-proxying) 
[1;32m2019-03-25 10:33:58.245[0;39m [34mINFO [0;39m [36mo.s.c.s.PostProcessorRegistrationDelegate$BeanPostProcessorChecker[0;39m - Bean 'org.springframework.boot.autoconfigure.data.redis.RedisAutoConfiguration$RedisConnectionConfiguration' of type [org.springframework.boot.autoconfigure.data.redis.RedisAutoConfiguration$RedisConnectionConfiguration$$EnhancerBySpringCGLIB$$abb4dcc5] is not eligible for getting processed by all BeanPostProcessors (for example: not eligible for auto-proxying) 
[1;32m2019-03-25 10:33:58.272[0;39m [34mINFO [0;39m [36mo.s.c.s.PostProcessorRegistrationDelegate$BeanPostProcessorChecker[0;39m - Bean 'redisConnectionFactory' of type [org.springframework.data.redis.connection.jedis.JedisConnectionFactory] is not eligible for getting processed by all BeanPostProcessors (for example: not eligible for auto-proxying) 
[1;32m2019-03-25 10:33:58.294[0;39m [34mINFO [0;39m [36mo.s.c.s.PostProcessorRegistrationDelegate$BeanPostProcessorChecker[0;39m - Bean 'redisTemplate' of type [org.springframework.data.redis.core.RedisTemplate] is not eligible for getting processed by all BeanPostProcessors (for example: not eligible for auto-proxying) 
[1;32m2019-03-25 10:33:58.301[0;39m [34mINFO [0;39m [36mo.s.c.s.PostProcessorRegistrationDelegate$BeanPostProcessorChecker[0;39m - Bean 'cacheManager' of type [org.springframework.data.redis.cache.RedisCacheManager] is not eligible for getting processed by all BeanPostProcessors (for example: not eligible for auto-proxying) 
[1;32m2019-03-25 10:33:58.301[0;39m [34mINFO [0;39m [36mo.s.c.s.PostProcessorRegistrationDelegate$BeanPostProcessorChecker[0;39m - Bean 'cacheAutoConfigurationValidator' of type [org.springframework.boot.autoconfigure.cache.CacheAutoConfiguration$CacheManagerValidator] is not eligible for getting processed by all BeanPostProcessors (for example: not eligible for auto-proxying) 
[1;32m2019-03-25 10:33:58.483[0;39m [34mINFO [0;39m [36mo.s.b.c.e.t.TomcatEmbeddedServletContainer[0;39m - Tomcat initialized with port(s): 8082 (http) 
[1;32m2019-03-25 10:33:58.495[0;39m [34mINFO [0;39m [36mo.a.catalina.core.StandardService  [0;39m - Starting service Tomcat 
[1;32m2019-03-25 10:33:58.496[0;39m [34mINFO [0;39m [36mo.a.catalina.core.StandardEngine   [0;39m - Starting Servlet Engine: Apache Tomcat/8.5.11 
[1;32m2019-03-25 10:33:58.599[0;39m [34mINFO [0;39m [36mo.a.c.c.C.[Tomcat].[localhost].[/] [0;39m - Initializing Spring embedded WebApplicationContext 
[1;32m2019-03-25 10:33:58.920[0;39m [34mINFO [0;39m [36mo.s.b.w.s.FilterRegistrationBean   [0;39m - Mapping filter: 'characterEncodingFilter' to: [/*] 
[1;32m2019-03-25 10:33:58.921[0;39m [34mINFO [0;39m [36mo.s.b.w.s.FilterRegistrationBean   [0;39m - Mapping filter: 'hiddenHttpMethodFilter' to: [/*] 
[1;32m2019-03-25 10:33:58.921[0;39m [34mINFO [0;39m [36mo.s.b.w.s.FilterRegistrationBean   [0;39m - Mapping filter: 'httpPutFormContentFilter' to: [/*] 
[1;32m2019-03-25 10:33:58.921[0;39m [34mINFO [0;39m [36mo.s.b.w.s.FilterRegistrationBean   [0;39m - Mapping filter: 'requestContextFilter' to: [/*] 
[1;32m2019-03-25 10:33:58.921[0;39m [34mINFO [0;39m [36mo.s.b.w.s.FilterRegistrationBean   [0;39m - Mapping filter: 'xssFilter' to urls: [/*] 
[1;32m2019-03-25 10:33:58.921[0;39m [34mINFO [0;39m [36mo.s.b.w.s.FilterRegistrationBean   [0;39m - Mapping filter: 'webStatFilter' to urls: [/*] 
[1;32m2019-03-25 10:33:58.922[0;39m [34mINFO [0;39m [36mo.s.b.w.s.FilterRegistrationBean   [0;39m - Mapping filter: 'topPermissionFilter' to urls: [/*] 
[1;32m2019-03-25 10:33:58.922[0;39m [34mINFO [0;39m [36mo.s.b.w.s.ServletRegistrationBean  [0;39m - Mapping servlet: 'dispatcherServlet' to [/] 
[1;32m2019-03-25 10:33:58.923[0;39m [34mINFO [0;39m [36mo.s.b.w.s.ServletRegistrationBean  [0;39m - Mapping servlet: 'statViewServlet' to [/druid/*] 
[1;32m2019-03-25 10:33:58.953[0;39m [34mINFO [0;39m [36mc.a.d.s.b.a.DruidDataSourceAutoConfigure[0;39m - Init DruidDataSource 
[1;32m2019-03-25 10:33:59.338[0;39m [34mINFO [0;39m [36mc.a.druid.pool.DruidDataSource     [0;39m - {dataSource-1} inited 
[1;32m2019-03-25 10:33:59.600[0;39m [34mINFO [0;39m [36mo.s.o.j.LocalContainerEntityManagerFactoryBean[0;39m - Building JPA container EntityManagerFactory for persistence unit 'default' 
[1;32m2019-03-25 10:33:59.610[0;39m [34mINFO [0;39m [36mo.h.jpa.internal.util.LogHelper    [0;39m - HHH000204: Processing PersistenceUnitInfo [
	name: default
	...] 
[1;32m2019-03-25 10:33:59.770[0;39m [34mINFO [0;39m [36morg.hibernate.Version              [0;39m - HHH000412: Hibernate Core {5.0.12.Final} 
[1;32m2019-03-25 10:33:59.772[0;39m [34mINFO [0;39m [36morg.hibernate.cfg.Environment      [0;39m - HHH000206: hibernate.properties not found 
[1;32m2019-03-25 10:33:59.773[0;39m [34mINFO [0;39m [36morg.hibernate.cfg.Environment      [0;39m - HHH000021: Bytecode provider name : javassist 
[1;32m2019-03-25 10:33:59.805[0;39m [34mINFO [0;39m [36mo.h.annotations.common.Version     [0;39m - HCANN000001: Hibernate Commons Annotations {5.0.1.Final} 
[1;32m2019-03-25 10:33:59.918[0;39m [34mINFO [0;39m [36morg.hibernate.dialect.Dialect      [0;39m - HHH000400: Using dialect: org.hibernate.dialect.MySQL5Dialect 
[1;32m2019-03-25 10:34:00.187[0;39m [31mWARN [0;39m [36morg.hibernate.id.UUIDHexGenerator  [0;39m - HHH000409: Using org.hibernate.id.UUIDHexGenerator which does not generate IETF RFC 4122 compliant UUID values; consider using org.hibernate.id.UUIDGenerator instead 
[1;32m2019-03-25 10:34:00.627[0;39m [34mINFO [0;39m [36mo.s.o.j.LocalContainerEntityManagerFactoryBean[0;39m - Initialized JPA EntityManagerFactory for persistence unit 'default' 
[1;32m2019-03-25 10:34:00.961[0;39m [34mINFO [0;39m [36mo.h.h.i.QueryTranslatorFactoryInitiator[0;39m - HHH000397: Using ASTQueryTranslatorFactory 
[1;32m2019-03-25 10:34:02.647[0;39m [34mINFO [0;39m [36mo.s.j.e.a.AnnotationMBeanExporter  [0;39m - Registering beans for JMX exposure on startup 
[1;32m2019-03-25 10:34:02.649[0;39m [34mINFO [0;39m [36mo.s.j.e.a.AnnotationMBeanExporter  [0;39m - Bean with name 'statFilter' has been autodetected for JMX exposure 
[1;32m2019-03-25 10:34:02.649[0;39m [34mINFO [0;39m [36mo.s.j.e.a.AnnotationMBeanExporter  [0;39m - Bean with name 'dataSource' has been autodetected for JMX exposure 
[1;32m2019-03-25 10:34:02.654[0;39m [34mINFO [0;39m [36mo.s.j.e.a.AnnotationMBeanExporter  [0;39m - Located MBean 'dataSource': registering with JMX server as MBean [com.alibaba.druid.spring.boot.autoconfigure:name=dataSource,type=DruidDataSourceWrapper] 
[1;32m2019-03-25 10:34:02.654[0;39m [34mINFO [0;39m [36mo.s.j.e.a.AnnotationMBeanExporter  [0;39m - Located MBean 'statFilter': registering with JMX server as MBean [com.alibaba.druid.filter.stat:name=statFilter,type=StatFilter] 
[1;32m2019-03-25 10:34:02.681[0;39m [34mINFO [0;39m [36mo.s.b.c.e.t.TomcatEmbeddedServletContainer[0;39m - Tomcat started on port(s): 8082 (http) 
[1;32m2019-03-25 10:34:02.684[0;39m [34mINFO [0;39m [36mcom.finanstar.MarketApplication    [0;39m - Started MarketApplication in 6.086 seconds (JVM running for 7.551) 
[1;32m2019-03-25 10:34:08.593[0;39m [34mINFO [0;39m [36mo.a.c.c.C.[Tomcat].[localhost].[/] [0;39m - Initializing Spring FrameworkServlet 'dispatcherServlet' 
[1;32m2019-03-25 10:34:44.510[0;39m [34mINFO [0;39m [36mo.s.b.a.SpringApplicationAdminMXBeanRegistrar$SpringApplicationAdmin[0;39m - Application shutdown requested. 
[1;32m2019-03-25 10:34:44.511[0;39m [34mINFO [0;39m [36mo.s.b.c.e.AnnotationConfigEmbeddedWebApplicationContext[0;39m - Closing org.springframework.boot.context.embedded.AnnotationConfigEmbeddedWebApplicationContext@55740540: startup date [Mon Mar 25 10:33:56 CST 2019]; root of context hierarchy 
[1;32m2019-03-25 10:34:44.517[0;39m [34mINFO [0;39m [36mo.s.j.e.a.AnnotationMBeanExporter  [0;39m - Unregistering JMX-exposed beans on shutdown 
[1;32m2019-03-25 10:34:44.517[0;39m [34mINFO [0;39m [36mo.s.j.e.a.AnnotationMBeanExporter  [0;39m - Unregistering JMX-exposed beans 
[1;32m2019-03-25 10:34:44.519[0;39m [34mINFO [0;39m [36mo.s.o.j.LocalContainerEntityManagerFactoryBean[0;39m - Closing JPA EntityManagerFactory for persistence unit 'default' 
[1;32m2019-03-25 10:34:44.523[0;39m [34mINFO [0;39m [36mc.a.druid.pool.DruidDataSource     [0;39m - {dataSource-1} closed 
[1;32m2019-03-25 10:34:49.443[0;39m [34mINFO [0;39m [36mcom.finanstar.MarketApplication    [0;39m - Starting MarketApplication on danielpine with PID 20180 (G:\XHYT\ms\deri-market\target\classes started by danieline in G:\XHYT\ms\deri-market) 
[1;32m2019-03-25 10:34:49.443[0;39m [34mINFO [0;39m [36mcom.finanstar.MarketApplication    [0;39m - The following profiles are active: pro 
[1;32m2019-03-25 10:34:49.483[0;39m [34mINFO [0;39m [36mo.s.b.c.e.AnnotationConfigEmbeddedWebApplicationContext[0;39m - Refreshing org.springframework.boot.context.embedded.AnnotationConfigEmbeddedWebApplicationContext@55740540: startup date [Mon Mar 25 10:34:49 CST 2019]; root of context hierarchy 
[1;32m2019-03-25 10:34:50.145[0;39m [34mINFO [0;39m [36mo.s.d.r.c.RepositoryConfigurationDelegate[0;39m - Multiple Spring Data modules found, entering strict repository configuration mode! 
[1;32m2019-03-25 10:34:50.265[0;39m [34mINFO [0;39m [36mo.s.d.r.c.RepositoryConfigurationDelegate[0;39m - Multiple Spring Data modules found, entering strict repository configuration mode! 
[1;32m2019-03-25 10:34:50.333[0;39m [34mINFO [0;39m [36mo.s.d.r.c.RepositoryConfigurationExtensionSupport[0;39m - Spring Data Redis - Could not safely identify store assignment for repository candidate interface com.finanstar.repository.MarketRepository. 
[1;32m2019-03-25 10:34:50.343[0;39m [34mINFO [0;39m [36mo.s.d.r.c.RepositoryConfigurationExtensionSupport[0;39m - Spring Data Redis - Could not safely identify store assignment for repository candidate interface com.finanstar.repository.InstrRepository. 
[1;32m2019-03-25 10:34:50.694[0;39m [34mINFO [0;39m [36mo.s.c.s.PostProcessorRegistrationDelegate$BeanPostProcessorChecker[0;39m - Bean 'org.springframework.transaction.annotation.ProxyTransactionManagementConfiguration' of type [org.springframework.transaction.annotation.ProxyTransactionManagementConfiguration$$EnhancerBySpringCGLIB$$53076ad] is not eligible for getting processed by all BeanPostProcessors (for example: not eligible for auto-proxying) 
[1;32m2019-03-25 10:34:50.714[0;39m [34mINFO [0;39m [36mo.s.c.s.PostProcessorRegistrationDelegate$BeanPostProcessorChecker[0;39m - Bean 'org.springframework.cache.annotation.ProxyCachingConfiguration' of type [org.springframework.cache.annotation.ProxyCachingConfiguration$$EnhancerBySpringCGLIB$$4e42accb] is not eligible for getting processed by all BeanPostProcessors (for example: not eligible for auto-proxying) 
[1;32m2019-03-25 10:34:50.724[0;39m [34mINFO [0;39m [36mo.s.c.s.PostProcessorRegistrationDelegate$BeanPostProcessorChecker[0;39m - Bean 'org.springframework.boot.autoconfigure.cache.CacheAutoConfiguration' of type [org.springframework.boot.autoconfigure.cache.CacheAutoConfiguration$$EnhancerBySpringCGLIB$$42b6716f] is not eligible for getting processed by all BeanPostProcessors (for example: not eligible for auto-proxying) 
[1;32m2019-03-25 10:34:50.744[0;39m [34mINFO [0;39m [36mo.s.c.s.PostProcessorRegistrationDelegate$BeanPostProcessorChecker[0;39m - Bean 'spring.cache-org.springframework.boot.autoconfigure.cache.CacheProperties' of type [org.springframework.boot.autoconfigure.cache.CacheProperties] is not eligible for getting processed by all BeanPostProcessors (for example: not eligible for auto-proxying) 
[1;32m2019-03-25 10:34:50.754[0;39m [34mINFO [0;39m [36mo.s.c.s.PostProcessorRegistrationDelegate$BeanPostProcessorChecker[0;39m - Bean 'cacheManagerCustomizers' of type [org.springframework.boot.autoconfigure.cache.CacheManagerCustomizers] is not eligible for getting processed by all BeanPostProcessors (for example: not eligible for auto-proxying) 
[1;32m2019-03-25 10:34:50.754[0;39m [34mINFO [0;39m [36mo.s.c.s.PostProcessorRegistrationDelegate$BeanPostProcessorChecker[0;39m - Bean 'org.springframework.boot.autoconfigure.cache.RedisCacheConfiguration' of type [org.springframework.boot.autoconfigure.cache.RedisCacheConfiguration$$EnhancerBySpringCGLIB$$f3480dc9] is not eligible for getting processed by all BeanPostProcessors (for example: not eligible for auto-proxying) 
[1;32m2019-03-25 10:34:50.754[0;39m [34mINFO [0;39m [36mo.s.c.s.PostProcessorRegistrationDelegate$BeanPostProcessorChecker[0;39m - Bean 'redisConfig' of type [com.finanstar.conf.RedisConfig$$EnhancerBySpringCGLIB$$19479176] is not eligible for getting processed by all BeanPostProcessors (for example: not eligible for auto-proxying) 
[1;32m2019-03-25 10:34:50.764[0;39m [34mINFO [0;39m [36mo.s.c.s.PostProcessorRegistrationDelegate$BeanPostProcessorChecker[0;39m - Bean 'spring.redis-org.springframework.boot.autoconfigure.data.redis.RedisProperties' of type [org.springframework.boot.autoconfigure.data.redis.RedisProperties] is not eligible for getting processed by all BeanPostProcessors (for example: not eligible for auto-proxying) 
[1;32m2019-03-25 10:34:50.774[0;39m [34mINFO [0;39m [36mo.s.c.s.PostProcessorRegistrationDelegate$BeanPostProcessorChecker[0;39m - Bean 'org.springframework.boot.autoconfigure.data.redis.RedisAutoConfiguration$RedisConnectionConfiguration' of type [org.springframework.boot.autoconfigure.data.redis.RedisAutoConfiguration$RedisConnectionConfiguration$$EnhancerBySpringCGLIB$$992a9dbc] is not eligible for getting processed by all BeanPostProcessors (for example: not eligible for auto-proxying) 
[1;32m2019-03-25 10:34:50.794[0;39m [34mINFO [0;39m [36mo.s.c.s.PostProcessorRegistrationDelegate$BeanPostProcessorChecker[0;39m - Bean 'redisConnectionFactory' of type [org.springframework.data.redis.connection.jedis.JedisConnectionFactory] is not eligible for getting processed by all BeanPostProcessors (for example: not eligible for auto-proxying) 
[1;32m2019-03-25 10:34:50.814[0;39m [34mINFO [0;39m [36mo.s.c.s.PostProcessorRegistrationDelegate$BeanPostProcessorChecker[0;39m - Bean 'redisTemplate' of type [org.springframework.data.redis.core.RedisTemplate] is not eligible for getting processed by all BeanPostProcessors (for example: not eligible for auto-proxying) 
[1;32m2019-03-25 10:34:50.824[0;39m [34mINFO [0;39m [36mo.s.c.s.PostProcessorRegistrationDelegate$BeanPostProcessorChecker[0;39m - Bean 'cacheManager' of type [org.springframework.data.redis.cache.RedisCacheManager] is not eligible for getting processed by all BeanPostProcessors (for example: not eligible for auto-proxying) 
[1;32m2019-03-25 10:34:50.824[0;39m [34mINFO [0;39m [36mo.s.c.s.PostProcessorRegistrationDelegate$BeanPostProcessorChecker[0;39m - Bean 'cacheAutoConfigurationValidator' of type [org.springframework.boot.autoconfigure.cache.CacheAutoConfiguration$CacheManagerValidator] is not eligible for getting processed by all BeanPostProcessors (for example: not eligible for auto-proxying) 
[1;32m2019-03-25 10:34:51.006[0;39m [34mINFO [0;39m [36mo.s.b.c.e.t.TomcatEmbeddedServletContainer[0;39m - Tomcat initialized with port(s): 8082 (http) 
[1;32m2019-03-25 10:34:51.016[0;39m [34mINFO [0;39m [36mo.a.catalina.core.StandardService  [0;39m - Starting service Tomcat 
[1;32m2019-03-25 10:34:51.016[0;39m [34mINFO [0;39m [36mo.a.catalina.core.StandardEngine   [0;39m - Starting Servlet Engine: Apache Tomcat/8.5.11 
[1;32m2019-03-25 10:34:51.106[0;39m [34mINFO [0;39m [36mo.a.c.c.C.[Tomcat].[localhost].[/] [0;39m - Initializing Spring embedded WebApplicationContext 
[1;32m2019-03-25 10:34:51.401[0;39m [34mINFO [0;39m [36mo.s.b.w.s.FilterRegistrationBean   [0;39m - Mapping filter: 'characterEncodingFilter' to: [/*] 
[1;32m2019-03-25 10:34:51.402[0;39m [34mINFO [0;39m [36mo.s.b.w.s.FilterRegistrationBean   [0;39m - Mapping filter: 'hiddenHttpMethodFilter' to: [/*] 
[1;32m2019-03-25 10:34:51.402[0;39m [34mINFO [0;39m [36mo.s.b.w.s.FilterRegistrationBean   [0;39m - Mapping filter: 'httpPutFormContentFilter' to: [/*] 
[1;32m2019-03-25 10:34:51.402[0;39m [34mINFO [0;39m [36mo.s.b.w.s.FilterRegistrationBean   [0;39m - Mapping filter: 'requestContextFilter' to: [/*] 
[1;32m2019-03-25 10:34:51.402[0;39m [34mINFO [0;39m [36mo.s.b.w.s.FilterRegistrationBean   [0;39m - Mapping filter: 'xssFilter' to urls: [/*] 
[1;32m2019-03-25 10:34:51.402[0;39m [34mINFO [0;39m [36mo.s.b.w.s.FilterRegistrationBean   [0;39m - Mapping filter: 'webStatFilter' to urls: [/*] 
[1;32m2019-03-25 10:34:51.403[0;39m [34mINFO [0;39m [36mo.s.b.w.s.FilterRegistrationBean   [0;39m - Mapping filter: 'topPermissionFilter' to urls: [/*] 
[1;32m2019-03-25 10:34:51.403[0;39m [34mINFO [0;39m [36mo.s.b.w.s.ServletRegistrationBean  [0;39m - Mapping servlet: 'dispatcherServlet' to [/] 
[1;32m2019-03-25 10:34:51.404[0;39m [34mINFO [0;39m [36mo.s.b.w.s.ServletRegistrationBean  [0;39m - Mapping servlet: 'statViewServlet' to [/druid/*] 
[1;32m2019-03-25 10:34:51.424[0;39m [34mINFO [0;39m [36mc.a.d.s.b.a.DruidDataSourceAutoConfigure[0;39m - Init DruidDataSource 
[1;32m2019-03-25 10:34:51.814[0;39m [34mINFO [0;39m [36mc.a.druid.pool.DruidDataSource     [0;39m - {dataSource-1} inited 
[1;32m2019-03-25 10:34:52.517[0;39m [34mINFO [0;39m [36mo.s.o.j.LocalContainerEntityManagerFactoryBean[0;39m - Building JPA container EntityManagerFactory for persistence unit 'default' 
[1;32m2019-03-25 10:34:52.527[0;39m [34mINFO [0;39m [36mo.h.jpa.internal.util.LogHelper    [0;39m - HHH000204: Processing PersistenceUnitInfo [
	name: default
	...] 
[1;32m2019-03-25 10:34:52.711[0;39m [34mINFO [0;39m [36morg.hibernate.Version              [0;39m - HHH000412: Hibernate Core {5.0.12.Final} 
[1;32m2019-03-25 10:34:52.712[0;39m [34mINFO [0;39m [36morg.hibernate.cfg.Environment      [0;39m - HHH000206: hibernate.properties not found 
[1;32m2019-03-25 10:34:52.713[0;39m [34mINFO [0;39m [36morg.hibernate.cfg.Environment      [0;39m - HHH000021: Bytecode provider name : javassist 
[1;32m2019-03-25 10:34:52.745[0;39m [34mINFO [0;39m [36mo.h.annotations.common.Version     [0;39m - HCANN000001: Hibernate Commons Annotations {5.0.1.Final} 
[1;32m2019-03-25 10:34:52.854[0;39m [34mINFO [0;39m [36morg.hibernate.dialect.Dialect      [0;39m - HHH000400: Using dialect: org.hibernate.dialect.MySQL5Dialect 
[1;32m2019-03-25 10:34:53.051[0;39m [31mWARN [0;39m [36morg.hibernate.id.UUIDHexGenerator  [0;39m - HHH000409: Using org.hibernate.id.UUIDHexGenerator which does not generate IETF RFC 4122 compliant UUID values; consider using org.hibernate.id.UUIDGenerator instead 
[1;32m2019-03-25 10:34:53.456[0;39m [34mINFO [0;39m [36mo.s.o.j.LocalContainerEntityManagerFactoryBean[0;39m - Initialized JPA EntityManagerFactory for persistence unit 'default' 
[1;32m2019-03-25 10:34:53.765[0;39m [34mINFO [0;39m [36mo.h.h.i.QueryTranslatorFactoryInitiator[0;39m - HHH000397: Using ASTQueryTranslatorFactory 
[1;32m2019-03-25 10:34:55.449[0;39m [34mINFO [0;39m [36mo.s.j.e.a.AnnotationMBeanExporter  [0;39m - Registering beans for JMX exposure on startup 
[1;32m2019-03-25 10:34:55.451[0;39m [34mINFO [0;39m [36mo.s.j.e.a.AnnotationMBeanExporter  [0;39m - Bean with name 'statFilter' has been autodetected for JMX exposure 
[1;32m2019-03-25 10:34:55.452[0;39m [34mINFO [0;39m [36mo.s.j.e.a.AnnotationMBeanExporter  [0;39m - Bean with name 'dataSource' has been autodetected for JMX exposure 
[1;32m2019-03-25 10:34:55.456[0;39m [34mINFO [0;39m [36mo.s.j.e.a.AnnotationMBeanExporter  [0;39m - Located MBean 'dataSource': registering with JMX server as MBean [com.alibaba.druid.spring.boot.autoconfigure:name=dataSource,type=DruidDataSourceWrapper] 
[1;32m2019-03-25 10:34:55.457[0;39m [34mINFO [0;39m [36mo.s.j.e.a.AnnotationMBeanExporter  [0;39m - Located MBean 'statFilter': registering with JMX server as MBean [com.alibaba.druid.filter.stat:name=statFilter,type=StatFilter] 
[1;32m2019-03-25 10:34:55.482[0;39m [34mINFO [0;39m [36mo.s.b.c.e.t.TomcatEmbeddedServletContainer[0;39m - Tomcat started on port(s): 8082 (http) 
[1;32m2019-03-25 10:34:55.486[0;39m [34mINFO [0;39m [36mcom.finanstar.MarketApplication    [0;39m - Started MarketApplication in 6.276 seconds (JVM running for 7.708) 
[1;32m2019-03-25 10:36:05.402[0;39m [34mINFO [0;39m [36mo.a.c.c.C.[Tomcat].[localhost].[/] [0;39m - Initializing Spring FrameworkServlet 'dispatcherServlet' 
[1;32m2019-03-25 10:36:06.168[0;39m [34mINFO [0;39m [36mc.f.m.s.impl.PriceDataServiceImpl  [0;39m - find SHFECU at:20190322 
[1;32m2019-03-25 10:36:06.287[0;39m [34mINFO [0;39m [36mc.f.m.s.impl.PriceDataServiceImpl  [0;39m - find vol at:20190322 
[1;32m2019-03-25 11:01:42.849[0;39m [34mINFO [0;39m [36mc.f.m.s.impl.PriceDataServiceImpl  [0;39m -  --->>> findFxConvByName() redis not exist:fx_conv_USDCNY, will find in database! 
[1;32m2019-03-25 11:01:42.952[0;39m [34mINFO [0;39m [36mc.f.m.s.impl.PriceDataServiceImpl  [0;39m -  --->>> marketConvFxQuery:MarketConvFxQuery [cutCalendar=BJ, marketName=USDCNY, ccy1=USD, ccy2=CNY, discntMarket=CNYFR, fundCcy=CNY, tradeCaldar=BJX, effetLag=2, paytCladar=BJX, paytBusday=MFL, paytLag=2, atmSett=ATMF] 
[1;32m2019-03-25 11:01:43.229[0;39m [34mINFO [0;39m [36mc.f.m.f.c.PriceDataController      [0;39m - find USDCNYsps at:20190322 
[1;32m2019-03-25 11:01:43.230[0;39m [34mINFO [0;39m [36mc.f.m.f.c.PriceDataController      [0;39m - [USDCNY_0D~6.7131, USDCNY_SP1D~0.08, USDCNY_SP1W~3.20, USDCNY_SP2W~4.00, USDCNY_SP3W~5.00, USDCNY_SP1M~6.30, USDCNY_SP2M~8.50, USDCNY_SP3M~9.20, USDCNY_SP4M~18.00, USDCNY_SP5M~25.00, USDCNY_SP6M~25.00, USDCNY_SP9M~46.00, USDCNY_SP1Y~64.00, USDCNY_SP2Y~262.50, USDCNY_SP3Y~600.00, USDCNY_SP4Y~900.00, USDCNY_SP5Y~1100.00] 
[1;32m2019-03-25 11:01:43.277[0;39m [34mINFO [0;39m [36mc.f.m.f.c.PriceDataController      [0;39m - find CASH CNYFR at:20190322 
[1;32m2019-03-25 11:01:43.319[0;39m [34mINFO [0;39m [36mc.f.m.f.c.PriceDataController      [0;39m - find SWAP CNYFR at:20190322 
[1;32m2019-03-25 11:01:43.322[0;39m [31mWARN [0;39m [36mo.h.hql.internal.ast.HqlSqlWalker  [0;39m - [DEPRECATION] Encountered positional parameter near line 1, column 71 in HQL: [FROM com.finanstar.market.entity.MarketVolCompanyEntity WHERE company=? and market=?].  Positional parameter are considered deprecated; use named parameters or JPA-style positional parameters instead. 
[1;32m2019-03-25 11:01:43.323[0;39m [31mWARN [0;39m [36mo.h.hql.internal.ast.HqlSqlWalker  [0;39m - [DEPRECATION] Encountered positional parameter near line 1, column 84 in HQL: [FROM com.finanstar.market.entity.MarketVolCompanyEntity WHERE company=? and market=?].  Positional parameter are considered deprecated; use named parameters or JPA-style positional parameters instead. 
[1;32m2019-03-25 11:04:09.568[0;39m [34mINFO [0;39m [36mc.f.m.s.impl.PriceDataServiceImpl  [0;39m - find SHFECU at:20190322 
[1;32m2019-03-25 11:04:09.683[0;39m [34mINFO [0;39m [36mc.f.m.s.impl.PriceDataServiceImpl  [0;39m - find vol at:20190322 
[1;32m2019-03-25 11:07:47.529[0;39m [34mINFO [0;39m [36mc.f.m.s.impl.PriceDataServiceImpl  [0;39m -  --->>> findFxConvByName() redis exist:fx_conv_USDCNY 
[1;32m2019-03-25 11:07:47.811[0;39m [34mINFO [0;39m [36mc.f.m.s.impl.PriceDataServiceImpl  [0;39m -  --->>> marketConvFxQuery:MarketConvFxQuery [cutCalendar=BJ, marketName=USDCNY, ccy1=USD, ccy2=CNY, discntMarket=CNYFR, fundCcy=CNY, tradeCaldar=BJX, effetLag=2, paytCladar=BJX, paytBusday=MFL, paytLag=2, atmSett=ATMF] 
[1;32m2019-03-25 11:07:47.924[0;39m [34mINFO [0;39m [36mc.f.m.f.c.PriceDataController      [0;39m - find USDCNYsps at:20190322 
[1;32m2019-03-25 11:07:47.925[0;39m [34mINFO [0;39m [36mc.f.m.f.c.PriceDataController      [0;39m - [USDCNY_0D~6.7131, USDCNY_SP1D~0.08, USDCNY_SP1W~3.20, USDCNY_SP2W~4.00, USDCNY_SP3W~5.00, USDCNY_SP1M~6.30, USDCNY_SP2M~8.50, USDCNY_SP3M~9.20, USDCNY_SP4M~18.00, USDCNY_SP5M~25.00, USDCNY_SP6M~25.00, USDCNY_SP9M~46.00, USDCNY_SP1Y~64.00, USDCNY_SP2Y~262.50, USDCNY_SP3Y~600.00, USDCNY_SP4Y~900.00, USDCNY_SP5Y~1100.00] 
[1;32m2019-03-25 11:07:47.969[0;39m [34mINFO [0;39m [36mc.f.m.f.c.PriceDataController      [0;39m - find CASH CNYFR at:20190322 
[1;32m2019-03-25 11:07:48.006[0;39m [34mINFO [0;39m [36mc.f.m.f.c.PriceDataController      [0;39m - find SWAP CNYFR at:20190322 
[1;32m2019-03-25 11:07:48.113[0;39m [34mINFO [0;39m [36mc.f.m.f.c.PriceDataController      [0;39m - markets from db 
[1;32m2019-03-25 11:07:59.775[0;39m [34mINFO [0;39m [36mc.f.m.s.impl.PriceDataServiceImpl  [0;39m -  --->>> findFxConvByName() redis exist:fx_conv_USDCNY 
[1;32m2019-03-25 11:07:59.824[0;39m [34mINFO [0;39m [36mc.f.m.s.impl.PriceDataServiceImpl  [0;39m -  --->>> marketConvFxQuery:MarketConvFxQuery [cutCalendar=BJ, marketName=USDCNY, ccy1=USD, ccy2=CNY, discntMarket=CNYFR, fundCcy=CNY, tradeCaldar=BJX, effetLag=2, paytCladar=BJX, paytBusday=MFL, paytLag=2, atmSett=ATMF] 
[1;32m2019-03-25 11:08:00.611[0;39m [34mINFO [0;39m [36mc.f.m.f.c.PriceDataController      [0;39m - find USDCNYsps at:20190322 
[1;32m2019-03-25 11:08:00.612[0;39m [34mINFO [0;39m [36mc.f.m.f.c.PriceDataController      [0;39m - [USDCNY_0D~6.7131, USDCNY_SP1D~0.08, USDCNY_SP1W~3.20, USDCNY_SP2W~4.00, USDCNY_SP3W~5.00, USDCNY_SP1M~6.30, USDCNY_SP2M~8.50, USDCNY_SP3M~9.20, USDCNY_SP4M~18.00, USDCNY_SP5M~25.00, USDCNY_SP6M~25.00, USDCNY_SP9M~46.00, USDCNY_SP1Y~64.00, USDCNY_SP2Y~262.50, USDCNY_SP3Y~600.00, USDCNY_SP4Y~900.00, USDCNY_SP5Y~1100.00] 
[1;32m2019-03-25 11:08:00.647[0;39m [34mINFO [0;39m [36mc.f.m.f.c.PriceDataController      [0;39m - find CASH CNYFR at:20190322 
[1;32m2019-03-25 11:08:00.682[0;39m [34mINFO [0;39m [36mc.f.m.f.c.PriceDataController      [0;39m - find SWAP CNYFR at:20190322 
[1;32m2019-03-25 11:14:43.877[0;39m [34mINFO [0;39m [36mc.f.m.s.impl.PriceDataServiceImpl  [0;39m - find SHFECU at:20190322 
[1;32m2019-03-25 11:14:44.012[0;39m [34mINFO [0;39m [36mc.f.m.s.impl.PriceDataServiceImpl  [0;39m - find vol at:20190322 
[1;32m2019-03-25 11:24:28.195[0;39m [34mINFO [0;39m [36mc.f.m.s.impl.PriceDataServiceImpl  [0;39m -  --->>> findFxConvByName() redis exist:fx_conv_USDCNY 
[1;32m2019-03-25 11:24:28.242[0;39m [34mINFO [0;39m [36mc.f.m.s.impl.PriceDataServiceImpl  [0;39m -  --->>> marketConvFxQuery:MarketConvFxQuery [cutCalendar=BJ, marketName=USDCNY, ccy1=USD, ccy2=CNY, discntMarket=CNYFR, fundCcy=CNY, tradeCaldar=BJX, effetLag=2, paytCladar=BJX, paytBusday=MFL, paytLag=2, atmSett=ATMF] 
[1;32m2019-03-25 11:25:40.864[0;39m [34mINFO [0;39m [36mc.f.m.s.impl.PriceDataServiceImpl  [0;39m -  --->>> findFxConvByName() redis exist:fx_conv_USDCNY 
[1;32m2019-03-25 11:25:40.910[0;39m [34mINFO [0;39m [36mc.f.m.s.impl.PriceDataServiceImpl  [0;39m -  --->>> marketConvFxQuery:MarketConvFxQuery [cutCalendar=BJ, marketName=USDCNY, ccy1=USD, ccy2=CNY, discntMarket=CNYFR, fundCcy=CNY, tradeCaldar=BJX, effetLag=2, paytCladar=BJX, paytBusday=MFL, paytLag=2, atmSett=ATMF] 
[1;32m2019-03-25 11:26:25.298[0;39m [34mINFO [0;39m [36mc.f.m.s.impl.PriceDataServiceImpl  [0;39m -  --->>> findFxConvByName() redis exist:fx_conv_USDCNY 
[1;32m2019-03-25 11:26:25.342[0;39m [34mINFO [0;39m [36mc.f.m.s.impl.PriceDataServiceImpl  [0;39m -  --->>> marketConvFxQuery:MarketConvFxQuery [cutCalendar=BJ, marketName=USDCNY, ccy1=USD, ccy2=CNY, discntMarket=CNYFR, fundCcy=CNY, tradeCaldar=BJX, effetLag=2, paytCladar=BJX, paytBusday=MFL, paytLag=2, atmSett=ATMF] 
[1;32m2019-03-25 11:27:28.853[0;39m [34mINFO [0;39m [36mc.f.m.s.impl.PriceDataServiceImpl  [0;39m -  --->>> findFxConvByName() redis exist:fx_conv_USDCNY 
[1;32m2019-03-25 11:27:28.906[0;39m [34mINFO [0;39m [36mc.f.m.s.impl.PriceDataServiceImpl  [0;39m -  --->>> marketConvFxQuery:MarketConvFxQuery [cutCalendar=BJ, marketName=USDCNY, ccy1=USD, ccy2=CNY, discntMarket=CNYFR, fundCcy=CNY, tradeCaldar=BJX, effetLag=2, paytCladar=BJX, paytBusday=MFL, paytLag=2, atmSett=ATMF] 
[1;32m2019-03-25 11:32:05.830[0;39m [34mINFO [0;39m [36mc.f.m.s.impl.PriceDataServiceImpl  [0;39m -  --->>> findFxConvByName() redis exist:fx_conv_USDCNY 
[1;32m2019-03-25 11:32:05.875[0;39m [34mINFO [0;39m [36mc.f.m.s.impl.PriceDataServiceImpl  [0;39m -  --->>> marketConvFxQuery:MarketConvFxQuery [cutCalendar=BJ, marketName=USDCNY, ccy1=USD, ccy2=CNY, discntMarket=CNYFR, fundCcy=CNY, tradeCaldar=BJX, effetLag=2, paytCladar=BJX, paytBusday=MFL, paytLag=2, atmSett=ATMF] 
[1;32m2019-03-25 11:32:36.839[0;39m [34mINFO [0;39m [36mc.f.m.s.impl.PriceDataServiceImpl  [0;39m -  --->>> findFxConvByName() redis exist:fx_conv_USDCNY 
[1;32m2019-03-25 11:32:36.883[0;39m [34mINFO [0;39m [36mc.f.m.s.impl.PriceDataServiceImpl  [0;39m -  --->>> marketConvFxQuery:MarketConvFxQuery [cutCalendar=BJ, marketName=USDCNY, ccy1=USD, ccy2=CNY, discntMarket=CNYFR, fundCcy=CNY, tradeCaldar=BJX, effetLag=2, paytCladar=BJX, paytBusday=MFL, paytLag=2, atmSett=ATMF] 
[1;32m2019-03-25 11:33:21.971[0;39m [34mINFO [0;39m [36mc.f.m.s.impl.PriceDataServiceImpl  [0;39m -  --->>> findFxConvByName() redis exist:fx_conv_USDCNY 
[1;32m2019-03-25 11:33:22.015[0;39m [34mINFO [0;39m [36mc.f.m.s.impl.PriceDataServiceImpl  [0;39m -  --->>> marketConvFxQuery:MarketConvFxQuery [cutCalendar=BJ, marketName=USDCNY, ccy1=USD, ccy2=CNY, discntMarket=CNYFR, fundCcy=CNY, tradeCaldar=BJX, effetLag=2, paytCladar=BJX, paytBusday=MFL, paytLag=2, atmSett=ATMF] 
[1;32m2019-03-25 11:34:03.682[0;39m [34mINFO [0;39m [36mc.f.m.s.impl.PriceDataServiceImpl  [0;39m -  --->>> findFxConvByName() redis exist:fx_conv_USDCNY 
[1;32m2019-03-25 11:34:03.726[0;39m [34mINFO [0;39m [36mc.f.m.s.impl.PriceDataServiceImpl  [0;39m -  --->>> marketConvFxQuery:MarketConvFxQuery [cutCalendar=BJ, marketName=USDCNY, ccy1=USD, ccy2=CNY, discntMarket=CNYFR, fundCcy=CNY, tradeCaldar=BJX, effetLag=2, paytCladar=BJX, paytBusday=MFL, paytLag=2, atmSett=ATMF] 
[1;32m2019-03-25 11:34:07.733[0;39m [34mINFO [0;39m [36mc.f.m.s.impl.PriceDataServiceImpl  [0;39m -  --->>> findFxConvByName() redis exist:fx_conv_USDCNY 
[1;32m2019-03-25 11:34:07.779[0;39m [34mINFO [0;39m [36mc.f.m.s.impl.PriceDataServiceImpl  [0;39m -  --->>> marketConvFxQuery:MarketConvFxQuery [cutCalendar=BJ, marketName=USDCNY, ccy1=USD, ccy2=CNY, discntMarket=CNYFR, fundCcy=CNY, tradeCaldar=BJX, effetLag=2, paytCladar=BJX, paytBusday=MFL, paytLag=2, atmSett=ATMF] 
[1;32m2019-03-25 11:34:11.555[0;39m [34mINFO [0;39m [36mc.f.m.s.impl.PriceDataServiceImpl  [0;39m -  --->>> findFxConvByName() redis exist:fx_conv_USDCNY 
[1;32m2019-03-25 11:34:11.599[0;39m [34mINFO [0;39m [36mc.f.m.s.impl.PriceDataServiceImpl  [0;39m -  --->>> marketConvFxQuery:MarketConvFxQuery [cutCalendar=BJ, marketName=USDCNY, ccy1=USD, ccy2=CNY, discntMarket=CNYFR, fundCcy=CNY, tradeCaldar=BJX, effetLag=2, paytCladar=BJX, paytBusday=MFL, paytLag=2, atmSett=ATMF] 
[1;32m2019-03-25 11:34:42.414[0;39m [34mINFO [0;39m [36mc.f.m.s.impl.PriceDataServiceImpl  [0;39m -  --->>> findFxConvByName() redis exist:fx_conv_USDCNY 
[1;32m2019-03-25 11:34:42.463[0;39m [34mINFO [0;39m [36mc.f.m.s.impl.PriceDataServiceImpl  [0;39m -  --->>> marketConvFxQuery:MarketConvFxQuery [cutCalendar=BJ, marketName=USDCNY, ccy1=USD, ccy2=CNY, discntMarket=CNYFR, fundCcy=CNY, tradeCaldar=BJX, effetLag=2, paytCladar=BJX, paytBusday=MFL, paytLag=2, atmSett=ATMF] 
[1;32m2019-03-25 11:34:46.986[0;39m [34mINFO [0;39m [36mc.f.m.s.impl.PriceDataServiceImpl  [0;39m -  --->>> findFxConvByName() redis exist:fx_conv_USDCNY 
[1;32m2019-03-25 11:34:47.031[0;39m [34mINFO [0;39m [36mc.f.m.s.impl.PriceDataServiceImpl  [0;39m -  --->>> marketConvFxQuery:MarketConvFxQuery [cutCalendar=BJ, marketName=USDCNY, ccy1=USD, ccy2=CNY, discntMarket=CNYFR, fundCcy=CNY, tradeCaldar=BJX, effetLag=2, paytCladar=BJX, paytBusday=MFL, paytLag=2, atmSett=ATMF] 
[1;32m2019-03-25 11:35:03.477[0;39m [34mINFO [0;39m [36mc.f.m.s.impl.PriceDataServiceImpl  [0;39m -  --->>> findFxConvByName() redis exist:fx_conv_USDCNY 
[1;32m2019-03-25 11:35:03.533[0;39m [34mINFO [0;39m [36mc.f.m.s.impl.PriceDataServiceImpl  [0;39m -  --->>> marketConvFxQuery:MarketConvFxQuery [cutCalendar=BJ, marketName=USDCNY, ccy1=USD, ccy2=CNY, discntMarket=CNYFR, fundCcy=CNY, tradeCaldar=BJX, effetLag=2, paytCladar=BJX, paytBusday=MFL, paytLag=2, atmSett=ATMF] 
[1;32m2019-03-25 11:52:33.795[0;39m [34mINFO [0;39m [36mc.f.m.f.c.PriceDataController      [0;39m - {"head":["Year","Alpha","Beta","VolAdj","DiscAdj"],"body":[]} 
[1;32m2019-03-25 11:58:25.006[0;39m [34mINFO [0;39m [36mc.f.m.f.c.PriceDataController      [0;39m - {"head":["Year","Alpha","Beta","VolAdj","DiscAdj"],"body":[]} 
[1;32m2019-03-25 12:19:51.798[0;39m [34mINFO [0;39m [36mc.f.m.f.c.PriceDataController      [0;39m - {"head":["Year","Alpha","Beta","VolAdj","DiscAdj"],"body":[{"Year":1,"Alpha":2,"Beta":3,"VolAdj":4,"DiscAdj":5},{"Year":1,"Alpha":2,"Beta":3,"VolAdj":4,"DiscAdj":5}]} 
[1;32m2019-03-25 12:24:55.964[0;39m [34mINFO [0;39m [36mc.f.m.f.c.PriceDataController      [0;39m - {"head":["Year","Alpha","Beta","VolAdj","DiscAdj"],"body":[{"Year":1,"Alpha":1,"Beta":1,"VolAdj":1,"DiscAdj":1}]} 
[1;32m2019-03-25 12:25:08.028[0;39m [34mINFO [0;39m [36mc.f.m.f.c.PriceDataController      [0;39m - {"head":["Year","Alpha","Beta","VolAdj","DiscAdj"],"body":[]} 
[1;32m2019-03-25 12:25:56.996[0;39m [34mINFO [0;39m [36mc.f.m.f.c.PriceDataController      [0;39m - {"head":["Year","Alpha","Beta","VolAdj","DiscAdj"],"body":[{"Year":0.5,"Alpha":1,"Beta":1,"VolAdj":0,"DiscAdj":0},{"Year":1,"Alpha":1,"Beta":1,"VolAdj":0,"DiscAdj":0}]} 
[1;32m2019-03-25 12:30:25.175[0;39m [34mINFO [0;39m [36mc.f.m.f.c.PriceDataController      [0;39m - {"head":["Year","Alpha","Beta","VolAdj","DiscAdj"],"body":[{"Year":0.5,"Alpha":1,"Beta":1,"VolAdj":0,"DiscAdj":0},{"Year":1,"Alpha":1,"Beta":1,"VolAdj":0,"DiscAdj":0}]} 
[1;32m2019-03-25 12:37:54.664[0;39m [34mINFO [0;39m [36mc.f.m.f.c.PriceDataController      [0;39m - {"head":["Year","Alpha","Beta","VolAdj","DiscAdj"],"body":[{"Year":0,"Alpha":-0.05,"Beta":0,"VolAdj":0,"DiscAdj":1.2},{"Year":0.5,"Alpha":-0.05,"Beta":0,"VolAdj":0,"DiscAdj":1.2},{"Year":1,"Alpha":-0.05,"Beta":0,"VolAdj":0,"DiscAdj":1.2}]} 
[1;32m2019-03-25 13:11:27.584[0;39m [34mINFO [0;39m [36mc.f.m.f.c.PriceDataController      [0;39m - {"head":["Year","Alpha","Beta","VolAdj","DiscAdj"],"body":[{"Year":0,"Alpha":-0.05,"Beta":0,"VolAdj":0,"DiscAdj":1.2},{"Year":0.5,"Alpha":-0.05,"Beta":0,"VolAdj":0,"DiscAdj":1.2},{"Year":1,"Alpha":-0.05,"Beta":0,"VolAdj":0,"DiscAdj":1.2}]} 
[1;32m2019-03-25 13:11:45.904[0;39m [34mINFO [0;39m [36mc.f.m.f.c.PriceDataController      [0;39m - {"head":["Year","Alpha","Beta","VolAdj","DiscAdj"],"body":[{"Year":0,"Alpha":-0.05,"Beta":0,"VolAdj":0,"DiscAdj":1.2},{"Year":0.5,"Alpha":-0.05,"Beta":0,"VolAdj":0,"DiscAdj":1.2},{"Year":1,"Alpha":-0.05,"Beta":0,"VolAdj":0,"DiscAdj":1.2}]} 
[1;32m2019-03-25 13:12:03.803[0;39m [34mINFO [0;39m [36mc.f.m.f.c.PriceDataController      [0;39m - {"head":["Year","Alpha","Beta","VolAdj","DiscAdj"],"body":[{"Year":0,"DiscAdj":1.2,"Alpha":-0.05,"VolAdj":0,"Beta":0},{"Year":0.5,"DiscAdj":1.2,"Alpha":-0.05,"VolAdj":0,"Beta":0},{"Year":1,"DiscAdj":1.2,"Alpha":-0.04,"VolAdj":0,"Beta":0}]} 
[1;32m2019-03-25 13:13:24.597[0;39m [34mINFO [0;39m [36mc.f.m.f.c.PriceDataController      [0;39m - {"head":["Year","Alpha","Beta","VolAdj","DiscAdj"],"body":[{"Year":0,"Alpha":-0.05,"Beta":0,"VolAdj":0,"DiscAdj":1.2},{"Year":0.5,"Alpha":-0.05,"Beta":0,"VolAdj":0,"DiscAdj":1.2},{"Year":1,"Alpha":-0.05,"Beta":0,"VolAdj":0,"DiscAdj":1.2}]} 
[1;32m2019-03-25 14:49:35.735[0;39m [34mINFO [0;39m [36mc.f.m.f.c.PriceDataController      [0;39m - {"head":["Year","Alpha","Beta","VolAdj","DiscAdj"],"body":[{"Year":0,"DiscAdj":1.2,"Alpha":-0.05,"VolAdj":0,"Beta":0},{"Year":0.5,"DiscAdj":1.2,"Alpha":-0.05,"VolAdj":0,"Beta":0},{"Year":1,"DiscAdj":1.2,"Alpha":-0.05,"VolAdj":0,"Beta":0}]} 
[1;32m2019-03-25 14:50:05.952[0;39m [34mINFO [0;39m [36mc.f.m.f.c.PriceDataController      [0;39m - {"head":["Year","Alpha","Beta","VolAdj","DiscAdj"],"body":[{"Year":0,"Alpha":-0.05,"Beta":0,"VolAdj":0,"DiscAdj":1.2},{"Year":0.5,"Alpha":-0.05,"Beta":0,"VolAdj":0,"DiscAdj":1.2},{"Year":1,"Alpha":-0.05,"Beta":0,"VolAdj":0,"DiscAdj":1.2},{"Year":2,"Alpha":-0.04,"Beta":0,"VolAdj":0,"DiscAdj":1.2}]} 
[1;32m2019-03-25 14:58:33.803[0;39m [34mINFO [0;39m [36mc.f.m.f.c.PriceDataController      [0;39m - {"head":["Year","Alpha","Beta","VolAdj","DiscAdj"],"body":[{"Year":0,"Alpha":-0.05,"Beta":0,"VolAdj":0,"DiscAdj":1.2},{"Year":0.5,"Alpha":-0.05,"Beta":0,"VolAdj":0,"DiscAdj":1.2},{"Year":1,"Alpha":-0.05,"Beta":0,"VolAdj":0,"DiscAdj":1.2}]} 
[1;32m2019-03-25 14:59:43.659[0;39m [34mINFO [0;39m [36mc.f.m.f.c.PriceDataController      [0;39m - {"head":["Year","Alpha","Beta","VolAdj","DiscAdj"],"body":[{"Year":0,"DiscAdj":1.2,"Alpha":-0.05,"VolAdj":0,"Beta":0},{"Year":0.5,"DiscAdj":1.2,"Alpha":-0.05,"VolAdj":0,"Beta":0},{"Year":1,"DiscAdj":1.2,"Alpha":-0.05,"VolAdj":0,"Beta":0}]} 
[1;32m2019-03-25 15:01:26.888[0;39m [34mINFO [0;39m [36mc.f.m.f.c.PriceDataController      [0;39m - {"head":["Year","Alpha","Beta","VolAdj","DiscAdj"],"body":[{"Year":0,"DiscAdj":1.2,"Alpha":-0.05,"VolAdj":0,"Beta":0},{"Year":0.5,"DiscAdj":1.2,"Alpha":-0.05,"VolAdj":0,"Beta":0},{"Year":1,"DiscAdj":1.2,"Alpha":-0.05,"VolAdj":0,"Beta":0}]} 
[1;32m2019-03-25 15:03:41.227[0;39m [34mINFO [0;39m [36mc.f.m.f.c.PriceDataController      [0;39m - {"head":["Year","Alpha","Beta","VolAdj","DiscAdj"],"body":[{"Year":0,"DiscAdj":1.2,"Alpha":-0.05,"VolAdj":0,"Beta":0},{"Year":0.5,"DiscAdj":1.2,"Alpha":-0.05,"VolAdj":0,"Beta":0},{"Year":1,"DiscAdj":1.2,"Alpha":-0.05,"VolAdj":0,"Beta":0}]} 
[1;32m2019-03-25 15:13:34.894[0;39m [34mINFO [0;39m [36mc.f.m.f.c.PriceDataController      [0;39m - {"head":["Year","Alpha","Beta","VolAdj","DiscAdj"],"body":[{"Year":0,"DiscAdj":1.2,"Alpha":-0.05,"VolAdj":0,"Beta":0},{"Year":0.5,"DiscAdj":1.2,"Alpha":-0.05,"VolAdj":0,"Beta":0},{"Year":1,"DiscAdj":1.2,"Alpha":-0.05,"VolAdj":0,"Beta":0}]} 
[1;32m2019-03-25 15:13:44.506[0;39m [34mINFO [0;39m [36mc.f.m.s.impl.PriceDataServiceImpl  [0;39m - find SHFECU at:20190322 
[1;32m2019-03-25 15:13:44.982[0;39m [34mINFO [0;39m [36mc.f.m.s.impl.PriceDataServiceImpl  [0;39m - find vol at:20190322 
[1;32m2019-03-25 15:14:04.489[0;39m [34mINFO [0;39m [36mc.f.m.s.impl.PriceDataServiceImpl  [0;39m - find SHFEAU at:20190322 
[1;32m2019-03-25 15:14:04.601[0;39m [34mINFO [0;39m [36mc.f.m.s.impl.PriceDataServiceImpl  [0;39m - find vol at:20190322 
[1;32m2019-03-25 15:17:22.929[0;39m [34mINFO [0;39m [36mo.s.b.a.SpringApplicationAdminMXBeanRegistrar$SpringApplicationAdmin[0;39m - Application shutdown requested. 
[1;32m2019-03-25 15:17:22.930[0;39m [34mINFO [0;39m [36mo.s.b.c.e.AnnotationConfigEmbeddedWebApplicationContext[0;39m - Closing org.springframework.boot.context.embedded.AnnotationConfigEmbeddedWebApplicationContext@55740540: startup date [Mon Mar 25 10:34:49 CST 2019]; root of context hierarchy 
[1;32m2019-03-25 15:17:22.936[0;39m [34mINFO [0;39m [36mo.s.j.e.a.AnnotationMBeanExporter  [0;39m - Unregistering JMX-exposed beans on shutdown 
[1;32m2019-03-25 15:17:22.938[0;39m [34mINFO [0;39m [36mo.s.j.e.a.AnnotationMBeanExporter  [0;39m - Unregistering JMX-exposed beans 
[1;32m2019-03-25 15:17:22.939[0;39m [34mINFO [0;39m [36mo.s.o.j.LocalContainerEntityManagerFactoryBean[0;39m - Closing JPA EntityManagerFactory for persistence unit 'default' 
[1;32m2019-03-25 15:17:22.944[0;39m [34mINFO [0;39m [36mc.a.druid.pool.DruidDataSource     [0;39m - {dataSource-1} closed 
[1;32m2019-03-25 15:17:28.845[0;39m [34mINFO [0;39m [36mcom.finanstar.MarketApplication    [0;39m - Starting MarketApplication on danielpine with PID 18120 (G:\XHYT\ms\deri-market\target\classes started by danieline in G:\XHYT\ms\deri-market) 
[1;32m2019-03-25 15:17:28.855[0;39m [34mINFO [0;39m [36mcom.finanstar.MarketApplication    [0;39m - The following profiles are active: pro 
[1;32m2019-03-25 15:17:28.888[0;39m [34mINFO [0;39m [36mo.s.b.c.e.AnnotationConfigEmbeddedWebApplicationContext[0;39m - Refreshing org.springframework.boot.context.embedded.AnnotationConfigEmbeddedWebApplicationContext@55740540: startup date [Mon Mar 25 15:17:28 CST 2019]; root of context hierarchy 
[1;32m2019-03-25 15:17:29.561[0;39m [34mINFO [0;39m [36mo.s.d.r.c.RepositoryConfigurationDelegate[0;39m - Multiple Spring Data modules found, entering strict repository configuration mode! 
[1;32m2019-03-25 15:17:29.693[0;39m [34mINFO [0;39m [36mo.s.d.r.c.RepositoryConfigurationDelegate[0;39m - Multiple Spring Data modules found, entering strict repository configuration mode! 
[1;32m2019-03-25 15:17:29.763[0;39m [34mINFO [0;39m [36mo.s.d.r.c.RepositoryConfigurationExtensionSupport[0;39m - Spring Data Redis - Could not safely identify store assignment for repository candidate interface com.finanstar.repository.MarketRepository. 
[1;32m2019-03-25 15:17:29.764[0;39m [34mINFO [0;39m [36mo.s.d.r.c.RepositoryConfigurationExtensionSupport[0;39m - Spring Data Redis - Could not safely identify store assignment for repository candidate interface com.finanstar.repository.InstrRepository. 
[1;32m2019-03-25 15:17:30.129[0;39m [34mINFO [0;39m [36mo.s.c.s.PostProcessorRegistrationDelegate$BeanPostProcessorChecker[0;39m - Bean 'org.springframework.transaction.annotation.ProxyTransactionManagementConfiguration' of type [org.springframework.transaction.annotation.ProxyTransactionManagementConfiguration$$EnhancerBySpringCGLIB$$63ea6b0d] is not eligible for getting processed by all BeanPostProcessors (for example: not eligible for auto-proxying) 
[1;32m2019-03-25 15:17:30.158[0;39m [34mINFO [0;39m [36mo.s.c.s.PostProcessorRegistrationDelegate$BeanPostProcessorChecker[0;39m - Bean 'org.springframework.cache.annotation.ProxyCachingConfiguration' of type [org.springframework.cache.annotation.ProxyCachingConfiguration$$EnhancerBySpringCGLIB$$acfca12b] is not eligible for getting processed by all BeanPostProcessors (for example: not eligible for auto-proxying) 
[1;32m2019-03-25 15:17:30.169[0;39m [34mINFO [0;39m [36mo.s.c.s.PostProcessorRegistrationDelegate$BeanPostProcessorChecker[0;39m - Bean 'org.springframework.boot.autoconfigure.cache.CacheAutoConfiguration' of type [org.springframework.boot.autoconfigure.cache.CacheAutoConfiguration$$EnhancerBySpringCGLIB$$a17065cf] is not eligible for getting processed by all BeanPostProcessors (for example: not eligible for auto-proxying) 
[1;32m2019-03-25 15:17:30.188[0;39m [34mINFO [0;39m [36mo.s.c.s.PostProcessorRegistrationDelegate$BeanPostProcessorChecker[0;39m - Bean 'spring.cache-org.springframework.boot.autoconfigure.cache.CacheProperties' of type [org.springframework.boot.autoconfigure.cache.CacheProperties] is not eligible for getting processed by all BeanPostProcessors (for example: not eligible for auto-proxying) 
[1;32m2019-03-25 15:17:30.196[0;39m [34mINFO [0;39m [36mo.s.c.s.PostProcessorRegistrationDelegate$BeanPostProcessorChecker[0;39m - Bean 'cacheManagerCustomizers' of type [org.springframework.boot.autoconfigure.cache.CacheManagerCustomizers] is not eligible for getting processed by all BeanPostProcessors (for example: not eligible for auto-proxying) 
[1;32m2019-03-25 15:17:30.199[0;39m [34mINFO [0;39m [36mo.s.c.s.PostProcessorRegistrationDelegate$BeanPostProcessorChecker[0;39m - Bean 'org.springframework.boot.autoconfigure.cache.RedisCacheConfiguration' of type [org.springframework.boot.autoconfigure.cache.RedisCacheConfiguration$$EnhancerBySpringCGLIB$$52020229] is not eligible for getting processed by all BeanPostProcessors (for example: not eligible for auto-proxying) 
[1;32m2019-03-25 15:17:30.205[0;39m [34mINFO [0;39m [36mo.s.c.s.PostProcessorRegistrationDelegate$BeanPostProcessorChecker[0;39m - Bean 'redisConfig' of type [com.finanstar.conf.RedisConfig$$EnhancerBySpringCGLIB$$780185d6] is not eligible for getting processed by all BeanPostProcessors (for example: not eligible for auto-proxying) 
[1;32m2019-03-25 15:17:30.214[0;39m [34mINFO [0;39m [36mo.s.c.s.PostProcessorRegistrationDelegate$BeanPostProcessorChecker[0;39m - Bean 'spring.redis-org.springframework.boot.autoconfigure.data.redis.RedisProperties' of type [org.springframework.boot.autoconfigure.data.redis.RedisProperties] is not eligible for getting processed by all BeanPostProcessors (for example: not eligible for auto-proxying) 
[1;32m2019-03-25 15:17:30.219[0;39m [34mINFO [0;39m [36mo.s.c.s.PostProcessorRegistrationDelegate$BeanPostProcessorChecker[0;39m - Bean 'org.springframework.boot.autoconfigure.data.redis.RedisAutoConfiguration$RedisConnectionConfiguration' of type [org.springframework.boot.autoconfigure.data.redis.RedisAutoConfiguration$RedisConnectionConfiguration$$EnhancerBySpringCGLIB$$f7e4921c] is not eligible for getting processed by all BeanPostProcessors (for example: not eligible for auto-proxying) 
[1;32m2019-03-25 15:17:30.247[0;39m [34mINFO [0;39m [36mo.s.c.s.PostProcessorRegistrationDelegate$BeanPostProcessorChecker[0;39m - Bean 'redisConnectionFactory' of type [org.springframework.data.redis.connection.jedis.JedisConnectionFactory] is not eligible for getting processed by all BeanPostProcessors (for example: not eligible for auto-proxying) 
[1;32m2019-03-25 15:17:30.269[0;39m [34mINFO [0;39m [36mo.s.c.s.PostProcessorRegistrationDelegate$BeanPostProcessorChecker[0;39m - Bean 'redisTemplate' of type [org.springframework.data.redis.core.RedisTemplate] is not eligible for getting processed by all BeanPostProcessors (for example: not eligible for auto-proxying) 
[1;32m2019-03-25 15:17:30.276[0;39m [34mINFO [0;39m [36mo.s.c.s.PostProcessorRegistrationDelegate$BeanPostProcessorChecker[0;39m - Bean 'cacheManager' of type [org.springframework.data.redis.cache.RedisCacheManager] is not eligible for getting processed by all BeanPostProcessors (for example: not eligible for auto-proxying) 
[1;32m2019-03-25 15:17:30.277[0;39m [34mINFO [0;39m [36mo.s.c.s.PostProcessorRegistrationDelegate$BeanPostProcessorChecker[0;39m - Bean 'cacheAutoConfigurationValidator' of type [org.springframework.boot.autoconfigure.cache.CacheAutoConfiguration$CacheManagerValidator] is not eligible for getting processed by all BeanPostProcessors (for example: not eligible for auto-proxying) 
[1;32m2019-03-25 15:17:30.477[0;39m [34mINFO [0;39m [36mo.s.b.c.e.t.TomcatEmbeddedServletContainer[0;39m - Tomcat initialized with port(s): 8082 (http) 
[1;32m2019-03-25 15:17:30.488[0;39m [34mINFO [0;39m [36mo.a.catalina.core.StandardService  [0;39m - Starting service Tomcat 
[1;32m2019-03-25 15:17:30.488[0;39m [34mINFO [0;39m [36mo.a.catalina.core.StandardEngine   [0;39m - Starting Servlet Engine: Apache Tomcat/8.5.11 
[1;32m2019-03-25 15:17:30.585[0;39m [34mINFO [0;39m [36mo.a.c.c.C.[Tomcat].[localhost].[/] [0;39m - Initializing Spring embedded WebApplicationContext 
[1;32m2019-03-25 15:17:30.880[0;39m [34mINFO [0;39m [36mo.s.b.w.s.FilterRegistrationBean   [0;39m - Mapping filter: 'characterEncodingFilter' to: [/*] 
[1;32m2019-03-25 15:17:30.880[0;39m [34mINFO [0;39m [36mo.s.b.w.s.FilterRegistrationBean   [0;39m - Mapping filter: 'hiddenHttpMethodFilter' to: [/*] 
[1;32m2019-03-25 15:17:30.880[0;39m [34mINFO [0;39m [36mo.s.b.w.s.FilterRegistrationBean   [0;39m - Mapping filter: 'httpPutFormContentFilter' to: [/*] 
[1;32m2019-03-25 15:17:30.881[0;39m [34mINFO [0;39m [36mo.s.b.w.s.FilterRegistrationBean   [0;39m - Mapping filter: 'requestContextFilter' to: [/*] 
[1;32m2019-03-25 15:17:30.881[0;39m [34mINFO [0;39m [36mo.s.b.w.s.FilterRegistrationBean   [0;39m - Mapping filter: 'xssFilter' to urls: [/*] 
[1;32m2019-03-25 15:17:30.881[0;39m [34mINFO [0;39m [36mo.s.b.w.s.FilterRegistrationBean   [0;39m - Mapping filter: 'webStatFilter' to urls: [/*] 
[1;32m2019-03-25 15:17:30.881[0;39m [34mINFO [0;39m [36mo.s.b.w.s.FilterRegistrationBean   [0;39m - Mapping filter: 'topPermissionFilter' to urls: [/*] 
[1;32m2019-03-25 15:17:30.881[0;39m [34mINFO [0;39m [36mo.s.b.w.s.ServletRegistrationBean  [0;39m - Mapping servlet: 'dispatcherServlet' to [/] 
[1;32m2019-03-25 15:17:30.882[0;39m [34mINFO [0;39m [36mo.s.b.w.s.ServletRegistrationBean  [0;39m - Mapping servlet: 'statViewServlet' to [/druid/*] 
[1;32m2019-03-25 15:17:30.914[0;39m [34mINFO [0;39m [36mc.a.d.s.b.a.DruidDataSourceAutoConfigure[0;39m - Init DruidDataSource 
[1;32m2019-03-25 15:17:31.321[0;39m [34mINFO [0;39m [36mc.a.druid.pool.DruidDataSource     [0;39m - {dataSource-1} inited 
[1;32m2019-03-25 15:17:31.684[0;39m [34mINFO [0;39m [36mo.s.o.j.LocalContainerEntityManagerFactoryBean[0;39m - Building JPA container EntityManagerFactory for persistence unit 'default' 
[1;32m2019-03-25 15:17:31.696[0;39m [34mINFO [0;39m [36mo.h.jpa.internal.util.LogHelper    [0;39m - HHH000204: Processing PersistenceUnitInfo [
	name: default
	...] 
[1;32m2019-03-25 15:17:31.887[0;39m [34mINFO [0;39m [36morg.hibernate.Version              [0;39m - HHH000412: Hibernate Core {5.0.12.Final} 
[1;32m2019-03-25 15:17:31.888[0;39m [34mINFO [0;39m [36morg.hibernate.cfg.Environment      [0;39m - HHH000206: hibernate.properties not found 
[1;32m2019-03-25 15:17:31.889[0;39m [34mINFO [0;39m [36morg.hibernate.cfg.Environment      [0;39m - HHH000021: Bytecode provider name : javassist 
[1;32m2019-03-25 15:17:31.919[0;39m [34mINFO [0;39m [36mo.h.annotations.common.Version     [0;39m - HCANN000001: Hibernate Commons Annotations {5.0.1.Final} 
[1;32m2019-03-25 15:17:32.029[0;39m [34mINFO [0;39m [36morg.hibernate.dialect.Dialect      [0;39m - HHH000400: Using dialect: org.hibernate.dialect.MySQL5Dialect 
[1;32m2019-03-25 15:17:32.230[0;39m [31mWARN [0;39m [36morg.hibernate.id.UUIDHexGenerator  [0;39m - HHH000409: Using org.hibernate.id.UUIDHexGenerator which does not generate IETF RFC 4122 compliant UUID values; consider using org.hibernate.id.UUIDGenerator instead 
[1;32m2019-03-25 15:17:32.653[0;39m [34mINFO [0;39m [36mo.s.o.j.LocalContainerEntityManagerFactoryBean[0;39m - Initialized JPA EntityManagerFactory for persistence unit 'default' 
[1;32m2019-03-25 15:17:32.979[0;39m [34mINFO [0;39m [36mo.h.h.i.QueryTranslatorFactoryInitiator[0;39m - HHH000397: Using ASTQueryTranslatorFactory 
[1;32m2019-03-25 15:17:34.670[0;39m [34mINFO [0;39m [36mo.s.j.e.a.AnnotationMBeanExporter  [0;39m - Registering beans for JMX exposure on startup 
[1;32m2019-03-25 15:17:34.671[0;39m [34mINFO [0;39m [36mo.s.j.e.a.AnnotationMBeanExporter  [0;39m - Bean with name 'statFilter' has been autodetected for JMX exposure 
[1;32m2019-03-25 15:17:34.672[0;39m [34mINFO [0;39m [36mo.s.j.e.a.AnnotationMBeanExporter  [0;39m - Bean with name 'dataSource' has been autodetected for JMX exposure 
[1;32m2019-03-25 15:17:34.677[0;39m [34mINFO [0;39m [36mo.s.j.e.a.AnnotationMBeanExporter  [0;39m - Located MBean 'dataSource': registering with JMX server as MBean [com.alibaba.druid.spring.boot.autoconfigure:name=dataSource,type=DruidDataSourceWrapper] 
[1;32m2019-03-25 15:17:34.678[0;39m [34mINFO [0;39m [36mo.s.j.e.a.AnnotationMBeanExporter  [0;39m - Located MBean 'statFilter': registering with JMX server as MBean [com.alibaba.druid.filter.stat:name=statFilter,type=StatFilter] 
[1;32m2019-03-25 15:17:34.703[0;39m [34mINFO [0;39m [36mo.s.b.c.e.t.TomcatEmbeddedServletContainer[0;39m - Tomcat started on port(s): 8082 (http) 
[1;32m2019-03-25 15:17:34.708[0;39m [34mINFO [0;39m [36mcom.finanstar.MarketApplication    [0;39m - Started MarketApplication in 6.116 seconds (JVM running for 7.548) 
[1;32m2019-03-25 15:17:40.086[0;39m [34mINFO [0;39m [36mo.a.c.c.C.[Tomcat].[localhost].[/] [0;39m - Initializing Spring FrameworkServlet 'dispatcherServlet' 
[1;32m2019-03-25 15:17:40.681[0;39m [31mWARN [0;39m [36mo.h.hql.internal.ast.HqlSqlWalker  [0;39m - [DEPRECATION] Encountered positional parameter near line 1, column 71 in HQL: [FROM com.finanstar.market.entity.MarketVolCompanyEntity WHERE company=? and market=?].  Positional parameter are considered deprecated; use named parameters or JPA-style positional parameters instead. 
[1;32m2019-03-25 15:17:40.683[0;39m [31mWARN [0;39m [36mo.h.hql.internal.ast.HqlSqlWalker  [0;39m - [DEPRECATION] Encountered positional parameter near line 1, column 84 in HQL: [FROM com.finanstar.market.entity.MarketVolCompanyEntity WHERE company=? and market=?].  Positional parameter are considered deprecated; use named parameters or JPA-style positional parameters instead. 
[1;32m2019-03-25 15:17:41.075[0;39m [34mINFO [0;39m [36mc.f.m.s.impl.PriceDataServiceImpl  [0;39m - find SHFECU at:20190322 
[1;32m2019-03-25 15:17:41.337[0;39m [34mINFO [0;39m [36mc.f.m.s.impl.PriceDataServiceImpl  [0;39m - find vol at:20190322 
[1;32m2019-03-25 15:31:50.846[0;39m [34mINFO [0;39m [36mc.f.m.s.impl.PriceDataServiceImpl  [0;39m - find SHFECU at:20190322 
[1;32m2019-03-25 15:31:50.957[0;39m [34mINFO [0;39m [36mc.f.m.s.impl.PriceDataServiceImpl  [0;39m - find vol at:20190322 
[1;32m2019-03-25 15:38:19.432[0;39m [1;31mERROR[0;39m [36mo.a.c.c.C.[.[.[.[dispatcherServlet][0;39m - Servlet.service() for servlet [dispatcherServlet] in context with path [] threw exception 
org.springframework.data.redis.RedisConnectionFailureException: Cannot get Jedis connection; nested exception is redis.clients.jedis.exceptions.JedisConnectionException: Could not get a resource from the pool
	at org.springframework.data.redis.connection.jedis.JedisConnectionFactory.fetchJedisConnector(JedisConnectionFactory.java:204)
	at org.springframework.data.redis.connection.jedis.JedisConnectionFactory.getConnection(JedisConnectionFactory.java:348)
	at org.springframework.data.redis.core.RedisConnectionUtils.doGetConnection(RedisConnectionUtils.java:129)
	at org.springframework.data.redis.core.RedisConnectionUtils.getConnection(RedisConnectionUtils.java:92)
	at org.springframework.data.redis.core.RedisConnectionUtils.getConnection(RedisConnectionUtils.java:79)
	at org.springframework.data.redis.core.RedisTemplate.execute(RedisTemplate.java:194)
	at org.springframework.data.redis.core.RedisTemplate.execute(RedisTemplate.java:169)
	at org.springframework.data.redis.core.AbstractOperations.execute(AbstractOperations.java:91)
	at org.springframework.data.redis.core.DefaultValueOperations.get(DefaultValueOperations.java:43)
	at com.finanstar.market.service.RedisService.get(RedisService.java:115)
	at com.finanstar.market.filter.TopPermissionFilter.checkToken(TopPermissionFilter.java:131)
	at com.finanstar.market.filter.TopPermissionFilter.doFilter(TopPermissionFilter.java:92)
	at org.apache.catalina.core.ApplicationFilterChain.internalDoFilter(ApplicationFilterChain.java:192)
	at org.apache.catalina.core.ApplicationFilterChain.doFilter(ApplicationFilterChain.java:165)
	at com.alibaba.druid.support.http.WebStatFilter.doFilter(WebStatFilter.java:123)
	at org.apache.catalina.core.ApplicationFilterChain.internalDoFilter(ApplicationFilterChain.java:192)
	at org.apache.catalina.core.ApplicationFilterChain.doFilter(ApplicationFilterChain.java:165)
	at com.finanstar.http.xss.XssFilter.doFilter(XssFilter.java:48)
	at org.apache.catalina.core.ApplicationFilterChain.internalDoFilter(ApplicationFilterChain.java:192)
	at org.apache.catalina.core.ApplicationFilterChain.doFilter(ApplicationFilterChain.java:165)
	at org.springframework.web.filter.RequestContextFilter.doFilterInternal(RequestContextFilter.java:99)
	at org.springframework.web.filter.OncePerRequestFilter.doFilter(OncePerRequestFilter.java:107)
	at org.apache.catalina.core.ApplicationFilterChain.internalDoFilter(ApplicationFilterChain.java:192)
	at org.apache.catalina.core.ApplicationFilterChain.doFilter(ApplicationFilterChain.java:165)
	at org.springframework.web.filter.HttpPutFormContentFilter.doFilterInternal(HttpPutFormContentFilter.java:105)
	at org.springframework.web.filter.OncePerRequestFilter.doFilter(OncePerRequestFilter.java:107)
	at org.apache.catalina.core.ApplicationFilterChain.internalDoFilter(ApplicationFilterChain.java:192)
	at org.apache.catalina.core.ApplicationFilterChain.doFilter(ApplicationFilterChain.java:165)
	at org.springframework.web.filter.HiddenHttpMethodFilter.doFilterInternal(HiddenHttpMethodFilter.java:81)
	at org.springframework.web.filter.OncePerRequestFilter.doFilter(OncePerRequestFilter.java:107)
	at org.apache.catalina.core.ApplicationFilterChain.internalDoFilter(ApplicationFilterChain.java:192)
	at org.apache.catalina.core.ApplicationFilterChain.doFilter(ApplicationFilterChain.java:165)
	at org.springframework.web.filter.CharacterEncodingFilter.doFilterInternal(CharacterEncodingFilter.java:197)
	at org.springframework.web.filter.OncePerRequestFilter.doFilter(OncePerRequestFilter.java:107)
	at org.apache.catalina.core.ApplicationFilterChain.internalDoFilter(ApplicationFilterChain.java:192)
	at org.apache.catalina.core.ApplicationFilterChain.doFilter(ApplicationFilterChain.java:165)
	at org.apache.catalina.core.StandardWrapperValve.invoke(StandardWrapperValve.java:198)
	at org.apache.catalina.core.StandardContextValve.invoke(StandardContextValve.java:96)
	at org.apache.catalina.authenticator.AuthenticatorBase.invoke(AuthenticatorBase.java:474)
	at org.apache.catalina.core.StandardHostValve.invoke(StandardHostValve.java:140)
	at org.apache.catalina.valves.ErrorReportValve.invoke(ErrorReportValve.java:79)
	at org.apache.catalina.core.StandardEngineValve.invoke(StandardEngineValve.java:87)
	at org.apache.catalina.connector.CoyoteAdapter.service(CoyoteAdapter.java:349)
	at org.apache.coyote.http11.Http11Processor.service(Http11Processor.java:783)
	at org.apache.coyote.AbstractProcessorLight.process(AbstractProcessorLight.java:66)
	at org.apache.coyote.AbstractProtocol$ConnectionHandler.process(AbstractProtocol.java:798)
	at org.apache.tomcat.util.net.NioEndpoint$SocketProcessor.doRun(NioEndpoint.java:1434)
	at org.apache.tomcat.util.net.SocketProcessorBase.run(SocketProcessorBase.java:49)
	at java.util.concurrent.ThreadPoolExecutor.runWorker(ThreadPoolExecutor.java:1142)
	at java.util.concurrent.ThreadPoolExecutor$Worker.run(ThreadPoolExecutor.java:617)
	at org.apache.tomcat.util.threads.TaskThread$WrappingRunnable.run(TaskThread.java:61)
	at java.lang.Thread.run(Thread.java:745)
Caused by: redis.clients.jedis.exceptions.JedisConnectionException: Could not get a resource from the pool
	at redis.clients.util.Pool.getResource(Pool.java:53)
	at redis.clients.jedis.JedisPool.getResource(JedisPool.java:226)
	at redis.clients.jedis.JedisPool.getResource(JedisPool.java:16)
	at org.springframework.data.redis.connection.jedis.JedisConnectionFactory.fetchJedisConnector(JedisConnectionFactory.java:194)
	... 51 common frames omitted
Caused by: redis.clients.jedis.exceptions.JedisConnectionException: java.net.SocketTimeoutException: connect timed out
	at redis.clients.jedis.Connection.connect(Connection.java:207)
	at redis.clients.jedis.BinaryClient.connect(BinaryClient.java:93)
	at redis.clients.jedis.BinaryJedis.connect(BinaryJedis.java:1767)
	at redis.clients.jedis.JedisFactory.makeObject(JedisFactory.java:106)
	at org.apache.commons.pool2.impl.GenericObjectPool.create(GenericObjectPool.java:868)
	at org.apache.commons.pool2.impl.GenericObjectPool.borrowObject(GenericObjectPool.java:435)
	at org.apache.commons.pool2.impl.GenericObjectPool.borrowObject(GenericObjectPool.java:363)
	at redis.clients.util.Pool.getResource(Pool.java:49)
	... 54 common frames omitted
Caused by: java.net.SocketTimeoutException: connect timed out
	at java.net.DualStackPlainSocketImpl.waitForConnect(Native Method)
	at java.net.DualStackPlainSocketImpl.socketConnect(DualStackPlainSocketImpl.java:85)
	at java.net.AbstractPlainSocketImpl.doConnect(AbstractPlainSocketImpl.java:350)
	at java.net.AbstractPlainSocketImpl.connectToAddress(AbstractPlainSocketImpl.java:206)
	at java.net.AbstractPlainSocketImpl.connect(AbstractPlainSocketImpl.java:188)
	at java.net.PlainSocketImpl.connect(PlainSocketImpl.java:172)
	at java.net.SocksSocketImpl.connect(SocksSocketImpl.java:392)
	at java.net.Socket.connect(Socket.java:589)
	at redis.clients.jedis.Connection.connect(Connection.java:184)
	... 61 common frames omitted
[1;32m2019-03-25 15:38:36.891[0;39m [34mINFO [0;39m [36mc.f.m.s.impl.PriceDataServiceImpl  [0;39m - find CFFEXIF at:20190322 
[1;32m2019-03-25 15:38:37.013[0;39m [34mINFO [0;39m [36mc.f.m.s.impl.PriceDataServiceImpl  [0;39m - find vol at:20190322 
[1;32m2019-03-25 15:38:38.868[0;39m [34mINFO [0;39m [36mc.f.m.s.impl.PriceDataServiceImpl  [0;39m - find CFFEXIC at:20190322 
[1;32m2019-03-25 15:38:38.980[0;39m [34mINFO [0;39m [36mc.f.m.s.impl.PriceDataServiceImpl  [0;39m - find vol at:20190322 
[1;32m2019-03-25 15:39:04.323[0;39m [34mINFO [0;39m [36mc.f.m.s.impl.PriceDataServiceImpl  [0;39m - find CFFEXTF at:20190322 
[1;32m2019-03-25 15:39:04.427[0;39m [34mINFO [0;39m [36mc.f.m.s.impl.PriceDataServiceImpl  [0;39m - find vol at:20190322 
[1;32m2019-03-25 15:59:55.560[0;39m [34mINFO [0;39m [36mc.f.m.s.impl.PriceDataServiceImpl  [0;39m - find SHFECU at:20190322 
[1;32m2019-03-25 15:59:55.665[0;39m [34mINFO [0;39m [36mc.f.m.s.impl.PriceDataServiceImpl  [0;39m - find vol at:20190322 
[1;32m2019-03-25 15:59:55.833[0;39m [34mINFO [0;39m [36mc.f.m.s.impl.PriceDataServiceImpl  [0;39m - find SHFEAG at:20190322 
[1;32m2019-03-25 15:59:55.964[0;39m [34mINFO [0;39m [36mc.f.m.s.impl.PriceDataServiceImpl  [0;39m - find vol at:20190322 
[1;32m2019-03-25 15:59:56.105[0;39m [34mINFO [0;39m [36mc.f.m.s.impl.PriceDataServiceImpl  [0;39m - find SHFEAU at:20190322 
[1;32m2019-03-25 15:59:56.216[0;39m [34mINFO [0;39m [36mc.f.m.s.impl.PriceDataServiceImpl  [0;39m - find vol at:20190322 
[1;32m2019-03-25 16:06:52.224[0;39m [34mINFO [0;39m [36mc.f.m.s.impl.PriceDataServiceImpl  [0;39m - find SHFECU at:20190322 
[1;32m2019-03-25 16:06:52.403[0;39m [34mINFO [0;39m [36mc.f.m.s.impl.PriceDataServiceImpl  [0;39m - find vol at:20190322 
[1;32m2019-03-25 16:06:52.626[0;39m [34mINFO [0;39m [36mc.f.m.s.impl.PriceDataServiceImpl  [0;39m - find SHFEAG at:20190322 
[1;32m2019-03-25 16:06:52.934[0;39m [34mINFO [0;39m [36mc.f.m.s.impl.PriceDataServiceImpl  [0;39m - find vol at:20190322 
[1;32m2019-03-25 16:06:53.092[0;39m [34mINFO [0;39m [36mc.f.m.s.impl.PriceDataServiceImpl  [0;39m - find SHFEAU at:20190322 
[1;32m2019-03-25 16:06:53.222[0;39m [34mINFO [0;39m [36mc.f.m.s.impl.PriceDataServiceImpl  [0;39m - find vol at:20190322 
[1;32m2019-03-25 16:21:52.394[0;39m [34mINFO [0;39m [36mc.f.m.s.impl.PriceDataServiceImpl  [0;39m - find SHFECU at:20190322 
[1;32m2019-03-25 16:21:52.502[0;39m [34mINFO [0;39m [36mc.f.m.s.impl.PriceDataServiceImpl  [0;39m - find vol at:20190322 
[1;32m2019-03-25 16:22:06.131[0;39m [34mINFO [0;39m [36mc.f.m.s.impl.PriceDataServiceImpl  [0;39m - find SHFECU at:20190322 
[1;32m2019-03-25 16:22:06.241[0;39m [34mINFO [0;39m [36mc.f.m.s.impl.PriceDataServiceImpl  [0;39m - find vol at:20190322 
[1;32m2019-03-25 16:22:06.424[0;39m [34mINFO [0;39m [36mc.f.m.s.impl.PriceDataServiceImpl  [0;39m - find SHFEAG at:20190322 
[1;32m2019-03-25 16:22:06.539[0;39m [34mINFO [0;39m [36mc.f.m.s.impl.PriceDataServiceImpl  [0;39m - find vol at:20190322 
[1;32m2019-03-25 16:22:06.651[0;39m [34mINFO [0;39m [36mc.f.m.s.impl.PriceDataServiceImpl  [0;39m - find SHFEAU at:20190322 
[1;32m2019-03-25 16:22:06.784[0;39m [34mINFO [0;39m [36mc.f.m.s.impl.PriceDataServiceImpl  [0;39m - find vol at:20190322 
[1;32m2019-03-25 16:34:26.510[0;39m [34mINFO [0;39m [36mc.f.m.s.impl.PriceDataServiceImpl  [0;39m - find SHFECU at:20190322 
[1;32m2019-03-25 16:34:26.642[0;39m [34mINFO [0;39m [36mc.f.m.s.impl.PriceDataServiceImpl  [0;39m - find vol at:20190322 
[1;32m2019-03-25 16:34:26.805[0;39m [34mINFO [0;39m [36mc.f.m.s.impl.PriceDataServiceImpl  [0;39m - find SHFEAG at:20190322 
[1;32m2019-03-25 16:34:26.950[0;39m [34mINFO [0;39m [36mc.f.m.s.impl.PriceDataServiceImpl  [0;39m - find vol at:20190322 
[1;32m2019-03-25 16:34:27.068[0;39m [34mINFO [0;39m [36mc.f.m.s.impl.PriceDataServiceImpl  [0;39m - find SHFEAU at:20190322 
[1;32m2019-03-25 16:34:27.183[0;39m [34mINFO [0;39m [36mc.f.m.s.impl.PriceDataServiceImpl  [0;39m - find vol at:20190322 
[1;32m2019-03-25 17:07:35.476[0;39m [34mINFO [0;39m [36mo.s.b.a.SpringApplicationAdminMXBeanRegistrar$SpringApplicationAdmin[0;39m - Application shutdown requested. 
[1;32m2019-03-25 17:07:35.477[0;39m [34mINFO [0;39m [36mo.s.b.c.e.AnnotationConfigEmbeddedWebApplicationContext[0;39m - Closing org.springframework.boot.context.embedded.AnnotationConfigEmbeddedWebApplicationContext@55740540: startup date [Mon Mar 25 15:17:28 CST 2019]; root of context hierarchy 
[1;32m2019-03-25 17:07:35.481[0;39m [34mINFO [0;39m [36mo.s.j.e.a.AnnotationMBeanExporter  [0;39m - Unregistering JMX-exposed beans on shutdown 
[1;32m2019-03-25 17:07:35.482[0;39m [34mINFO [0;39m [36mo.s.j.e.a.AnnotationMBeanExporter  [0;39m - Unregistering JMX-exposed beans 
[1;32m2019-03-25 17:07:35.483[0;39m [34mINFO [0;39m [36mo.s.o.j.LocalContainerEntityManagerFactoryBean[0;39m - Closing JPA EntityManagerFactory for persistence unit 'default' 
[1;32m2019-03-25 17:07:35.485[0;39m [34mINFO [0;39m [36mc.a.druid.pool.DruidDataSource     [0;39m - {dataSource-1} closed 
[1;32m2019-03-25 17:07:47.637[0;39m [34mINFO [0;39m [36mcom.finanstar.MarketApplication    [0;39m - Starting MarketApplication on danielpine with PID 29376 (G:\XHYT\ms\deri-market\target\classes started by danieline in G:\XHYT\ms\deri-market) 
[1;32m2019-03-25 17:07:47.647[0;39m [34mINFO [0;39m [36mcom.finanstar.MarketApplication    [0;39m - The following profiles are active: pro 
[1;32m2019-03-25 17:07:47.687[0;39m [34mINFO [0;39m [36mo.s.b.c.e.AnnotationConfigEmbeddedWebApplicationContext[0;39m - Refreshing org.springframework.boot.context.embedded.AnnotationConfigEmbeddedWebApplicationContext@55740540: startup date [Mon Mar 25 17:07:47 CST 2019]; root of context hierarchy 
[1;32m2019-03-25 17:07:48.372[0;39m [34mINFO [0;39m [36mo.s.d.r.c.RepositoryConfigurationDelegate[0;39m - Multiple Spring Data modules found, entering strict repository configuration mode! 
[1;32m2019-03-25 17:07:48.505[0;39m [34mINFO [0;39m [36mo.s.d.r.c.RepositoryConfigurationDelegate[0;39m - Multiple Spring Data modules found, entering strict repository configuration mode! 
[1;32m2019-03-25 17:07:48.581[0;39m [34mINFO [0;39m [36mo.s.d.r.c.RepositoryConfigurationExtensionSupport[0;39m - Spring Data Redis - Could not safely identify store assignment for repository candidate interface com.finanstar.repository.MarketRepository. 
[1;32m2019-03-25 17:07:48.582[0;39m [34mINFO [0;39m [36mo.s.d.r.c.RepositoryConfigurationExtensionSupport[0;39m - Spring Data Redis - Could not safely identify store assignment for repository candidate interface com.finanstar.repository.InstrRepository. 
[1;32m2019-03-25 17:07:48.963[0;39m [34mINFO [0;39m [36mo.s.c.s.PostProcessorRegistrationDelegate$BeanPostProcessorChecker[0;39m - Bean 'org.springframework.transaction.annotation.ProxyTransactionManagementConfiguration' of type [org.springframework.transaction.annotation.ProxyTransactionManagementConfiguration$$EnhancerBySpringCGLIB$$63ea6b0d] is not eligible for getting processed by all BeanPostProcessors (for example: not eligible for auto-proxying) 
[1;32m2019-03-25 17:07:48.990[0;39m [34mINFO [0;39m [36mo.s.c.s.PostProcessorRegistrationDelegate$BeanPostProcessorChecker[0;39m - Bean 'org.springframework.cache.annotation.ProxyCachingConfiguration' of type [org.springframework.cache.annotation.ProxyCachingConfiguration$$EnhancerBySpringCGLIB$$acfca12b] is not eligible for getting processed by all BeanPostProcessors (for example: not eligible for auto-proxying) 
[1;32m2019-03-25 17:07:49.001[0;39m [34mINFO [0;39m [36mo.s.c.s.PostProcessorRegistrationDelegate$BeanPostProcessorChecker[0;39m - Bean 'org.springframework.boot.autoconfigure.cache.CacheAutoConfiguration' of type [org.springframework.boot.autoconfigure.cache.CacheAutoConfiguration$$EnhancerBySpringCGLIB$$a17065cf] is not eligible for getting processed by all BeanPostProcessors (for example: not eligible for auto-proxying) 
[1;32m2019-03-25 17:07:49.018[0;39m [34mINFO [0;39m [36mo.s.c.s.PostProcessorRegistrationDelegate$BeanPostProcessorChecker[0;39m - Bean 'spring.cache-org.springframework.boot.autoconfigure.cache.CacheProperties' of type [org.springframework.boot.autoconfigure.cache.CacheProperties] is not eligible for getting processed by all BeanPostProcessors (for example: not eligible for auto-proxying) 
[1;32m2019-03-25 17:07:49.026[0;39m [34mINFO [0;39m [36mo.s.c.s.PostProcessorRegistrationDelegate$BeanPostProcessorChecker[0;39m - Bean 'cacheManagerCustomizers' of type [org.springframework.boot.autoconfigure.cache.CacheManagerCustomizers] is not eligible for getting processed by all BeanPostProcessors (for example: not eligible for auto-proxying) 
[1;32m2019-03-25 17:07:49.030[0;39m [34mINFO [0;39m [36mo.s.c.s.PostProcessorRegistrationDelegate$BeanPostProcessorChecker[0;39m - Bean 'org.springframework.boot.autoconfigure.cache.RedisCacheConfiguration' of type [org.springframework.boot.autoconfigure.cache.RedisCacheConfiguration$$EnhancerBySpringCGLIB$$52020229] is not eligible for getting processed by all BeanPostProcessors (for example: not eligible for auto-proxying) 
[1;32m2019-03-25 17:07:49.035[0;39m [34mINFO [0;39m [36mo.s.c.s.PostProcessorRegistrationDelegate$BeanPostProcessorChecker[0;39m - Bean 'redisConfig' of type [com.finanstar.conf.RedisConfig$$EnhancerBySpringCGLIB$$780185d6] is not eligible for getting processed by all BeanPostProcessors (for example: not eligible for auto-proxying) 
[1;32m2019-03-25 17:07:49.043[0;39m [34mINFO [0;39m [36mo.s.c.s.PostProcessorRegistrationDelegate$BeanPostProcessorChecker[0;39m - Bean 'spring.redis-org.springframework.boot.autoconfigure.data.redis.RedisProperties' of type [org.springframework.boot.autoconfigure.data.redis.RedisProperties] is not eligible for getting processed by all BeanPostProcessors (for example: not eligible for auto-proxying) 
[1;32m2019-03-25 17:07:49.049[0;39m [34mINFO [0;39m [36mo.s.c.s.PostProcessorRegistrationDelegate$BeanPostProcessorChecker[0;39m - Bean 'org.springframework.boot.autoconfigure.data.redis.RedisAutoConfiguration$RedisConnectionConfiguration' of type [org.springframework.boot.autoconfigure.data.redis.RedisAutoConfiguration$RedisConnectionConfiguration$$EnhancerBySpringCGLIB$$f7e4921c] is not eligible for getting processed by all BeanPostProcessors (for example: not eligible for auto-proxying) 
[1;32m2019-03-25 17:07:49.078[0;39m [34mINFO [0;39m [36mo.s.c.s.PostProcessorRegistrationDelegate$BeanPostProcessorChecker[0;39m - Bean 'redisConnectionFactory' of type [org.springframework.data.redis.connection.jedis.JedisConnectionFactory] is not eligible for getting processed by all BeanPostProcessors (for example: not eligible for auto-proxying) 
[1;32m2019-03-25 17:07:49.100[0;39m [34mINFO [0;39m [36mo.s.c.s.PostProcessorRegistrationDelegate$BeanPostProcessorChecker[0;39m - Bean 'redisTemplate' of type [org.springframework.data.redis.core.RedisTemplate] is not eligible for getting processed by all BeanPostProcessors (for example: not eligible for auto-proxying) 
[1;32m2019-03-25 17:07:49.107[0;39m [34mINFO [0;39m [36mo.s.c.s.PostProcessorRegistrationDelegate$BeanPostProcessorChecker[0;39m - Bean 'cacheManager' of type [org.springframework.data.redis.cache.RedisCacheManager] is not eligible for getting processed by all BeanPostProcessors (for example: not eligible for auto-proxying) 
[1;32m2019-03-25 17:07:49.108[0;39m [34mINFO [0;39m [36mo.s.c.s.PostProcessorRegistrationDelegate$BeanPostProcessorChecker[0;39m - Bean 'cacheAutoConfigurationValidator' of type [org.springframework.boot.autoconfigure.cache.CacheAutoConfiguration$CacheManagerValidator] is not eligible for getting processed by all BeanPostProcessors (for example: not eligible for auto-proxying) 
[1;32m2019-03-25 17:07:49.298[0;39m [34mINFO [0;39m [36mo.s.b.c.e.t.TomcatEmbeddedServletContainer[0;39m - Tomcat initialized with port(s): 8082 (http) 
[1;32m2019-03-25 17:07:49.308[0;39m [34mINFO [0;39m [36mo.a.catalina.core.StandardService  [0;39m - Starting service Tomcat 
[1;32m2019-03-25 17:07:49.309[0;39m [34mINFO [0;39m [36mo.a.catalina.core.StandardEngine   [0;39m - Starting Servlet Engine: Apache Tomcat/8.5.11 
[1;32m2019-03-25 17:07:49.409[0;39m [34mINFO [0;39m [36mo.a.c.c.C.[Tomcat].[localhost].[/] [0;39m - Initializing Spring embedded WebApplicationContext 
[1;32m2019-03-25 17:07:49.702[0;39m [34mINFO [0;39m [36mo.s.b.w.s.FilterRegistrationBean   [0;39m - Mapping filter: 'characterEncodingFilter' to: [/*] 
[1;32m2019-03-25 17:07:49.703[0;39m [34mINFO [0;39m [36mo.s.b.w.s.FilterRegistrationBean   [0;39m - Mapping filter: 'hiddenHttpMethodFilter' to: [/*] 
[1;32m2019-03-25 17:07:49.704[0;39m [34mINFO [0;39m [36mo.s.b.w.s.FilterRegistrationBean   [0;39m - Mapping filter: 'httpPutFormContentFilter' to: [/*] 
[1;32m2019-03-25 17:07:49.704[0;39m [34mINFO [0;39m [36mo.s.b.w.s.FilterRegistrationBean   [0;39m - Mapping filter: 'requestContextFilter' to: [/*] 
[1;32m2019-03-25 17:07:49.704[0;39m [34mINFO [0;39m [36mo.s.b.w.s.FilterRegistrationBean   [0;39m - Mapping filter: 'xssFilter' to urls: [/*] 
[1;32m2019-03-25 17:07:49.705[0;39m [34mINFO [0;39m [36mo.s.b.w.s.FilterRegistrationBean   [0;39m - Mapping filter: 'webStatFilter' to urls: [/*] 
[1;32m2019-03-25 17:07:49.705[0;39m [34mINFO [0;39m [36mo.s.b.w.s.FilterRegistrationBean   [0;39m - Mapping filter: 'topPermissionFilter' to urls: [/*] 
[1;32m2019-03-25 17:07:49.705[0;39m [34mINFO [0;39m [36mo.s.b.w.s.ServletRegistrationBean  [0;39m - Mapping servlet: 'dispatcherServlet' to [/] 
[1;32m2019-03-25 17:07:49.706[0;39m [34mINFO [0;39m [36mo.s.b.w.s.ServletRegistrationBean  [0;39m - Mapping servlet: 'statViewServlet' to [/druid/*] 
[1;32m2019-03-25 17:07:49.737[0;39m [34mINFO [0;39m [36mc.a.d.s.b.a.DruidDataSourceAutoConfigure[0;39m - Init DruidDataSource 
[1;32m2019-03-25 17:07:50.138[0;39m [34mINFO [0;39m [36mc.a.druid.pool.DruidDataSource     [0;39m - {dataSource-1} inited 
[1;32m2019-03-25 17:07:50.509[0;39m [34mINFO [0;39m [36mo.s.o.j.LocalContainerEntityManagerFactoryBean[0;39m - Building JPA container EntityManagerFactory for persistence unit 'default' 
[1;32m2019-03-25 17:07:50.520[0;39m [34mINFO [0;39m [36mo.h.jpa.internal.util.LogHelper    [0;39m - HHH000204: Processing PersistenceUnitInfo [
	name: default
	...] 
[1;32m2019-03-25 17:07:50.723[0;39m [34mINFO [0;39m [36morg.hibernate.Version              [0;39m - HHH000412: Hibernate Core {5.0.12.Final} 
[1;32m2019-03-25 17:07:50.724[0;39m [34mINFO [0;39m [36morg.hibernate.cfg.Environment      [0;39m - HHH000206: hibernate.properties not found 
[1;32m2019-03-25 17:07:50.725[0;39m [34mINFO [0;39m [36morg.hibernate.cfg.Environment      [0;39m - HHH000021: Bytecode provider name : javassist 
[1;32m2019-03-25 17:07:50.756[0;39m [34mINFO [0;39m [36mo.h.annotations.common.Version     [0;39m - HCANN000001: Hibernate Commons Annotations {5.0.1.Final} 
[1;32m2019-03-25 17:07:50.874[0;39m [34mINFO [0;39m [36morg.hibernate.dialect.Dialect      [0;39m - HHH000400: Using dialect: org.hibernate.dialect.MySQL5Dialect 
[1;32m2019-03-25 17:07:51.081[0;39m [31mWARN [0;39m [36morg.hibernate.id.UUIDHexGenerator  [0;39m - HHH000409: Using org.hibernate.id.UUIDHexGenerator which does not generate IETF RFC 4122 compliant UUID values; consider using org.hibernate.id.UUIDGenerator instead 
[1;32m2019-03-25 17:07:51.501[0;39m [34mINFO [0;39m [36mo.s.o.j.LocalContainerEntityManagerFactoryBean[0;39m - Initialized JPA EntityManagerFactory for persistence unit 'default' 
[1;32m2019-03-25 17:07:51.828[0;39m [34mINFO [0;39m [36mo.h.h.i.QueryTranslatorFactoryInitiator[0;39m - HHH000397: Using ASTQueryTranslatorFactory 
[1;32m2019-03-25 17:07:53.616[0;39m [34mINFO [0;39m [36mo.s.j.e.a.AnnotationMBeanExporter  [0;39m - Registering beans for JMX exposure on startup 
[1;32m2019-03-25 17:07:53.618[0;39m [34mINFO [0;39m [36mo.s.j.e.a.AnnotationMBeanExporter  [0;39m - Bean with name 'statFilter' has been autodetected for JMX exposure 
[1;32m2019-03-25 17:07:53.618[0;39m [34mINFO [0;39m [36mo.s.j.e.a.AnnotationMBeanExporter  [0;39m - Bean with name 'dataSource' has been autodetected for JMX exposure 
[1;32m2019-03-25 17:07:53.623[0;39m [34mINFO [0;39m [36mo.s.j.e.a.AnnotationMBeanExporter  [0;39m - Located MBean 'dataSource': registering with JMX server as MBean [com.alibaba.druid.spring.boot.autoconfigure:name=dataSource,type=DruidDataSourceWrapper] 
[1;32m2019-03-25 17:07:53.623[0;39m [34mINFO [0;39m [36mo.s.j.e.a.AnnotationMBeanExporter  [0;39m - Located MBean 'statFilter': registering with JMX server as MBean [com.alibaba.druid.filter.stat:name=statFilter,type=StatFilter] 
[1;32m2019-03-25 17:07:53.649[0;39m [34mINFO [0;39m [36mo.s.b.c.e.t.TomcatEmbeddedServletContainer[0;39m - Tomcat started on port(s): 8082 (http) 
[1;32m2019-03-25 17:07:53.654[0;39m [34mINFO [0;39m [36mcom.finanstar.MarketApplication    [0;39m - Started MarketApplication in 6.268 seconds (JVM running for 7.634) 
[1;32m2019-03-25 17:08:00.395[0;39m [34mINFO [0;39m [36mo.a.c.c.C.[Tomcat].[localhost].[/] [0;39m - Initializing Spring FrameworkServlet 'dispatcherServlet' 
[1;32m2019-03-25 17:08:28.295[0;39m [31mWARN [0;39m [36mo.h.hql.internal.ast.HqlSqlWalker  [0;39m - [DEPRECATION] Encountered positional parameter near line 1, column 71 in HQL: [FROM com.finanstar.market.entity.MarketVolCompanyEntity WHERE company=? and market=?].  Positional parameter are considered deprecated; use named parameters or JPA-style positional parameters instead. 
[1;32m2019-03-25 17:08:28.296[0;39m [31mWARN [0;39m [36mo.h.hql.internal.ast.HqlSqlWalker  [0;39m - [DEPRECATION] Encountered positional parameter near line 1, column 84 in HQL: [FROM com.finanstar.market.entity.MarketVolCompanyEntity WHERE company=? and market=?].  Positional parameter are considered deprecated; use named parameters or JPA-style positional parameters instead. 
[1;32m2019-03-25 17:08:37.684[0;39m [34mINFO [0;39m [36mc.f.m.s.impl.PriceDataServiceImpl  [0;39m - find SHFECU at:20190322 
[1;32m2019-03-25 17:08:37.806[0;39m [34mINFO [0;39m [36mc.f.m.s.impl.PriceDataServiceImpl  [0;39m - find vol at:20190322 
[1;32m2019-03-25 17:17:48.978[0;39m [34mINFO [0;39m [36mo.s.b.a.SpringApplicationAdminMXBeanRegistrar$SpringApplicationAdmin[0;39m - Application shutdown requested. 
[1;32m2019-03-25 17:17:48.979[0;39m [34mINFO [0;39m [36mo.s.b.c.e.AnnotationConfigEmbeddedWebApplicationContext[0;39m - Closing org.springframework.boot.context.embedded.AnnotationConfigEmbeddedWebApplicationContext@55740540: startup date [Mon Mar 25 17:07:47 CST 2019]; root of context hierarchy 
[1;32m2019-03-25 17:17:48.982[0;39m [34mINFO [0;39m [36mo.s.j.e.a.AnnotationMBeanExporter  [0;39m - Unregistering JMX-exposed beans on shutdown 
[1;32m2019-03-25 17:17:48.983[0;39m [34mINFO [0;39m [36mo.s.j.e.a.AnnotationMBeanExporter  [0;39m - Unregistering JMX-exposed beans 
[1;32m2019-03-25 17:17:48.985[0;39m [34mINFO [0;39m [36mo.s.o.j.LocalContainerEntityManagerFactoryBean[0;39m - Closing JPA EntityManagerFactory for persistence unit 'default' 
[1;32m2019-03-25 17:17:48.989[0;39m [34mINFO [0;39m [36mc.a.druid.pool.DruidDataSource     [0;39m - {dataSource-1} closed 
[1;32m2019-03-25 17:17:53.518[0;39m [34mINFO [0;39m [36mcom.finanstar.MarketApplication    [0;39m - Starting MarketApplication on danielpine with PID 20912 (G:\XHYT\ms\deri-market\target\classes started by danieline in G:\XHYT\ms\deri-market) 
[1;32m2019-03-25 17:17:53.520[0;39m [34mINFO [0;39m [36mcom.finanstar.MarketApplication    [0;39m - The following profiles are active: pro 
[1;32m2019-03-25 17:17:53.559[0;39m [34mINFO [0;39m [36mo.s.b.c.e.AnnotationConfigEmbeddedWebApplicationContext[0;39m - Refreshing org.springframework.boot.context.embedded.AnnotationConfigEmbeddedWebApplicationContext@55740540: startup date [Mon Mar 25 17:17:53 CST 2019]; root of context hierarchy 
[1;32m2019-03-25 17:17:54.238[0;39m [34mINFO [0;39m [36mo.s.d.r.c.RepositoryConfigurationDelegate[0;39m - Multiple Spring Data modules found, entering strict repository configuration mode! 
[1;32m2019-03-25 17:17:54.373[0;39m [34mINFO [0;39m [36mo.s.d.r.c.RepositoryConfigurationDelegate[0;39m - Multiple Spring Data modules found, entering strict repository configuration mode! 
[1;32m2019-03-25 17:17:54.447[0;39m [34mINFO [0;39m [36mo.s.d.r.c.RepositoryConfigurationExtensionSupport[0;39m - Spring Data Redis - Could not safely identify store assignment for repository candidate interface com.finanstar.repository.MarketRepository. 
[1;32m2019-03-25 17:17:54.448[0;39m [34mINFO [0;39m [36mo.s.d.r.c.RepositoryConfigurationExtensionSupport[0;39m - Spring Data Redis - Could not safely identify store assignment for repository candidate interface com.finanstar.repository.InstrRepository. 
[1;32m2019-03-25 17:17:54.810[0;39m [34mINFO [0;39m [36mo.s.c.s.PostProcessorRegistrationDelegate$BeanPostProcessorChecker[0;39m - Bean 'org.springframework.transaction.annotation.ProxyTransactionManagementConfiguration' of type [org.springframework.transaction.annotation.ProxyTransactionManagementConfiguration$$EnhancerBySpringCGLIB$$63ea6b0d] is not eligible for getting processed by all BeanPostProcessors (for example: not eligible for auto-proxying) 
[1;32m2019-03-25 17:17:54.837[0;39m [34mINFO [0;39m [36mo.s.c.s.PostProcessorRegistrationDelegate$BeanPostProcessorChecker[0;39m - Bean 'org.springframework.cache.annotation.ProxyCachingConfiguration' of type [org.springframework.cache.annotation.ProxyCachingConfiguration$$EnhancerBySpringCGLIB$$acfca12b] is not eligible for getting processed by all BeanPostProcessors (for example: not eligible for auto-proxying) 
[1;32m2019-03-25 17:17:54.847[0;39m [34mINFO [0;39m [36mo.s.c.s.PostProcessorRegistrationDelegate$BeanPostProcessorChecker[0;39m - Bean 'org.springframework.boot.autoconfigure.cache.CacheAutoConfiguration' of type [org.springframework.boot.autoconfigure.cache.CacheAutoConfiguration$$EnhancerBySpringCGLIB$$a17065cf] is not eligible for getting processed by all BeanPostProcessors (for example: not eligible for auto-proxying) 
[1;32m2019-03-25 17:17:54.864[0;39m [34mINFO [0;39m [36mo.s.c.s.PostProcessorRegistrationDelegate$BeanPostProcessorChecker[0;39m - Bean 'spring.cache-org.springframework.boot.autoconfigure.cache.CacheProperties' of type [org.springframework.boot.autoconfigure.cache.CacheProperties] is not eligible for getting processed by all BeanPostProcessors (for example: not eligible for auto-proxying) 
[1;32m2019-03-25 17:17:54.871[0;39m [34mINFO [0;39m [36mo.s.c.s.PostProcessorRegistrationDelegate$BeanPostProcessorChecker[0;39m - Bean 'cacheManagerCustomizers' of type [org.springframework.boot.autoconfigure.cache.CacheManagerCustomizers] is not eligible for getting processed by all BeanPostProcessors (for example: not eligible for auto-proxying) 
[1;32m2019-03-25 17:17:54.874[0;39m [34mINFO [0;39m [36mo.s.c.s.PostProcessorRegistrationDelegate$BeanPostProcessorChecker[0;39m - Bean 'org.springframework.boot.autoconfigure.cache.RedisCacheConfiguration' of type [org.springframework.boot.autoconfigure.cache.RedisCacheConfiguration$$EnhancerBySpringCGLIB$$52020229] is not eligible for getting processed by all BeanPostProcessors (for example: not eligible for auto-proxying) 
[1;32m2019-03-25 17:17:54.879[0;39m [34mINFO [0;39m [36mo.s.c.s.PostProcessorRegistrationDelegate$BeanPostProcessorChecker[0;39m - Bean 'redisConfig' of type [com.finanstar.conf.RedisConfig$$EnhancerBySpringCGLIB$$780185d6] is not eligible for getting processed by all BeanPostProcessors (for example: not eligible for auto-proxying) 
[1;32m2019-03-25 17:17:54.888[0;39m [34mINFO [0;39m [36mo.s.c.s.PostProcessorRegistrationDelegate$BeanPostProcessorChecker[0;39m - Bean 'spring.redis-org.springframework.boot.autoconfigure.data.redis.RedisProperties' of type [org.springframework.boot.autoconfigure.data.redis.RedisProperties] is not eligible for getting processed by all BeanPostProcessors (for example: not eligible for auto-proxying) 
[1;32m2019-03-25 17:17:54.893[0;39m [34mINFO [0;39m [36mo.s.c.s.PostProcessorRegistrationDelegate$BeanPostProcessorChecker[0;39m - Bean 'org.springframework.boot.autoconfigure.data.redis.RedisAutoConfiguration$RedisConnectionConfiguration' of type [org.springframework.boot.autoconfigure.data.redis.RedisAutoConfiguration$RedisConnectionConfiguration$$EnhancerBySpringCGLIB$$f7e4921c] is not eligible for getting processed by all BeanPostProcessors (for example: not eligible for auto-proxying) 
[1;32m2019-03-25 17:17:54.920[0;39m [34mINFO [0;39m [36mo.s.c.s.PostProcessorRegistrationDelegate$BeanPostProcessorChecker[0;39m - Bean 'redisConnectionFactory' of type [org.springframework.data.redis.connection.jedis.JedisConnectionFactory] is not eligible for getting processed by all BeanPostProcessors (for example: not eligible for auto-proxying) 
[1;32m2019-03-25 17:17:54.939[0;39m [34mINFO [0;39m [36mo.s.c.s.PostProcessorRegistrationDelegate$BeanPostProcessorChecker[0;39m - Bean 'redisTemplate' of type [org.springframework.data.redis.core.RedisTemplate] is not eligible for getting processed by all BeanPostProcessors (for example: not eligible for auto-proxying) 
[1;32m2019-03-25 17:17:54.947[0;39m [34mINFO [0;39m [36mo.s.c.s.PostProcessorRegistrationDelegate$BeanPostProcessorChecker[0;39m - Bean 'cacheManager' of type [org.springframework.data.redis.cache.RedisCacheManager] is not eligible for getting processed by all BeanPostProcessors (for example: not eligible for auto-proxying) 
[1;32m2019-03-25 17:17:54.947[0;39m [34mINFO [0;39m [36mo.s.c.s.PostProcessorRegistrationDelegate$BeanPostProcessorChecker[0;39m - Bean 'cacheAutoConfigurationValidator' of type [org.springframework.boot.autoconfigure.cache.CacheAutoConfiguration$CacheManagerValidator] is not eligible for getting processed by all BeanPostProcessors (for example: not eligible for auto-proxying) 
[1;32m2019-03-25 17:17:55.129[0;39m [34mINFO [0;39m [36mo.s.b.c.e.t.TomcatEmbeddedServletContainer[0;39m - Tomcat initialized with port(s): 8082 (http) 
[1;32m2019-03-25 17:17:55.140[0;39m [34mINFO [0;39m [36mo.a.catalina.core.StandardService  [0;39m - Starting service Tomcat 
[1;32m2019-03-25 17:17:55.141[0;39m [34mINFO [0;39m [36mo.a.catalina.core.StandardEngine   [0;39m - Starting Servlet Engine: Apache Tomcat/8.5.11 
[1;32m2019-03-25 17:17:55.237[0;39m [34mINFO [0;39m [36mo.a.c.c.C.[Tomcat].[localhost].[/] [0;39m - Initializing Spring embedded WebApplicationContext 
[1;32m2019-03-25 17:17:55.535[0;39m [34mINFO [0;39m [36mo.s.b.w.s.FilterRegistrationBean   [0;39m - Mapping filter: 'characterEncodingFilter' to: [/*] 
[1;32m2019-03-25 17:17:55.536[0;39m [34mINFO [0;39m [36mo.s.b.w.s.FilterRegistrationBean   [0;39m - Mapping filter: 'hiddenHttpMethodFilter' to: [/*] 
[1;32m2019-03-25 17:17:55.536[0;39m [34mINFO [0;39m [36mo.s.b.w.s.FilterRegistrationBean   [0;39m - Mapping filter: 'httpPutFormContentFilter' to: [/*] 
[1;32m2019-03-25 17:17:55.536[0;39m [34mINFO [0;39m [36mo.s.b.w.s.FilterRegistrationBean   [0;39m - Mapping filter: 'requestContextFilter' to: [/*] 
[1;32m2019-03-25 17:17:55.537[0;39m [34mINFO [0;39m [36mo.s.b.w.s.FilterRegistrationBean   [0;39m - Mapping filter: 'xssFilter' to urls: [/*] 
[1;32m2019-03-25 17:17:55.537[0;39m [34mINFO [0;39m [36mo.s.b.w.s.FilterRegistrationBean   [0;39m - Mapping filter: 'webStatFilter' to urls: [/*] 
[1;32m2019-03-25 17:17:55.537[0;39m [34mINFO [0;39m [36mo.s.b.w.s.FilterRegistrationBean   [0;39m - Mapping filter: 'topPermissionFilter' to urls: [/*] 
[1;32m2019-03-25 17:17:55.538[0;39m [34mINFO [0;39m [36mo.s.b.w.s.ServletRegistrationBean  [0;39m - Mapping servlet: 'dispatcherServlet' to [/] 
[1;32m2019-03-25 17:17:55.539[0;39m [34mINFO [0;39m [36mo.s.b.w.s.ServletRegistrationBean  [0;39m - Mapping servlet: 'statViewServlet' to [/druid/*] 
[1;32m2019-03-25 17:17:55.568[0;39m [34mINFO [0;39m [36mc.a.d.s.b.a.DruidDataSourceAutoConfigure[0;39m - Init DruidDataSource 
[1;32m2019-03-25 17:17:55.960[0;39m [34mINFO [0;39m [36mc.a.druid.pool.DruidDataSource     [0;39m - {dataSource-1} inited 
[1;32m2019-03-25 17:17:56.303[0;39m [34mINFO [0;39m [36mo.s.o.j.LocalContainerEntityManagerFactoryBean[0;39m - Building JPA container EntityManagerFactory for persistence unit 'default' 
[1;32m2019-03-25 17:17:56.312[0;39m [34mINFO [0;39m [36mo.h.jpa.internal.util.LogHelper    [0;39m - HHH000204: Processing PersistenceUnitInfo [
	name: default
	...] 
[1;32m2019-03-25 17:17:56.520[0;39m [34mINFO [0;39m [36morg.hibernate.Version              [0;39m - HHH000412: Hibernate Core {5.0.12.Final} 
[1;32m2019-03-25 17:17:56.522[0;39m [34mINFO [0;39m [36morg.hibernate.cfg.Environment      [0;39m - HHH000206: hibernate.properties not found 
[1;32m2019-03-25 17:17:56.523[0;39m [34mINFO [0;39m [36morg.hibernate.cfg.Environment      [0;39m - HHH000021: Bytecode provider name : javassist 
[1;32m2019-03-25 17:17:56.553[0;39m [34mINFO [0;39m [36mo.h.annotations.common.Version     [0;39m - HCANN000001: Hibernate Commons Annotations {5.0.1.Final} 
[1;32m2019-03-25 17:17:56.669[0;39m [34mINFO [0;39m [36morg.hibernate.dialect.Dialect      [0;39m - HHH000400: Using dialect: org.hibernate.dialect.MySQL5Dialect 
[1;32m2019-03-25 17:17:56.866[0;39m [31mWARN [0;39m [36morg.hibernate.id.UUIDHexGenerator  [0;39m - HHH000409: Using org.hibernate.id.UUIDHexGenerator which does not generate IETF RFC 4122 compliant UUID values; consider using org.hibernate.id.UUIDGenerator instead 
[1;32m2019-03-25 17:17:57.307[0;39m [34mINFO [0;39m [36mo.s.o.j.LocalContainerEntityManagerFactoryBean[0;39m - Initialized JPA EntityManagerFactory for persistence unit 'default' 
[1;32m2019-03-25 17:17:57.624[0;39m [34mINFO [0;39m [36mo.h.h.i.QueryTranslatorFactoryInitiator[0;39m - HHH000397: Using ASTQueryTranslatorFactory 
[1;32m2019-03-25 17:17:59.442[0;39m [34mINFO [0;39m [36mo.s.j.e.a.AnnotationMBeanExporter  [0;39m - Registering beans for JMX exposure on startup 
[1;32m2019-03-25 17:17:59.444[0;39m [34mINFO [0;39m [36mo.s.j.e.a.AnnotationMBeanExporter  [0;39m - Bean with name 'statFilter' has been autodetected for JMX exposure 
[1;32m2019-03-25 17:17:59.445[0;39m [34mINFO [0;39m [36mo.s.j.e.a.AnnotationMBeanExporter  [0;39m - Bean with name 'dataSource' has been autodetected for JMX exposure 
[1;32m2019-03-25 17:17:59.449[0;39m [34mINFO [0;39m [36mo.s.j.e.a.AnnotationMBeanExporter  [0;39m - Located MBean 'dataSource': registering with JMX server as MBean [com.alibaba.druid.spring.boot.autoconfigure:name=dataSource,type=DruidDataSourceWrapper] 
[1;32m2019-03-25 17:17:59.450[0;39m [34mINFO [0;39m [36mo.s.j.e.a.AnnotationMBeanExporter  [0;39m - Located MBean 'statFilter': registering with JMX server as MBean [com.alibaba.druid.filter.stat:name=statFilter,type=StatFilter] 
[1;32m2019-03-25 17:17:59.478[0;39m [34mINFO [0;39m [36mo.s.b.c.e.t.TomcatEmbeddedServletContainer[0;39m - Tomcat started on port(s): 8082 (http) 
[1;32m2019-03-25 17:17:59.482[0;39m [34mINFO [0;39m [36mcom.finanstar.MarketApplication    [0;39m - Started MarketApplication in 6.206 seconds (JVM running for 7.515) 
[1;32m2019-03-25 17:18:16.018[0;39m [34mINFO [0;39m [36mo.a.c.c.C.[Tomcat].[localhost].[/] [0;39m - Initializing Spring FrameworkServlet 'dispatcherServlet' 
[1;32m2019-03-25 17:18:16.455[0;39m [31mWARN [0;39m [36mo.h.hql.internal.ast.HqlSqlWalker  [0;39m - [DEPRECATION] Encountered positional parameter near line 1, column 71 in HQL: [FROM com.finanstar.market.entity.MarketVolCompanyEntity WHERE company=? and market=?].  Positional parameter are considered deprecated; use named parameters or JPA-style positional parameters instead. 
[1;32m2019-03-25 17:18:16.457[0;39m [31mWARN [0;39m [36mo.h.hql.internal.ast.HqlSqlWalker  [0;39m - [DEPRECATION] Encountered positional parameter near line 1, column 84 in HQL: [FROM com.finanstar.market.entity.MarketVolCompanyEntity WHERE company=? and market=?].  Positional parameter are considered deprecated; use named parameters or JPA-style positional parameters instead. 
