[1;32m2019-03-21 11:23:20.918[0;39m [34mINFO [0;39m [36mo.a.c.c.C.[Tomcat].[localhost].[/] [0;39m - Initializing Spring FrameworkServlet 'dispatcherServlet' 
[1;32m2019-03-21 11:23:22.266[0;39m [34mINFO [0;39m [36mc.f.m.s.impl.PriceDataServiceImpl  [0;39m - find SHFECU at:20190320 
[1;32m2019-03-21 11:23:22.424[0;39m [34mINFO [0;39m [36mc.f.m.s.impl.PriceDataServiceImpl  [0;39m - find vol at:20190312 
[1;32m2019-03-21 11:24:06.753[0;39m [34mINFO [0;39m [36mc.f.m.s.impl.PriceDataServiceImpl  [0;39m - find SHFEAU at:20190320 
[1;32m2019-03-21 11:24:06.916[0;39m [34mINFO [0;39m [36mc.f.m.s.impl.PriceDataServiceImpl  [0;39m - find vol at:20190312 
[1;32m2019-03-21 11:24:06.947[0;39m [34mINFO [0;39m [36mc.f.m.s.impl.PriceDataServiceImpl  [0;39m - find SHFEAG at:20190320 
[1;32m2019-03-21 11:24:07.083[0;39m [34mINFO [0;39m [36mc.f.m.s.impl.PriceDataServiceImpl  [0;39m - find vol at:20190312 
[1;32m2019-03-21 11:24:07.116[0;39m [34mINFO [0;39m [36mc.f.m.s.impl.PriceDataServiceImpl  [0;39m - find SHFECU at:20190320 
[1;32m2019-03-21 11:24:07.249[0;39m [34mINFO [0;39m [36mc.f.m.s.impl.PriceDataServiceImpl  [0;39m - find vol at:20190312 
[1;32m2019-03-21 11:34:24.957[0;39m [34mINFO [0;39m [36mc.f.m.s.impl.PriceDataServiceImpl  [0;39m - find vol at:20190312 
[1;32m2019-03-21 11:34:25.097[0;39m [34mINFO [0;39m [36mc.f.m.s.impl.PriceDataServiceImpl  [0;39m - find vol at:20190312 
[1;32m2019-03-21 11:34:25.235[0;39m [34mINFO [0;39m [36mc.f.m.s.impl.PriceDataServiceImpl  [0;39m - find vol at:20190312 
[1;32m2019-03-21 11:36:28.780[0;39m [34mINFO [0;39m [36mc.f.m.s.impl.PriceDataServiceImpl  [0;39m - find SHFEAU at:20190320 
[1;32m2019-03-21 11:36:28.939[0;39m [34mINFO [0;39m [36mc.f.m.s.impl.PriceDataServiceImpl  [0;39m - find vol at:20190312 
[1;32m2019-03-21 11:36:28.975[0;39m [34mINFO [0;39m [36mc.f.m.s.impl.PriceDataServiceImpl  [0;39m - find SHFEAG at:20190320 
[1;32m2019-03-21 11:36:29.131[0;39m [34mINFO [0;39m [36mc.f.m.s.impl.PriceDataServiceImpl  [0;39m - find vol at:20190312 
[1;32m2019-03-21 11:36:29.173[0;39m [34mINFO [0;39m [36mc.f.m.s.impl.PriceDataServiceImpl  [0;39m - find SHFECU at:20190320 
[1;32m2019-03-21 11:36:29.342[0;39m [34mINFO [0;39m [36mc.f.m.s.impl.PriceDataServiceImpl  [0;39m - find vol at:20190312 
[1;32m2019-03-21 11:36:33.444[0;39m [34mINFO [0;39m [36mc.f.m.s.impl.PriceDataServiceImpl  [0;39m - find vol at:20190312 
[1;32m2019-03-21 11:36:33.585[0;39m [34mINFO [0;39m [36mc.f.m.s.impl.PriceDataServiceImpl  [0;39m - find vol at:20190312 
[1;32m2019-03-21 11:36:33.727[0;39m [34mINFO [0;39m [36mc.f.m.s.impl.PriceDataServiceImpl  [0;39m - find vol at:20190312 
[1;32m2019-03-21 11:42:04.400[0;39m [34mINFO [0;39m [36mc.f.m.s.impl.PriceDataServiceImpl  [0;39m - find SHFEAU at:20190320 
[1;32m2019-03-21 11:42:04.524[0;39m [34mINFO [0;39m [36mc.f.m.s.impl.PriceDataServiceImpl  [0;39m - find vol at:20190312 
[1;32m2019-03-21 11:42:04.554[0;39m [34mINFO [0;39m [36mc.f.m.s.impl.PriceDataServiceImpl  [0;39m - find SHFEAG at:20190320 
[1;32m2019-03-21 11:42:04.708[0;39m [34mINFO [0;39m [36mc.f.m.s.impl.PriceDataServiceImpl  [0;39m - find vol at:20190312 
[1;32m2019-03-21 11:42:04.751[0;39m [34mINFO [0;39m [36mc.f.m.s.impl.PriceDataServiceImpl  [0;39m - find SHFECU at:20190320 
[1;32m2019-03-21 11:42:04.932[0;39m [34mINFO [0;39m [36mc.f.m.s.impl.PriceDataServiceImpl  [0;39m - find vol at:20190312 
[1;32m2019-03-21 11:44:05.387[0;39m [34mINFO [0;39m [36mc.f.m.s.impl.PriceDataServiceImpl  [0;39m - find SHFEAU at:20190320 
[1;32m2019-03-21 11:44:05.505[0;39m [34mINFO [0;39m [36mc.f.m.s.impl.PriceDataServiceImpl  [0;39m - find vol at:20190312 
[1;32m2019-03-21 11:44:05.546[0;39m [34mINFO [0;39m [36mc.f.m.s.impl.PriceDataServiceImpl  [0;39m - find SHFEAG at:20190320 
[1;32m2019-03-21 11:44:05.669[0;39m [34mINFO [0;39m [36mc.f.m.s.impl.PriceDataServiceImpl  [0;39m - find vol at:20190312 
[1;32m2019-03-21 11:44:05.698[0;39m [34mINFO [0;39m [36mc.f.m.s.impl.PriceDataServiceImpl  [0;39m - find SHFECU at:20190320 
[1;32m2019-03-21 11:44:05.829[0;39m [34mINFO [0;39m [36mc.f.m.s.impl.PriceDataServiceImpl  [0;39m - find vol at:20190312 
[1;32m2019-03-21 12:41:31.165[0;39m [34mINFO [0;39m [36mc.f.m.s.impl.PriceDataServiceImpl  [0;39m - find SHFEAU at:20190320 
[1;32m2019-03-21 12:41:31.433[0;39m [34mINFO [0;39m [36mc.f.m.s.impl.PriceDataServiceImpl  [0;39m - find vol at:20190312 
[1;32m2019-03-21 12:41:31.463[0;39m [34mINFO [0;39m [36mc.f.m.s.impl.PriceDataServiceImpl  [0;39m - find SHFEAG at:20190320 
[1;32m2019-03-21 12:41:31.659[0;39m [34mINFO [0;39m [36mc.f.m.s.impl.PriceDataServiceImpl  [0;39m - find vol at:20190312 
[1;32m2019-03-21 12:41:31.719[0;39m [34mINFO [0;39m [36mc.f.m.s.impl.PriceDataServiceImpl  [0;39m - find SHFECU at:20190320 
[1;32m2019-03-21 12:41:31.955[0;39m [34mINFO [0;39m [36mc.f.m.s.impl.PriceDataServiceImpl  [0;39m - find vol at:20190312 
[1;32m2019-03-21 12:43:20.895[0;39m [34mINFO [0;39m [36mc.f.m.s.impl.PriceDataServiceImpl  [0;39m - find vol at:20190312 
[1;32m2019-03-21 12:43:21.191[0;39m [34mINFO [0;39m [36mc.f.m.s.impl.PriceDataServiceImpl  [0;39m - find vol at:20190312 
[1;32m2019-03-21 12:43:21.341[0;39m [34mINFO [0;39m [36mc.f.m.s.impl.PriceDataServiceImpl  [0;39m - find vol at:20190312 
[1;32m2019-03-21 12:43:39.946[0;39m [34mINFO [0;39m [36mc.f.m.s.impl.PriceDataServiceImpl  [0;39m - find vol at:20190312 
[1;32m2019-03-21 12:43:40.090[0;39m [34mINFO [0;39m [36mc.f.m.s.impl.PriceDataServiceImpl  [0;39m - find vol at:20190312 
[1;32m2019-03-21 12:43:40.242[0;39m [34mINFO [0;39m [36mc.f.m.s.impl.PriceDataServiceImpl  [0;39m - find vol at:20190312 
[1;32m2019-03-21 15:27:41.551[0;39m [34mINFO [0;39m [36mc.f.m.s.impl.PriceDataServiceImpl  [0;39m - find SHFEAU at:20190320 
[1;32m2019-03-21 15:27:41.683[0;39m [34mINFO [0;39m [36mc.f.m.s.impl.PriceDataServiceImpl  [0;39m - find vol at:20190312 
[1;32m2019-03-21 15:27:41.715[0;39m [34mINFO [0;39m [36mc.f.m.s.impl.PriceDataServiceImpl  [0;39m - find SHFEAG at:20190320 
[1;32m2019-03-21 15:27:41.840[0;39m [34mINFO [0;39m [36mc.f.m.s.impl.PriceDataServiceImpl  [0;39m - find vol at:20190312 
[1;32m2019-03-21 15:27:41.870[0;39m [34mINFO [0;39m [36mc.f.m.s.impl.PriceDataServiceImpl  [0;39m - find SHFECU at:20190320 
[1;32m2019-03-21 15:27:41.982[0;39m [34mINFO [0;39m [36mc.f.m.s.impl.PriceDataServiceImpl  [0;39m - find vol at:20190312 
[1;32m2019-03-21 16:20:44.478[0;39m [34mINFO [0;39m [36mc.f.m.s.impl.PriceDataServiceImpl  [0;39m - find SHFEAU at:20190320 
[1;32m2019-03-21 16:20:44.616[0;39m [34mINFO [0;39m [36mc.f.m.s.impl.PriceDataServiceImpl  [0;39m - find vol at:20190312 
[1;32m2019-03-21 16:20:44.657[0;39m [34mINFO [0;39m [36mc.f.m.s.impl.PriceDataServiceImpl  [0;39m - find SHFEAG at:20190320 
[1;32m2019-03-21 16:20:44.797[0;39m [34mINFO [0;39m [36mc.f.m.s.impl.PriceDataServiceImpl  [0;39m - find vol at:20190312 
[1;32m2019-03-21 16:20:44.831[0;39m [34mINFO [0;39m [36mc.f.m.s.impl.PriceDataServiceImpl  [0;39m - find SHFECU at:20190320 
[1;32m2019-03-21 16:20:44.996[0;39m [34mINFO [0;39m [36mc.f.m.s.impl.PriceDataServiceImpl  [0;39m - find vol at:20190312 
[1;32m2019-03-21 16:36:52.554[0;39m [34mINFO [0;39m [36mc.f.m.s.impl.PriceDataServiceImpl  [0;39m - find vol at:20190312 
[1;32m2019-03-21 16:37:39.605[0;39m [34mINFO [0;39m [36mc.f.m.s.impl.PriceDataServiceImpl  [0;39m - find vol at:20190312 
[1;32m2019-03-21 16:38:32.071[0;39m [34mINFO [0;39m [36mc.f.m.s.impl.PriceDataServiceImpl  [0;39m - find vol at:20190312 
[1;32m2019-03-21 16:39:35.792[0;39m [34mINFO [0;39m [36mc.f.m.s.impl.PriceDataServiceImpl  [0;39m - find vol at:20190312 
