JvmtiExport can_access_local_variables 0
JvmtiExport can_hotswap_or_post_breakpoint 0
JvmtiExport can_post_on_exceptions 0
# 480 ciObject found
ciMethod java/lang/Object <init> ()V 4097 1 2176945 0 0
ciMethod java/lang/Object hashCode ()I 3073 1 384 0 -1
ciMethod java/lang/Object equals (Ljava/lang/Object;)Z 3169 1 7758 0 -1
ciMethod java/lang/Object clone ()Ljava/lang/Object; 2049 1 256 0 -1
ciMethod java/lang/String <init> ([CII)V 3113 1 5586 0 704
ciMethod java/lang/String <init> ([BIILjava/lang/String;)V 2177 1 66510 0 -1
ciMethod java/lang/String <init> ([CZ)V 1785 1 29286 0 64
ciMethod java/lang/String length ()I 4097 1 549691 0 64
ciMethod java/lang/String charAt (I)C 4097 1 741087 0 160
ciMethod java/lang/String codePointAt (I)I 1 1 11957 0 -1
ciMethod java/lang/String getChars ([CI)V 2081 1 5417 0 0
ciMethod java/lang/String equals (Ljava/lang/Object;)Z 2193 9089 4432 0 -1
ciMethod java/lang/String equalsIgnoreCase (Ljava/lang/String;)Z 18201 1 7532 0 1952
ciMethod java/lang/String regionMatches (ZILjava/lang/String;II)Z 2665 9233 11790 0 0
ciMethod java/lang/String hashCode ()I 3009 32769 1056 0 320
ciMethod java/lang/String lastIndexOf (I)I 3073 1 44196 0 288
ciMethod java/lang/String lastIndexOf (II)I 1017 42257 1128 0 320
ciMethod java/lang/String lastIndexOfSupplementary (II)I 0 0 1 0 -1
ciMethod java/lang/String substring (II)Ljava/lang/String; 2057 1 5481 0 960
ciMethod java/lang/String concat (Ljava/lang/String;)Ljava/lang/String; 2081 1 5405 0 896
ciMethod java/lang/String replace (CC)Ljava/lang/String; 849 65761 1908 0 1120
ciMethod java/lang/String toUpperCase (Ljava/util/Locale;)Ljava/lang/String; 7777 228777 2013 0 0
ciMethod java/lang/ClassLoader defineClass (Ljava/lang/String;[BIILjava/security/ProtectionDomain;)Ljava/lang/Class; 2121 1 3499 0 -1
ciMethod java/lang/ClassLoader definePackage (Ljava/lang/String;Ljava/lang/String;Ljava/lang/String;Ljava/lang/String;Ljava/lang/String;Ljava/lang/String;Ljava/lang/String;Ljava/net/URL;)Ljava/lang/Package; 441 1 360 0 0
ciMethod java/lang/ClassLoader getPackage (Ljava/lang/String;)Ljava/lang/Package; 2049 1 4714 0 0
ciMethod java/lang/System nanoTime ()J 3073 1 384 0 -1
ciMethod java/lang/System arraycopy (Ljava/lang/Object;ILjava/lang/Object;II)V 7169 1 896 0 -1
ciMethod java/lang/Throwable addSuppressed (Ljava/lang/Throwable;)V 0 0 1 0 0
ciMethod java/security/SecureClassLoader defineClass (Ljava/lang/String;[BIILjava/security/CodeSource;)Ljava/lang/Class; 2121 1 3417 0 0
ciMethod java/security/SecureClassLoader defineClass (Ljava/lang/String;Ljava/nio/ByteBuffer;Ljava/security/CodeSource;)Ljava/lang/Class; 0 0 1 0 -1
ciMethod java/security/SecureClassLoader getProtectionDomain (Ljava/security/CodeSource;)Ljava/security/ProtectionDomain; 2121 1 3417 0 -1
ciMethod java/lang/ref/Reference get ()Ljava/lang/Object; 2089 1 261 0 -1
ciMethod java/lang/ref/Reference <init> (Ljava/lang/Object;)V 1041 1 3888 0 0
ciMethod java/lang/ref/Reference <init> (Ljava/lang/Object;Ljava/lang/ref/ReferenceQueue;)V 3273 1 18768 0 128
ciMethod java/lang/ref/SoftReference <init> (Ljava/lang/Object;)V 969 1 2514 0 0
ciMethod java/lang/ref/SoftReference get ()Ljava/lang/Object; 2097 1 85056 0 96
ciMethod java/lang/Thread currentThread ()Ljava/lang/Thread; 3073 1 384 0 -1
ciMethod java/lang/Thread interrupt ()V 0 0 1 0 -1
ciMethod java/lang/Thread interrupted ()Z 3121 1 4473 0 -1
ciMethod java/util/Map get (Ljava/lang/Object;)Ljava/lang/Object; 0 0 1 0 -1
ciMethod java/util/Map put (Ljava/lang/Object;Ljava/lang/Object;)Ljava/lang/Object; 0 0 1 0 -1
ciMethod java/util/Hashtable <init> (IF)V 1625 1 4969 0 0
ciMethod java/util/Hashtable <init> (I)V 2057 1 306 0 0
ciMethod java/util/Hashtable <init> ()V 1305 1 4663 0 0
ciMethod java/util/Dictionary <init> ()V 2049 1 4969 0 0
ciMethod java/lang/StringBuilder <init> ()V 521 1 134773 0 -1
ciMethod java/lang/StringBuilder append (Ljava/lang/String;)Ljava/lang/StringBuilder; 897 1 410895 0 -1
ciMethod java/lang/StringBuilder toString ()Ljava/lang/String; 521 1 172232 0 -1
ciMethod java/io/ByteArrayInputStream <init> ([B)V 137 1 579 0 0
ciMethod java/io/InputStream <init> ()V 2049 1 11600 0 0
ciMethod java/io/InputStream read ([BII)I 0 0 1 0 -1
ciMethod java/io/InputStream close ()V 0 0 1 0 -1
ciMethod java/net/URLClassLoader getAndVerifyPackage (Ljava/lang/String;Ljava/util/jar/Manifest;Ljava/net/URL;)Ljava/lang/Package; 2073 1 3417 0 0
ciMethod java/net/URLClassLoader definePackageInternal (Ljava/lang/String;Ljava/util/jar/Manifest;Ljava/net/URL;)V 2073 1 3417 0 0
ciMethod java/net/URLClassLoader defineClass (Ljava/lang/String;Lsun/misc/Resource;)Ljava/lang/Class; 1089 1 3417 0 0
ciMethod java/net/URLClassLoader definePackage (Ljava/lang/String;Ljava/util/jar/Manifest;Ljava/net/URL;)Ljava/lang/Package; 409 1 356 0 0
ciMethod java/net/URLClassLoader isSealed (Ljava/lang/String;Ljava/util/jar/Manifest;)Z 2049 1 3046 0 0
ciMethod java/net/URLClassLoader access$000 (Ljava/net/URLClassLoader;)Lsun/misc/URLClassPath; 1025 1 128 0 0
ciMethod java/net/URLClassLoader access$100 (Ljava/net/URLClassLoader;Ljava/lang/String;Lsun/misc/Resource;)Ljava/lang/Class; 1089 1 3417 0 0
ciMethod java/util/jar/Manifest <init> (Ljava/io/InputStream;)V 129 1 305 0 0
ciMethod java/util/jar/Manifest getMainAttributes ()Ljava/util/jar/Attributes; 1025 1 128 0 0
ciMethod java/util/jar/Manifest getEntries ()Ljava/util/Map; 1025 1 128 0 0
ciMethod java/util/jar/Manifest getAttributes (Ljava/lang/String;)Ljava/util/jar/Attributes; 2465 1 3804 0 0
ciMethod java/util/jar/Manifest read (Ljava/io/InputStream;)V 129 1 306 0 -1
ciMethod java/util/jar/Manifest parseName ([BI)Ljava/lang/String; 2721 1 400 0 -1
ciMethod java/security/CodeSource <init> (Ljava/net/URL;[Ljava/security/CodeSigner;)V 2113 1 3417 0 0
ciMethod java/lang/Character charCount (I)I 25 1 79957 0 -1
ciMethod java/lang/Character toChars (I[CI)I 0 0 1 0 -1
ciMethod java/lang/Character toChars (I)[C 0 0 1 0 -1
ciMethod java/lang/Character toLowerCase (C)C 3017 1 32681 0 224
ciMethod java/lang/Character toLowerCase (I)I 4097 1 166568 0 320
ciMethod java/lang/Character toUpperCase (C)C 4097 1 19766 0 0
ciMethod java/lang/Character toUpperCase (I)I 4097 1 19766 0 0
ciMethod java/lang/Character toUpperCaseEx (I)I 2561 1 30798 0 -1
ciMethod java/lang/Character toUpperCaseCharArray (I)[C 0 0 1 0 -1
ciMethod java/lang/Float isNaN (F)Z 3073 1 16763 0 0
ciMethod java/lang/Float floatToRawIntBits (F)I 9 1 1 0 -1
ciMethod java/util/Comparator compare (Ljava/lang/Object;Ljava/lang/Object;)I 0 0 1 0 -1
ciMethod java/security/AccessController doPrivileged (Ljava/security/PrivilegedAction;)Ljava/lang/Object; 2049 1 256 0 -1
ciMethod java/util/List add (Ljava/lang/Object;)Z 0 0 1 0 -1
ciMethod java/util/AbstractList <init> ()V 2593 1 191125 0 0
ciMethod java/util/AbstractCollection <init> ()V 825 1 442851 0 32
ciMethod java/lang/Math max (II)I 3601 1 58339 0 -1
ciMethod java/lang/Math min (II)I 4097 1 310323 0 -1
ciMethod java/lang/Math min (FF)F 2745 1 5173 0 0
ciMethod java/util/AbstractMap <init> ()V 969 1 77413 0 32
ciMethod java/util/ArrayList <init> (I)V 2057 1 10718 0 -1
ciMethod java/util/ArrayList <init> ()V 2121 1 150228 0 64
ciMethod java/util/HashMap hash (Ljava/lang/Object;)I 2057 1 180200 0 160
ciMethod java/util/HashMap tableSizeFor (I)I 2009 1 7469 0 128
ciMethod java/util/HashMap <init> (IF)V 841 1 10877 0 352
ciMethod java/util/HashMap <init> (I)V 729 1 23588 0 0
ciMethod java/util/HashMap <init> ()V 265 1 64674 0 32
ciMethod java/util/HashMap get (Ljava/lang/Object;)Ljava/lang/Object; 3081 1 47229 0 672
ciMethod java/util/HashMap getNode (ILjava/lang/Object;)Ljava/util/HashMap$Node; 2065 41 25141 0 512
ciMethod java/util/HashMap put (Ljava/lang/Object;Ljava/lang/Object;)Ljava/lang/Object; 3145 1 47949 0 224
ciMethod java/util/HashMap putVal (ILjava/lang/Object;Ljava/lang/Object;ZZ)Ljava/lang/Object; 3081 249 6239 0 1184
ciMethod java/util/HashMap resize ()[Ljava/util/HashMap$Node; 361 2945 2059 0 -1
ciMethod java/util/HashMap treeifyBin ([Ljava/util/HashMap$Node;I)V 0 0 1 0 -1
ciMethod java/util/HashMap newNode (ILjava/lang/Object;Ljava/lang/Object;Ljava/util/HashMap$Node;)Ljava/util/HashMap$Node; 2113 1 5438 0 224
ciMethod java/util/HashMap afterNodeAccess (Ljava/util/HashMap$Node;)V 3505 1 1117 0 0
ciMethod java/util/HashMap afterNodeInsertion (Z)V 2121 1 1321 0 0
ciMethod java/util/HashMap$Node <init> (ILjava/lang/Object;Ljava/lang/Object;Ljava/util/HashMap$Node;)V 2049 1 17222 0 0
ciMethod java/util/Arrays copyOf ([BI)[B 2129 1 16382 0 -1
ciMethod java/util/Arrays copyOf ([CI)[C 2057 1 18939 0 480
ciMethod java/util/Arrays copyOfRange ([CII)[C 3113 1 5630 0 512
ciMethod sun/misc/ASCIICaseInsensitiveComparator compare (Ljava/lang/String;Ljava/lang/String;)I 4097 6513 12939 0 -1
ciMethod sun/misc/ASCIICaseInsensitiveComparator lowerCaseHashCode (Ljava/lang/String;)I 1521 24721 1401 0 640
ciMethod sun/misc/ASCIICaseInsensitiveComparator isUpper (I)Z 4097 1 47033 0 -1
ciMethod sun/misc/ASCIICaseInsensitiveComparator toLower (I)I 4097 1 47033 0 64
ciMethod sun/misc/ASCIICaseInsensitiveComparator compare (Ljava/lang/Object;Ljava/lang/Object;)I 4097 1 13936 0 960
ciMethodData java/lang/String charAt (I)C 2 741087 orig 264 216 160 64 115 0 0 0 0 104 61 169 27 0 0 0 0 120 1 0 0 32 0 0 0 0 0 0 0 0 0 0 0 0 0 0 0 0 0 0 0 0 0 0 0 0 0 0 0 0 0 0 0 0 0 0 0 0 0 0 0 0 0 0 0 0 0 0 0 0 0 0 0 0 0 0 0 0 0 0 0 77 68 79 32 101 120 116 114 97 32 100 97 116 97 32 108 111 99 107 0 0 0 0 0 0 0 0 0 0 0 0 0 0 0 0 0 0 0 0 0 0 0 0 0 0 0 0 0 0 0 0 0 0 0 0 0 0 0 0 0 0 0 0 0 0 0 0 0 0 0 0 0 0 0 0 0 0 0 0 0 0 0 0 0 0 0 0 0 0 0 0 0 0 0 0 0 0 0 0 0 0 0 0 0 25 0 0 0 0 0 0 0 0 0 0 0 0 0 0 0 1 0 0 0 0 0 0 0 0 0 0 0 0 0 0 0 0 2 0 0 249 102 90 0 1 0 0 0 0 0 0 0 0 0 0 0 2 0 0 0 0 0 0 0 0 0 0 0 80 0 0 0 255 255 255 255 7 0 1 0 0 0 0 0 data 10 0x10007 0x0 0x40 0xb4cdf 0xa0007 0xb4cdf 0x30 0x0 0x120002 0x0 oops 0
ciMethodData java/lang/String length ()I 2 549691 orig 264 216 160 64 115 0 0 0 0 24 60 169 27 0 0 0 0 32 1 0 0 0 0 0 0 0 0 0 0 0 0 0 0 0 0 0 0 0 0 0 0 0 0 0 0 0 0 0 0 0 0 0 0 0 0 0 0 0 0 0 0 0 0 0 0 0 0 0 0 0 0 0 0 0 0 0 0 0 0 0 0 77 68 79 32 101 120 116 114 97 32 100 97 116 97 32 108 111 99 107 0 0 0 0 0 0 0 0 0 0 0 0 0 0 0 0 0 0 0 0 0 0 0 0 0 0 0 0 0 0 0 0 0 0 0 0 0 0 0 0 0 0 0 0 0 0 0 0 0 0 0 0 0 0 0 0 0 0 0 0 0 0 0 0 0 0 0 0 0 0 0 0 0 0 0 0 0 0 0 0 0 0 0 0 0 1 0 0 0 0 0 0 0 0 0 0 0 0 0 0 0 1 0 0 0 0 0 0 0 0 0 0 0 0 0 0 0 0 2 0 0 217 9 67 0 1 0 0 0 0 0 0 0 0 0 0 0 2 0 0 0 0 0 0 0 0 0 0 0 0 0 0 0 255 255 255 255 0 0 0 0 0 0 0 0 data 0 oops 0
ciMethodData sun/misc/ASCIICaseInsensitiveComparator toLower (I)I 2 47033 orig 264 216 160 64 115 0 0 0 0 144 201 187 27 0 0 0 0 144 1 0 0 0 0 0 0 0 0 0 0 0 0 0 0 0 0 0 0 0 0 0 0 0 0 0 0 0 0 0 0 0 0 0 0 0 0 0 0 0 0 0 0 0 0 0 0 0 0 0 0 0 0 0 0 0 0 0 0 0 0 0 0 77 68 79 32 101 120 116 114 97 32 100 97 116 97 32 108 111 99 107 0 0 0 0 0 0 0 0 0 0 0 0 0 0 0 0 0 0 0 0 0 0 0 0 0 0 0 0 0 0 0 0 0 0 0 0 0 0 0 0 0 0 0 0 0 0 0 0 0 0 0 0 0 0 0 0 0 0 0 0 0 0 0 0 0 0 0 0 0 0 0 0 0 0 0 0 0 0 0 0 0 0 0 0 0 0 0 0 0 0 0 0 0 0 0 0 0 0 0 0 0 0 0 0 0 0 0 0 0 0 0 0 0 0 0 0 0 0 2 0 0 201 173 5 0 1 0 0 0 0 0 0 0 0 0 0 0 2 0 0 0 0 0 0 0 0 0 0 0 72 0 0 0 255 255 255 255 2 0 1 0 0 0 0 0 data 9 0x10002 0xb5b9 0x40007 0x9481 0x38 0x2138 0xb0003 0x2138 0x18 oops 0
ciMethodData sun/misc/ASCIICaseInsensitiveComparator compare (Ljava/lang/Object;Ljava/lang/Object;)I 2 13936 orig 264 216 160 64 115 0 0 0 0 208 202 187 27 0 0 0 0 232 1 0 0 0 0 0 0 0 0 0 0 0 0 0 0 0 0 0 0 0 0 0 0 0 0 0 0 0 0 0 0 0 0 0 0 0 0 0 0 0 0 0 0 0 0 0 0 0 0 0 0 0 0 0 0 0 0 0 0 0 0 0 0 77 68 79 32 101 120 116 114 97 32 100 97 116 97 32 108 111 99 107 0 0 0 0 0 0 0 0 0 0 0 0 0 0 0 0 0 0 0 0 0 0 0 0 0 0 0 0 0 0 0 0 0 0 0 0 0 0 0 0 0 0 0 0 0 0 0 0 0 0 0 0 0 0 0 0 0 0 0 0 0 0 0 0 0 0 0 0 0 0 0 0 0 0 0 0 0 0 0 0 0 0 0 0 0 0 0 0 0 0 0 0 0 0 0 0 0 0 0 0 0 0 0 0 0 0 0 0 0 0 0 0 0 0 0 0 0 0 2 0 0 129 163 1 0 1 0 0 0 0 0 0 0 0 0 0 0 2 0 0 0 0 0 0 0 0 0 0 0 144 0 0 0 255 255 255 255 4 0 2 0 0 0 0 0 data 18 0x20004 0x0 0x296a200 0x308b 0x0 0x0 0x60004 0x0 0x296a200 0x308b 0x0 0x0 0x90005 0x0 0x21dbdb70 0x3470 0x0 0x0 oops 3