[1;32m2019-03-27 10:30:05.942[0;39m [34mINFO [0;39m [36mo.s.b.a.SpringApplicationAdminMXBeanRegistrar$SpringApplicationAdmin[0;39m - Application shutdown requested. 
[1;32m2019-03-27 10:30:05.954[0;39m [34mINFO [0;39m [36mo.s.b.c.e.AnnotationConfigEmbeddedWebApplicationContext[0;39m - Closing org.springframework.boot.context.embedded.AnnotationConfigEmbeddedWebApplicationContext@55740540: startup date [Mon Mar 25 17:17:53 CST 2019]; root of context hierarchy 
[1;32m2019-03-27 10:30:05.955[0;39m [34mINFO [0;39m [36mo.s.b.a.SpringApplicationAdminMXBeanRegistrar$SpringApplicationAdmin[0;39m - Application shutdown requested. 
[1;32m2019-03-27 10:30:05.989[0;39m [34mINFO [0;39m [36mo.s.j.e.a.AnnotationMBeanExporter  [0;39m - Unregistering JMX-exposed beans on shutdown 
[1;32m2019-03-27 10:30:05.993[0;39m [34mINFO [0;39m [36mo.s.j.e.a.AnnotationMBeanExporter  [0;39m - Unregistering JMX-exposed beans 
[1;32m2019-03-27 10:30:05.995[0;39m [34mINFO [0;39m [36mo.s.o.j.LocalContainerEntityManagerFactoryBean[0;39m - Closing JPA EntityManagerFactory for persistence unit 'default' 
[1;32m2019-03-27 10:30:06.008[0;39m [34mINFO [0;39m [36mc.a.druid.pool.DruidDataSource     [0;39m - {dataSource-1} closed 
[1;32m2019-03-27 15:14:01.892[0;39m [34mINFO [0;39m [36mo.s.c.a.AnnotationConfigApplicationContext[0;39m - Refreshing org.springframework.context.annotation.AnnotationConfigApplicationContext@229f66ed: startup date [Wed Mar 27 15:14:01 CST 2019]; root of context hierarchy 
[1;32m2019-03-27 15:14:02.127[0;39m [34mINFO [0;39m [36mo.s.b.f.a.AutowiredAnnotationBeanPostProcessor[0;39m - JSR-330 'javax.inject.Inject' annotation found and supported for autowiring 
[1;32m2019-03-27 15:14:02.182[0;39m [34mINFO [0;39m [36mo.s.c.s.PostProcessorRegistrationDelegate$BeanPostProcessorChecker[0;39m - Bean 'configurationPropertiesRebinderAutoConfiguration' of type [org.springframework.cloud.autoconfigure.ConfigurationPropertiesRebinderAutoConfiguration$$EnhancerBySpringCGLIB$$32744ef0] is not eligible for getting processed by all BeanPostProcessors (for example: not eligible for auto-proxying) 
[1;32m2019-03-27 15:14:03.572[0;39m [34mINFO [0;39m [36mcom.finanstar.MarketApplication    [0;39m - The following profiles are active: pro 
[1;32m2019-03-27 15:14:03.591[0;39m [34mINFO [0;39m [36mo.s.b.c.e.AnnotationConfigEmbeddedWebApplicationContext[0;39m - Refreshing org.springframework.boot.context.embedded.AnnotationConfigEmbeddedWebApplicationContext@3a62c01e: startup date [Wed Mar 27 15:14:03 CST 2019]; parent: org.springframework.context.annotation.AnnotationConfigApplicationContext@229f66ed 
[1;32m2019-03-27 15:14:04.287[0;39m [34mINFO [0;39m [36mo.s.d.r.c.RepositoryConfigurationDelegate[0;39m - Multiple Spring Data modules found, entering strict repository configuration mode! 
[1;32m2019-03-27 15:14:04.350[0;39m [34mINFO [0;39m [36mo.s.d.r.c.RepositoryConfigurationDelegate[0;39m - Multiple Spring Data modules found, entering strict repository configuration mode! 
[1;32m2019-03-27 15:14:04.472[0;39m [31mWARN [0;39m [36mo.s.c.a.ConfigurationClassPostProcessor[0;39m - Cannot enhance @Configuration bean definition 'refreshScope' since its singleton instance has been created too early. The typical cause is a non-static @Bean method with a BeanDefinitionRegistryPostProcessor return type: Consider declaring such methods as 'static'. 
[1;32m2019-03-27 15:14:04.610[0;39m [34mINFO [0;39m [36mo.s.c.context.scope.GenericScope   [0;39m - BeanFactory id=d6ffed99-fffa-37c5-8135-b096b299d09a 
[1;32m2019-03-27 15:14:04.664[0;39m [34mINFO [0;39m [36mo.s.b.f.a.AutowiredAnnotationBeanPostProcessor[0;39m - JSR-330 'javax.inject.Inject' annotation found and supported for autowiring 
[1;32m2019-03-27 15:14:04.769[0;39m [34mINFO [0;39m [36mo.s.c.s.PostProcessorRegistrationDelegate$BeanPostProcessorChecker[0;39m - Bean 'org.springframework.transaction.annotation.ProxyTransactionManagementConfiguration' of type [org.springframework.transaction.annotation.ProxyTransactionManagementConfiguration$$EnhancerBySpringCGLIB$$165a4bf3] is not eligible for getting processed by all BeanPostProcessors (for example: not eligible for auto-proxying) 
[1;32m2019-03-27 15:14:04.804[0;39m [34mINFO [0;39m [36mo.s.c.s.PostProcessorRegistrationDelegate$BeanPostProcessorChecker[0;39m - Bean 'org.springframework.cache.annotation.ProxyCachingConfiguration' of type [org.springframework.cache.annotation.ProxyCachingConfiguration$$EnhancerBySpringCGLIB$$5f6c8211] is not eligible for getting processed by all BeanPostProcessors (for example: not eligible for auto-proxying) 
[1;32m2019-03-27 15:14:04.825[0;39m [34mINFO [0;39m [36mo.s.c.s.PostProcessorRegistrationDelegate$BeanPostProcessorChecker[0;39m - Bean 'org.springframework.boot.autoconfigure.cache.CacheAutoConfiguration' of type [org.springframework.boot.autoconfigure.cache.CacheAutoConfiguration$$EnhancerBySpringCGLIB$$53e046b5] is not eligible for getting processed by all BeanPostProcessors (for example: not eligible for auto-proxying) 
[1;32m2019-03-27 15:14:04.857[0;39m [34mINFO [0;39m [36mo.s.c.s.PostProcessorRegistrationDelegate$BeanPostProcessorChecker[0;39m - Bean 'spring.cache-org.springframework.boot.autoconfigure.cache.CacheProperties' of type [org.springframework.boot.autoconfigure.cache.CacheProperties] is not eligible for getting processed by all BeanPostProcessors (for example: not eligible for auto-proxying) 
[1;32m2019-03-27 15:14:04.867[0;39m [34mINFO [0;39m [36mo.s.c.s.PostProcessorRegistrationDelegate$BeanPostProcessorChecker[0;39m - Bean 'cacheManagerCustomizers' of type [org.springframework.boot.autoconfigure.cache.CacheManagerCustomizers] is not eligible for getting processed by all BeanPostProcessors (for example: not eligible for auto-proxying) 
[1;32m2019-03-27 15:14:04.871[0;39m [34mINFO [0;39m [36mo.s.c.s.PostProcessorRegistrationDelegate$BeanPostProcessorChecker[0;39m - Bean 'org.springframework.boot.autoconfigure.cache.RedisCacheConfiguration' of type [org.springframework.boot.autoconfigure.cache.RedisCacheConfiguration$$EnhancerBySpringCGLIB$$471e30f] is not eligible for getting processed by all BeanPostProcessors (for example: not eligible for auto-proxying) 
[1;32m2019-03-27 15:14:04.877[0;39m [34mINFO [0;39m [36mo.s.c.s.PostProcessorRegistrationDelegate$BeanPostProcessorChecker[0;39m - Bean 'redisConfig' of type [com.finanstar.conf.RedisConfig$$EnhancerBySpringCGLIB$$2a7166bc] is not eligible for getting processed by all BeanPostProcessors (for example: not eligible for auto-proxying) 
[1;32m2019-03-27 15:14:04.888[0;39m [34mINFO [0;39m [36mo.s.c.s.PostProcessorRegistrationDelegate$BeanPostProcessorChecker[0;39m - Bean 'spring.redis-org.springframework.boot.autoconfigure.data.redis.RedisProperties' of type [org.springframework.boot.autoconfigure.data.redis.RedisProperties] is not eligible for getting processed by all BeanPostProcessors (for example: not eligible for auto-proxying) 
[1;32m2019-03-27 15:14:04.892[0;39m [34mINFO [0;39m [36mo.s.c.s.PostProcessorRegistrationDelegate$BeanPostProcessorChecker[0;39m - Bean 'org.springframework.boot.autoconfigure.data.redis.RedisAutoConfiguration$RedisConnectionConfiguration' of type [org.springframework.boot.autoconfigure.data.redis.RedisAutoConfiguration$RedisConnectionConfiguration$$EnhancerBySpringCGLIB$$aa547302] is not eligible for getting processed by all BeanPostProcessors (for example: not eligible for auto-proxying) 
[1;32m2019-03-27 15:14:04.928[0;39m [34mINFO [0;39m [36mo.s.c.s.PostProcessorRegistrationDelegate$BeanPostProcessorChecker[0;39m - Bean 'redisConnectionFactory' of type [org.springframework.data.redis.connection.jedis.JedisConnectionFactory] is not eligible for getting processed by all BeanPostProcessors (for example: not eligible for auto-proxying) 
[1;32m2019-03-27 15:14:04.948[0;39m [34mINFO [0;39m [36mo.s.c.s.PostProcessorRegistrationDelegate$BeanPostProcessorChecker[0;39m - Bean 'redisTemplate' of type [org.springframework.data.redis.core.RedisTemplate] is not eligible for getting processed by all BeanPostProcessors (for example: not eligible for auto-proxying) 
[1;32m2019-03-27 15:14:04.956[0;39m [34mINFO [0;39m [36mo.s.c.s.PostProcessorRegistrationDelegate$BeanPostProcessorChecker[0;39m - Bean 'cacheManager' of type [org.springframework.data.redis.cache.RedisCacheManager] is not eligible for getting processed by all BeanPostProcessors (for example: not eligible for auto-proxying) 
[1;32m2019-03-27 15:14:04.957[0;39m [34mINFO [0;39m [36mo.s.c.s.PostProcessorRegistrationDelegate$BeanPostProcessorChecker[0;39m - Bean 'cacheAutoConfigurationValidator' of type [org.springframework.boot.autoconfigure.cache.CacheAutoConfiguration$CacheManagerValidator] is not eligible for getting processed by all BeanPostProcessors (for example: not eligible for auto-proxying) 
[1;32m2019-03-27 15:14:04.978[0;39m [34mINFO [0;39m [36mo.s.c.s.PostProcessorRegistrationDelegate$BeanPostProcessorChecker[0;39m - Bean 'org.springframework.cloud.autoconfigure.ConfigurationPropertiesRebinderAutoConfiguration' of type [org.springframework.cloud.autoconfigure.ConfigurationPropertiesRebinderAutoConfiguration$$EnhancerBySpringCGLIB$$32744ef0] is not eligible for getting processed by all BeanPostProcessors (for example: not eligible for auto-proxying) 
[1;32m2019-03-27 15:14:05.879[0;39m [34mINFO [0;39m [36mo.s.b.c.e.t.TomcatEmbeddedServletContainer[0;39m - Tomcat initialized with port(s): 8082 (http) 
[1;32m2019-03-27 15:14:05.892[0;39m [34mINFO [0;39m [36mo.a.catalina.core.StandardService  [0;39m - Starting service Tomcat 
[1;32m2019-03-27 15:14:05.894[0;39m [34mINFO [0;39m [36mo.a.catalina.core.StandardEngine   [0;39m - Starting Servlet Engine: Apache Tomcat/8.5.11 
[1;32m2019-03-27 15:14:06.072[0;39m [34mINFO [0;39m [36mo.a.c.c.C.[Tomcat].[localhost].[/] [0;39m - Initializing Spring embedded WebApplicationContext 
[1;32m2019-03-27 15:14:06.351[0;39m [34mINFO [0;39m [36mo.s.b.w.s.FilterRegistrationBean   [0;39m - Mapping filter: 'characterEncodingFilter' to: [/*] 
[1;32m2019-03-27 15:14:06.352[0;39m [34mINFO [0;39m [36mo.s.b.w.s.FilterRegistrationBean   [0;39m - Mapping filter: 'hiddenHttpMethodFilter' to: [/*] 
[1;32m2019-03-27 15:14:06.352[0;39m [34mINFO [0;39m [36mo.s.b.w.s.FilterRegistrationBean   [0;39m - Mapping filter: 'httpPutFormContentFilter' to: [/*] 
[1;32m2019-03-27 15:14:06.352[0;39m [34mINFO [0;39m [36mo.s.b.w.s.FilterRegistrationBean   [0;39m - Mapping filter: 'requestContextFilter' to: [/*] 
[1;32m2019-03-27 15:14:06.353[0;39m [34mINFO [0;39m [36mo.s.b.w.s.FilterRegistrationBean   [0;39m - Mapping filter: 'xssFilter' to urls: [/*] 
[1;32m2019-03-27 15:14:06.354[0;39m [34mINFO [0;39m [36mo.s.b.w.s.FilterRegistrationBean   [0;39m - Mapping filter: 'webStatFilter' to urls: [/*] 
[1;32m2019-03-27 15:14:06.354[0;39m [34mINFO [0;39m [36mo.s.b.w.s.ServletRegistrationBean  [0;39m - Mapping servlet: 'dispatcherServlet' to [/] 
[1;32m2019-03-27 15:14:06.356[0;39m [34mINFO [0;39m [36mo.s.b.w.s.ServletRegistrationBean  [0;39m - Mapping servlet: 'statViewServlet' to [/druid/*] 
[1;32m2019-03-27 15:14:06.404[0;39m [34mINFO [0;39m [36mc.a.d.s.b.a.DruidDataSourceAutoConfigure[0;39m - Init DruidDataSource 
[1;32m2019-03-27 15:14:07.010[0;39m [34mINFO [0;39m [36mc.a.druid.pool.DruidDataSource     [0;39m - {dataSource-1} inited 
[1;32m2019-03-27 15:14:07.453[0;39m [34mINFO [0;39m [36mo.s.o.j.LocalContainerEntityManagerFactoryBean[0;39m - Building JPA container EntityManagerFactory for persistence unit 'default' 
[1;32m2019-03-27 15:14:07.473[0;39m [34mINFO [0;39m [36mo.h.jpa.internal.util.LogHelper    [0;39m - HHH000204: Processing PersistenceUnitInfo [
	name: default
	...] 
[1;32m2019-03-27 15:14:07.558[0;39m [34mINFO [0;39m [36morg.hibernate.Version              [0;39m - HHH000412: Hibernate Core {5.0.12.Final} 
[1;32m2019-03-27 15:14:07.560[0;39m [34mINFO [0;39m [36morg.hibernate.cfg.Environment      [0;39m - HHH000206: hibernate.properties not found 
[1;32m2019-03-27 15:14:07.562[0;39m [34mINFO [0;39m [36morg.hibernate.cfg.Environment      [0;39m - HHH000021: Bytecode provider name : javassist 
[1;32m2019-03-27 15:14:07.628[0;39m [34mINFO [0;39m [36mo.h.annotations.common.Version     [0;39m - HCANN000001: Hibernate Commons Annotations {5.0.1.Final} 
[1;32m2019-03-27 15:14:07.752[0;39m [34mINFO [0;39m [36morg.hibernate.dialect.Dialect      [0;39m - HHH000400: Using dialect: org.hibernate.dialect.MySQL5Dialect 
[1;32m2019-03-27 15:14:07.946[0;39m [31mWARN [0;39m [36morg.hibernate.id.UUIDHexGenerator  [0;39m - HHH000409: Using org.hibernate.id.UUIDHexGenerator which does not generate IETF RFC 4122 compliant UUID values; consider using org.hibernate.id.UUIDGenerator instead 
[1;32m2019-03-27 15:14:08.170[0;39m [34mINFO [0;39m [36mo.h.tool.hbm2ddl.SchemaUpdate      [0;39m - HHH000228: Running hbm2ddl schema update 
[1;32m2019-03-27 15:14:08.264[0;39m [34mINFO [0;39m [36mo.h.t.s.e.i.InformationExtractorJdbcDatabaseMetaDataImpl[0;39m - HHH000262: Table not found: f_d_goods 
[1;32m2019-03-27 15:14:08.273[0;39m [34mINFO [0;39m [36mo.h.t.s.e.i.InformationExtractorJdbcDatabaseMetaDataImpl[0;39m - HHH000262: Table not found: f_d_goods 
[1;32m2019-03-27 15:14:08.377[0;39m [34mINFO [0;39m [36mo.s.o.j.LocalContainerEntityManagerFactoryBean[0;39m - Initialized JPA EntityManagerFactory for persistence unit 'default' 
[1;32m2019-03-27 15:14:10.589[0;39m [31mWARN [0;39m [36mo.s.c.n.a.ArchaiusAutoConfiguration[0;39m - No spring.application.name found, defaulting to 'application' 
[1;32m2019-03-27 15:14:10.596[0;39m [31mWARN [0;39m [36mc.n.c.s.URLConfigurationSource     [0;39m - No URLs will be polled as dynamic configuration sources. 
[1;32m2019-03-27 15:14:10.597[0;39m [34mINFO [0;39m [36mc.n.c.s.URLConfigurationSource     [0;39m - To enable URLs as dynamic configuration sources, define System property archaius.configurationSource.additionalUrls or make config.properties available on classpath. 
[1;32m2019-03-27 15:14:10.608[0;39m [31mWARN [0;39m [36mc.n.c.s.URLConfigurationSource     [0;39m - No URLs will be polled as dynamic configuration sources. 
[1;32m2019-03-27 15:14:10.609[0;39m [34mINFO [0;39m [36mc.n.c.s.URLConfigurationSource     [0;39m - To enable URLs as dynamic configuration sources, define System property archaius.configurationSource.additionalUrls or make config.properties available on classpath. 
[1;32m2019-03-27 15:14:10.788[0;39m [34mINFO [0;39m [36mo.s.j.e.a.AnnotationMBeanExporter  [0;39m - Registering beans for JMX exposure on startup 
[1;32m2019-03-27 15:14:10.789[0;39m [34mINFO [0;39m [36mo.s.j.e.a.AnnotationMBeanExporter  [0;39m - Bean with name 'statFilter' has been autodetected for JMX exposure 
[1;32m2019-03-27 15:14:10.790[0;39m [34mINFO [0;39m [36mo.s.j.e.a.AnnotationMBeanExporter  [0;39m - Bean with name 'dataSource' has been autodetected for JMX exposure 
[1;32m2019-03-27 15:14:10.796[0;39m [34mINFO [0;39m [36mo.s.j.e.a.AnnotationMBeanExporter  [0;39m - Bean with name 'configurationPropertiesRebinder' has been autodetected for JMX exposure 
[1;32m2019-03-27 15:14:10.799[0;39m [34mINFO [0;39m [36mo.s.j.e.a.AnnotationMBeanExporter  [0;39m - Bean with name 'refreshScope' has been autodetected for JMX exposure 
[1;32m2019-03-27 15:14:10.799[0;39m [34mINFO [0;39m [36mo.s.j.e.a.AnnotationMBeanExporter  [0;39m - Bean with name 'environmentManager' has been autodetected for JMX exposure 
[1;32m2019-03-27 15:14:10.802[0;39m [34mINFO [0;39m [36mo.s.j.e.a.AnnotationMBeanExporter  [0;39m - Located managed bean 'environmentManager': registering with JMX server as MBean [org.springframework.cloud.context.environment:name=environmentManager,type=EnvironmentManager] 
[1;32m2019-03-27 15:14:10.814[0;39m [34mINFO [0;39m [36mo.s.j.e.a.AnnotationMBeanExporter  [0;39m - Located managed bean 'refreshScope': registering with JMX server as MBean [org.springframework.cloud.context.scope.refresh:name=refreshScope,type=RefreshScope] 
[1;32m2019-03-27 15:14:10.823[0;39m [34mINFO [0;39m [36mo.s.j.e.a.AnnotationMBeanExporter  [0;39m - Located managed bean 'configurationPropertiesRebinder': registering with JMX server as MBean [org.springframework.cloud.context.properties:name=configurationPropertiesRebinder,context=3a62c01e,type=ConfigurationPropertiesRebinder] 
[1;32m2019-03-27 15:14:10.830[0;39m [34mINFO [0;39m [36mo.s.j.e.a.AnnotationMBeanExporter  [0;39m - Located MBean 'dataSource': registering with JMX server as MBean [com.alibaba.druid.spring.boot.autoconfigure:name=dataSource,type=DruidDataSourceWrapper] 
[1;32m2019-03-27 15:14:10.832[0;39m [34mINFO [0;39m [36mo.s.j.e.a.AnnotationMBeanExporter  [0;39m - Located MBean 'statFilter': registering with JMX server as MBean [com.alibaba.druid.filter.stat:name=statFilter,type=StatFilter] 
[1;32m2019-03-27 15:14:11.108[0;39m [34mINFO [0;39m [36mo.s.b.c.e.t.TomcatEmbeddedServletContainer[0;39m - Tomcat started on port(s): 8082 (http) 
[1;32m2019-03-27 15:14:11.112[0;39m [34mINFO [0;39m [36mcom.finanstar.MarketApplication    [0;39m - Started MarketApplication in 10.504 seconds (JVM running for 11.287) 
[1;32m2019-03-27 15:14:37.200[0;39m [34mINFO [0;39m [36mo.s.c.a.AnnotationConfigApplicationContext[0;39m - Refreshing org.springframework.context.annotation.AnnotationConfigApplicationContext@229f66ed: startup date [Wed Mar 27 15:14:37 CST 2019]; root of context hierarchy 
[1;32m2019-03-27 15:14:37.459[0;39m [34mINFO [0;39m [36mo.s.b.f.a.AutowiredAnnotationBeanPostProcessor[0;39m - JSR-330 'javax.inject.Inject' annotation found and supported for autowiring 
[1;32m2019-03-27 15:14:37.500[0;39m [34mINFO [0;39m [36mo.s.c.s.PostProcessorRegistrationDelegate$BeanPostProcessorChecker[0;39m - Bean 'configurationPropertiesRebinderAutoConfiguration' of type [org.springframework.cloud.autoconfigure.ConfigurationPropertiesRebinderAutoConfiguration$$EnhancerBySpringCGLIB$$32744ef0] is not eligible for getting processed by all BeanPostProcessors (for example: not eligible for auto-proxying) 
[1;32m2019-03-27 15:14:38.872[0;39m [34mINFO [0;39m [36mcom.finanstar.MarketApplication    [0;39m - The following profiles are active: pro 
[1;32m2019-03-27 15:14:38.891[0;39m [34mINFO [0;39m [36mo.s.b.c.e.AnnotationConfigEmbeddedWebApplicationContext[0;39m - Refreshing org.springframework.boot.context.embedded.AnnotationConfigEmbeddedWebApplicationContext@3a62c01e: startup date [Wed Mar 27 15:14:38 CST 2019]; parent: org.springframework.context.annotation.AnnotationConfigApplicationContext@229f66ed 
[1;32m2019-03-27 15:14:39.573[0;39m [34mINFO [0;39m [36mo.s.d.r.c.RepositoryConfigurationDelegate[0;39m - Multiple Spring Data modules found, entering strict repository configuration mode! 
[1;32m2019-03-27 15:14:39.639[0;39m [34mINFO [0;39m [36mo.s.d.r.c.RepositoryConfigurationDelegate[0;39m - Multiple Spring Data modules found, entering strict repository configuration mode! 
[1;32m2019-03-27 15:14:39.754[0;39m [31mWARN [0;39m [36mo.s.c.a.ConfigurationClassPostProcessor[0;39m - Cannot enhance @Configuration bean definition 'refreshScope' since its singleton instance has been created too early. The typical cause is a non-static @Bean method with a BeanDefinitionRegistryPostProcessor return type: Consider declaring such methods as 'static'. 
[1;32m2019-03-27 15:14:39.890[0;39m [34mINFO [0;39m [36mo.s.c.context.scope.GenericScope   [0;39m - BeanFactory id=d6ffed99-fffa-37c5-8135-b096b299d09a 
[1;32m2019-03-27 15:14:39.947[0;39m [34mINFO [0;39m [36mo.s.b.f.a.AutowiredAnnotationBeanPostProcessor[0;39m - JSR-330 'javax.inject.Inject' annotation found and supported for autowiring 
[1;32m2019-03-27 15:14:40.042[0;39m [34mINFO [0;39m [36mo.s.c.s.PostProcessorRegistrationDelegate$BeanPostProcessorChecker[0;39m - Bean 'org.springframework.transaction.annotation.ProxyTransactionManagementConfiguration' of type [org.springframework.transaction.annotation.ProxyTransactionManagementConfiguration$$EnhancerBySpringCGLIB$$165a4bf3] is not eligible for getting processed by all BeanPostProcessors (for example: not eligible for auto-proxying) 
[1;32m2019-03-27 15:14:40.077[0;39m [34mINFO [0;39m [36mo.s.c.s.PostProcessorRegistrationDelegate$BeanPostProcessorChecker[0;39m - Bean 'org.springframework.cache.annotation.ProxyCachingConfiguration' of type [org.springframework.cache.annotation.ProxyCachingConfiguration$$EnhancerBySpringCGLIB$$5f6c8211] is not eligible for getting processed by all BeanPostProcessors (for example: not eligible for auto-proxying) 
[1;32m2019-03-27 15:14:40.095[0;39m [34mINFO [0;39m [36mo.s.c.s.PostProcessorRegistrationDelegate$BeanPostProcessorChecker[0;39m - Bean 'org.springframework.boot.autoconfigure.cache.CacheAutoConfiguration' of type [org.springframework.boot.autoconfigure.cache.CacheAutoConfiguration$$EnhancerBySpringCGLIB$$53e046b5] is not eligible for getting processed by all BeanPostProcessors (for example: not eligible for auto-proxying) 
[1;32m2019-03-27 15:14:40.116[0;39m [34mINFO [0;39m [36mo.s.c.s.PostProcessorRegistrationDelegate$BeanPostProcessorChecker[0;39m - Bean 'spring.cache-org.springframework.boot.autoconfigure.cache.CacheProperties' of type [org.springframework.boot.autoconfigure.cache.CacheProperties] is not eligible for getting processed by all BeanPostProcessors (for example: not eligible for auto-proxying) 
[1;32m2019-03-27 15:14:40.137[0;39m [34mINFO [0;39m [36mo.s.c.s.PostProcessorRegistrationDelegate$BeanPostProcessorChecker[0;39m - Bean 'cacheManagerCustomizers' of type [org.springframework.boot.autoconfigure.cache.CacheManagerCustomizers] is not eligible for getting processed by all BeanPostProcessors (for example: not eligible for auto-proxying) 
[1;32m2019-03-27 15:14:40.146[0;39m [34mINFO [0;39m [36mo.s.c.s.PostProcessorRegistrationDelegate$BeanPostProcessorChecker[0;39m - Bean 'org.springframework.boot.autoconfigure.cache.RedisCacheConfiguration' of type [org.springframework.boot.autoconfigure.cache.RedisCacheConfiguration$$EnhancerBySpringCGLIB$$471e30f] is not eligible for getting processed by all BeanPostProcessors (for example: not eligible for auto-proxying) 
[1;32m2019-03-27 15:14:40.151[0;39m [34mINFO [0;39m [36mo.s.c.s.PostProcessorRegistrationDelegate$BeanPostProcessorChecker[0;39m - Bean 'redisConfig' of type [com.finanstar.conf.RedisConfig$$EnhancerBySpringCGLIB$$2a7166bc] is not eligible for getting processed by all BeanPostProcessors (for example: not eligible for auto-proxying) 
[1;32m2019-03-27 15:14:40.167[0;39m [34mINFO [0;39m [36mo.s.c.s.PostProcessorRegistrationDelegate$BeanPostProcessorChecker[0;39m - Bean 'spring.redis-org.springframework.boot.autoconfigure.data.redis.RedisProperties' of type [org.springframework.boot.autoconfigure.data.redis.RedisProperties] is not eligible for getting processed by all BeanPostProcessors (for example: not eligible for auto-proxying) 
[1;32m2019-03-27 15:14:40.177[0;39m [34mINFO [0;39m [36mo.s.c.s.PostProcessorRegistrationDelegate$BeanPostProcessorChecker[0;39m - Bean 'org.springframework.boot.autoconfigure.data.redis.RedisAutoConfiguration$RedisConnectionConfiguration' of type [org.springframework.boot.autoconfigure.data.redis.RedisAutoConfiguration$RedisConnectionConfiguration$$EnhancerBySpringCGLIB$$aa547302] is not eligible for getting processed by all BeanPostProcessors (for example: not eligible for auto-proxying) 
[1;32m2019-03-27 15:14:40.215[0;39m [34mINFO [0;39m [36mo.s.c.s.PostProcessorRegistrationDelegate$BeanPostProcessorChecker[0;39m - Bean 'redisConnectionFactory' of type [org.springframework.data.redis.connection.jedis.JedisConnectionFactory] is not eligible for getting processed by all BeanPostProcessors (for example: not eligible for auto-proxying) 
[1;32m2019-03-27 15:14:40.234[0;39m [34mINFO [0;39m [36mo.s.c.s.PostProcessorRegistrationDelegate$BeanPostProcessorChecker[0;39m - Bean 'redisTemplate' of type [org.springframework.data.redis.core.RedisTemplate] is not eligible for getting processed by all BeanPostProcessors (for example: not eligible for auto-proxying) 
[1;32m2019-03-27 15:14:40.247[0;39m [34mINFO [0;39m [36mo.s.c.s.PostProcessorRegistrationDelegate$BeanPostProcessorChecker[0;39m - Bean 'cacheManager' of type [org.springframework.data.redis.cache.RedisCacheManager] is not eligible for getting processed by all BeanPostProcessors (for example: not eligible for auto-proxying) 
[1;32m2019-03-27 15:14:40.248[0;39m [34mINFO [0;39m [36mo.s.c.s.PostProcessorRegistrationDelegate$BeanPostProcessorChecker[0;39m - Bean 'cacheAutoConfigurationValidator' of type [org.springframework.boot.autoconfigure.cache.CacheAutoConfiguration$CacheManagerValidator] is not eligible for getting processed by all BeanPostProcessors (for example: not eligible for auto-proxying) 
[1;32m2019-03-27 15:14:40.270[0;39m [34mINFO [0;39m [36mo.s.c.s.PostProcessorRegistrationDelegate$BeanPostProcessorChecker[0;39m - Bean 'org.springframework.cloud.autoconfigure.ConfigurationPropertiesRebinderAutoConfiguration' of type [org.springframework.cloud.autoconfigure.ConfigurationPropertiesRebinderAutoConfiguration$$EnhancerBySpringCGLIB$$32744ef0] is not eligible for getting processed by all BeanPostProcessors (for example: not eligible for auto-proxying) 
[1;32m2019-03-27 15:14:41.168[0;39m [34mINFO [0;39m [36mo.s.b.c.e.t.TomcatEmbeddedServletContainer[0;39m - Tomcat initialized with port(s): 8082 (http) 
[1;32m2019-03-27 15:14:41.179[0;39m [34mINFO [0;39m [36mo.a.catalina.core.StandardService  [0;39m - Starting service Tomcat 
[1;32m2019-03-27 15:14:41.180[0;39m [34mINFO [0;39m [36mo.a.catalina.core.StandardEngine   [0;39m - Starting Servlet Engine: Apache Tomcat/8.5.11 
[1;32m2019-03-27 15:14:41.372[0;39m [34mINFO [0;39m [36mo.a.c.c.C.[Tomcat].[localhost].[/] [0;39m - Initializing Spring embedded WebApplicationContext 
[1;32m2019-03-27 15:14:41.655[0;39m [34mINFO [0;39m [36mo.s.b.w.s.FilterRegistrationBean   [0;39m - Mapping filter: 'characterEncodingFilter' to: [/*] 
[1;32m2019-03-27 15:14:41.656[0;39m [34mINFO [0;39m [36mo.s.b.w.s.FilterRegistrationBean   [0;39m - Mapping filter: 'hiddenHttpMethodFilter' to: [/*] 
[1;32m2019-03-27 15:14:41.657[0;39m [34mINFO [0;39m [36mo.s.b.w.s.FilterRegistrationBean   [0;39m - Mapping filter: 'httpPutFormContentFilter' to: [/*] 
[1;32m2019-03-27 15:14:41.657[0;39m [34mINFO [0;39m [36mo.s.b.w.s.FilterRegistrationBean   [0;39m - Mapping filter: 'requestContextFilter' to: [/*] 
[1;32m2019-03-27 15:14:41.658[0;39m [34mINFO [0;39m [36mo.s.b.w.s.FilterRegistrationBean   [0;39m - Mapping filter: 'xssFilter' to urls: [/*] 
[1;32m2019-03-27 15:14:41.658[0;39m [34mINFO [0;39m [36mo.s.b.w.s.FilterRegistrationBean   [0;39m - Mapping filter: 'webStatFilter' to urls: [/*] 
[1;32m2019-03-27 15:14:41.659[0;39m [34mINFO [0;39m [36mo.s.b.w.s.ServletRegistrationBean  [0;39m - Mapping servlet: 'dispatcherServlet' to [/] 
[1;32m2019-03-27 15:14:41.661[0;39m [34mINFO [0;39m [36mo.s.b.w.s.ServletRegistrationBean  [0;39m - Mapping servlet: 'statViewServlet' to [/druid/*] 
[1;32m2019-03-27 15:14:41.713[0;39m [34mINFO [0;39m [36mc.a.d.s.b.a.DruidDataSourceAutoConfigure[0;39m - Init DruidDataSource 
[1;32m2019-03-27 15:14:42.398[0;39m [34mINFO [0;39m [36mc.a.druid.pool.DruidDataSource     [0;39m - {dataSource-1} inited 
[1;32m2019-03-27 15:14:42.856[0;39m [34mINFO [0;39m [36mo.s.o.j.LocalContainerEntityManagerFactoryBean[0;39m - Building JPA container EntityManagerFactory for persistence unit 'default' 
[1;32m2019-03-27 15:14:42.880[0;39m [34mINFO [0;39m [36mo.h.jpa.internal.util.LogHelper    [0;39m - HHH000204: Processing PersistenceUnitInfo [
	name: default
	...] 
[1;32m2019-03-27 15:14:42.969[0;39m [34mINFO [0;39m [36morg.hibernate.Version              [0;39m - HHH000412: Hibernate Core {5.0.12.Final} 
[1;32m2019-03-27 15:14:42.973[0;39m [34mINFO [0;39m [36morg.hibernate.cfg.Environment      [0;39m - HHH000206: hibernate.properties not found 
[1;32m2019-03-27 15:14:42.975[0;39m [34mINFO [0;39m [36morg.hibernate.cfg.Environment      [0;39m - HHH000021: Bytecode provider name : javassist 
[1;32m2019-03-27 15:14:43.027[0;39m [34mINFO [0;39m [36mo.h.annotations.common.Version     [0;39m - HCANN000001: Hibernate Commons Annotations {5.0.1.Final} 
[1;32m2019-03-27 15:14:43.175[0;39m [34mINFO [0;39m [36morg.hibernate.dialect.Dialect      [0;39m - HHH000400: Using dialect: org.hibernate.dialect.MySQL5Dialect 
[1;32m2019-03-27 15:14:43.388[0;39m [31mWARN [0;39m [36morg.hibernate.id.UUIDHexGenerator  [0;39m - HHH000409: Using org.hibernate.id.UUIDHexGenerator which does not generate IETF RFC 4122 compliant UUID values; consider using org.hibernate.id.UUIDGenerator instead 
[1;32m2019-03-27 15:14:43.634[0;39m [34mINFO [0;39m [36mo.h.tool.hbm2ddl.SchemaUpdate      [0;39m - HHH000228: Running hbm2ddl schema update 
[1;32m2019-03-27 15:14:43.727[0;39m [34mINFO [0;39m [36mo.h.t.s.e.i.InformationExtractorJdbcDatabaseMetaDataImpl[0;39m - HHH000262: Table not found: f_d_goods 
[1;32m2019-03-27 15:14:43.734[0;39m [34mINFO [0;39m [36mo.h.t.s.e.i.InformationExtractorJdbcDatabaseMetaDataImpl[0;39m - HHH000262: Table not found: f_d_goods 
[1;32m2019-03-27 15:14:43.833[0;39m [34mINFO [0;39m [36mo.s.o.j.LocalContainerEntityManagerFactoryBean[0;39m - Initialized JPA EntityManagerFactory for persistence unit 'default' 
[1;32m2019-03-27 15:14:46.060[0;39m [31mWARN [0;39m [36mo.s.c.n.a.ArchaiusAutoConfiguration[0;39m - No spring.application.name found, defaulting to 'application' 
[1;32m2019-03-27 15:14:46.069[0;39m [31mWARN [0;39m [36mc.n.c.s.URLConfigurationSource     [0;39m - No URLs will be polled as dynamic configuration sources. 
[1;32m2019-03-27 15:14:46.070[0;39m [34mINFO [0;39m [36mc.n.c.s.URLConfigurationSource     [0;39m - To enable URLs as dynamic configuration sources, define System property archaius.configurationSource.additionalUrls or make config.properties available on classpath. 
[1;32m2019-03-27 15:14:46.080[0;39m [31mWARN [0;39m [36mc.n.c.s.URLConfigurationSource     [0;39m - No URLs will be polled as dynamic configuration sources. 
[1;32m2019-03-27 15:14:46.080[0;39m [34mINFO [0;39m [36mc.n.c.s.URLConfigurationSource     [0;39m - To enable URLs as dynamic configuration sources, define System property archaius.configurationSource.additionalUrls or make config.properties available on classpath. 
[1;32m2019-03-27 15:14:46.285[0;39m [34mINFO [0;39m [36mo.s.j.e.a.AnnotationMBeanExporter  [0;39m - Registering beans for JMX exposure on startup 
[1;32m2019-03-27 15:14:46.288[0;39m [34mINFO [0;39m [36mo.s.j.e.a.AnnotationMBeanExporter  [0;39m - Bean with name 'statFilter' has been autodetected for JMX exposure 
[1;32m2019-03-27 15:14:46.288[0;39m [34mINFO [0;39m [36mo.s.j.e.a.AnnotationMBeanExporter  [0;39m - Bean with name 'dataSource' has been autodetected for JMX exposure 
[1;32m2019-03-27 15:14:46.295[0;39m [34mINFO [0;39m [36mo.s.j.e.a.AnnotationMBeanExporter  [0;39m - Bean with name 'configurationPropertiesRebinder' has been autodetected for JMX exposure 
[1;32m2019-03-27 15:14:46.296[0;39m [34mINFO [0;39m [36mo.s.j.e.a.AnnotationMBeanExporter  [0;39m - Bean with name 'refreshScope' has been autodetected for JMX exposure 
[1;32m2019-03-27 15:14:46.298[0;39m [34mINFO [0;39m [36mo.s.j.e.a.AnnotationMBeanExporter  [0;39m - Bean with name 'environmentManager' has been autodetected for JMX exposure 
[1;32m2019-03-27 15:14:46.301[0;39m [34mINFO [0;39m [36mo.s.j.e.a.AnnotationMBeanExporter  [0;39m - Located managed bean 'environmentManager': registering with JMX server as MBean [org.springframework.cloud.context.environment:name=environmentManager,type=EnvironmentManager] 
[1;32m2019-03-27 15:14:46.314[0;39m [34mINFO [0;39m [36mo.s.j.e.a.AnnotationMBeanExporter  [0;39m - Located managed bean 'refreshScope': registering with JMX server as MBean [org.springframework.cloud.context.scope.refresh:name=refreshScope,type=RefreshScope] 
[1;32m2019-03-27 15:14:46.323[0;39m [34mINFO [0;39m [36mo.s.j.e.a.AnnotationMBeanExporter  [0;39m - Located managed bean 'configurationPropertiesRebinder': registering with JMX server as MBean [org.springframework.cloud.context.properties:name=configurationPropertiesRebinder,context=3a62c01e,type=ConfigurationPropertiesRebinder] 
[1;32m2019-03-27 15:14:46.331[0;39m [34mINFO [0;39m [36mo.s.j.e.a.AnnotationMBeanExporter  [0;39m - Located MBean 'dataSource': registering with JMX server as MBean [com.alibaba.druid.spring.boot.autoconfigure:name=dataSource,type=DruidDataSourceWrapper] 
[1;32m2019-03-27 15:14:46.332[0;39m [34mINFO [0;39m [36mo.s.j.e.a.AnnotationMBeanExporter  [0;39m - Located MBean 'statFilter': registering with JMX server as MBean [com.alibaba.druid.filter.stat:name=statFilter,type=StatFilter] 
[1;32m2019-03-27 15:14:46.660[0;39m [34mINFO [0;39m [36mo.s.b.c.e.t.TomcatEmbeddedServletContainer[0;39m - Tomcat started on port(s): 8082 (http) 
[1;32m2019-03-27 15:14:46.664[0;39m [34mINFO [0;39m [36mcom.finanstar.MarketApplication    [0;39m - Started MarketApplication in 10.779 seconds (JVM running for 11.61) 
[1;32m2019-03-27 15:36:36.077[0;39m [34mINFO [0;39m [36mo.s.c.a.AnnotationConfigApplicationContext[0;39m - Refreshing org.springframework.context.annotation.AnnotationConfigApplicationContext@229f66ed: startup date [Wed Mar 27 15:36:36 CST 2019]; root of context hierarchy 
[1;32m2019-03-27 15:36:36.318[0;39m [34mINFO [0;39m [36mo.s.b.f.a.AutowiredAnnotationBeanPostProcessor[0;39m - JSR-330 'javax.inject.Inject' annotation found and supported for autowiring 
[1;32m2019-03-27 15:36:36.367[0;39m [34mINFO [0;39m [36mo.s.c.s.PostProcessorRegistrationDelegate$BeanPostProcessorChecker[0;39m - Bean 'configurationPropertiesRebinderAutoConfiguration' of type [org.springframework.cloud.autoconfigure.ConfigurationPropertiesRebinderAutoConfiguration$$EnhancerBySpringCGLIB$$32744ef0] is not eligible for getting processed by all BeanPostProcessors (for example: not eligible for auto-proxying) 
[1;32m2019-03-27 15:36:38.156[0;39m [34mINFO [0;39m [36mcom.finanstar.MarketApplication    [0;39m - The following profiles are active: pro 
[1;32m2019-03-27 15:36:38.174[0;39m [34mINFO [0;39m [36mo.s.b.c.e.AnnotationConfigEmbeddedWebApplicationContext[0;39m - Refreshing org.springframework.boot.context.embedded.AnnotationConfigEmbeddedWebApplicationContext@3a62c01e: startup date [Wed Mar 27 15:36:38 CST 2019]; parent: org.springframework.context.annotation.AnnotationConfigApplicationContext@229f66ed 
[1;32m2019-03-27 15:36:38.877[0;39m [34mINFO [0;39m [36mo.s.d.r.c.RepositoryConfigurationDelegate[0;39m - Multiple Spring Data modules found, entering strict repository configuration mode! 
[1;32m2019-03-27 15:36:38.932[0;39m [34mINFO [0;39m [36mo.s.d.r.c.RepositoryConfigurationDelegate[0;39m - Multiple Spring Data modules found, entering strict repository configuration mode! 
[1;32m2019-03-27 15:36:39.046[0;39m [31mWARN [0;39m [36mo.s.c.a.ConfigurationClassPostProcessor[0;39m - Cannot enhance @Configuration bean definition 'refreshScope' since its singleton instance has been created too early. The typical cause is a non-static @Bean method with a BeanDefinitionRegistryPostProcessor return type: Consider declaring such methods as 'static'. 
[1;32m2019-03-27 15:36:39.185[0;39m [34mINFO [0;39m [36mo.s.c.context.scope.GenericScope   [0;39m - BeanFactory id=d6ffed99-fffa-37c5-8135-b096b299d09a 
[1;32m2019-03-27 15:36:39.246[0;39m [34mINFO [0;39m [36mo.s.b.f.a.AutowiredAnnotationBeanPostProcessor[0;39m - JSR-330 'javax.inject.Inject' annotation found and supported for autowiring 
[1;32m2019-03-27 15:36:39.356[0;39m [34mINFO [0;39m [36mo.s.c.s.PostProcessorRegistrationDelegate$BeanPostProcessorChecker[0;39m - Bean 'org.springframework.transaction.annotation.ProxyTransactionManagementConfiguration' of type [org.springframework.transaction.annotation.ProxyTransactionManagementConfiguration$$EnhancerBySpringCGLIB$$165a4bf3] is not eligible for getting processed by all BeanPostProcessors (for example: not eligible for auto-proxying) 
[1;32m2019-03-27 15:36:39.393[0;39m [34mINFO [0;39m [36mo.s.c.s.PostProcessorRegistrationDelegate$BeanPostProcessorChecker[0;39m - Bean 'org.springframework.cache.annotation.ProxyCachingConfiguration' of type [org.springframework.cache.annotation.ProxyCachingConfiguration$$EnhancerBySpringCGLIB$$5f6c8211] is not eligible for getting processed by all BeanPostProcessors (for example: not eligible for auto-proxying) 
[1;32m2019-03-27 15:36:39.428[0;39m [34mINFO [0;39m [36mo.s.c.s.PostProcessorRegistrationDelegate$BeanPostProcessorChecker[0;39m - Bean 'org.springframework.boot.autoconfigure.cache.CacheAutoConfiguration' of type [org.springframework.boot.autoconfigure.cache.CacheAutoConfiguration$$EnhancerBySpringCGLIB$$53e046b5] is not eligible for getting processed by all BeanPostProcessors (for example: not eligible for auto-proxying) 
[1;32m2019-03-27 15:36:39.446[0;39m [34mINFO [0;39m [36mo.s.c.s.PostProcessorRegistrationDelegate$BeanPostProcessorChecker[0;39m - Bean 'spring.cache-org.springframework.boot.autoconfigure.cache.CacheProperties' of type [org.springframework.boot.autoconfigure.cache.CacheProperties] is not eligible for getting processed by all BeanPostProcessors (for example: not eligible for auto-proxying) 
[1;32m2019-03-27 15:36:39.457[0;39m [34mINFO [0;39m [36mo.s.c.s.PostProcessorRegistrationDelegate$BeanPostProcessorChecker[0;39m - Bean 'cacheManagerCustomizers' of type [org.springframework.boot.autoconfigure.cache.CacheManagerCustomizers] is not eligible for getting processed by all BeanPostProcessors (for example: not eligible for auto-proxying) 
[1;32m2019-03-27 15:36:39.460[0;39m [34mINFO [0;39m [36mo.s.c.s.PostProcessorRegistrationDelegate$BeanPostProcessorChecker[0;39m - Bean 'org.springframework.boot.autoconfigure.cache.RedisCacheConfiguration' of type [org.springframework.boot.autoconfigure.cache.RedisCacheConfiguration$$EnhancerBySpringCGLIB$$471e30f] is not eligible for getting processed by all BeanPostProcessors (for example: not eligible for auto-proxying) 
[1;32m2019-03-27 15:36:39.464[0;39m [34mINFO [0;39m [36mo.s.c.s.PostProcessorRegistrationDelegate$BeanPostProcessorChecker[0;39m - Bean 'redisConfig' of type [com.finanstar.conf.RedisConfig$$EnhancerBySpringCGLIB$$2a7166bc] is not eligible for getting processed by all BeanPostProcessors (for example: not eligible for auto-proxying) 
[1;32m2019-03-27 15:36:39.477[0;39m [34mINFO [0;39m [36mo.s.c.s.PostProcessorRegistrationDelegate$BeanPostProcessorChecker[0;39m - Bean 'spring.redis-org.springframework.boot.autoconfigure.data.redis.RedisProperties' of type [org.springframework.boot.autoconfigure.data.redis.RedisProperties] is not eligible for getting processed by all BeanPostProcessors (for example: not eligible for auto-proxying) 
[1;32m2019-03-27 15:36:39.483[0;39m [34mINFO [0;39m [36mo.s.c.s.PostProcessorRegistrationDelegate$BeanPostProcessorChecker[0;39m - Bean 'org.springframework.boot.autoconfigure.data.redis.RedisAutoConfiguration$RedisConnectionConfiguration' of type [org.springframework.boot.autoconfigure.data.redis.RedisAutoConfiguration$RedisConnectionConfiguration$$EnhancerBySpringCGLIB$$aa547302] is not eligible for getting processed by all BeanPostProcessors (for example: not eligible for auto-proxying) 
[1;32m2019-03-27 15:36:39.518[0;39m [34mINFO [0;39m [36mo.s.c.s.PostProcessorRegistrationDelegate$BeanPostProcessorChecker[0;39m - Bean 'redisConnectionFactory' of type [org.springframework.data.redis.connection.jedis.JedisConnectionFactory] is not eligible for getting processed by all BeanPostProcessors (for example: not eligible for auto-proxying) 
[1;32m2019-03-27 15:36:39.536[0;39m [34mINFO [0;39m [36mo.s.c.s.PostProcessorRegistrationDelegate$BeanPostProcessorChecker[0;39m - Bean 'redisTemplate' of type [org.springframework.data.redis.core.RedisTemplate] is not eligible for getting processed by all BeanPostProcessors (for example: not eligible for auto-proxying) 
[1;32m2019-03-27 15:36:39.546[0;39m [34mINFO [0;39m [36mo.s.c.s.PostProcessorRegistrationDelegate$BeanPostProcessorChecker[0;39m - Bean 'cacheManager' of type [org.springframework.data.redis.cache.RedisCacheManager] is not eligible for getting processed by all BeanPostProcessors (for example: not eligible for auto-proxying) 
[1;32m2019-03-27 15:36:39.547[0;39m [34mINFO [0;39m [36mo.s.c.s.PostProcessorRegistrationDelegate$BeanPostProcessorChecker[0;39m - Bean 'cacheAutoConfigurationValidator' of type [org.springframework.boot.autoconfigure.cache.CacheAutoConfiguration$CacheManagerValidator] is not eligible for getting processed by all BeanPostProcessors (for example: not eligible for auto-proxying) 
[1;32m2019-03-27 15:36:39.579[0;39m [34mINFO [0;39m [36mo.s.c.s.PostProcessorRegistrationDelegate$BeanPostProcessorChecker[0;39m - Bean 'org.springframework.cloud.autoconfigure.ConfigurationPropertiesRebinderAutoConfiguration' of type [org.springframework.cloud.autoconfigure.ConfigurationPropertiesRebinderAutoConfiguration$$EnhancerBySpringCGLIB$$32744ef0] is not eligible for getting processed by all BeanPostProcessors (for example: not eligible for auto-proxying) 
[1;32m2019-03-27 15:36:40.478[0;39m [34mINFO [0;39m [36mo.s.b.c.e.t.TomcatEmbeddedServletContainer[0;39m - Tomcat initialized with port(s): 8082 (http) 
[1;32m2019-03-27 15:36:40.489[0;39m [34mINFO [0;39m [36mo.a.catalina.core.StandardService  [0;39m - Starting service Tomcat 
[1;32m2019-03-27 15:36:40.490[0;39m [34mINFO [0;39m [36mo.a.catalina.core.StandardEngine   [0;39m - Starting Servlet Engine: Apache Tomcat/8.5.11 
[1;32m2019-03-27 15:36:40.672[0;39m [34mINFO [0;39m [36mo.a.c.c.C.[Tomcat].[localhost].[/] [0;39m - Initializing Spring embedded WebApplicationContext 
[1;32m2019-03-27 15:36:40.997[0;39m [34mINFO [0;39m [36mo.s.b.w.s.FilterRegistrationBean   [0;39m - Mapping filter: 'characterEncodingFilter' to: [/*] 
[1;32m2019-03-27 15:36:40.997[0;39m [34mINFO [0;39m [36mo.s.b.w.s.FilterRegistrationBean   [0;39m - Mapping filter: 'hiddenHttpMethodFilter' to: [/*] 
[1;32m2019-03-27 15:36:40.997[0;39m [34mINFO [0;39m [36mo.s.b.w.s.FilterRegistrationBean   [0;39m - Mapping filter: 'httpPutFormContentFilter' to: [/*] 
[1;32m2019-03-27 15:36:40.998[0;39m [34mINFO [0;39m [36mo.s.b.w.s.FilterRegistrationBean   [0;39m - Mapping filter: 'requestContextFilter' to: [/*] 
[1;32m2019-03-27 15:36:40.998[0;39m [34mINFO [0;39m [36mo.s.b.w.s.FilterRegistrationBean   [0;39m - Mapping filter: 'xssFilter' to urls: [/*] 
[1;32m2019-03-27 15:36:40.999[0;39m [34mINFO [0;39m [36mo.s.b.w.s.FilterRegistrationBean   [0;39m - Mapping filter: 'webStatFilter' to urls: [/*] 
[1;32m2019-03-27 15:36:40.999[0;39m [34mINFO [0;39m [36mo.s.b.w.s.ServletRegistrationBean  [0;39m - Mapping servlet: 'dispatcherServlet' to [/] 
[1;32m2019-03-27 15:36:41.001[0;39m [34mINFO [0;39m [36mo.s.b.w.s.ServletRegistrationBean  [0;39m - Mapping servlet: 'statViewServlet' to [/druid/*] 
[1;32m2019-03-27 15:36:41.048[0;39m [34mINFO [0;39m [36mc.a.d.s.b.a.DruidDataSourceAutoConfigure[0;39m - Init DruidDataSource 
[1;32m2019-03-27 15:36:41.664[0;39m [34mINFO [0;39m [36mc.a.druid.pool.DruidDataSource     [0;39m - {dataSource-1} inited 
[1;32m2019-03-27 15:36:42.123[0;39m [34mINFO [0;39m [36mo.s.o.j.LocalContainerEntityManagerFactoryBean[0;39m - Building JPA container EntityManagerFactory for persistence unit 'default' 
[1;32m2019-03-27 15:36:42.143[0;39m [34mINFO [0;39m [36mo.h.jpa.internal.util.LogHelper    [0;39m - HHH000204: Processing PersistenceUnitInfo [
	name: default
	...] 
[1;32m2019-03-27 15:36:42.240[0;39m [34mINFO [0;39m [36morg.hibernate.Version              [0;39m - HHH000412: Hibernate Core {5.0.12.Final} 
[1;32m2019-03-27 15:36:42.243[0;39m [34mINFO [0;39m [36morg.hibernate.cfg.Environment      [0;39m - HHH000206: hibernate.properties not found 
[1;32m2019-03-27 15:36:42.245[0;39m [34mINFO [0;39m [36morg.hibernate.cfg.Environment      [0;39m - HHH000021: Bytecode provider name : javassist 
[1;32m2019-03-27 15:36:42.302[0;39m [34mINFO [0;39m [36mo.h.annotations.common.Version     [0;39m - HCANN000001: Hibernate Commons Annotations {5.0.1.Final} 
[1;32m2019-03-27 15:36:42.451[0;39m [34mINFO [0;39m [36morg.hibernate.dialect.Dialect      [0;39m - HHH000400: Using dialect: org.hibernate.dialect.MySQL5Dialect 
[1;32m2019-03-27 15:36:42.653[0;39m [31mWARN [0;39m [36morg.hibernate.id.UUIDHexGenerator  [0;39m - HHH000409: Using org.hibernate.id.UUIDHexGenerator which does not generate IETF RFC 4122 compliant UUID values; consider using org.hibernate.id.UUIDGenerator instead 
[1;32m2019-03-27 15:36:42.924[0;39m [34mINFO [0;39m [36mo.h.tool.hbm2ddl.SchemaUpdate      [0;39m - HHH000228: Running hbm2ddl schema update 
[1;32m2019-03-27 15:36:43.227[0;39m [34mINFO [0;39m [36mo.h.t.s.e.i.InformationExtractorJdbcDatabaseMetaDataImpl[0;39m - HHH000262: Table not found: f_d_order 
[1;32m2019-03-27 15:36:43.236[0;39m [34mINFO [0;39m [36mo.h.t.s.e.i.InformationExtractorJdbcDatabaseMetaDataImpl[0;39m - HHH000262: Table not found: f_d_order 
[1;32m2019-03-27 15:36:43.267[0;39m [34mINFO [0;39m [36mo.h.t.s.e.i.InformationExtractorJdbcDatabaseMetaDataImpl[0;39m - HHH000262: Table not found: f_d_store 
[1;32m2019-03-27 15:36:43.273[0;39m [34mINFO [0;39m [36mo.h.t.s.e.i.InformationExtractorJdbcDatabaseMetaDataImpl[0;39m - HHH000262: Table not found: f_d_store 
[1;32m2019-03-27 15:36:43.317[0;39m [34mINFO [0;39m [36mo.h.t.s.e.i.InformationExtractorJdbcDatabaseMetaDataImpl[0;39m - HHH000262: Table not found: f_d_store_items 
[1;32m2019-03-27 15:36:43.327[0;39m [34mINFO [0;39m [36mo.h.t.s.e.i.InformationExtractorJdbcDatabaseMetaDataImpl[0;39m - HHH000262: Table not found: f_d_store_items 
[1;32m2019-03-27 15:36:43.470[0;39m [34mINFO [0;39m [36mo.s.o.j.LocalContainerEntityManagerFactoryBean[0;39m - Initialized JPA EntityManagerFactory for persistence unit 'default' 
[1;32m2019-03-27 15:36:45.696[0;39m [31mWARN [0;39m [36mo.s.c.n.a.ArchaiusAutoConfiguration[0;39m - No spring.application.name found, defaulting to 'application' 
[1;32m2019-03-27 15:36:45.701[0;39m [31mWARN [0;39m [36mc.n.c.s.URLConfigurationSource     [0;39m - No URLs will be polled as dynamic configuration sources. 
[1;32m2019-03-27 15:36:45.702[0;39m [34mINFO [0;39m [36mc.n.c.s.URLConfigurationSource     [0;39m - To enable URLs as dynamic configuration sources, define System property archaius.configurationSource.additionalUrls or make config.properties available on classpath. 
[1;32m2019-03-27 15:36:45.709[0;39m [31mWARN [0;39m [36mc.n.c.s.URLConfigurationSource     [0;39m - No URLs will be polled as dynamic configuration sources. 
[1;32m2019-03-27 15:36:45.710[0;39m [34mINFO [0;39m [36mc.n.c.s.URLConfigurationSource     [0;39m - To enable URLs as dynamic configuration sources, define System property archaius.configurationSource.additionalUrls or make config.properties available on classpath. 
[1;32m2019-03-27 15:36:45.837[0;39m [34mINFO [0;39m [36mo.s.j.e.a.AnnotationMBeanExporter  [0;39m - Registering beans for JMX exposure on startup 
[1;32m2019-03-27 15:36:45.839[0;39m [34mINFO [0;39m [36mo.s.j.e.a.AnnotationMBeanExporter  [0;39m - Bean with name 'statFilter' has been autodetected for JMX exposure 
[1;32m2019-03-27 15:36:45.840[0;39m [34mINFO [0;39m [36mo.s.j.e.a.AnnotationMBeanExporter  [0;39m - Bean with name 'dataSource' has been autodetected for JMX exposure 
[1;32m2019-03-27 15:36:45.845[0;39m [34mINFO [0;39m [36mo.s.j.e.a.AnnotationMBeanExporter  [0;39m - Bean with name 'configurationPropertiesRebinder' has been autodetected for JMX exposure 
[1;32m2019-03-27 15:36:45.846[0;39m [34mINFO [0;39m [36mo.s.j.e.a.AnnotationMBeanExporter  [0;39m - Bean with name 'refreshScope' has been autodetected for JMX exposure 
[1;32m2019-03-27 15:36:45.849[0;39m [34mINFO [0;39m [36mo.s.j.e.a.AnnotationMBeanExporter  [0;39m - Bean with name 'environmentManager' has been autodetected for JMX exposure 
[1;32m2019-03-27 15:36:45.852[0;39m [34mINFO [0;39m [36mo.s.j.e.a.AnnotationMBeanExporter  [0;39m - Located managed bean 'environmentManager': registering with JMX server as MBean [org.springframework.cloud.context.environment:name=environmentManager,type=EnvironmentManager] 
[1;32m2019-03-27 15:36:45.864[0;39m [34mINFO [0;39m [36mo.s.j.e.a.AnnotationMBeanExporter  [0;39m - Located managed bean 'refreshScope': registering with JMX server as MBean [org.springframework.cloud.context.scope.refresh:name=refreshScope,type=RefreshScope] 
[1;32m2019-03-27 15:36:45.876[0;39m [34mINFO [0;39m [36mo.s.j.e.a.AnnotationMBeanExporter  [0;39m - Located managed bean 'configurationPropertiesRebinder': registering with JMX server as MBean [org.springframework.cloud.context.properties:name=configurationPropertiesRebinder,context=3a62c01e,type=ConfigurationPropertiesRebinder] 
[1;32m2019-03-27 15:36:45.883[0;39m [34mINFO [0;39m [36mo.s.j.e.a.AnnotationMBeanExporter  [0;39m - Located MBean 'dataSource': registering with JMX server as MBean [com.alibaba.druid.spring.boot.autoconfigure:name=dataSource,type=DruidDataSourceWrapper] 
[1;32m2019-03-27 15:36:45.885[0;39m [34mINFO [0;39m [36mo.s.j.e.a.AnnotationMBeanExporter  [0;39m - Located MBean 'statFilter': registering with JMX server as MBean [com.alibaba.druid.filter.stat:name=statFilter,type=StatFilter] 
[1;32m2019-03-27 15:36:46.180[0;39m [34mINFO [0;39m [36mo.s.b.c.e.t.TomcatEmbeddedServletContainer[0;39m - Tomcat started on port(s): 8082 (http) 
[1;32m2019-03-27 15:36:46.183[0;39m [34mINFO [0;39m [36mcom.finanstar.MarketApplication    [0;39m - Started MarketApplication in 11.512 seconds (JVM running for 12.292) 
[1;32m2019-03-27 17:16:33.096[0;39m [34mINFO [0;39m [36mo.s.c.a.AnnotationConfigApplicationContext[0;39m - Refreshing org.springframework.context.annotation.AnnotationConfigApplicationContext@229f66ed: startup date [Wed Mar 27 17:16:33 CST 2019]; root of context hierarchy 
[1;32m2019-03-27 17:16:33.338[0;39m [34mINFO [0;39m [36mo.s.b.f.a.AutowiredAnnotationBeanPostProcessor[0;39m - JSR-330 'javax.inject.Inject' annotation found and supported for autowiring 
[1;32m2019-03-27 17:16:33.391[0;39m [34mINFO [0;39m [36mo.s.c.s.PostProcessorRegistrationDelegate$BeanPostProcessorChecker[0;39m - Bean 'configurationPropertiesRebinderAutoConfiguration' of type [org.springframework.cloud.autoconfigure.ConfigurationPropertiesRebinderAutoConfiguration$$EnhancerBySpringCGLIB$$32744ef0] is not eligible for getting processed by all BeanPostProcessors (for example: not eligible for auto-proxying) 
[1;32m2019-03-27 17:16:35.072[0;39m [34mINFO [0;39m [36mcom.finanstar.MarketApplication    [0;39m - The following profiles are active: pro 
[1;32m2019-03-27 17:16:35.089[0;39m [34mINFO [0;39m [36mo.s.b.c.e.AnnotationConfigEmbeddedWebApplicationContext[0;39m - Refreshing org.springframework.boot.context.embedded.AnnotationConfigEmbeddedWebApplicationContext@3a62c01e: startup date [Wed Mar 27 17:16:35 CST 2019]; parent: org.springframework.context.annotation.AnnotationConfigApplicationContext@229f66ed 
[1;32m2019-03-27 17:16:35.782[0;39m [34mINFO [0;39m [36mo.s.d.r.c.RepositoryConfigurationDelegate[0;39m - Multiple Spring Data modules found, entering strict repository configuration mode! 
[1;32m2019-03-27 17:16:35.844[0;39m [34mINFO [0;39m [36mo.s.d.r.c.RepositoryConfigurationDelegate[0;39m - Multiple Spring Data modules found, entering strict repository configuration mode! 
[1;32m2019-03-27 17:16:35.941[0;39m [31mWARN [0;39m [36mo.s.c.a.ConfigurationClassPostProcessor[0;39m - Cannot enhance @Configuration bean definition 'refreshScope' since its singleton instance has been created too early. The typical cause is a non-static @Bean method with a BeanDefinitionRegistryPostProcessor return type: Consider declaring such methods as 'static'. 
[1;32m2019-03-27 17:16:36.069[0;39m [34mINFO [0;39m [36mo.s.c.context.scope.GenericScope   [0;39m - BeanFactory id=d6ffed99-fffa-37c5-8135-b096b299d09a 
[1;32m2019-03-27 17:16:36.122[0;39m [34mINFO [0;39m [36mo.s.b.f.a.AutowiredAnnotationBeanPostProcessor[0;39m - JSR-330 'javax.inject.Inject' annotation found and supported for autowiring 
[1;32m2019-03-27 17:16:36.230[0;39m [34mINFO [0;39m [36mo.s.c.s.PostProcessorRegistrationDelegate$BeanPostProcessorChecker[0;39m - Bean 'org.springframework.transaction.annotation.ProxyTransactionManagementConfiguration' of type [org.springframework.transaction.annotation.ProxyTransactionManagementConfiguration$$EnhancerBySpringCGLIB$$165a4bf3] is not eligible for getting processed by all BeanPostProcessors (for example: not eligible for auto-proxying) 
[1;32m2019-03-27 17:16:36.267[0;39m [34mINFO [0;39m [36mo.s.c.s.PostProcessorRegistrationDelegate$BeanPostProcessorChecker[0;39m - Bean 'org.springframework.cache.annotation.ProxyCachingConfiguration' of type [org.springframework.cache.annotation.ProxyCachingConfiguration$$EnhancerBySpringCGLIB$$5f6c8211] is not eligible for getting processed by all BeanPostProcessors (for example: not eligible for auto-proxying) 
[1;32m2019-03-27 17:16:36.302[0;39m [34mINFO [0;39m [36mo.s.c.s.PostProcessorRegistrationDelegate$BeanPostProcessorChecker[0;39m - Bean 'org.springframework.boot.autoconfigure.cache.CacheAutoConfiguration' of type [org.springframework.boot.autoconfigure.cache.CacheAutoConfiguration$$EnhancerBySpringCGLIB$$53e046b5] is not eligible for getting processed by all BeanPostProcessors (for example: not eligible for auto-proxying) 
[1;32m2019-03-27 17:16:36.317[0;39m [34mINFO [0;39m [36mo.s.c.s.PostProcessorRegistrationDelegate$BeanPostProcessorChecker[0;39m - Bean 'spring.cache-org.springframework.boot.autoconfigure.cache.CacheProperties' of type [org.springframework.boot.autoconfigure.cache.CacheProperties] is not eligible for getting processed by all BeanPostProcessors (for example: not eligible for auto-proxying) 
[1;32m2019-03-27 17:16:36.324[0;39m [34mINFO [0;39m [36mo.s.c.s.PostProcessorRegistrationDelegate$BeanPostProcessorChecker[0;39m - Bean 'cacheManagerCustomizers' of type [org.springframework.boot.autoconfigure.cache.CacheManagerCustomizers] is not eligible for getting processed by all BeanPostProcessors (for example: not eligible for auto-proxying) 
[1;32m2019-03-27 17:16:36.327[0;39m [34mINFO [0;39m [36mo.s.c.s.PostProcessorRegistrationDelegate$BeanPostProcessorChecker[0;39m - Bean 'org.springframework.boot.autoconfigure.cache.RedisCacheConfiguration' of type [org.springframework.boot.autoconfigure.cache.RedisCacheConfiguration$$EnhancerBySpringCGLIB$$471e30f] is not eligible for getting processed by all BeanPostProcessors (for example: not eligible for auto-proxying) 
[1;32m2019-03-27 17:16:36.331[0;39m [34mINFO [0;39m [36mo.s.c.s.PostProcessorRegistrationDelegate$BeanPostProcessorChecker[0;39m - Bean 'redisConfig' of type [com.finanstar.conf.RedisConfig$$EnhancerBySpringCGLIB$$2a7166bc] is not eligible for getting processed by all BeanPostProcessors (for example: not eligible for auto-proxying) 
[1;32m2019-03-27 17:16:36.340[0;39m [34mINFO [0;39m [36mo.s.c.s.PostProcessorRegistrationDelegate$BeanPostProcessorChecker[0;39m - Bean 'spring.redis-org.springframework.boot.autoconfigure.data.redis.RedisProperties' of type [org.springframework.boot.autoconfigure.data.redis.RedisProperties] is not eligible for getting processed by all BeanPostProcessors (for example: not eligible for auto-proxying) 
[1;32m2019-03-27 17:16:36.345[0;39m [34mINFO [0;39m [36mo.s.c.s.PostProcessorRegistrationDelegate$BeanPostProcessorChecker[0;39m - Bean 'org.springframework.boot.autoconfigure.data.redis.RedisAutoConfiguration$RedisConnectionConfiguration' of type [org.springframework.boot.autoconfigure.data.redis.RedisAutoConfiguration$RedisConnectionConfiguration$$EnhancerBySpringCGLIB$$aa547302] is not eligible for getting processed by all BeanPostProcessors (for example: not eligible for auto-proxying) 
[1;32m2019-03-27 17:16:36.392[0;39m [34mINFO [0;39m [36mo.s.c.s.PostProcessorRegistrationDelegate$BeanPostProcessorChecker[0;39m - Bean 'redisConnectionFactory' of type [org.springframework.data.redis.connection.jedis.JedisConnectionFactory] is not eligible for getting processed by all BeanPostProcessors (for example: not eligible for auto-proxying) 
[1;32m2019-03-27 17:16:36.411[0;39m [34mINFO [0;39m [36mo.s.c.s.PostProcessorRegistrationDelegate$BeanPostProcessorChecker[0;39m - Bean 'redisTemplate' of type [org.springframework.data.redis.core.RedisTemplate] is not eligible for getting processed by all BeanPostProcessors (for example: not eligible for auto-proxying) 
[1;32m2019-03-27 17:16:36.420[0;39m [34mINFO [0;39m [36mo.s.c.s.PostProcessorRegistrationDelegate$BeanPostProcessorChecker[0;39m - Bean 'cacheManager' of type [org.springframework.data.redis.cache.RedisCacheManager] is not eligible for getting processed by all BeanPostProcessors (for example: not eligible for auto-proxying) 
[1;32m2019-03-27 17:16:36.421[0;39m [34mINFO [0;39m [36mo.s.c.s.PostProcessorRegistrationDelegate$BeanPostProcessorChecker[0;39m - Bean 'cacheAutoConfigurationValidator' of type [org.springframework.boot.autoconfigure.cache.CacheAutoConfiguration$CacheManagerValidator] is not eligible for getting processed by all BeanPostProcessors (for example: not eligible for auto-proxying) 
[1;32m2019-03-27 17:16:36.448[0;39m [34mINFO [0;39m [36mo.s.c.s.PostProcessorRegistrationDelegate$BeanPostProcessorChecker[0;39m - Bean 'org.springframework.cloud.autoconfigure.ConfigurationPropertiesRebinderAutoConfiguration' of type [org.springframework.cloud.autoconfigure.ConfigurationPropertiesRebinderAutoConfiguration$$EnhancerBySpringCGLIB$$32744ef0] is not eligible for getting processed by all BeanPostProcessors (for example: not eligible for auto-proxying) 
[1;32m2019-03-27 17:16:37.388[0;39m [34mINFO [0;39m [36mo.s.b.c.e.t.TomcatEmbeddedServletContainer[0;39m - Tomcat initialized with port(s): 8082 (http) 
[1;32m2019-03-27 17:16:37.400[0;39m [34mINFO [0;39m [36mo.a.catalina.core.StandardService  [0;39m - Starting service Tomcat 
[1;32m2019-03-27 17:16:37.401[0;39m [34mINFO [0;39m [36mo.a.catalina.core.StandardEngine   [0;39m - Starting Servlet Engine: Apache Tomcat/8.5.11 
[1;32m2019-03-27 17:16:37.576[0;39m [34mINFO [0;39m [36mo.a.c.c.C.[Tomcat].[localhost].[/] [0;39m - Initializing Spring embedded WebApplicationContext 
[1;32m2019-03-27 17:16:37.862[0;39m [34mINFO [0;39m [36mo.s.b.w.s.FilterRegistrationBean   [0;39m - Mapping filter: 'characterEncodingFilter' to: [/*] 
[1;32m2019-03-27 17:16:37.863[0;39m [34mINFO [0;39m [36mo.s.b.w.s.FilterRegistrationBean   [0;39m - Mapping filter: 'hiddenHttpMethodFilter' to: [/*] 
[1;32m2019-03-27 17:16:37.863[0;39m [34mINFO [0;39m [36mo.s.b.w.s.FilterRegistrationBean   [0;39m - Mapping filter: 'httpPutFormContentFilter' to: [/*] 
[1;32m2019-03-27 17:16:37.864[0;39m [34mINFO [0;39m [36mo.s.b.w.s.FilterRegistrationBean   [0;39m - Mapping filter: 'requestContextFilter' to: [/*] 
[1;32m2019-03-27 17:16:37.864[0;39m [34mINFO [0;39m [36mo.s.b.w.s.FilterRegistrationBean   [0;39m - Mapping filter: 'xssFilter' to urls: [/*] 
[1;32m2019-03-27 17:16:37.865[0;39m [34mINFO [0;39m [36mo.s.b.w.s.FilterRegistrationBean   [0;39m - Mapping filter: 'webStatFilter' to urls: [/*] 
[1;32m2019-03-27 17:16:37.865[0;39m [34mINFO [0;39m [36mo.s.b.w.s.ServletRegistrationBean  [0;39m - Mapping servlet: 'dispatcherServlet' to [/] 
[1;32m2019-03-27 17:16:37.868[0;39m [34mINFO [0;39m [36mo.s.b.w.s.ServletRegistrationBean  [0;39m - Mapping servlet: 'statViewServlet' to [/druid/*] 
[1;32m2019-03-27 17:16:37.933[0;39m [34mINFO [0;39m [36mc.a.d.s.b.a.DruidDataSourceAutoConfigure[0;39m - Init DruidDataSource 
[1;32m2019-03-27 17:16:38.568[0;39m [34mINFO [0;39m [36mc.a.druid.pool.DruidDataSource     [0;39m - {dataSource-1} inited 
[1;32m2019-03-27 17:16:39.004[0;39m [34mINFO [0;39m [36mo.s.o.j.LocalContainerEntityManagerFactoryBean[0;39m - Building JPA container EntityManagerFactory for persistence unit 'default' 
[1;32m2019-03-27 17:16:39.021[0;39m [34mINFO [0;39m [36mo.h.jpa.internal.util.LogHelper    [0;39m - HHH000204: Processing PersistenceUnitInfo [
	name: default
	...] 
[1;32m2019-03-27 17:16:39.107[0;39m [34mINFO [0;39m [36morg.hibernate.Version              [0;39m - HHH000412: Hibernate Core {5.0.12.Final} 
[1;32m2019-03-27 17:16:39.110[0;39m [34mINFO [0;39m [36morg.hibernate.cfg.Environment      [0;39m - HHH000206: hibernate.properties not found 
[1;32m2019-03-27 17:16:39.116[0;39m [34mINFO [0;39m [36morg.hibernate.cfg.Environment      [0;39m - HHH000021: Bytecode provider name : javassist 
[1;32m2019-03-27 17:16:39.173[0;39m [34mINFO [0;39m [36mo.h.annotations.common.Version     [0;39m - HCANN000001: Hibernate Commons Annotations {5.0.1.Final} 
[1;32m2019-03-27 17:16:39.330[0;39m [34mINFO [0;39m [36morg.hibernate.dialect.Dialect      [0;39m - HHH000400: Using dialect: org.hibernate.dialect.MySQL5Dialect 
[1;32m2019-03-27 17:16:39.559[0;39m [31mWARN [0;39m [36morg.hibernate.id.UUIDHexGenerator  [0;39m - HHH000409: Using org.hibernate.id.UUIDHexGenerator which does not generate IETF RFC 4122 compliant UUID values; consider using org.hibernate.id.UUIDGenerator instead 
[1;32m2019-03-27 17:16:39.871[0;39m [34mINFO [0;39m [36mo.h.tool.hbm2ddl.SchemaUpdate      [0;39m - HHH000228: Running hbm2ddl schema update 
[1;32m2019-03-27 17:16:40.504[0;39m [34mINFO [0;39m [36mo.s.o.j.LocalContainerEntityManagerFactoryBean[0;39m - Initialized JPA EntityManagerFactory for persistence unit 'default' 
[1;32m2019-03-27 17:16:42.744[0;39m [31mWARN [0;39m [36mo.s.c.n.a.ArchaiusAutoConfiguration[0;39m - No spring.application.name found, defaulting to 'application' 
[1;32m2019-03-27 17:16:42.750[0;39m [31mWARN [0;39m [36mc.n.c.s.URLConfigurationSource     [0;39m - No URLs will be polled as dynamic configuration sources. 
[1;32m2019-03-27 17:16:42.752[0;39m [34mINFO [0;39m [36mc.n.c.s.URLConfigurationSource     [0;39m - To enable URLs as dynamic configuration sources, define System property archaius.configurationSource.additionalUrls or make config.properties available on classpath. 
[1;32m2019-03-27 17:16:42.760[0;39m [31mWARN [0;39m [36mc.n.c.s.URLConfigurationSource     [0;39m - No URLs will be polled as dynamic configuration sources. 
[1;32m2019-03-27 17:16:42.760[0;39m [34mINFO [0;39m [36mc.n.c.s.URLConfigurationSource     [0;39m - To enable URLs as dynamic configuration sources, define System property archaius.configurationSource.additionalUrls or make config.properties available on classpath. 
[1;32m2019-03-27 17:16:42.902[0;39m [34mINFO [0;39m [36mo.s.j.e.a.AnnotationMBeanExporter  [0;39m - Registering beans for JMX exposure on startup 
[1;32m2019-03-27 17:16:42.904[0;39m [34mINFO [0;39m [36mo.s.j.e.a.AnnotationMBeanExporter  [0;39m - Bean with name 'statFilter' has been autodetected for JMX exposure 
[1;32m2019-03-27 17:16:42.905[0;39m [34mINFO [0;39m [36mo.s.j.e.a.AnnotationMBeanExporter  [0;39m - Bean with name 'dataSource' has been autodetected for JMX exposure 
[1;32m2019-03-27 17:16:42.914[0;39m [34mINFO [0;39m [36mo.s.j.e.a.AnnotationMBeanExporter  [0;39m - Bean with name 'configurationPropertiesRebinder' has been autodetected for JMX exposure 
[1;32m2019-03-27 17:16:42.915[0;39m [34mINFO [0;39m [36mo.s.j.e.a.AnnotationMBeanExporter  [0;39m - Bean with name 'refreshScope' has been autodetected for JMX exposure 
[1;32m2019-03-27 17:16:42.916[0;39m [34mINFO [0;39m [36mo.s.j.e.a.AnnotationMBeanExporter  [0;39m - Bean with name 'environmentManager' has been autodetected for JMX exposure 
[1;32m2019-03-27 17:16:42.919[0;39m [34mINFO [0;39m [36mo.s.j.e.a.AnnotationMBeanExporter  [0;39m - Located managed bean 'environmentManager': registering with JMX server as MBean [org.springframework.cloud.context.environment:name=environmentManager,type=EnvironmentManager] 
[1;32m2019-03-27 17:16:42.932[0;39m [34mINFO [0;39m [36mo.s.j.e.a.AnnotationMBeanExporter  [0;39m - Located managed bean 'refreshScope': registering with JMX server as MBean [org.springframework.cloud.context.scope.refresh:name=refreshScope,type=RefreshScope] 
[1;32m2019-03-27 17:16:42.943[0;39m [34mINFO [0;39m [36mo.s.j.e.a.AnnotationMBeanExporter  [0;39m - Located managed bean 'configurationPropertiesRebinder': registering with JMX server as MBean [org.springframework.cloud.context.properties:name=configurationPropertiesRebinder,context=3a62c01e,type=ConfigurationPropertiesRebinder] 
[1;32m2019-03-27 17:16:42.950[0;39m [34mINFO [0;39m [36mo.s.j.e.a.AnnotationMBeanExporter  [0;39m - Located MBean 'dataSource': registering with JMX server as MBean [com.alibaba.druid.spring.boot.autoconfigure:name=dataSource,type=DruidDataSourceWrapper] 
[1;32m2019-03-27 17:16:42.951[0;39m [34mINFO [0;39m [36mo.s.j.e.a.AnnotationMBeanExporter  [0;39m - Located MBean 'statFilter': registering with JMX server as MBean [com.alibaba.druid.filter.stat:name=statFilter,type=StatFilter] 
[1;32m2019-03-27 17:16:43.238[0;39m [34mINFO [0;39m [36mo.s.b.c.e.t.TomcatEmbeddedServletContainer[0;39m - Tomcat started on port(s): 8082 (http) 
[1;32m2019-03-27 17:16:43.242[0;39m [34mINFO [0;39m [36mcom.finanstar.MarketApplication    [0;39m - Started MarketApplication in 11.493 seconds (JVM running for 12.263) 
